<?xml version="1.0" encoding="utf-8"?>
<TestRun id="96a2f8d2-a20f-4998-8ca1-31102bbff458" name="@iad20-gt1025-273d042b-d454-40c5-b7a2-9442870fccf3-DA7851AEC26F 2026-09-02 10:45:45" xmlns="http://microsoft.com/schemas/VisualStudio/TeamTest/2010">
  <Times creation="2026-09-02T10:45:45.9754150+00:00" queuing="2026-09-02T10:45:45.9754160+00:00" start="2026-09-02T10:45:44.8352060+00:00" finish="2026-09-02T10:45:58.6384240+00:00" />
  <TestSettings name="default" id="4169b670-81c3-459e-b87b-4e80e5b51897">
    <Deployment runDeploymentRoot="_iad20-gt1025-273d042b-d454-40c5-b7a2-9442870fccf3-DA7851AEC26F_2026-09-02_10_45_45" />
  </TestSettings>
  <Results>
    <UnitTestResult executionId="90dcdbae-ec86-4f74-983b-5ba953594f7e" testId="e5f27a6d-d40e-e619-bc50-029b2491862a" testName="Runic.Desktop.Tests.ContentAndLifecycleTests.StreamingVirtualContentCancelsAndDisposesWhenWindowCloses" computerName="iad20-gt1025-273d042b-d454-40c5-b7a2-9442870fccf3-DA7851AEC26F" duration="00:00:00.0154492" startTime="2026-09-02T10:45:55.9527250+00:00" endTime="2026-09-02T10:45:55.9682290+00:00" testType="13cdc9d9-ddb5-4fa4-a97d-d965ccfc6d4b" outcome="Passed" testListId="8c84fa94-04c1-424b-9868-57a2d4851a1d" relativeResultsDirectory="90dcdbae-ec86-4f74-983b-5ba953594f7e" />
    <UnitTestResult executionId="04aae986-d1f0-469d-b11e-074f780a5588" testId="2a647045-2d44-6a96-8329-0813be00d41e" testName="Runic.Desktop.Tests.BrowserHostTests.DiscoversBrowsersFromTheConfiguredFolder" computerName="iad20-gt1025-273d042b-d454-40c5-b7a2-9442870fccf3-DA7851AEC26F" duration="00:00:00.0041732" startTime="2026-09-02T10:45:55.8507790+00:00" endTime="2026-09-02T10:45:55.8547600+00:00" testType="13cdc9d9-ddb5-4fa4-a97d-d965ccfc6d4b" outcome="Passed" testListId="8c84fa94-04c1-424b-9868-57a2d4851a1d" relativeResultsDirectory="04aae986-d1f0-469d-b11e-074f780a5588" />
    <UnitTestResult executionId="c9d72733-661e-48d3-80dc-90997e3619f8" testId="b2e0017f-c9ce-c14b-e9da-f53c03715eec" testName="Runic.Desktop.Tests.DesktopApiTests.ClosingSurfaceReportsCauseAndReleasesPublicStream" computerName="iad20-gt1025-273d042b-d454-40c5-b7a2-9442870fccf3-DA7851AEC26F" duration="00:00:00.0409375" startTime="2026-09-02T10:45:46.3497250+00:00" endTime="2026-09-02T10:45:46.3908890+00:00" testType="13cdc9d9-ddb5-4fa4-a97d-d965ccfc6d4b" outcome="Passed" testListId="8c84fa94-04c1-424b-9868-57a2d4851a1d" relativeResultsDirectory="c9d72733-661e-48d3-80dc-90997e3619f8" />
    <UnitTestResult executionId="bcd82ebf-48f8-416e-8698-f847071050f6" testId="27529644-d9ce-e605-e8e4-25294522bb36" testName="Runic.Desktop.Tests.ContentAndLifecycleTests.SharedHostIsolatesSurfacesAndClosingOnePreservesTheOther" computerName="iad20-gt1025-273d042b-d454-40c5-b7a2-9442870fccf3-DA7851AEC26F" duration="00:00:00.0125941" startTime="2026-09-02T10:45:55.9800080+00:00" endTime="2026-09-02T10:45:55.9926720+00:00" testType="13cdc9d9-ddb5-4fa4-a97d-d965ccfc6d4b" outcome="Passed" testListId="8c84fa94-04c1-424b-9868-57a2d4851a1d" relativeResultsDirectory="bcd82ebf-48f8-416e-8698-f847071050f6" />
    <UnitTestResult executionId="8135a13b-1618-4b4a-b360-55d891915b94" testId="eaf7f52e-39ec-e400-0619-249e82132ecd" testName="Runic.Desktop.Tests.ManagedWindowTests.RejectsAnInvalidProtocolToken" computerName="iad20-gt1025-273d042b-d454-40c5-b7a2-9442870fccf3-DA7851AEC26F" duration="00:00:00.0207070" startTime="2026-09-02T10:45:45.8915220+00:00" endTime="2026-09-02T10:45:45.9122050+00:00" testType="13cdc9d9-ddb5-4fa4-a97d-d965ccfc6d4b" outcome="Passed" testListId="8c84fa94-04c1-424b-9868-57a2d4851a1d" relativeResultsDirectory="8135a13b-1618-4b4a-b360-55d891915b94" />
    <UnitTestResult executionId="bc4150f9-2381-4314-b0a7-57fdf2a873e2" testId="645936de-3caf-dd2d-ee49-8175c9bad3b7" testName="Runic.Desktop.Tests.ContentAndLifecycleTests.ApplicationWaitTracksAllRunningWindowsAndExitClosesThem" computerName="iad20-gt1025-273d042b-d454-40c5-b7a2-9442870fccf3-DA7851AEC26F" duration="00:00:00.0252477" startTime="2026-09-02T10:45:56.1105320+00:00" endTime="2026-09-02T10:45:56.1355750+00:00" testType="13cdc9d9-ddb5-4fa4-a97d-d965ccfc6d4b" outcome="Passed" testListId="8c84fa94-04c1-424b-9868-57a2d4851a1d" relativeResultsDirectory="bc4150f9-2381-4314-b0a7-57fdf2a873e2" />
    <UnitTestResult executionId="8c3504dc-d699-407e-9b7f-3631ad126c76" testId="b800fae3-a831-9e12-5b61-57cd5502156e" testName="Runic.Desktop.Tests.DesktopApiTests.PreflightRejectsUnknownPresentationPolicies" computerName="iad20-gt1025-273d042b-d454-40c5-b7a2-9442870fccf3-DA7851AEC26F" duration="00:00:00.0006601" startTime="2026-09-02T10:45:46.6677580+00:00" endTime="2026-09-02T10:45:46.6678500+00:00" testType="13cdc9d9-ddb5-4fa4-a97d-d965ccfc6d4b" outcome="Passed" testListId="8c84fa94-04c1-424b-9868-57a2d4851a1d" relativeResultsDirectory="8c3504dc-d699-407e-9b7f-3631ad126c76" />
    <UnitTestResult executionId="a67a7098-0eb9-4340-8b06-be3273997ef4" testId="5d3640bb-4373-2ac5-219f-5be2d06be85b" testName="Runic.Desktop.Tests.DesktopApiTests.PreflightReportsTheRequestedPolicyAndConcreteCapabilityLimit" computerName="iad20-gt1025-273d042b-d454-40c5-b7a2-9442870fccf3-DA7851AEC26F" duration="00:00:00.0088943" startTime="2026-09-02T10:45:46.4883840+00:00" endTime="2026-09-02T10:45:46.4972750+00:00" testType="13cdc9d9-ddb5-4fa4-a97d-d965ccfc6d4b" outcome="Passed" testListId="8c84fa94-04c1-424b-9868-57a2d4851a1d" relativeResultsDirectory="a67a7098-0eb9-4340-8b06-be3273997ef4" />
    <UnitTestResult executionId="7717eaba-4558-4a7f-a9f2-d292d4f2fa2b" testId="0c3c32ba-0cf8-85be-b48a-330743b05bda" testName="Runic.Desktop.Tests.ManagedWindowTests.ServesEmbeddedContentAndWebUiCompatibleBridge" computerName="iad20-gt1025-273d042b-d454-40c5-b7a2-9442870fccf3-DA7851AEC26F" duration="00:00:00.2957837" startTime="2026-09-02T10:45:45.3977520+00:00" endTime="2026-09-02T10:45:45.6906700+00:00" testType="13cdc9d9-ddb5-4fa4-a97d-d965ccfc6d4b" outcome="Passed" testListId="8c84fa94-04c1-424b-9868-57a2d4851a1d" relativeResultsDirectory="7717eaba-4558-4a7f-a9f2-d292d4f2fa2b" />
    <UnitTestResult executionId="405dadc9-ced3-44ba-a330-f227120c39aa" testId="7218f8d9-1149-d866-00e8-d8adf0f1aa7b" testName="Runic.Desktop.Tests.BrowserHostTests.ParsesQuotedCustomParametersWithoutUsingAShell" computerName="iad20-gt1025-273d042b-d454-40c5-b7a2-9442870fccf3-DA7851AEC26F" duration="00:00:00.0022922" startTime="2026-09-02T10:45:53.6640010+00:00" endTime="2026-09-02T10:45:53.6658010+00:00" testType="13cdc9d9-ddb5-4fa4-a97d-d965ccfc6d4b" outcome="Passed" testListId="8c84fa94-04c1-424b-9868-57a2d4851a1d" relativeResultsDirectory="405dadc9-ced3-44ba-a330-f227120c39aa" />
    <UnitTestResult executionId="1834bd56-c0bc-42f2-a38e-d39f51557cbb" testId="061b1bd8-6193-b540-6f5d-edf69ffad5cf" testName="Runic.Desktop.Tests.DesktopApiTests.EmbeddedPresentationReceivesExplicitPermissionPolicy" computerName="iad20-gt1025-273d042b-d454-40c5-b7a2-9442870fccf3-DA7851AEC26F" duration="00:00:00.0226028" startTime="2026-09-02T10:45:46.6929520+00:00" endTime="2026-09-02T10:45:46.7153680+00:00" testType="13cdc9d9-ddb5-4fa4-a97d-d965ccfc6d4b" outcome="Passed" testListId="8c84fa94-04c1-424b-9868-57a2d4851a1d" relativeResultsDirectory="1834bd56-c0bc-42f2-a38e-d39f51557cbb" />
    <UnitTestResult executionId="532b08cf-7d52-45bc-a209-cf413640f147" testId="98b02137-da92-2d75-eb9a-23fa79214ced" testName="Runic.Desktop.Tests.DesktopApiTests.AvailabilityReportsConcretePresentationsAndActionableFailures" computerName="iad20-gt1025-273d042b-d454-40c5-b7a2-9442870fccf3-DA7851AEC26F" duration="00:00:00.0022833" startTime="2026-09-02T10:45:46.4974370+00:00" endTime="2026-09-02T10:45:46.4998100+00:00" testType="13cdc9d9-ddb5-4fa4-a97d-d965ccfc6d4b" outcome="Passed" testListId="8c84fa94-04c1-424b-9868-57a2d4851a1d" relativeResultsDirectory="532b08cf-7d52-45bc-a209-cf413640f147" />
    <UnitTestResult executionId="f8d9115b-d817-4899-b731-00010711b995" testId="8d6fba1e-1ad3-7679-61dd-3c8fc03136b5" testName="Runic.Desktop.Tests.ManagedWindowTests.CallbackCanSynchronouslyExecuteJavaScriptWithoutDeadlock" computerName="iad20-gt1025-273d042b-d454-40c5-b7a2-9442870fccf3-DA7851AEC26F" duration="00:00:00.0345985" startTime="2026-09-02T10:45:45.7685710+00:00" endTime="2026-09-02T10:45:45.8033580+00:00" testType="13cdc9d9-ddb5-4fa4-a97d-d965ccfc6d4b" outcome="Passed" testListId="8c84fa94-04c1-424b-9868-57a2d4851a1d" relativeResultsDirectory="f8d9115b-d817-4899-b731-00010711b995" />
    <UnitTestResult executionId="48c20d81-10e7-4551-bfbf-2c8b11f8b35f" testId="873562f8-993a-b22a-3a10-879493c93627" testName="Runic.Desktop.Tests.ContentAndLifecycleTests.SafePolicyRequiresSameOriginSurfaceScopedCredential" computerName="iad20-gt1025-273d042b-d454-40c5-b7a2-9442870fccf3-DA7851AEC26F" duration="00:00:00.0341239" startTime="2026-09-02T10:45:58.1774420+00:00" endTime="2026-09-02T10:45:58.2115060+00:00" testType="13cdc9d9-ddb5-4fa4-a97d-d965ccfc6d4b" outcome="Passed" testListId="8c84fa94-04c1-424b-9868-57a2d4851a1d" relativeResultsDirectory="48c20d81-10e7-4551-bfbf-2c8b11f8b35f" />
    <UnitTestResult executionId="1d2cb0f8-07a9-4888-85f5-9e9de9a759d3" testId="59c8a4de-f801-49dc-2c01-22004881a27e" testName="Runic.Desktop.Tests.ContentAndLifecycleTests.DefaultRootIsCopiedByNewWindowsAndRootsRemainWindowOwned" computerName="iad20-gt1025-273d042b-d454-40c5-b7a2-9442870fccf3-DA7851AEC26F" duration="00:00:00.0242491" startTime="2026-09-02T10:45:55.9282210+00:00" endTime="2026-09-02T10:45:55.9525590+00:00" testType="13cdc9d9-ddb5-4fa4-a97d-d965ccfc6d4b" outcome="Passed" testListId="8c84fa94-04c1-424b-9868-57a2d4851a1d" relativeResultsDirectory="1d2cb0f8-07a9-4888-85f5-9e9de9a759d3" />
    <UnitTestResult executionId="29cb6800-f6a1-4732-8740-e7d5d0fc9580" testId="a863de21-5355-0698-6efd-58a60e71d970" testName="Runic.Desktop.Tests.DesktopApiTests.EmbeddedPresentationDeniesSensitivePermissionsByDefault" computerName="iad20-gt1025-273d042b-d454-40c5-b7a2-9442870fccf3-DA7851AEC26F" duration="00:00:00.0289207" startTime="2026-09-02T10:45:46.4595680+00:00" endTime="2026-09-02T10:45:46.4882300+00:00" testType="13cdc9d9-ddb5-4fa4-a97d-d965ccfc6d4b" outcome="Passed" testListId="8c84fa94-04c1-424b-9868-57a2d4851a1d" relativeResultsDirectory="29cb6800-f6a1-4732-8740-e7d5d0fc9580" />
    <UnitTestResult executionId="3fd23ace-5774-427e-b698-13249762d3e0" testId="e3c7bb57-a70c-b773-c119-c46183096b3d" testName="Runic.Desktop.Tests.DesktopApiTests.PublicApiContainsNoWebUiCompatibilityIdentity" computerName="iad20-gt1025-273d042b-d454-40c5-b7a2-9442870fccf3-DA7851AEC26F" duration="00:00:00.0014640" startTime="2026-09-02T10:45:46.6913230+00:00" endTime="2026-09-02T10:45:46.6923940+00:00" testType="13cdc9d9-ddb5-4fa4-a97d-d965ccfc6d4b" outcome="Passed" testListId="8c84fa94-04c1-424b-9868-57a2d4851a1d" relativeResultsDirectory="3fd23ace-5774-427e-b698-13249762d3e0" />
    <UnitTestResult executionId="7db2bb1b-49bc-4b1f-8743-d0485a50a6a3" testId="6b591cb1-f1c9-bcd8-2db0-845bc1909923" testName="Runic.Desktop.Tests.ContentAndLifecycleTests.SingleClientRejectsConcurrentSocketAndMultiClientOwnsStableClientIds" computerName="iad20-gt1025-273d042b-d454-40c5-b7a2-9442870fccf3-DA7851AEC26F" duration="00:00:00.0377442" startTime="2026-09-02T10:45:56.0724280+00:00" endTime="2026-09-02T10:45:56.1101240+00:00" testType="13cdc9d9-ddb5-4fa4-a97d-d965ccfc6d4b" outcome="Passed" testListId="8c84fa94-04c1-424b-9868-57a2d4851a1d" relativeResultsDirectory="7db2bb1b-49bc-4b1f-8743-d0485a50a6a3" />
    <UnitTestResult executionId="a7bab4c1-2486-4445-a2ab-727fc10cadee" testId="352e6995-5f3e-d4cd-103f-a258d6d9db73" testName="Runic.Desktop.Tests.ContentAndLifecycleTests.ServerOnlyShowReloadsContentWithoutChangingTheListener" computerName="iad20-gt1025-273d042b-d454-40c5-b7a2-9442870fccf3-DA7851AEC26F" duration="00:00:00.0114458" startTime="2026-09-02T10:45:55.9683800+00:00" endTime="2026-09-02T10:45:55.9798630+00:00" testType="13cdc9d9-ddb5-4fa4-a97d-d965ccfc6d4b" outcome="Passed" testListId="8c84fa94-04c1-424b-9868-57a2d4851a1d" relativeResultsDirectory="a7bab4c1-2486-4445-a2ab-727fc10cadee" />
    <UnitTestResult executionId="6b4f4276-4402-48fb-95de-97c2ae938b56" testId="59b1d0b9-129a-d51a-20f5-7c9247801cdc" testName="Runic.Desktop.Tests.ManagedWindowTests.ReassemblesWebUiMultiPackets" computerName="iad20-gt1025-273d042b-d454-40c5-b7a2-9442870fccf3-DA7851AEC26F" duration="00:00:00.0207811" startTime="2026-09-02T10:45:45.9402650+00:00" endTime="2026-09-02T10:45:45.9597380+00:00" testType="13cdc9d9-ddb5-4fa4-a97d-d965ccfc6d4b" outcome="Passed" testListId="8c84fa94-04c1-424b-9868-57a2d4851a1d" relativeResultsDirectory="6b4f4276-4402-48fb-95de-97c2ae938b56" />
    <UnitTestResult executionId="cf1bb60f-a547-4ccf-a7ba-8810e3668f61" testId="8c00a42e-977a-f5e9-4c96-8ff35787842b" testName="Runic.Desktop.Tests.ContentAndLifecycleTests.VirtualContentHasFallbackAndCannotOverrideBridge" computerName="iad20-gt1025-273d042b-d454-40c5-b7a2-9442870fccf3-DA7851AEC26F" duration="00:00:00.0190911" startTime="2026-09-02T10:45:58.5428080+00:00" endTime="2026-09-02T10:45:58.5618480+00:00" testType="13cdc9d9-ddb5-4fa4-a97d-d965ccfc6d4b" outcome="Passed" testListId="8c84fa94-04c1-424b-9868-57a2d4851a1d" relativeResultsDirectory="cf1bb60f-a547-4ccf-a7ba-8810e3668f61" />
    <UnitTestResult executionId="aa520a05-1bb8-4b18-a9a9-0df6e8a04b38" testId="5d193ded-7733-ac1e-648e-be04b51d822c" testName="Runic.Desktop.Tests.DesktopApiTests.PublicSurfaceServesRunicDesktopBootstrapIdentity" computerName="iad20-gt1025-273d042b-d454-40c5-b7a2-9442870fccf3-DA7851AEC26F" duration="00:00:00.0198634" startTime="2026-09-02T10:45:46.3301450+00:00" endTime="2026-09-02T10:45:46.3495760+00:00" testType="13cdc9d9-ddb5-4fa4-a97d-d965ccfc6d4b" outcome="Passed" testListId="8c84fa94-04c1-424b-9868-57a2d4851a1d" relativeResultsDirectory="aa520a05-1bb8-4b18-a9a9-0df6e8a04b38" />
    <UnitTestResult executionId="141a7640-369d-4a56-b680-2be47f9741a0" testId="cfc4c5a2-09ea-8ef7-24c1-3cdbfb4bab37" testName="Runic.Desktop.Tests.BrowserHostTests.CreatesButDoesNotOwnAnExplicitProfileFolder" computerName="iad20-gt1025-273d042b-d454-40c5-b7a2-9442870fccf3-DA7851AEC26F" duration="00:00:00.0010502" startTime="2026-09-02T10:45:46.7174600+00:00" endTime="2026-09-02T10:45:46.7184590+00:00" testType="13cdc9d9-ddb5-4fa4-a97d-d965ccfc6d4b" outcome="Passed" testListId="8c84fa94-04c1-424b-9868-57a2d4851a1d" relativeResultsDirectory="141a7640-369d-4a56-b680-2be47f9741a0" />
    <UnitTestResult executionId="abe1295d-4018-4423-b144-621c209451f0" testId="1aba962a-ef9e-2eaf-2ed5-0d3525098d00" testName="Runic.Desktop.Tests.DesktopApiTests.LocalContentDeniesMediaCaptureByDefault" computerName="iad20-gt1025-273d042b-d454-40c5-b7a2-9442870fccf3-DA7851AEC26F" duration="00:00:00.0242905" startTime="2026-09-02T10:45:46.5001210+00:00" endTime="2026-09-02T10:45:46.5244370+00:00" testType="13cdc9d9-ddb5-4fa4-a97d-d965ccfc6d4b" outcome="Passed" testListId="8c84fa94-04c1-424b-9868-57a2d4851a1d" relativeResultsDirectory="abe1295d-4018-4423-b144-621c209451f0" />
    <UnitTestResult executionId="6c6f6aec-f4d6-468c-8622-245727ef6625" testId="b7afc2cd-d1f8-bbc9-fa3e-808ac4b28703" testName="Runic.Desktop.Tests.DesktopApiTests.UnavailablePresentationFailsEarlyWithCorrelatedRemediation" computerName="iad20-gt1025-273d042b-d454-40c5-b7a2-9442870fccf3-DA7851AEC26F" duration="00:00:00.0469727" startTime="2026-09-02T10:45:46.4122190+00:00" endTime="2026-09-02T10:45:46.4592210+00:00" testType="13cdc9d9-ddb5-4fa4-a97d-d965ccfc6d4b" outcome="Passed" testListId="8c84fa94-04c1-424b-9868-57a2d4851a1d" relativeResultsDirectory="6c6f6aec-f4d6-468c-8622-245727ef6625" />
    <UnitTestResult executionId="2a8ae95b-9d67-4219-833a-cd99993240c6" testId="5db4cf0b-2032-780b-27b7-5d0054bd1e74" testName="Runic.Desktop.Tests.ManagedWindowTests.EncodesTypedResultsAsWebUiResponseStrings" computerName="iad20-gt1025-273d042b-d454-40c5-b7a2-9442870fccf3-DA7851AEC26F" duration="00:00:00.0263839" startTime="2026-09-02T10:45:45.8650810+00:00" endTime="2026-09-02T10:45:45.8913150+00:00" testType="13cdc9d9-ddb5-4fa4-a97d-d965ccfc6d4b" outcome="Passed" testListId="8c84fa94-04c1-424b-9868-57a2d4851a1d" relativeResultsDirectory="2a8ae95b-9d67-4219-833a-cd99993240c6" />
    <UnitTestResult executionId="f378bf56-a10f-4faf-b9c9-f7869dfdadaa" testId="98566b48-c4e6-8047-f8e9-0d21cb83c0a5" testName="Runic.Desktop.Tests.ConformanceReceiptTests.DotNetReceiptPassesEveryPortableFixtureExactlyOnce" computerName="iad20-gt1025-273d042b-d454-40c5-b7a2-9442870fccf3-DA7851AEC26F" duration="00:00:00.0082692" startTime="2026-09-02T10:45:58.5905930+00:00" endTime="2026-09-02T10:45:58.5988270+00:00" testType="13cdc9d9-ddb5-4fa4-a97d-d965ccfc6d4b" outcome="Passed" testListId="8c84fa94-04c1-424b-9868-57a2d4851a1d" relativeResultsDirectory="f378bf56-a10f-4faf-b9c9-f7869dfdadaa" />
    <UnitTestResult executionId="350889c2-eea2-4ea9-bee9-b60ea3b14899" testId="73a6f8ba-118d-2d59-97c8-45eb909a0e6d" testName="Runic.Desktop.Tests.ContentAndLifecycleTests.UsesExplicitPortAndRetainsSettingsAcrossRestart" computerName="iad20-gt1025-273d042b-d454-40c5-b7a2-9442870fccf3-DA7851AEC26F" duration="00:00:00.0230538" startTime="2026-09-02T10:45:55.8935580+00:00" endTime="2026-09-02T10:45:55.9166500+00:00" testType="13cdc9d9-ddb5-4fa4-a97d-d965ccfc6d4b" outcome="Passed" testListId="8c84fa94-04c1-424b-9868-57a2d4851a1d" relativeResultsDirectory="350889c2-eea2-4ea9-bee9-b60ea3b14899" />
    <UnitTestResult executionId="9a58a20f-fd3e-4603-b5b7-d26646469fd1" testId="8b328ee1-e275-fcd4-9396-dab8934ebafc" testName="Runic.Desktop.Tests.ContentAndLifecycleTests.BridgeSessionsRemainOwnedByTheirWindow" computerName="iad20-gt1025-273d042b-d454-40c5-b7a2-9442870fccf3-DA7851AEC26F" duration="00:00:00.0553364" startTime="2026-09-02T10:45:56.0166230+00:00" endTime="2026-09-02T10:45:56.0720240+00:00" testType="13cdc9d9-ddb5-4fa4-a97d-d965ccfc6d4b" outcome="Passed" testListId="8c84fa94-04c1-424b-9868-57a2d4851a1d" relativeResultsDirectory="9a58a20f-fd3e-4603-b5b7-d26646469fd1" />
    <UnitTestResult executionId="a39c9910-2e2d-45ca-a3ac-e5ef45a3d99b" testId="42cb6dca-8767-b555-5ffa-652435100998" testName="Runic.Desktop.Tests.BrowserHostTests.OwnsChromiumProcessProfileRestartAndNaturalExit" computerName="iad20-gt1025-273d042b-d454-40c5-b7a2-9442870fccf3-DA7851AEC26F" duration="00:00:06.9445427" startTime="2026-09-02T10:45:46.7187850+00:00" endTime="2026-09-02T10:45:53.6632530+00:00" testType="13cdc9d9-ddb5-4fa4-a97d-d965ccfc6d4b" outcome="Passed" testListId="8c84fa94-04c1-424b-9868-57a2d4851a1d" relativeResultsDirectory="a39c9910-2e2d-45ca-a3ac-e5ef45a3d99b" />
    <UnitTestResult executionId="74a71945-861d-49f2-a228-e2587096f24a" testId="fc077d82-9cdc-ef5c-ee27-ae7334c5fb98" testName="Runic.Desktop.Tests.ManagedWindowTests.DispatchesConnectionClickNavigationAndDisconnectionEvents" computerName="iad20-gt1025-273d042b-d454-40c5-b7a2-9442870fccf3-DA7851AEC26F" duration="00:00:00.0768514" startTime="2026-09-02T10:45:45.6912930+00:00" endTime="2026-09-02T10:45:45.7684260+00:00" testType="13cdc9d9-ddb5-4fa4-a97d-d965ccfc6d4b" outcome="Passed" testListId="8c84fa94-04c1-424b-9868-57a2d4851a1d" relativeResultsDirectory="74a71945-861d-49f2-a228-e2587096f24a" />
    <UnitTestResult executionId="40ad0305-8499-46b5-9b3f-e623e653cefc" testId="40155b00-f4d2-a16e-45ba-304dd19677d3" testName="Runic.Desktop.Tests.ManagedWindowTests.CloseCompletesWithAnAuthenticatedBridgeConnection" computerName="iad20-gt1025-273d042b-d454-40c5-b7a2-9442870fccf3-DA7851AEC26F" duration="00:00:00.0184242" startTime="2026-09-02T10:45:45.9824980+00:00" endTime="2026-09-02T10:45:46.0008740+00:00" testType="13cdc9d9-ddb5-4fa4-a97d-d965ccfc6d4b" outcome="Passed" testListId="8c84fa94-04c1-424b-9868-57a2d4851a1d" relativeResultsDirectory="40ad0305-8499-46b5-9b3f-e623e653cefc" />
    <UnitTestResult executionId="ac1ad15c-e4ea-4a35-8738-5e23734c917d" testId="9fb696c2-8b6d-22f0-4f9c-8fc3569ef94f" testName="Runic.Desktop.Tests.DesktopApiTests.HostSharesListenerAndCreatesARequestScopePerRequest" computerName="iad20-gt1025-273d042b-d454-40c5-b7a2-9442870fccf3-DA7851AEC26F" duration="00:00:00.0420375" startTime="2026-09-02T10:45:46.5273600+00:00" endTime="2026-09-02T10:45:46.5694990+00:00" testType="13cdc9d9-ddb5-4fa4-a97d-d965ccfc6d4b" outcome="Passed" testListId="8c84fa94-04c1-424b-9868-57a2d4851a1d" relativeResultsDirectory="ac1ad15c-e4ea-4a35-8738-5e23734c917d" />
    <UnitTestResult executionId="857aa206-45ea-4d84-8380-694433437098" testId="ac985bb8-3f4b-01b1-ef4b-6cb58b0116ff" testName="Runic.Desktop.Tests.EmbeddedHostTests.CustomHostReceivesWindowOptionsAndParticipatesInLifecycle" computerName="iad20-gt1025-273d042b-d454-40c5-b7a2-9442870fccf3-DA7851AEC26F" duration="00:00:00.0280374" startTime="2026-09-02T10:45:58.5621710+00:00" endTime="2026-09-02T10:45:58.5901780+00:00" testType="13cdc9d9-ddb5-4fa4-a97d-d965ccfc6d4b" outcome="Passed" testListId="8c84fa94-04c1-424b-9868-57a2d4851a1d" relativeResultsDirectory="857aa206-45ea-4d84-8380-694433437098" />
    <UnitTestResult executionId="ebc109c5-5ca4-4709-810d-bcb8f0bd8589" testId="463459bb-3857-1bf9-992f-6af8bd1a0cc0" testName="Runic.Desktop.Tests.BrowserHostTests.BuildsWebUiCompatibleChromiumAndFirefoxArguments" computerName="iad20-gt1025-273d042b-d454-40c5-b7a2-9442870fccf3-DA7851AEC26F" duration="00:00:00.0015479" startTime="2026-09-02T10:45:46.7158120+00:00" endTime="2026-09-02T10:45:46.7171180+00:00" testType="13cdc9d9-ddb5-4fa4-a97d-d965ccfc6d4b" outcome="Passed" testListId="8c84fa94-04c1-424b-9868-57a2d4851a1d" relativeResultsDirectory="ebc109c5-5ca4-4709-810d-bcb8f0bd8589" />
    <UnitTestResult executionId="a4746218-a8a2-4285-96da-7259875bdeb4" testId="faa5ad64-e057-0b14-8269-be7189385afd" testName="Runic.Desktop.Tests.DesktopApiTests.StructuredPayloadRejectsDuplicateKeysWithStableRedactedError" computerName="iad20-gt1025-273d042b-d454-40c5-b7a2-9442870fccf3-DA7851AEC26F" duration="00:00:00.0023840" startTime="2026-09-02T10:45:46.5247540+00:00" endTime="2026-09-02T10:45:46.5270370+00:00" testType="13cdc9d9-ddb5-4fa4-a97d-d965ccfc6d4b" outcome="Passed" testListId="8c84fa94-04c1-424b-9868-57a2d4851a1d" relativeResultsDirectory="a4746218-a8a2-4285-96da-7259875bdeb4" />
    <UnitTestResult executionId="f35d98f0-48a4-49d3-87c7-dec22dece002" testId="a966f8b1-ba0a-125c-269e-fc3da2253677" testName="Runic.Desktop.Tests.DesktopApiTests.PublicStreamingResponseDoesNotOpenForHead" computerName="iad20-gt1025-273d042b-d454-40c5-b7a2-9442870fccf3-DA7851AEC26F" duration="00:00:00.0228867" startTime="2026-09-02T10:45:46.6680530+00:00" endTime="2026-09-02T10:45:46.6910090+00:00" testType="13cdc9d9-ddb5-4fa4-a97d-d965ccfc6d4b" outcome="Passed" testListId="8c84fa94-04c1-424b-9868-57a2d4851a1d" relativeResultsDirectory="f35d98f0-48a4-49d3-87c7-dec22dece002" />
    <UnitTestResult executionId="822d0423-ed1d-49ad-bb0b-f29908ec849d" testId="42622707-7344-db63-6873-9b83b4a6756f" testName="Runic.Desktop.Tests.ContentAndLifecycleTests.ServesFoldersIndexesFilesMimeHeadAndNoCache" computerName="iad20-gt1025-273d042b-d454-40c5-b7a2-9442870fccf3-DA7851AEC26F" duration="00:00:00.0381496" startTime="2026-09-02T10:45:55.8551080+00:00" endTime="2026-09-02T10:45:55.8934110+00:00" testType="13cdc9d9-ddb5-4fa4-a97d-d965ccfc6d4b" outcome="Passed" testListId="8c84fa94-04c1-424b-9868-57a2d4851a1d" relativeResultsDirectory="822d0423-ed1d-49ad-bb0b-f29908ec849d" />
    <UnitTestResult executionId="6990df9e-0d44-4e72-98ec-b24192fb4ade" testId="153a09ee-0807-0121-b156-d0931455c8a9" testName="Runic.Desktop.Tests.BrowserHostTests.CanDisposeOwnedBrowserFromItsBindingCallback" computerName="iad20-gt1025-273d042b-d454-40c5-b7a2-9442870fccf3-DA7851AEC26F" duration="00:00:02.1834309" startTime="2026-09-02T10:45:53.6666770+00:00" endTime="2026-09-02T10:45:55.8505230+00:00" testType="13cdc9d9-ddb5-4fa4-a97d-d965ccfc6d4b" outcome="Passed" testListId="8c84fa94-04c1-424b-9868-57a2d4851a1d" relativeResultsDirectory="6990df9e-0d44-4e72-98ec-b24192fb4ade" />
    <UnitTestResult executionId="fc2221f3-d82c-424f-be8f-2120d84e28e5" testId="ce6c1686-c584-1ab0-33ec-241fb846e18c" testName="Runic.Desktop.Tests.ManagedWindowTests.AnnouncesBindingsAddedAfterAuthentication" computerName="iad20-gt1025-273d042b-d454-40c5-b7a2-9442870fccf3-DA7851AEC26F" duration="00:00:00.0225736" startTime="2026-09-02T10:45:45.9598960+00:00" endTime="2026-09-02T10:45:45.9821940+00:00" testType="13cdc9d9-ddb5-4fa4-a97d-d965ccfc6d4b" outcome="Passed" testListId="8c84fa94-04c1-424b-9868-57a2d4851a1d" relativeResultsDirectory="fc2221f3-d82c-424f-be8f-2120d84e28e5" />
    <UnitTestResult executionId="f8eb2aef-dcd7-4ebf-9a4c-0e7cd6c5b629" testId="bf22712c-733a-e359-d143-a566e9b67661" testName="Runic.Desktop.Tests.ContentAndLifecycleTests.ExternalUrlUsesLocalRefreshPageInServerOnlyMode" computerName="iad20-gt1025-273d042b-d454-40c5-b7a2-9442870fccf3-DA7851AEC26F" duration="00:00:00.0112225" startTime="2026-09-02T10:45:55.9167980+00:00" endTime="2026-09-02T10:45:55.9280760+00:00" testType="13cdc9d9-ddb5-4fa4-a97d-d965ccfc6d4b" outcome="Passed" testListId="8c84fa94-04c1-424b-9868-57a2d4851a1d" relativeResultsDirectory="f8eb2aef-dcd7-4ebf-9a4c-0e7cd6c5b629" />
    <UnitTestResult executionId="c4b6dfc9-a1e2-4250-9eb9-d6673b1ec105" testId="841c5a29-6640-dcf7-e5bc-735ffe9c53e2" testName="Runic.Desktop.Tests.ManagedWindowTests.SendsQuickJavaScriptRawDataAndNavigationPackets" computerName="iad20-gt1025-273d042b-d454-40c5-b7a2-9442870fccf3-DA7851AEC26F" duration="00:00:00.0259029" startTime="2026-09-02T10:45:45.9400140+00:00" endTime="2026-09-02T10:45:45.9400690+00:00" testType="13cdc9d9-ddb5-4fa4-a97d-d965ccfc6d4b" outcome="Passed" testListId="8c84fa94-04c1-424b-9868-57a2d4851a1d" relativeResultsDirectory="c4b6dfc9-a1e2-4250-9eb9-d6673b1ec105" />
    <UnitTestResult executionId="e51bb764-e055-4e28-a412-e324b926a44c" testId="e76b3175-0518-346d-bd86-db9da3e14279" testName="Runic.Desktop.Tests.BrowserBridgeTests.TypeScriptEffectPackageRoundTripsThroughPublicDesktopApiInChromium" computerName="iad20-gt1025-273d042b-d454-40c5-b7a2-9442870fccf3-DA7851AEC26F" duration="00:00:00.0037244" startTime="2026-09-02T10:45:45.3815580+00:00" endTime="2026-09-02T10:45:45.3893650+00:00" testType="13cdc9d9-ddb5-4fa4-a97d-d965ccfc6d4b" outcome="Passed" testListId="8c84fa94-04c1-424b-9868-57a2d4851a1d" relativeResultsDirectory="e51bb764-e055-4e28-a412-e324b926a44c" />
    <UnitTestResult executionId="346b24e0-9da8-4e40-8d7b-6ef9c6f89256" testId="f7d337ed-ddc8-7f26-91e2-3cbcbb395cac" testName="Runic.Desktop.Tests.ContentAndLifecycleTests.ConcurrentServerWindowChurnLeavesNoApplicationLifetimeBehind" computerName="iad20-gt1025-273d042b-d454-40c5-b7a2-9442870fccf3-DA7851AEC26F" duration="00:00:00.2778142" startTime="2026-09-02T10:45:58.2445240+00:00" endTime="2026-09-02T10:45:58.5222860+00:00" testType="13cdc9d9-ddb5-4fa4-a97d-d965ccfc6d4b" outcome="Passed" testListId="8c84fa94-04c1-424b-9868-57a2d4851a1d" relativeResultsDirectory="346b24e0-9da8-4e40-8d7b-6ef9c6f89256" />
    <UnitTestResult executionId="32174693-82f4-42e9-8e04-c8e4b0ea0f28" testId="c5cf9e72-79c2-bc41-7ad0-236970370f46" testName="Runic.Desktop.Tests.ContentAndLifecycleTests.StreamingVirtualContentHonorsHeadCancellationAndDisposal" computerName="iad20-gt1025-273d042b-d454-40c5-b7a2-9442870fccf3-DA7851AEC26F" duration="00:00:02.0405744" startTime="2026-09-02T10:45:56.1360020+00:00" endTime="2026-09-02T10:45:58.1768430+00:00" testType="13cdc9d9-ddb5-4fa4-a97d-d965ccfc6d4b" outcome="Passed" testListId="8c84fa94-04c1-424b-9868-57a2d4851a1d" relativeResultsDirectory="32174693-82f4-42e9-8e04-c8e4b0ea0f28" />
    <UnitTestResult executionId="dabd4069-d0aa-4bd9-b4a0-d7bbbf27b5a0" testId="9d24470e-2cc4-d192-47b4-0a043b9905e6" testName="Runic.Desktop.Tests.ContentAndLifecycleTests.ExplicitFileRedirectsWithoutFolderIndexFallback" computerName="iad20-gt1025-273d042b-d454-40c5-b7a2-9442870fccf3-DA7851AEC26F" duration="00:00:00.0325663" startTime="2026-09-02T10:45:58.2117420+00:00" endTime="2026-09-02T10:45:58.2442570+00:00" testType="13cdc9d9-ddb5-4fa4-a97d-d965ccfc6d4b" outcome="Passed" testListId="8c84fa94-04c1-424b-9868-57a2d4851a1d" relativeResultsDirectory="dabd4069-d0aa-4bd9-b4a0-d7bbbf27b5a0" />
    <UnitTestResult executionId="e22152dc-437e-4883-8d4a-ea79f89fb6e1" testId="80882ead-bf5a-a1c8-680a-63d76cc6e1b8" testName="Runic.Desktop.Tests.DesktopApiTests.CapabilityFailuresProduceOnlyStableRedactedDiagnostics" computerName="iad20-gt1025-273d042b-d454-40c5-b7a2-9442870fccf3-DA7851AEC26F" duration="00:00:00.0536101" startTime="2026-09-02T10:45:46.2759110+00:00" endTime="2026-09-02T10:45:46.3298330+00:00" testType="13cdc9d9-ddb5-4fa4-a97d-d965ccfc6d4b" outcome="Passed" testListId="8c84fa94-04c1-424b-9868-57a2d4851a1d" relativeResultsDirectory="e22152dc-437e-4883-8d4a-ea79f89fb6e1" />
    <UnitTestResult executionId="cc5a9abd-cbec-44ea-9f9f-bf5c3e352521" testId="2722cabe-f484-db79-67f3-214ee4d57762" testName="Runic.Desktop.Tests.ManagedWindowTests.UsesWebUiHandshakeAndCallFraming" computerName="iad20-gt1025-273d042b-d454-40c5-b7a2-9442870fccf3-DA7851AEC26F" duration="00:00:00.0285967" startTime="2026-09-02T10:45:45.8036890+00:00" endTime="2026-09-02T10:45:45.8322620+00:00" testType="13cdc9d9-ddb5-4fa4-a97d-d965ccfc6d4b" outcome="Passed" testListId="8c84fa94-04c1-424b-9868-57a2d4851a1d" relativeResultsDirectory="cc5a9abd-cbec-44ea-9f9f-bf5c3e352521" />
    <UnitTestResult executionId="a629ca0b-d781-4298-aacb-febdec137781" testId="47120980-48a7-8456-f03b-81c588857d72" testName="Runic.Desktop.Tests.DesktopApiTests.OpeningAndClosingWindowPreservesSurfaceContentAndLifetime" computerName="iad20-gt1025-273d042b-d454-40c5-b7a2-9442870fccf3-DA7851AEC26F" duration="00:00:00.0246078" startTime="2026-09-02T10:45:46.5712240+00:00" endTime="2026-09-02T10:45:46.5940850+00:00" testType="13cdc9d9-ddb5-4fa4-a97d-d965ccfc6d4b" outcome="Passed" testListId="8c84fa94-04c1-424b-9868-57a2d4851a1d" relativeResultsDirectory="a629ca0b-d781-4298-aacb-febdec137781" />
    <UnitTestResult executionId="91fa1587-c75f-484d-ae3a-f6d4b454e6c9" testId="6ea50534-a85b-4cc4-ae75-ca13ed656859" testName="Runic.Desktop.Tests.ManagedWindowTests.AcceptsAReconnectedBridgeAndRaisesNewConnectionEvents" computerName="iad20-gt1025-273d042b-d454-40c5-b7a2-9442870fccf3-DA7851AEC26F" duration="00:00:00.0321384" startTime="2026-09-02T10:45:45.8325870+00:00" endTime="2026-09-02T10:45:45.8647810+00:00" testType="13cdc9d9-ddb5-4fa4-a97d-d965ccfc6d4b" outcome="Passed" testListId="8c84fa94-04c1-424b-9868-57a2d4851a1d" relativeResultsDirectory="91fa1587-c75f-484d-ae3a-f6d4b454e6c9" />
    <UnitTestResult executionId="2efb4824-7023-4b5d-87b8-4d01d8bd948a" testId="3eeee4fc-58f0-6aab-1711-50e00a745a94" testName="Runic.Desktop.Tests.BrowserBridgeTests.UpstreamStyleCallbackAndJavaScriptRoundTripRunsInChromium" computerName="iad20-gt1025-273d042b-d454-40c5-b7a2-9442870fccf3-DA7851AEC26F" duration="00:00:00.0015776" startTime="2026-09-02T10:45:45.3962640+00:00" endTime="2026-09-02T10:45:45.3963130+00:00" testType="13cdc9d9-ddb5-4fa4-a97d-d965ccfc6d4b" outcome="Passed" testListId="8c84fa94-04c1-424b-9868-57a2d4851a1d" relativeResultsDirectory="2efb4824-7023-4b5d-87b8-4d01d8bd948a" />
    <UnitTestResult executionId="dc2296ab-c820-491a-9b5c-f6047d006d8c" testId="c33e4b36-720b-43fb-a834-927b3c40e329" testName="Runic.Desktop.Tests.ContentAndLifecycleTests.RunningWindowUsesRootFolderChangesImmediately" computerName="iad20-gt1025-273d042b-d454-40c5-b7a2-9442870fccf3-DA7851AEC26F" duration="00:00:00.0231975" startTime="2026-09-02T10:45:55.9930860+00:00" endTime="2026-09-02T10:45:56.0162420+00:00" testType="13cdc9d9-ddb5-4fa4-a97d-d965ccfc6d4b" outcome="Passed" testListId="8c84fa94-04c1-424b-9868-57a2d4851a1d" relativeResultsDirectory="dc2296ab-c820-491a-9b5c-f6047d006d8c" />
    <UnitTestResult executionId="b91694d5-e5c8-4302-98ae-ded7dfb5e185" testId="e60701dd-fdb6-9a88-8add-d8437c0946fd" testName="Runic.Desktop.Tests.ManagedWindowTests.CorrelatesJavaScriptResultsAndReportsErrors" computerName="iad20-gt1025-273d042b-d454-40c5-b7a2-9442870fccf3-DA7851AEC26F" duration="00:00:00.2229366" startTime="2026-09-02T10:45:46.0010440+00:00" endTime="2026-09-02T10:45:46.2242260+00:00" testType="13cdc9d9-ddb5-4fa4-a97d-d965ccfc6d4b" outcome="Passed" testListId="8c84fa94-04c1-424b-9868-57a2d4851a1d" relativeResultsDirectory="b91694d5-e5c8-4302-98ae-ded7dfb5e185" />
    <UnitTestResult executionId="6579e0f9-d2bb-4f3c-8f4f-1c6a4a8ea8c1" testId="cc4a777c-6bdf-b1b6-d72b-a88ba31bae1e" testName="Runic.Desktop.Tests.ContentAndLifecycleTests.RejectsTraversalAndSymlinksOutsideRoot" computerName="iad20-gt1025-273d042b-d454-40c5-b7a2-9442870fccf3-DA7851AEC26F" duration="00:00:00.0200554" startTime="2026-09-02T10:45:58.5225590+00:00" endTime="2026-09-02T10:45:58.5425490+00:00" testType="13cdc9d9-ddb5-4fa4-a97d-d965ccfc6d4b" outcome="Passed" testListId="8c84fa94-04c1-424b-9868-57a2d4851a1d" relativeResultsDirectory="6579e0f9-d2bb-4f3c-8f4f-1c6a4a8ea8c1" />
    <UnitTestResult executionId="46771cd2-096c-42e6-b4ad-cebc3a96ea4d" testId="15c47b62-c838-e176-2043-0357e9697beb" testName="Runic.Desktop.Tests.DesktopApiTests.ContentRequestExposesAnImmutableCaseInsensitiveHeaderSnapshot" computerName="iad20-gt1025-273d042b-d454-40c5-b7a2-9442870fccf3-DA7851AEC26F" duration="00:00:00.0198632" startTime="2026-09-02T10:45:46.3926720+00:00" endTime="2026-09-02T10:45:46.4118700+00:00" testType="13cdc9d9-ddb5-4fa4-a97d-d965ccfc6d4b" outcome="Passed" testListId="8c84fa94-04c1-424b-9868-57a2d4851a1d" relativeResultsDirectory="46771cd2-096c-42e6-b4ad-cebc3a96ea4d" />
    <UnitTestResult executionId="b867ef6c-7cdb-40ea-9cae-5922fe27789b" testId="69ba1b79-4bb3-3aa9-7d3e-186c4014b62c" testName="Runic.Desktop.Tests.ManagedWindowTests.CanRestartAfterClose" computerName="iad20-gt1025-273d042b-d454-40c5-b7a2-9442870fccf3-DA7851AEC26F" duration="00:00:00.0471834" startTime="2026-09-02T10:45:46.2245460+00:00" endTime="2026-09-02T10:45:46.2718120+00:00" testType="13cdc9d9-ddb5-4fa4-a97d-d965ccfc6d4b" outcome="Passed" testListId="8c84fa94-04c1-424b-9868-57a2d4851a1d" relativeResultsDirectory="b867ef6c-7cdb-40ea-9cae-5922fe27789b" />
    <UnitTestResult executionId="43534706-674a-4dbd-bf0d-b8946c7350fd" testId="709d4377-8d03-258b-2660-4ace3fd90f6d" testName="Runic.Desktop.Tests.DesktopApiTests.ExplicitEmbeddedThenBrowserFallbackIsObservable" computerName="iad20-gt1025-273d042b-d454-40c5-b7a2-9442870fccf3-DA7851AEC26F" duration="00:00:00.0728621" startTime="2026-09-02T10:45:46.5944150+00:00" endTime="2026-09-02T10:45:46.6672700+00:00" testType="13cdc9d9-ddb5-4fa4-a97d-d965ccfc6d4b" outcome="Passed" testListId="8c84fa94-04c1-424b-9868-57a2d4851a1d" relativeResultsDirectory="43534706-674a-4dbd-bf0d-b8946c7350fd" />
    <UnitTestResult executionId="5b6faeab-61f2-488c-8ae8-6d9b89b0ff14" testId="d7b7a382-5a04-48ec-9fa7-a428a831f054" testName="Runic.Desktop.Tests.DesktopApiTests.PublicNetworkExposureRequiresAnExplicitSecurityPolicy" computerName="iad20-gt1025-273d042b-d454-40c5-b7a2-9442870fccf3-DA7851AEC26F" duration="00:00:00.0010248" startTime="2026-09-02T10:45:46.3923840+00:00" endTime="2026-09-02T10:45:46.3924870+00:00" testType="13cdc9d9-ddb5-4fa4-a97d-d965ccfc6d4b" outcome="Passed" testListId="8c84fa94-04c1-424b-9868-57a2d4851a1d" relativeResultsDirectory="5b6faeab-61f2-488c-8ae8-6d9b89b0ff14" />
  </Results>
  <TestDefinitions>
    <UnitTest name="Runic.Desktop.Tests.DesktopApiTests.EmbeddedPresentationReceivesExplicitPermissionPolicy" storage="/users/runner/work/runic-desktop/runic-desktop/tests/runic.desktop.tests/bin/release/net10.0/runic.desktop.tests.dll" id="061b1bd8-6193-b540-6f5d-edf69ffad5cf">
      <Execution id="1834bd56-c0bc-42f2-a38e-d39f51557cbb" />
      <TestMethod codeBase="/Users/runner/work/runic-desktop/runic-desktop/tests/Runic.Desktop.Tests/bin/Release/net10.0/Runic.Desktop.Tests.dll" adapterTypeName="executor://xunit/VsTestRunner3/netcore/" className="Runic.Desktop.Tests.DesktopApiTests" name="EmbeddedPresentationReceivesExplicitPermissionPolicy" />
    </UnitTest>
    <UnitTest name="Runic.Desktop.Tests.ContentAndLifecycleTests.ApplicationWaitTracksAllRunningWindowsAndExitClosesThem" storage="/users/runner/work/runic-desktop/runic-desktop/tests/runic.desktop.tests/bin/release/net10.0/runic.desktop.tests.dll" id="645936de-3caf-dd2d-ee49-8175c9bad3b7">
      <Execution id="bc4150f9-2381-4314-b0a7-57fdf2a873e2" />
      <TestMethod codeBase="/Users/runner/work/runic-desktop/runic-desktop/tests/Runic.Desktop.Tests/bin/Release/net10.0/Runic.Desktop.Tests.dll" adapterTypeName="executor://xunit/VsTestRunner3/netcore/" className="Runic.Desktop.Tests.ContentAndLifecycleTests" name="ApplicationWaitTracksAllRunningWindowsAndExitClosesThem" />
    </UnitTest>
    <UnitTest name="Runic.Desktop.Tests.ManagedWindowTests.SendsQuickJavaScriptRawDataAndNavigationPackets" storage="/users/runner/work/runic-desktop/runic-desktop/tests/runic.desktop.tests/bin/release/net10.0/runic.desktop.tests.dll" id="841c5a29-6640-dcf7-e5bc-735ffe9c53e2">
      <Execution id="c4b6dfc9-a1e2-4250-9eb9-d6673b1ec105" />
      <TestMethod codeBase="/Users/runner/work/runic-desktop/runic-desktop/tests/Runic.Desktop.Tests/bin/Release/net10.0/Runic.Desktop.Tests.dll" adapterTypeName="executor://xunit/VsTestRunner3/netcore/" className="Runic.Desktop.Tests.ManagedWindowTests" name="SendsQuickJavaScriptRawDataAndNavigationPackets" />
    </UnitTest>
    <UnitTest name="Runic.Desktop.Tests.BrowserBridgeTests.UpstreamStyleCallbackAndJavaScriptRoundTripRunsInChromium" storage="/users/runner/work/runic-desktop/runic-desktop/tests/runic.desktop.tests/bin/release/net10.0/runic.desktop.tests.dll" id="3eeee4fc-58f0-6aab-1711-50e00a745a94">
      <Execution id="2efb4824-7023-4b5d-87b8-4d01d8bd948a" />
      <TestMethod codeBase="/Users/runner/work/runic-desktop/runic-desktop/tests/Runic.Desktop.Tests/bin/Release/net10.0/Runic.Desktop.Tests.dll" adapterTypeName="executor://xunit/VsTestRunner3/netcore/" className="Runic.Desktop.Tests.BrowserBridgeTests" name="UpstreamStyleCallbackAndJavaScriptRoundTripRunsInChromium" />
    </UnitTest>
    <UnitTest name="Runic.Desktop.Tests.DesktopApiTests.PublicApiContainsNoWebUiCompatibilityIdentity" storage="/users/runner/work/runic-desktop/runic-desktop/tests/runic.desktop.tests/bin/release/net10.0/runic.desktop.tests.dll" id="e3c7bb57-a70c-b773-c119-c46183096b3d">
      <Execution id="3fd23ace-5774-427e-b698-13249762d3e0" />
      <TestMethod codeBase="/Users/runner/work/runic-desktop/runic-desktop/tests/Runic.Desktop.Tests/bin/Release/net10.0/Runic.Desktop.Tests.dll" adapterTypeName="executor://xunit/VsTestRunner3/netcore/" className="Runic.Desktop.Tests.DesktopApiTests" name="PublicApiContainsNoWebUiCompatibilityIdentity" />
    </UnitTest>
    <UnitTest name="Runic.Desktop.Tests.DesktopApiTests.EmbeddedPresentationDeniesSensitivePermissionsByDefault" storage="/users/runner/work/runic-desktop/runic-desktop/tests/runic.desktop.tests/bin/release/net10.0/runic.desktop.tests.dll" id="a863de21-5355-0698-6efd-58a60e71d970">
      <Execution id="29cb6800-f6a1-4732-8740-e7d5d0fc9580" />
      <TestMethod codeBase="/Users/runner/work/runic-desktop/runic-desktop/tests/Runic.Desktop.Tests/bin/Release/net10.0/Runic.Desktop.Tests.dll" adapterTypeName="executor://xunit/VsTestRunner3/netcore/" className="Runic.Desktop.Tests.DesktopApiTests" name="EmbeddedPresentationDeniesSensitivePermissionsByDefault" />
    </UnitTest>
    <UnitTest name="Runic.Desktop.Tests.ManagedWindowTests.DispatchesConnectionClickNavigationAndDisconnectionEvents" storage="/users/runner/work/runic-desktop/runic-desktop/tests/runic.desktop.tests/bin/release/net10.0/runic.desktop.tests.dll" id="fc077d82-9cdc-ef5c-ee27-ae7334c5fb98">
      <Execution id="74a71945-861d-49f2-a228-e2587096f24a" />
      <TestMethod codeBase="/Users/runner/work/runic-desktop/runic-desktop/tests/Runic.Desktop.Tests/bin/Release/net10.0/Runic.Desktop.Tests.dll" adapterTypeName="executor://xunit/VsTestRunner3/netcore/" className="Runic.Desktop.Tests.ManagedWindowTests" name="DispatchesConnectionClickNavigationAndDisconnectionEvents" />
    </UnitTest>
    <UnitTest name="Runic.Desktop.Tests.BrowserHostTests.OwnsChromiumProcessProfileRestartAndNaturalExit" storage="/users/runner/work/runic-desktop/runic-desktop/tests/runic.desktop.tests/bin/release/net10.0/runic.desktop.tests.dll" id="42cb6dca-8767-b555-5ffa-652435100998">
      <Execution id="a39c9910-2e2d-45ca-a3ac-e5ef45a3d99b" />
      <TestMethod codeBase="/Users/runner/work/runic-desktop/runic-desktop/tests/Runic.Desktop.Tests/bin/Release/net10.0/Runic.Desktop.Tests.dll" adapterTypeName="executor://xunit/VsTestRunner3/netcore/" className="Runic.Desktop.Tests.BrowserHostTests" name="OwnsChromiumProcessProfileRestartAndNaturalExit" />
    </UnitTest>
    <UnitTest name="Runic.Desktop.Tests.DesktopApiTests.PublicStreamingResponseDoesNotOpenForHead" storage="/users/runner/work/runic-desktop/runic-desktop/tests/runic.desktop.tests/bin/release/net10.0/runic.desktop.tests.dll" id="a966f8b1-ba0a-125c-269e-fc3da2253677">
      <Execution id="f35d98f0-48a4-49d3-87c7-dec22dece002" />
      <TestMethod codeBase="/Users/runner/work/runic-desktop/runic-desktop/tests/Runic.Desktop.Tests/bin/Release/net10.0/Runic.Desktop.Tests.dll" adapterTypeName="executor://xunit/VsTestRunner3/netcore/" className="Runic.Desktop.Tests.DesktopApiTests" name="PublicStreamingResponseDoesNotOpenForHead" />
    </UnitTest>
    <UnitTest name="Runic.Desktop.Tests.DesktopApiTests.PublicNetworkExposureRequiresAnExplicitSecurityPolicy" storage="/users/runner/work/runic-desktop/runic-desktop/tests/runic.desktop.tests/bin/release/net10.0/runic.desktop.tests.dll" id="d7b7a382-5a04-48ec-9fa7-a428a831f054">
      <Execution id="5b6faeab-61f2-488c-8ae8-6d9b89b0ff14" />
      <TestMethod codeBase="/Users/runner/work/runic-desktop/runic-desktop/tests/Runic.Desktop.Tests/bin/Release/net10.0/Runic.Desktop.Tests.dll" adapterTypeName="executor://xunit/VsTestRunner3/netcore/" className="Runic.Desktop.Tests.DesktopApiTests" name="PublicNetworkExposureRequiresAnExplicitSecurityPolicy" />
    </UnitTest>
    <UnitTest name="Runic.Desktop.Tests.ContentAndLifecycleTests.SharedHostIsolatesSurfacesAndClosingOnePreservesTheOther" storage="/users/runner/work/runic-desktop/runic-desktop/tests/runic.desktop.tests/bin/release/net10.0/runic.desktop.tests.dll" id="27529644-d9ce-e605-e8e4-25294522bb36">
      <Execution id="bcd82ebf-48f8-416e-8698-f847071050f6" />
      <TestMethod codeBase="/Users/runner/work/runic-desktop/runic-desktop/tests/Runic.Desktop.Tests/bin/Release/net10.0/Runic.Desktop.Tests.dll" adapterTypeName="executor://xunit/VsTestRunner3/netcore/" className="Runic.Desktop.Tests.ContentAndLifecycleTests" name="SharedHostIsolatesSurfacesAndClosingOnePreservesTheOther" />
    </UnitTest>
    <UnitTest name="Runic.Desktop.Tests.DesktopApiTests.StructuredPayloadRejectsDuplicateKeysWithStableRedactedError" storage="/users/runner/work/runic-desktop/runic-desktop/tests/runic.desktop.tests/bin/release/net10.0/runic.desktop.tests.dll" id="faa5ad64-e057-0b14-8269-be7189385afd">
      <Execution id="a4746218-a8a2-4285-96da-7259875bdeb4" />
      <TestMethod codeBase="/Users/runner/work/runic-desktop/runic-desktop/tests/Runic.Desktop.Tests/bin/Release/net10.0/Runic.Desktop.Tests.dll" adapterTypeName="executor://xunit/VsTestRunner3/netcore/" className="Runic.Desktop.Tests.DesktopApiTests" name="StructuredPayloadRejectsDuplicateKeysWithStableRedactedError" />
    </UnitTest>
    <UnitTest name="Runic.Desktop.Tests.DesktopApiTests.PublicSurfaceServesRunicDesktopBootstrapIdentity" storage="/users/runner/work/runic-desktop/runic-desktop/tests/runic.desktop.tests/bin/release/net10.0/runic.desktop.tests.dll" id="5d193ded-7733-ac1e-648e-be04b51d822c">
      <Execution id="aa520a05-1bb8-4b18-a9a9-0df6e8a04b38" />
      <TestMethod codeBase="/Users/runner/work/runic-desktop/runic-desktop/tests/Runic.Desktop.Tests/bin/Release/net10.0/Runic.Desktop.Tests.dll" adapterTypeName="executor://xunit/VsTestRunner3/netcore/" className="Runic.Desktop.Tests.DesktopApiTests" name="PublicSurfaceServesRunicDesktopBootstrapIdentity" />
    </UnitTest>
    <UnitTest name="Runic.Desktop.Tests.EmbeddedHostTests.CustomHostReceivesWindowOptionsAndParticipatesInLifecycle" storage="/users/runner/work/runic-desktop/runic-desktop/tests/runic.desktop.tests/bin/release/net10.0/runic.desktop.tests.dll" id="ac985bb8-3f4b-01b1-ef4b-6cb58b0116ff">
      <Execution id="857aa206-45ea-4d84-8380-694433437098" />
      <TestMethod codeBase="/Users/runner/work/runic-desktop/runic-desktop/tests/Runic.Desktop.Tests/bin/Release/net10.0/Runic.Desktop.Tests.dll" adapterTypeName="executor://xunit/VsTestRunner3/netcore/" className="Runic.Desktop.Tests.EmbeddedHostTests" name="CustomHostReceivesWindowOptionsAndParticipatesInLifecycle" />
    </UnitTest>
    <UnitTest name="Runic.Desktop.Tests.ContentAndLifecycleTests.ExternalUrlUsesLocalRefreshPageInServerOnlyMode" storage="/users/runner/work/runic-desktop/runic-desktop/tests/runic.desktop.tests/bin/release/net10.0/runic.desktop.tests.dll" id="bf22712c-733a-e359-d143-a566e9b67661">
      <Execution id="f8eb2aef-dcd7-4ebf-9a4c-0e7cd6c5b629" />
      <TestMethod codeBase="/Users/runner/work/runic-desktop/runic-desktop/tests/Runic.Desktop.Tests/bin/Release/net10.0/Runic.Desktop.Tests.dll" adapterTypeName="executor://xunit/VsTestRunner3/netcore/" className="Runic.Desktop.Tests.ContentAndLifecycleTests" name="ExternalUrlUsesLocalRefreshPageInServerOnlyMode" />
    </UnitTest>
    <UnitTest name="Runic.Desktop.Tests.DesktopApiTests.PreflightRejectsUnknownPresentationPolicies" storage="/users/runner/work/runic-desktop/runic-desktop/tests/runic.desktop.tests/bin/release/net10.0/runic.desktop.tests.dll" id="b800fae3-a831-9e12-5b61-57cd5502156e">
      <Execution id="8c3504dc-d699-407e-9b7f-3631ad126c76" />
      <TestMethod codeBase="/Users/runner/work/runic-desktop/runic-desktop/tests/Runic.Desktop.Tests/bin/Release/net10.0/Runic.Desktop.Tests.dll" adapterTypeName="executor://xunit/VsTestRunner3/netcore/" className="Runic.Desktop.Tests.DesktopApiTests" name="PreflightRejectsUnknownPresentationPolicies" />
    </UnitTest>
    <UnitTest name="Runic.Desktop.Tests.BrowserBridgeTests.TypeScriptEffectPackageRoundTripsThroughPublicDesktopApiInChromium" storage="/users/runner/work/runic-desktop/runic-desktop/tests/runic.desktop.tests/bin/release/net10.0/runic.desktop.tests.dll" id="e76b3175-0518-346d-bd86-db9da3e14279">
      <Execution id="e51bb764-e055-4e28-a412-e324b926a44c" />
      <TestMethod codeBase="/Users/runner/work/runic-desktop/runic-desktop/tests/Runic.Desktop.Tests/bin/Release/net10.0/Runic.Desktop.Tests.dll" adapterTypeName="executor://xunit/VsTestRunner3/netcore/" className="Runic.Desktop.Tests.BrowserBridgeTests" name="TypeScriptEffectPackageRoundTripsThroughPublicDesktopApiInChromium" />
    </UnitTest>
    <UnitTest name="Runic.Desktop.Tests.DesktopApiTests.ContentRequestExposesAnImmutableCaseInsensitiveHeaderSnapshot" storage="/users/runner/work/runic-desktop/runic-desktop/tests/runic.desktop.tests/bin/release/net10.0/runic.desktop.tests.dll" id="15c47b62-c838-e176-2043-0357e9697beb">
      <Execution id="46771cd2-096c-42e6-b4ad-cebc3a96ea4d" />
      <TestMethod codeBase="/Users/runner/work/runic-desktop/runic-desktop/tests/Runic.Desktop.Tests/bin/Release/net10.0/Runic.Desktop.Tests.dll" adapterTypeName="executor://xunit/VsTestRunner3/netcore/" className="Runic.Desktop.Tests.DesktopApiTests" name="ContentRequestExposesAnImmutableCaseInsensitiveHeaderSnapshot" />
    </UnitTest>
    <UnitTest name="Runic.Desktop.Tests.ContentAndLifecycleTests.StreamingVirtualContentHonorsHeadCancellationAndDisposal" storage="/users/runner/work/runic-desktop/runic-desktop/tests/runic.desktop.tests/bin/release/net10.0/runic.desktop.tests.dll" id="c5cf9e72-79c2-bc41-7ad0-236970370f46">
      <Execution id="32174693-82f4-42e9-8e04-c8e4b0ea0f28" />
      <TestMethod codeBase="/Users/runner/work/runic-desktop/runic-desktop/tests/Runic.Desktop.Tests/bin/Release/net10.0/Runic.Desktop.Tests.dll" adapterTypeName="executor://xunit/VsTestRunner3/netcore/" className="Runic.Desktop.Tests.ContentAndLifecycleTests" name="StreamingVirtualContentHonorsHeadCancellationAndDisposal" />
    </UnitTest>
    <UnitTest name="Runic.Desktop.Tests.ConformanceReceiptTests.DotNetReceiptPassesEveryPortableFixtureExactlyOnce" storage="/users/runner/work/runic-desktop/runic-desktop/tests/runic.desktop.tests/bin/release/net10.0/runic.desktop.tests.dll" id="98566b48-c4e6-8047-f8e9-0d21cb83c0a5">
      <Execution id="f378bf56-a10f-4faf-b9c9-f7869dfdadaa" />
      <TestMethod codeBase="/Users/runner/work/runic-desktop/runic-desktop/tests/Runic.Desktop.Tests/bin/Release/net10.0/Runic.Desktop.Tests.dll" adapterTypeName="executor://xunit/VsTestRunner3/netcore/" className="Runic.Desktop.Tests.ConformanceReceiptTests" name="DotNetReceiptPassesEveryPortableFixtureExactlyOnce" />
    </UnitTest>
    <UnitTest name="Runic.Desktop.Tests.ContentAndLifecycleTests.RejectsTraversalAndSymlinksOutsideRoot" storage="/users/runner/work/runic-desktop/runic-desktop/tests/runic.desktop.tests/bin/release/net10.0/runic.desktop.tests.dll" id="cc4a777c-6bdf-b1b6-d72b-a88ba31bae1e">
      <Execution id="6579e0f9-d2bb-4f3c-8f4f-1c6a4a8ea8c1" />
      <TestMethod codeBase="/Users/runner/work/runic-desktop/runic-desktop/tests/Runic.Desktop.Tests/bin/Release/net10.0/Runic.Desktop.Tests.dll" adapterTypeName="executor://xunit/VsTestRunner3/netcore/" className="Runic.Desktop.Tests.ContentAndLifecycleTests" name="RejectsTraversalAndSymlinksOutsideRoot" />
    </UnitTest>
    <UnitTest name="Runic.Desktop.Tests.ContentAndLifecycleTests.RunningWindowUsesRootFolderChangesImmediately" storage="/users/runner/work/runic-desktop/runic-desktop/tests/runic.desktop.tests/bin/release/net10.0/runic.desktop.tests.dll" id="c33e4b36-720b-43fb-a834-927b3c40e329">
      <Execution id="dc2296ab-c820-491a-9b5c-f6047d006d8c" />
      <TestMethod codeBase="/Users/runner/work/runic-desktop/runic-desktop/tests/Runic.Desktop.Tests/bin/Release/net10.0/Runic.Desktop.Tests.dll" adapterTypeName="executor://xunit/VsTestRunner3/netcore/" className="Runic.Desktop.Tests.ContentAndLifecycleTests" name="RunningWindowUsesRootFolderChangesImmediately" />
    </UnitTest>
    <UnitTest name="Runic.Desktop.Tests.ManagedWindowTests.CloseCompletesWithAnAuthenticatedBridgeConnection" storage="/users/runner/work/runic-desktop/runic-desktop/tests/runic.desktop.tests/bin/release/net10.0/runic.desktop.tests.dll" id="40155b00-f4d2-a16e-45ba-304dd19677d3">
      <Execution id="40ad0305-8499-46b5-9b3f-e623e653cefc" />
      <TestMethod codeBase="/Users/runner/work/runic-desktop/runic-desktop/tests/Runic.Desktop.Tests/bin/Release/net10.0/Runic.Desktop.Tests.dll" adapterTypeName="executor://xunit/VsTestRunner3/netcore/" className="Runic.Desktop.Tests.ManagedWindowTests" name="CloseCompletesWithAnAuthenticatedBridgeConnection" />
    </UnitTest>
    <UnitTest name="Runic.Desktop.Tests.DesktopApiTests.HostSharesListenerAndCreatesARequestScopePerRequest" storage="/users/runner/work/runic-desktop/runic-desktop/tests/runic.desktop.tests/bin/release/net10.0/runic.desktop.tests.dll" id="9fb696c2-8b6d-22f0-4f9c-8fc3569ef94f">
      <Execution id="ac1ad15c-e4ea-4a35-8738-5e23734c917d" />
      <TestMethod codeBase="/Users/runner/work/runic-desktop/runic-desktop/tests/Runic.Desktop.Tests/bin/Release/net10.0/Runic.Desktop.Tests.dll" adapterTypeName="executor://xunit/VsTestRunner3/netcore/" className="Runic.Desktop.Tests.DesktopApiTests" name="HostSharesListenerAndCreatesARequestScopePerRequest" />
    </UnitTest>
    <UnitTest name="Runic.Desktop.Tests.BrowserHostTests.ParsesQuotedCustomParametersWithoutUsingAShell" storage="/users/runner/work/runic-desktop/runic-desktop/tests/runic.desktop.tests/bin/release/net10.0/runic.desktop.tests.dll" id="7218f8d9-1149-d866-00e8-d8adf0f1aa7b">
      <Execution id="405dadc9-ced3-44ba-a330-f227120c39aa" />
      <TestMethod codeBase="/Users/runner/work/runic-desktop/runic-desktop/tests/Runic.Desktop.Tests/bin/Release/net10.0/Runic.Desktop.Tests.dll" adapterTypeName="executor://xunit/VsTestRunner3/netcore/" className="Runic.Desktop.Tests.BrowserHostTests" name="ParsesQuotedCustomParametersWithoutUsingAShell" />
    </UnitTest>
    <UnitTest name="Runic.Desktop.Tests.BrowserHostTests.CanDisposeOwnedBrowserFromItsBindingCallback" storage="/users/runner/work/runic-desktop/runic-desktop/tests/runic.desktop.tests/bin/release/net10.0/runic.desktop.tests.dll" id="153a09ee-0807-0121-b156-d0931455c8a9">
      <Execution id="6990df9e-0d44-4e72-98ec-b24192fb4ade" />
      <TestMethod codeBase="/Users/runner/work/runic-desktop/runic-desktop/tests/Runic.Desktop.Tests/bin/Release/net10.0/Runic.Desktop.Tests.dll" adapterTypeName="executor://xunit/VsTestRunner3/netcore/" className="Runic.Desktop.Tests.BrowserHostTests" name="CanDisposeOwnedBrowserFromItsBindingCallback" />
    </UnitTest>
    <UnitTest name="Runic.Desktop.Tests.ManagedWindowTests.AnnouncesBindingsAddedAfterAuthentication" storage="/users/runner/work/runic-desktop/runic-desktop/tests/runic.desktop.tests/bin/release/net10.0/runic.desktop.tests.dll" id="ce6c1686-c584-1ab0-33ec-241fb846e18c">
      <Execution id="fc2221f3-d82c-424f-be8f-2120d84e28e5" />
      <TestMethod codeBase="/Users/runner/work/runic-desktop/runic-desktop/tests/Runic.Desktop.Tests/bin/Release/net10.0/Runic.Desktop.Tests.dll" adapterTypeName="executor://xunit/VsTestRunner3/netcore/" className="Runic.Desktop.Tests.ManagedWindowTests" name="AnnouncesBindingsAddedAfterAuthentication" />
    </UnitTest>
    <UnitTest name="Runic.Desktop.Tests.ManagedWindowTests.CanRestartAfterClose" storage="/users/runner/work/runic-desktop/runic-desktop/tests/runic.desktop.tests/bin/release/net10.0/runic.desktop.tests.dll" id="69ba1b79-4bb3-3aa9-7d3e-186c4014b62c">
      <Execution id="b867ef6c-7cdb-40ea-9cae-5922fe27789b" />
      <TestMethod codeBase="/Users/runner/work/runic-desktop/runic-desktop/tests/Runic.Desktop.Tests/bin/Release/net10.0/Runic.Desktop.Tests.dll" adapterTypeName="executor://xunit/VsTestRunner3/netcore/" className="Runic.Desktop.Tests.ManagedWindowTests" name="CanRestartAfterClose" />
    </UnitTest>
    <UnitTest name="Runic.Desktop.Tests.DesktopApiTests.UnavailablePresentationFailsEarlyWithCorrelatedRemediation" storage="/users/runner/work/runic-desktop/runic-desktop/tests/runic.desktop.tests/bin/release/net10.0/runic.desktop.tests.dll" id="b7afc2cd-d1f8-bbc9-fa3e-808ac4b28703">
      <Execution id="6c6f6aec-f4d6-468c-8622-245727ef6625" />
      <TestMethod codeBase="/Users/runner/work/runic-desktop/runic-desktop/tests/Runic.Desktop.Tests/bin/Release/net10.0/Runic.Desktop.Tests.dll" adapterTypeName="executor://xunit/VsTestRunner3/netcore/" className="Runic.Desktop.Tests.DesktopApiTests" name="UnavailablePresentationFailsEarlyWithCorrelatedRemediation" />
    </UnitTest>
    <UnitTest name="Runic.Desktop.Tests.ManagedWindowTests.CorrelatesJavaScriptResultsAndReportsErrors" storage="/users/runner/work/runic-desktop/runic-desktop/tests/runic.desktop.tests/bin/release/net10.0/runic.desktop.tests.dll" id="e60701dd-fdb6-9a88-8add-d8437c0946fd">
      <Execution id="b91694d5-e5c8-4302-98ae-ded7dfb5e185" />
      <TestMethod codeBase="/Users/runner/work/runic-desktop/runic-desktop/tests/Runic.Desktop.Tests/bin/Release/net10.0/Runic.Desktop.Tests.dll" adapterTypeName="executor://xunit/VsTestRunner3/netcore/" className="Runic.Desktop.Tests.ManagedWindowTests" name="CorrelatesJavaScriptResultsAndReportsErrors" />
    </UnitTest>
    <UnitTest name="Runic.Desktop.Tests.ManagedWindowTests.ReassemblesWebUiMultiPackets" storage="/users/runner/work/runic-desktop/runic-desktop/tests/runic.desktop.tests/bin/release/net10.0/runic.desktop.tests.dll" id="59b1d0b9-129a-d51a-20f5-7c9247801cdc">
      <Execution id="6b4f4276-4402-48fb-95de-97c2ae938b56" />
      <TestMethod codeBase="/Users/runner/work/runic-desktop/runic-desktop/tests/Runic.Desktop.Tests/bin/Release/net10.0/Runic.Desktop.Tests.dll" adapterTypeName="executor://xunit/VsTestRunner3/netcore/" className="Runic.Desktop.Tests.ManagedWindowTests" name="ReassemblesWebUiMultiPackets" />
    </UnitTest>
    <UnitTest name="Runic.Desktop.Tests.BrowserHostTests.BuildsWebUiCompatibleChromiumAndFirefoxArguments" storage="/users/runner/work/runic-desktop/runic-desktop/tests/runic.desktop.tests/bin/release/net10.0/runic.desktop.tests.dll" id="463459bb-3857-1bf9-992f-6af8bd1a0cc0">
      <Execution id="ebc109c5-5ca4-4709-810d-bcb8f0bd8589" />
      <TestMethod codeBase="/Users/runner/work/runic-desktop/runic-desktop/tests/Runic.Desktop.Tests/bin/Release/net10.0/Runic.Desktop.Tests.dll" adapterTypeName="executor://xunit/VsTestRunner3/netcore/" className="Runic.Desktop.Tests.BrowserHostTests" name="BuildsWebUiCompatibleChromiumAndFirefoxArguments" />
    </UnitTest>
    <UnitTest name="Runic.Desktop.Tests.ContentAndLifecycleTests.ExplicitFileRedirectsWithoutFolderIndexFallback" storage="/users/runner/work/runic-desktop/runic-desktop/tests/runic.desktop.tests/bin/release/net10.0/runic.desktop.tests.dll" id="9d24470e-2cc4-d192-47b4-0a043b9905e6">
      <Execution id="dabd4069-d0aa-4bd9-b4a0-d7bbbf27b5a0" />
      <TestMethod codeBase="/Users/runner/work/runic-desktop/runic-desktop/tests/Runic.Desktop.Tests/bin/Release/net10.0/Runic.Desktop.Tests.dll" adapterTypeName="executor://xunit/VsTestRunner3/netcore/" className="Runic.Desktop.Tests.ContentAndLifecycleTests" name="ExplicitFileRedirectsWithoutFolderIndexFallback" />
    </UnitTest>
    <UnitTest name="Runic.Desktop.Tests.ContentAndLifecycleTests.ConcurrentServerWindowChurnLeavesNoApplicationLifetimeBehind" storage="/users/runner/work/runic-desktop/runic-desktop/tests/runic.desktop.tests/bin/release/net10.0/runic.desktop.tests.dll" id="f7d337ed-ddc8-7f26-91e2-3cbcbb395cac">
      <Execution id="346b24e0-9da8-4e40-8d7b-6ef9c6f89256" />
      <TestMethod codeBase="/Users/runner/work/runic-desktop/runic-desktop/tests/Runic.Desktop.Tests/bin/Release/net10.0/Runic.Desktop.Tests.dll" adapterTypeName="executor://xunit/VsTestRunner3/netcore/" className="Runic.Desktop.Tests.ContentAndLifecycleTests" name="ConcurrentServerWindowChurnLeavesNoApplicationLifetimeBehind" />
    </UnitTest>
    <UnitTest name="Runic.Desktop.Tests.ContentAndLifecycleTests.BridgeSessionsRemainOwnedByTheirWindow" storage="/users/runner/work/runic-desktop/runic-desktop/tests/runic.desktop.tests/bin/release/net10.0/runic.desktop.tests.dll" id="8b328ee1-e275-fcd4-9396-dab8934ebafc">
      <Execution id="9a58a20f-fd3e-4603-b5b7-d26646469fd1" />
      <TestMethod codeBase="/Users/runner/work/runic-desktop/runic-desktop/tests/Runic.Desktop.Tests/bin/Release/net10.0/Runic.Desktop.Tests.dll" adapterTypeName="executor://xunit/VsTestRunner3/netcore/" className="Runic.Desktop.Tests.ContentAndLifecycleTests" name="BridgeSessionsRemainOwnedByTheirWindow" />
    </UnitTest>
    <UnitTest name="Runic.Desktop.Tests.ContentAndLifecycleTests.DefaultRootIsCopiedByNewWindowsAndRootsRemainWindowOwned" storage="/users/runner/work/runic-desktop/runic-desktop/tests/runic.desktop.tests/bin/release/net10.0/runic.desktop.tests.dll" id="59c8a4de-f801-49dc-2c01-22004881a27e">
      <Execution id="1d2cb0f8-07a9-4888-85f5-9e9de9a759d3" />
      <TestMethod codeBase="/Users/runner/work/runic-desktop/runic-desktop/tests/Runic.Desktop.Tests/bin/Release/net10.0/Runic.Desktop.Tests.dll" adapterTypeName="executor://xunit/VsTestRunner3/netcore/" className="Runic.Desktop.Tests.ContentAndLifecycleTests" name="DefaultRootIsCopiedByNewWindowsAndRootsRemainWindowOwned" />
    </UnitTest>
    <UnitTest name="Runic.Desktop.Tests.DesktopApiTests.CapabilityFailuresProduceOnlyStableRedactedDiagnostics" storage="/users/runner/work/runic-desktop/runic-desktop/tests/runic.desktop.tests/bin/release/net10.0/runic.desktop.tests.dll" id="80882ead-bf5a-a1c8-680a-63d76cc6e1b8">
      <Execution id="e22152dc-437e-4883-8d4a-ea79f89fb6e1" />
      <TestMethod codeBase="/Users/runner/work/runic-desktop/runic-desktop/tests/Runic.Desktop.Tests/bin/Release/net10.0/Runic.Desktop.Tests.dll" adapterTypeName="executor://xunit/VsTestRunner3/netcore/" className="Runic.Desktop.Tests.DesktopApiTests" name="CapabilityFailuresProduceOnlyStableRedactedDiagnostics" />
    </UnitTest>
    <UnitTest name="Runic.Desktop.Tests.ManagedWindowTests.ServesEmbeddedContentAndWebUiCompatibleBridge" storage="/users/runner/work/runic-desktop/runic-desktop/tests/runic.desktop.tests/bin/release/net10.0/runic.desktop.tests.dll" id="0c3c32ba-0cf8-85be-b48a-330743b05bda">
      <Execution id="7717eaba-4558-4a7f-a9f2-d292d4f2fa2b" />
      <TestMethod codeBase="/Users/runner/work/runic-desktop/runic-desktop/tests/Runic.Desktop.Tests/bin/Release/net10.0/Runic.Desktop.Tests.dll" adapterTypeName="executor://xunit/VsTestRunner3/netcore/" className="Runic.Desktop.Tests.ManagedWindowTests" name="ServesEmbeddedContentAndWebUiCompatibleBridge" />
    </UnitTest>
    <UnitTest name="Runic.Desktop.Tests.ContentAndLifecycleTests.ServerOnlyShowReloadsContentWithoutChangingTheListener" storage="/users/runner/work/runic-desktop/runic-desktop/tests/runic.desktop.tests/bin/release/net10.0/runic.desktop.tests.dll" id="352e6995-5f3e-d4cd-103f-a258d6d9db73">
      <Execution id="a7bab4c1-2486-4445-a2ab-727fc10cadee" />
      <TestMethod codeBase="/Users/runner/work/runic-desktop/runic-desktop/tests/Runic.Desktop.Tests/bin/Release/net10.0/Runic.Desktop.Tests.dll" adapterTypeName="executor://xunit/VsTestRunner3/netcore/" className="Runic.Desktop.Tests.ContentAndLifecycleTests" name="ServerOnlyShowReloadsContentWithoutChangingTheListener" />
    </UnitTest>
    <UnitTest name="Runic.Desktop.Tests.ManagedWindowTests.UsesWebUiHandshakeAndCallFraming" storage="/users/runner/work/runic-desktop/runic-desktop/tests/runic.desktop.tests/bin/release/net10.0/runic.desktop.tests.dll" id="2722cabe-f484-db79-67f3-214ee4d57762">
      <Execution id="cc5a9abd-cbec-44ea-9f9f-bf5c3e352521" />
      <TestMethod codeBase="/Users/runner/work/runic-desktop/runic-desktop/tests/Runic.Desktop.Tests/bin/Release/net10.0/Runic.Desktop.Tests.dll" adapterTypeName="executor://xunit/VsTestRunner3/netcore/" className="Runic.Desktop.Tests.ManagedWindowTests" name="UsesWebUiHandshakeAndCallFraming" />
    </UnitTest>
    <UnitTest name="Runic.Desktop.Tests.DesktopApiTests.AvailabilityReportsConcretePresentationsAndActionableFailures" storage="/users/runner/work/runic-desktop/runic-desktop/tests/runic.desktop.tests/bin/release/net10.0/runic.desktop.tests.dll" id="98b02137-da92-2d75-eb9a-23fa79214ced">
      <Execution id="532b08cf-7d52-45bc-a209-cf413640f147" />
      <TestMethod codeBase="/Users/runner/work/runic-desktop/runic-desktop/tests/Runic.Desktop.Tests/bin/Release/net10.0/Runic.Desktop.Tests.dll" adapterTypeName="executor://xunit/VsTestRunner3/netcore/" className="Runic.Desktop.Tests.DesktopApiTests" name="AvailabilityReportsConcretePresentationsAndActionableFailures" />
    </UnitTest>
    <UnitTest name="Runic.Desktop.Tests.ContentAndLifecycleTests.SafePolicyRequiresSameOriginSurfaceScopedCredential" storage="/users/runner/work/runic-desktop/runic-desktop/tests/runic.desktop.tests/bin/release/net10.0/runic.desktop.tests.dll" id="873562f8-993a-b22a-3a10-879493c93627">
      <Execution id="48c20d81-10e7-4551-bfbf-2c8b11f8b35f" />
      <TestMethod codeBase="/Users/runner/work/runic-desktop/runic-desktop/tests/Runic.Desktop.Tests/bin/Release/net10.0/Runic.Desktop.Tests.dll" adapterTypeName="executor://xunit/VsTestRunner3/netcore/" className="Runic.Desktop.Tests.ContentAndLifecycleTests" name="SafePolicyRequiresSameOriginSurfaceScopedCredential" />
    </UnitTest>
    <UnitTest name="Runic.Desktop.Tests.ManagedWindowTests.RejectsAnInvalidProtocolToken" storage="/users/runner/work/runic-desktop/runic-desktop/tests/runic.desktop.tests/bin/release/net10.0/runic.desktop.tests.dll" id="eaf7f52e-39ec-e400-0619-249e82132ecd">
      <Execution id="8135a13b-1618-4b4a-b360-55d891915b94" />
      <TestMethod codeBase="/Users/runner/work/runic-desktop/runic-desktop/tests/Runic.Desktop.Tests/bin/Release/net10.0/Runic.Desktop.Tests.dll" adapterTypeName="executor://xunit/VsTestRunner3/netcore/" className="Runic.Desktop.Tests.ManagedWindowTests" name="RejectsAnInvalidProtocolToken" />
    </UnitTest>
    <UnitTest name="Runic.Desktop.Tests.DesktopApiTests.LocalContentDeniesMediaCaptureByDefault" storage="/users/runner/work/runic-desktop/runic-desktop/tests/runic.desktop.tests/bin/release/net10.0/runic.desktop.tests.dll" id="1aba962a-ef9e-2eaf-2ed5-0d3525098d00">
      <Execution id="abe1295d-4018-4423-b144-621c209451f0" />
      <TestMethod codeBase="/Users/runner/work/runic-desktop/runic-desktop/tests/Runic.Desktop.Tests/bin/Release/net10.0/Runic.Desktop.Tests.dll" adapterTypeName="executor://xunit/VsTestRunner3/netcore/" className="Runic.Desktop.Tests.DesktopApiTests" name="LocalContentDeniesMediaCaptureByDefault" />
    </UnitTest>
    <UnitTest name="Runic.Desktop.Tests.ContentAndLifecycleTests.StreamingVirtualContentCancelsAndDisposesWhenWindowCloses" storage="/users/runner/work/runic-desktop/runic-desktop/tests/runic.desktop.tests/bin/release/net10.0/runic.desktop.tests.dll" id="e5f27a6d-d40e-e619-bc50-029b2491862a">
      <Execution id="90dcdbae-ec86-4f74-983b-5ba953594f7e" />
      <TestMethod codeBase="/Users/runner/work/runic-desktop/runic-desktop/tests/Runic.Desktop.Tests/bin/Release/net10.0/Runic.Desktop.Tests.dll" adapterTypeName="executor://xunit/VsTestRunner3/netcore/" className="Runic.Desktop.Tests.ContentAndLifecycleTests" name="StreamingVirtualContentCancelsAndDisposesWhenWindowCloses" />
    </UnitTest>
    <UnitTest name="Runic.Desktop.Tests.ContentAndLifecycleTests.VirtualContentHasFallbackAndCannotOverrideBridge" storage="/users/runner/work/runic-desktop/runic-desktop/tests/runic.desktop.tests/bin/release/net10.0/runic.desktop.tests.dll" id="8c00a42e-977a-f5e9-4c96-8ff35787842b">
      <Execution id="cf1bb60f-a547-4ccf-a7ba-8810e3668f61" />
      <TestMethod codeBase="/Users/runner/work/runic-desktop/runic-desktop/tests/Runic.Desktop.Tests/bin/Release/net10.0/Runic.Desktop.Tests.dll" adapterTypeName="executor://xunit/VsTestRunner3/netcore/" className="Runic.Desktop.Tests.ContentAndLifecycleTests" name="VirtualContentHasFallbackAndCannotOverrideBridge" />
    </UnitTest>
    <UnitTest name="Runic.Desktop.Tests.BrowserHostTests.CreatesButDoesNotOwnAnExplicitProfileFolder" storage="/users/runner/work/runic-desktop/runic-desktop/tests/runic.desktop.tests/bin/release/net10.0/runic.desktop.tests.dll" id="cfc4c5a2-09ea-8ef7-24c1-3cdbfb4bab37">
      <Execution id="141a7640-369d-4a56-b680-2be47f9741a0" />
      <TestMethod codeBase="/Users/runner/work/runic-desktop/runic-desktop/tests/Runic.Desktop.Tests/bin/Release/net10.0/Runic.Desktop.Tests.dll" adapterTypeName="executor://xunit/VsTestRunner3/netcore/" className="Runic.Desktop.Tests.BrowserHostTests" name="CreatesButDoesNotOwnAnExplicitProfileFolder" />
    </UnitTest>
    <UnitTest name="Runic.Desktop.Tests.BrowserHostTests.DiscoversBrowsersFromTheConfiguredFolder" storage="/users/runner/work/runic-desktop/runic-desktop/tests/runic.desktop.tests/bin/release/net10.0/runic.desktop.tests.dll" id="2a647045-2d44-6a96-8329-0813be00d41e">
      <Execution id="04aae986-d1f0-469d-b11e-074f780a5588" />
      <TestMethod codeBase="/Users/runner/work/runic-desktop/runic-desktop/tests/Runic.Desktop.Tests/bin/Release/net10.0/Runic.Desktop.Tests.dll" adapterTypeName="executor://xunit/VsTestRunner3/netcore/" className="Runic.Desktop.Tests.BrowserHostTests" name="DiscoversBrowsersFromTheConfiguredFolder" />
    </UnitTest>
    <UnitTest name="Runic.Desktop.Tests.ManagedWindowTests.AcceptsAReconnectedBridgeAndRaisesNewConnectionEvents" storage="/users/runner/work/runic-desktop/runic-desktop/tests/runic.desktop.tests/bin/release/net10.0/runic.desktop.tests.dll" id="6ea50534-a85b-4cc4-ae75-ca13ed656859">
      <Execution id="91fa1587-c75f-484d-ae3a-f6d4b454e6c9" />
      <TestMethod codeBase="/Users/runner/work/runic-desktop/runic-desktop/tests/Runic.Desktop.Tests/bin/Release/net10.0/Runic.Desktop.Tests.dll" adapterTypeName="executor://xunit/VsTestRunner3/netcore/" className="Runic.Desktop.Tests.ManagedWindowTests" name="AcceptsAReconnectedBridgeAndRaisesNewConnectionEvents" />
    </UnitTest>
    <UnitTest name="Runic.Desktop.Tests.DesktopApiTests.ExplicitEmbeddedThenBrowserFallbackIsObservable" storage="/users/runner/work/runic-desktop/runic-desktop/tests/runic.desktop.tests/bin/release/net10.0/runic.desktop.tests.dll" id="709d4377-8d03-258b-2660-4ace3fd90f6d">
      <Execution id="43534706-674a-4dbd-bf0d-b8946c7350fd" />
      <TestMethod codeBase="/Users/runner/work/runic-desktop/runic-desktop/tests/Runic.Desktop.Tests/bin/Release/net10.0/Runic.Desktop.Tests.dll" adapterTypeName="executor://xunit/VsTestRunner3/netcore/" className="Runic.Desktop.Tests.DesktopApiTests" name="ExplicitEmbeddedThenBrowserFallbackIsObservable" />
    </UnitTest>
    <UnitTest name="Runic.Desktop.Tests.ManagedWindowTests.CallbackCanSynchronouslyExecuteJavaScriptWithoutDeadlock" storage="/users/runner/work/runic-desktop/runic-desktop/tests/runic.desktop.tests/bin/release/net10.0/runic.desktop.tests.dll" id="8d6fba1e-1ad3-7679-61dd-3c8fc03136b5">
      <Execution id="f8d9115b-d817-4899-b731-00010711b995" />
      <TestMethod codeBase="/Users/runner/work/runic-desktop/runic-desktop/tests/Runic.Desktop.Tests/bin/Release/net10.0/Runic.Desktop.Tests.dll" adapterTypeName="executor://xunit/VsTestRunner3/netcore/" className="Runic.Desktop.Tests.ManagedWindowTests" name="CallbackCanSynchronouslyExecuteJavaScriptWithoutDeadlock" />
    </UnitTest>
    <UnitTest name="Runic.Desktop.Tests.DesktopApiTests.PreflightReportsTheRequestedPolicyAndConcreteCapabilityLimit" storage="/users/runner/work/runic-desktop/runic-desktop/tests/runic.desktop.tests/bin/release/net10.0/runic.desktop.tests.dll" id="5d3640bb-4373-2ac5-219f-5be2d06be85b">
      <Execution id="a67a7098-0eb9-4340-8b06-be3273997ef4" />
      <TestMethod codeBase="/Users/runner/work/runic-desktop/runic-desktop/tests/Runic.Desktop.Tests/bin/Release/net10.0/Runic.Desktop.Tests.dll" adapterTypeName="executor://xunit/VsTestRunner3/netcore/" className="Runic.Desktop.Tests.DesktopApiTests" name="PreflightReportsTheRequestedPolicyAndConcreteCapabilityLimit" />
    </UnitTest>
    <UnitTest name="Runic.Desktop.Tests.ContentAndLifecycleTests.ServesFoldersIndexesFilesMimeHeadAndNoCache" storage="/users/runner/work/runic-desktop/runic-desktop/tests/runic.desktop.tests/bin/release/net10.0/runic.desktop.tests.dll" id="42622707-7344-db63-6873-9b83b4a6756f">
      <Execution id="822d0423-ed1d-49ad-bb0b-f29908ec849d" />
      <TestMethod codeBase="/Users/runner/work/runic-desktop/runic-desktop/tests/Runic.Desktop.Tests/bin/Release/net10.0/Runic.Desktop.Tests.dll" adapterTypeName="executor://xunit/VsTestRunner3/netcore/" className="Runic.Desktop.Tests.ContentAndLifecycleTests" name="ServesFoldersIndexesFilesMimeHeadAndNoCache" />
    </UnitTest>
    <UnitTest name="Runic.Desktop.Tests.ContentAndLifecycleTests.SingleClientRejectsConcurrentSocketAndMultiClientOwnsStableClientIds" storage="/users/runner/work/runic-desktop/runic-desktop/tests/runic.desktop.tests/bin/release/net10.0/runic.desktop.tests.dll" id="6b591cb1-f1c9-bcd8-2db0-845bc1909923">
      <Execution id="7db2bb1b-49bc-4b1f-8743-d0485a50a6a3" />
      <TestMethod codeBase="/Users/runner/work/runic-desktop/runic-desktop/tests/Runic.Desktop.Tests/bin/Release/net10.0/Runic.Desktop.Tests.dll" adapterTypeName="executor://xunit/VsTestRunner3/netcore/" className="Runic.Desktop.Tests.ContentAndLifecycleTests" name="SingleClientRejectsConcurrentSocketAndMultiClientOwnsStableClientIds" />
    </UnitTest>
    <UnitTest name="Runic.Desktop.Tests.DesktopApiTests.OpeningAndClosingWindowPreservesSurfaceContentAndLifetime" storage="/users/runner/work/runic-desktop/runic-desktop/tests/runic.desktop.tests/bin/release/net10.0/runic.desktop.tests.dll" id="47120980-48a7-8456-f03b-81c588857d72">
      <Execution id="a629ca0b-d781-4298-aacb-febdec137781" />
      <TestMethod codeBase="/Users/runner/work/runic-desktop/runic-desktop/tests/Runic.Desktop.Tests/bin/Release/net10.0/Runic.Desktop.Tests.dll" adapterTypeName="executor://xunit/VsTestRunner3/netcore/" className="Runic.Desktop.Tests.DesktopApiTests" name="OpeningAndClosingWindowPreservesSurfaceContentAndLifetime" />
    </UnitTest>
    <UnitTest name="Runic.Desktop.Tests.ContentAndLifecycleTests.UsesExplicitPortAndRetainsSettingsAcrossRestart" storage="/users/runner/work/runic-desktop/runic-desktop/tests/runic.desktop.tests/bin/release/net10.0/runic.desktop.tests.dll" id="73a6f8ba-118d-2d59-97c8-45eb909a0e6d">
      <Execution id="350889c2-eea2-4ea9-bee9-b60ea3b14899" />
      <TestMethod codeBase="/Users/runner/work/runic-desktop/runic-desktop/tests/Runic.Desktop.Tests/bin/Release/net10.0/Runic.Desktop.Tests.dll" adapterTypeName="executor://xunit/VsTestRunner3/netcore/" className="Runic.Desktop.Tests.ContentAndLifecycleTests" name="UsesExplicitPortAndRetainsSettingsAcrossRestart" />
    </UnitTest>
    <UnitTest name="Runic.Desktop.Tests.ManagedWindowTests.EncodesTypedResultsAsWebUiResponseStrings" storage="/users/runner/work/runic-desktop/runic-desktop/tests/runic.desktop.tests/bin/release/net10.0/runic.desktop.tests.dll" id="5db4cf0b-2032-780b-27b7-5d0054bd1e74">
      <Execution id="2a8ae95b-9d67-4219-833a-cd99993240c6" />
      <TestMethod codeBase="/Users/runner/work/runic-desktop/runic-desktop/tests/Runic.Desktop.Tests/bin/Release/net10.0/Runic.Desktop.Tests.dll" adapterTypeName="executor://xunit/VsTestRunner3/netcore/" className="Runic.Desktop.Tests.ManagedWindowTests" name="EncodesTypedResultsAsWebUiResponseStrings" />
    </UnitTest>
    <UnitTest name="Runic.Desktop.Tests.DesktopApiTests.ClosingSurfaceReportsCauseAndReleasesPublicStream" storage="/users/runner/work/runic-desktop/runic-desktop/tests/runic.desktop.tests/bin/release/net10.0/runic.desktop.tests.dll" id="b2e0017f-c9ce-c14b-e9da-f53c03715eec">
      <Execution id="c9d72733-661e-48d3-80dc-90997e3619f8" />
      <TestMethod codeBase="/Users/runner/work/runic-desktop/runic-desktop/tests/Runic.Desktop.Tests/bin/Release/net10.0/Runic.Desktop.Tests.dll" adapterTypeName="executor://xunit/VsTestRunner3/netcore/" className="Runic.Desktop.Tests.DesktopApiTests" name="ClosingSurfaceReportsCauseAndReleasesPublicStream" />
    </UnitTest>
  </TestDefinitions>
  <TestEntries>
    <TestEntry testId="e5f27a6d-d40e-e619-bc50-029b2491862a" executionId="90dcdbae-ec86-4f74-983b-5ba953594f7e" testListId="8c84fa94-04c1-424b-9868-57a2d4851a1d" />
    <TestEntry testId="2a647045-2d44-6a96-8329-0813be00d41e" executionId="04aae986-d1f0-469d-b11e-074f780a5588" testListId="8c84fa94-04c1-424b-9868-57a2d4851a1d" />
    <TestEntry testId="b2e0017f-c9ce-c14b-e9da-f53c03715eec" executionId="c9d72733-661e-48d3-80dc-90997e3619f8" testListId="8c84fa94-04c1-424b-9868-57a2d4851a1d" />
    <TestEntry testId="27529644-d9ce-e605-e8e4-25294522bb36" executionId="bcd82ebf-48f8-416e-8698-f847071050f6" testListId="8c84fa94-04c1-424b-9868-57a2d4851a1d" />
    <TestEntry testId="eaf7f52e-39ec-e400-0619-249e82132ecd" executionId="8135a13b-1618-4b4a-b360-55d891915b94" testListId="8c84fa94-04c1-424b-9868-57a2d4851a1d" />
    <TestEntry testId="645936de-3caf-dd2d-ee49-8175c9bad3b7" executionId="bc4150f9-2381-4314-b0a7-57fdf2a873e2" testListId="8c84fa94-04c1-424b-9868-57a2d4851a1d" />
    <TestEntry testId="b800fae3-a831-9e12-5b61-57cd5502156e" executionId="8c3504dc-d699-407e-9b7f-3631ad126c76" testListId="8c84fa94-04c1-424b-9868-57a2d4851a1d" />
    <TestEntry testId="5d3640bb-4373-2ac5-219f-5be2d06be85b" executionId="a67a7098-0eb9-4340-8b06-be3273997ef4" testListId="8c84fa94-04c1-424b-9868-57a2d4851a1d" />
    <TestEntry testId="0c3c32ba-0cf8-85be-b48a-330743b05bda" executionId="7717eaba-4558-4a7f-a9f2-d292d4f2fa2b" testListId="8c84fa94-04c1-424b-9868-57a2d4851a1d" />
    <TestEntry testId="7218f8d9-1149-d866-00e8-d8adf0f1aa7b" executionId="405dadc9-ced3-44ba-a330-f227120c39aa" testListId="8c84fa94-04c1-424b-9868-57a2d4851a1d" />
    <TestEntry testId="061b1bd8-6193-b540-6f5d-edf69ffad5cf" executionId="1834bd56-c0bc-42f2-a38e-d39f51557cbb" testListId="8c84fa94-04c1-424b-9868-57a2d4851a1d" />
    <TestEntry testId="98b02137-da92-2d75-eb9a-23fa79214ced" executionId="532b08cf-7d52-45bc-a209-cf413640f147" testListId="8c84fa94-04c1-424b-9868-57a2d4851a1d" />
    <TestEntry testId="8d6fba1e-1ad3-7679-61dd-3c8fc03136b5" executionId="f8d9115b-d817-4899-b731-00010711b995" testListId="8c84fa94-04c1-424b-9868-57a2d4851a1d" />
    <TestEntry testId="873562f8-993a-b22a-3a10-879493c93627" executionId="48c20d81-10e7-4551-bfbf-2c8b11f8b35f" testListId="8c84fa94-04c1-424b-9868-57a2d4851a1d" />
    <TestEntry testId="59c8a4de-f801-49dc-2c01-22004881a27e" executionId="1d2cb0f8-07a9-4888-85f5-9e9de9a759d3" testListId="8c84fa94-04c1-424b-9868-57a2d4851a1d" />
    <TestEntry testId="a863de21-5355-0698-6efd-58a60e71d970" executionId="29cb6800-f6a1-4732-8740-e7d5d0fc9580" testListId="8c84fa94-04c1-424b-9868-57a2d4851a1d" />
    <TestEntry testId="e3c7bb57-a70c-b773-c119-c46183096b3d" executionId="3fd23ace-5774-427e-b698-13249762d3e0" testListId="8c84fa94-04c1-424b-9868-57a2d4851a1d" />
    <TestEntry testId="6b591cb1-f1c9-bcd8-2db0-845bc1909923" executionId="7db2bb1b-49bc-4b1f-8743-d0485a50a6a3" testListId="8c84fa94-04c1-424b-9868-57a2d4851a1d" />
    <TestEntry testId="352e6995-5f3e-d4cd-103f-a258d6d9db73" executionId="a7bab4c1-2486-4445-a2ab-727fc10cadee" testListId="8c84fa94-04c1-424b-9868-57a2d4851a1d" />
    <TestEntry testId="59b1d0b9-129a-d51a-20f5-7c9247801cdc" executionId="6b4f4276-4402-48fb-95de-97c2ae938b56" testListId="8c84fa94-04c1-424b-9868-57a2d4851a1d" />
    <TestEntry testId="8c00a42e-977a-f5e9-4c96-8ff35787842b" executionId="cf1bb60f-a547-4ccf-a7ba-8810e3668f61" testListId="8c84fa94-04c1-424b-9868-57a2d4851a1d" />
    <TestEntry testId="5d193ded-7733-ac1e-648e-be04b51d822c" executionId="aa520a05-1bb8-4b18-a9a9-0df6e8a04b38" testListId="8c84fa94-04c1-424b-9868-57a2d4851a1d" />
    <TestEntry testId="cfc4c5a2-09ea-8ef7-24c1-3cdbfb4bab37" executionId="141a7640-369d-4a56-b680-2be47f9741a0" testListId="8c84fa94-04c1-424b-9868-57a2d4851a1d" />
    <TestEntry testId="1aba962a-ef9e-2eaf-2ed5-0d3525098d00" executionId="abe1295d-4018-4423-b144-621c209451f0" testListId="8c84fa94-04c1-424b-9868-57a2d4851a1d" />
    <TestEntry testId="b7afc2cd-d1f8-bbc9-fa3e-808ac4b28703" executionId="6c6f6aec-f4d6-468c-8622-245727ef6625" testListId="8c84fa94-04c1-424b-9868-57a2d4851a1d" />
    <TestEntry testId="5db4cf0b-2032-780b-27b7-5d0054bd1e74" executionId="2a8ae95b-9d67-4219-833a-cd99993240c6" testListId="8c84fa94-04c1-424b-9868-57a2d4851a1d" />
    <TestEntry testId="98566b48-c4e6-8047-f8e9-0d21cb83c0a5" executionId="f378bf56-a10f-4faf-b9c9-f7869dfdadaa" testListId="8c84fa94-04c1-424b-9868-57a2d4851a1d" />
    <TestEntry testId="73a6f8ba-118d-2d59-97c8-45eb909a0e6d" executionId="350889c2-eea2-4ea9-bee9-b60ea3b14899" testListId="8c84fa94-04c1-424b-9868-57a2d4851a1d" />
    <TestEntry testId="8b328ee1-e275-fcd4-9396-dab8934ebafc" executionId="9a58a20f-fd3e-4603-b5b7-d26646469fd1" testListId="8c84fa94-04c1-424b-9868-57a2d4851a1d" />
    <TestEntry testId="42cb6dca-8767-b555-5ffa-652435100998" executionId="a39c9910-2e2d-45ca-a3ac-e5ef45a3d99b" testListId="8c84fa94-04c1-424b-9868-57a2d4851a1d" />
    <TestEntry testId="fc077d82-9cdc-ef5c-ee27-ae7334c5fb98" executionId="74a71945-861d-49f2-a228-e2587096f24a" testListId="8c84fa94-04c1-424b-9868-57a2d4851a1d" />
    <TestEntry testId="40155b00-f4d2-a16e-45ba-304dd19677d3" executionId="40ad0305-8499-46b5-9b3f-e623e653cefc" testListId="8c84fa94-04c1-424b-9868-57a2d4851a1d" />
    <TestEntry testId="9fb696c2-8b6d-22f0-4f9c-8fc3569ef94f" executionId="ac1ad15c-e4ea-4a35-8738-5e23734c917d" testListId="8c84fa94-04c1-424b-9868-57a2d4851a1d" />
    <TestEntry testId="ac985bb8-3f4b-01b1-ef4b-6cb58b0116ff" executionId="857aa206-45ea-4d84-8380-694433437098" testListId="8c84fa94-04c1-424b-9868-57a2d4851a1d" />
    <TestEntry testId="463459bb-3857-1bf9-992f-6af8bd1a0cc0" executionId="ebc109c5-5ca4-4709-810d-bcb8f0bd8589" testListId="8c84fa94-04c1-424b-9868-57a2d4851a1d" />
    <TestEntry testId="faa5ad64-e057-0b14-8269-be7189385afd" executionId="a4746218-a8a2-4285-96da-7259875bdeb4" testListId="8c84fa94-04c1-424b-9868-57a2d4851a1d" />
    <TestEntry testId="a966f8b1-ba0a-125c-269e-fc3da2253677" executionId="f35d98f0-48a4-49d3-87c7-dec22dece002" testListId="8c84fa94-04c1-424b-9868-57a2d4851a1d" />
    <TestEntry testId="42622707-7344-db63-6873-9b83b4a6756f" executionId="822d0423-ed1d-49ad-bb0b-f29908ec849d" testListId="8c84fa94-04c1-424b-9868-57a2d4851a1d" />
    <TestEntry testId="153a09ee-0807-0121-b156-d0931455c8a9" executionId="6990df9e-0d44-4e72-98ec-b24192fb4ade" testListId="8c84fa94-04c1-424b-9868-57a2d4851a1d" />
    <TestEntry testId="ce6c1686-c584-1ab0-33ec-241fb846e18c" executionId="fc2221f3-d82c-424f-be8f-2120d84e28e5" testListId="8c84fa94-04c1-424b-9868-57a2d4851a1d" />
    <TestEntry testId="bf22712c-733a-e359-d143-a566e9b67661" executionId="f8eb2aef-dcd7-4ebf-9a4c-0e7cd6c5b629" testListId="8c84fa94-04c1-424b-9868-57a2d4851a1d" />
    <TestEntry testId="841c5a29-6640-dcf7-e5bc-735ffe9c53e2" executionId="c4b6dfc9-a1e2-4250-9eb9-d6673b1ec105" testListId="8c84fa94-04c1-424b-9868-57a2d4851a1d" />
    <TestEntry testId="e76b3175-0518-346d-bd86-db9da3e14279" executionId="e51bb764-e055-4e28-a412-e324b926a44c" testListId="8c84fa94-04c1-424b-9868-57a2d4851a1d" />
    <TestEntry testId="f7d337ed-ddc8-7f26-91e2-3cbcbb395cac" executionId="346b24e0-9da8-4e40-8d7b-6ef9c6f89256" testListId="8c84fa94-04c1-424b-9868-57a2d4851a1d" />
    <TestEntry testId="c5cf9e72-79c2-bc41-7ad0-236970370f46" executionId="32174693-82f4-42e9-8e04-c8e4b0ea0f28" testListId="8c84fa94-04c1-424b-9868-57a2d4851a1d" />
    <TestEntry testId="9d24470e-2cc4-d192-47b4-0a043b9905e6" executionId="dabd4069-d0aa-4bd9-b4a0-d7bbbf27b5a0" testListId="8c84fa94-04c1-424b-9868-57a2d4851a1d" />
    <TestEntry testId="80882ead-bf5a-a1c8-680a-63d76cc6e1b8" executionId="e22152dc-437e-4883-8d4a-ea79f89fb6e1" testListId="8c84fa94-04c1-424b-9868-57a2d4851a1d" />
    <TestEntry testId="2722cabe-f484-db79-67f3-214ee4d57762" executionId="cc5a9abd-cbec-44ea-9f9f-bf5c3e352521" testListId="8c84fa94-04c1-424b-9868-57a2d4851a1d" />
    <TestEntry testId="47120980-48a7-8456-f03b-81c588857d72" executionId="a629ca0b-d781-4298-aacb-febdec137781" testListId="8c84fa94-04c1-424b-9868-57a2d4851a1d" />
    <TestEntry testId="6ea50534-a85b-4cc4-ae75-ca13ed656859" executionId="91fa1587-c75f-484d-ae3a-f6d4b454e6c9" testListId="8c84fa94-04c1-424b-9868-57a2d4851a1d" />
    <TestEntry testId="3eeee4fc-58f0-6aab-1711-50e00a745a94" executionId="2efb4824-7023-4b5d-87b8-4d01d8bd948a" testListId="8c84fa94-04c1-424b-9868-57a2d4851a1d" />
    <TestEntry testId="c33e4b36-720b-43fb-a834-927b3c40e329" executionId="dc2296ab-c820-491a-9b5c-f6047d006d8c" testListId="8c84fa94-04c1-424b-9868-57a2d4851a1d" />
    <TestEntry testId="e60701dd-fdb6-9a88-8add-d8437c0946fd" executionId="b91694d5-e5c8-4302-98ae-ded7dfb5e185" testListId="8c84fa94-04c1-424b-9868-57a2d4851a1d" />
    <TestEntry testId="cc4a777c-6bdf-b1b6-d72b-a88ba31bae1e" executionId="6579e0f9-d2bb-4f3c-8f4f-1c6a4a8ea8c1" testListId="8c84fa94-04c1-424b-9868-57a2d4851a1d" />
    <TestEntry testId="15c47b62-c838-e176-2043-0357e9697beb" executionId="46771cd2-096c-42e6-b4ad-cebc3a96ea4d" testListId="8c84fa94-04c1-424b-9868-57a2d4851a1d" />
    <TestEntry testId="69ba1b79-4bb3-3aa9-7d3e-186c4014b62c" executionId="b867ef6c-7cdb-40ea-9cae-5922fe27789b" testListId="8c84fa94-04c1-424b-9868-57a2d4851a1d" />
    <TestEntry testId="709d4377-8d03-258b-2660-4ace3fd90f6d" executionId="43534706-674a-4dbd-bf0d-b8946c7350fd" testListId="8c84fa94-04c1-424b-9868-57a2d4851a1d" />
    <TestEntry testId="d7b7a382-5a04-48ec-9fa7-a428a831f054" executionId="5b6faeab-61f2-488c-8ae8-6d9b89b0ff14" testListId="8c84fa94-04c1-424b-9868-57a2d4851a1d" />
  </TestEntries>
  <TestLists>
    <TestList name="Results Not in a List" id="8c84fa94-04c1-424b-9868-57a2d4851a1d" />
    <TestList name="All Loaded Results" id="19431567-8539-422a-85d7-44ee4e166bda" />
  </TestLists>
  <ResultSummary outcome="Completed">
    <Counters total="58" executed="58" passed="58" failed="0" error="0" timeout="0" aborted="0" inconclusive="0" passedButRunAborted="0" notRunnable="0" notExecuted="0" disconnected="0" warning="0" completed="0" inProgress="0" pending="0" />
    <Output>
      <StdOut>[xUnit.net 00:00:00.00] xUnit.net VSTest Adapter v3.1.5+1b188a7b0a (64-bit .NET 10.0.11)
[xUnit.net 00:00:00.10]   Discovering: Runic.Desktop.Tests
[xUnit.net 00:00:00.13]   Discovered:  Runic.Desktop.Tests
[xUnit.net 00:00:00.15]   Starting:    Runic.Desktop.Tests
[xUnit.net 00:00:13.38]   Finished:    Runic.Desktop.Tests
</StdOut>
    </Output>
  </ResultSummary>
</TestRun>