<?xml version="1.0" encoding="utf-8"?>
<TestRun id="c2da6195-a76f-459e-87fe-caf644651066" name="runneradmin@runnervm0js1w 2026-09-02 10:46:18" runUser="runnervm0js1w\runneradmin" xmlns="http://microsoft.com/schemas/VisualStudio/TeamTest/2010">
  <Times creation="2026-09-02T10:46:18.3508670+00:00" queuing="2026-09-02T10:46:18.3508671+00:00" start="2026-09-02T10:46:15.7593281+00:00" finish="2026-09-02T10:46:30.0280773+00:00" />
  <TestSettings name="default" id="34ad34fe-8f0e-447b-8598-4ae8a67a069a">
    <Deployment runDeploymentRoot="runneradmin_runnervm0js1w_2026-09-02_10_46_18" />
  </TestSettings>
  <Results>
    <UnitTestResult executionId="a229a9b2-fe6f-4416-9e13-867e06d97aba" testId="cc4a777c-6bdf-b1b6-d72b-a88ba31bae1e" testName="Runic.Desktop.Tests.ContentAndLifecycleTests.RejectsTraversalAndSymlinksOutsideRoot" computerName="runnervm0js1w" duration="00:00:00.0009492" startTime="2026-09-02T10:46:29.9571954+00:00" endTime="2026-09-02T10:46:29.9580781+00:00" testType="13cdc9d9-ddb5-4fa4-a97d-d965ccfc6d4b" outcome="Passed" testListId="8c84fa94-04c1-424b-9868-57a2d4851a1d" relativeResultsDirectory="a229a9b2-fe6f-4416-9e13-867e06d97aba" />
    <UnitTestResult executionId="032b3077-12d2-422c-a7c7-53780344e4ef" testId="73a6f8ba-118d-2d59-97c8-45eb909a0e6d" testName="Runic.Desktop.Tests.ContentAndLifecycleTests.UsesExplicitPortAndRetainsSettingsAcrossRestart" computerName="runnervm0js1w" duration="00:00:00.0071186" startTime="2026-09-02T10:46:27.8172647+00:00" endTime="2026-09-02T10:46:27.8244858+00:00" testType="13cdc9d9-ddb5-4fa4-a97d-d965ccfc6d4b" outcome="Passed" testListId="8c84fa94-04c1-424b-9868-57a2d4851a1d" relativeResultsDirectory="032b3077-12d2-422c-a7c7-53780344e4ef" />
    <UnitTestResult executionId="1ff768c4-1db0-466f-a5d5-4b51b9e3d355" testId="e3c7bb57-a70c-b773-c119-c46183096b3d" testName="Runic.Desktop.Tests.DesktopApiTests.PublicApiContainsNoWebUiCompatibilityIdentity" computerName="runnervm0js1w" duration="00:00:00.0009399" startTime="2026-09-02T10:46:27.4897059+00:00" endTime="2026-09-02T10:46:27.4902109+00:00" testType="13cdc9d9-ddb5-4fa4-a97d-d965ccfc6d4b" outcome="Passed" testListId="8c84fa94-04c1-424b-9868-57a2d4851a1d" relativeResultsDirectory="1ff768c4-1db0-466f-a5d5-4b51b9e3d355" />
    <UnitTestResult executionId="db1ad4ae-79bb-458c-9e38-c5e1f2ac2081" testId="cfc4c5a2-09ea-8ef7-24c1-3cdbfb4bab37" testName="Runic.Desktop.Tests.BrowserHostTests.CreatesButDoesNotOwnAnExplicitProfileFolder" computerName="runnervm0js1w" duration="00:00:00.0408491" startTime="2026-09-02T10:46:16.4413181+00:00" endTime="2026-09-02T10:46:16.4775730+00:00" testType="13cdc9d9-ddb5-4fa4-a97d-d965ccfc6d4b" outcome="Passed" testListId="8c84fa94-04c1-424b-9868-57a2d4851a1d" relativeResultsDirectory="db1ad4ae-79bb-458c-9e38-c5e1f2ac2081" />
    <UnitTestResult executionId="aeb713aa-bd8a-4c46-9bb2-bf2db60fd455" testId="c5cf9e72-79c2-bc41-7ad0-236970370f46" testName="Runic.Desktop.Tests.ContentAndLifecycleTests.StreamingVirtualContentHonorsHeadCancellationAndDisposal" computerName="runnervm0js1w" duration="00:00:02.0031591" startTime="2026-09-02T10:46:27.9004955+00:00" endTime="2026-09-02T10:46:29.9038059+00:00" testType="13cdc9d9-ddb5-4fa4-a97d-d965ccfc6d4b" outcome="Passed" testListId="8c84fa94-04c1-424b-9868-57a2d4851a1d" relativeResultsDirectory="aeb713aa-bd8a-4c46-9bb2-bf2db60fd455" />
    <UnitTestResult executionId="e4da41f0-7394-4ebe-81ac-66527eb857da" testId="fc077d82-9cdc-ef5c-ee27-ae7334c5fb98" testName="Runic.Desktop.Tests.ManagedWindowTests.DispatchesConnectionClickNavigationAndDisconnectionEvents" computerName="runnervm0js1w" duration="00:00:00.0468757" startTime="2026-09-02T10:46:27.5080716+00:00" endTime="2026-09-02T10:46:27.5551795+00:00" testType="13cdc9d9-ddb5-4fa4-a97d-d965ccfc6d4b" outcome="Passed" testListId="8c84fa94-04c1-424b-9868-57a2d4851a1d" relativeResultsDirectory="e4da41f0-7394-4ebe-81ac-66527eb857da" />
    <UnitTestResult executionId="f219312c-56ce-4a48-b0a0-741d6abd6c75" testId="3eeee4fc-58f0-6aab-1711-50e00a745a94" testName="Runic.Desktop.Tests.BrowserBridgeTests.UpstreamStyleCallbackAndJavaScriptRoundTripRunsInChromium" computerName="runnervm0js1w" duration="00:00:00.0027765" startTime="2026-09-02T10:46:27.7232029+00:00" endTime="2026-09-02T10:46:27.7259111+00:00" testType="13cdc9d9-ddb5-4fa4-a97d-d965ccfc6d4b" outcome="Passed" testListId="8c84fa94-04c1-424b-9868-57a2d4851a1d" relativeResultsDirectory="f219312c-56ce-4a48-b0a0-741d6abd6c75" />
    <UnitTestResult executionId="14ab4e33-d988-455c-a28b-c586fab4d371" testId="b2e0017f-c9ce-c14b-e9da-f53c03715eec" testName="Runic.Desktop.Tests.DesktopApiTests.ClosingSurfaceReportsCauseAndReleasesPublicStream" computerName="runnervm0js1w" duration="00:00:00.0203046" startTime="2026-09-02T10:46:27.3305330+00:00" endTime="2026-09-02T10:46:27.3509897+00:00" testType="13cdc9d9-ddb5-4fa4-a97d-d965ccfc6d4b" outcome="Passed" testListId="8c84fa94-04c1-424b-9868-57a2d4851a1d" relativeResultsDirectory="14ab4e33-d988-455c-a28b-c586fab4d371" />
    <UnitTestResult executionId="5b595a2c-b2e0-44c8-89b4-01dd67320230" testId="e60701dd-fdb6-9a88-8add-d8437c0946fd" testName="Runic.Desktop.Tests.ManagedWindowTests.CorrelatesJavaScriptResultsAndReportsErrors" computerName="runnervm0js1w" duration="00:00:00.0767115" startTime="2026-09-02T10:46:27.6354444+00:00" endTime="2026-09-02T10:46:27.7124184+00:00" testType="13cdc9d9-ddb5-4fa4-a97d-d965ccfc6d4b" outcome="Passed" testListId="8c84fa94-04c1-424b-9868-57a2d4851a1d" relativeResultsDirectory="5b595a2c-b2e0-44c8-89b4-01dd67320230" />
    <UnitTestResult executionId="ee6bb01c-1c09-438e-aa06-032a334ae71d" testId="59b1d0b9-129a-d51a-20f5-7c9247801cdc" testName="Runic.Desktop.Tests.ManagedWindowTests.ReassemblesWebUiMultiPackets" computerName="runnervm0js1w" duration="00:00:00.0075614" startTime="2026-09-02T10:46:27.6167822+00:00" endTime="2026-09-02T10:46:27.6244464+00:00" testType="13cdc9d9-ddb5-4fa4-a97d-d965ccfc6d4b" outcome="Passed" testListId="8c84fa94-04c1-424b-9868-57a2d4851a1d" relativeResultsDirectory="ee6bb01c-1c09-438e-aa06-032a334ae71d" />
    <UnitTestResult executionId="16b0b72a-7fe9-4eca-b94b-1d9e3ce577f5" testId="42cb6dca-8767-b555-5ffa-652435100998" testName="Runic.Desktop.Tests.BrowserHostTests.OwnsChromiumProcessProfileRestartAndNaturalExit" computerName="runnervm0js1w" duration="00:00:08.6447898" startTime="2026-09-02T10:46:16.4777258+00:00" endTime="2026-09-02T10:46:25.1251998+00:00" testType="13cdc9d9-ddb5-4fa4-a97d-d965ccfc6d4b" outcome="Passed" testListId="8c84fa94-04c1-424b-9868-57a2d4851a1d" relativeResultsDirectory="16b0b72a-7fe9-4eca-b94b-1d9e3ce577f5" />
    <UnitTestResult executionId="dc17345c-c825-4296-9133-c8164084bde5" testId="9d24470e-2cc4-d192-47b4-0a043b9905e6" testName="Runic.Desktop.Tests.ContentAndLifecycleTests.ExplicitFileRedirectsWithoutFolderIndexFallback" computerName="runnervm0js1w" duration="00:00:00.0142957" startTime="2026-09-02T10:46:29.9178015+00:00" endTime="2026-09-02T10:46:29.9323160+00:00" testType="13cdc9d9-ddb5-4fa4-a97d-d965ccfc6d4b" outcome="Passed" testListId="8c84fa94-04c1-424b-9868-57a2d4851a1d" relativeResultsDirectory="dc17345c-c825-4296-9133-c8164084bde5" />
    <UnitTestResult executionId="1ef76f89-088a-4310-b23a-9c8c8e4bd197" testId="40155b00-f4d2-a16e-45ba-304dd19677d3" testName="Runic.Desktop.Tests.ManagedWindowTests.CloseCompletesWithAnAuthenticatedBridgeConnection" computerName="runnervm0js1w" duration="00:00:00.0047321" startTime="2026-09-02T10:46:27.6303903+00:00" endTime="2026-09-02T10:46:27.6353114+00:00" testType="13cdc9d9-ddb5-4fa4-a97d-d965ccfc6d4b" outcome="Passed" testListId="8c84fa94-04c1-424b-9868-57a2d4851a1d" relativeResultsDirectory="1ef76f89-088a-4310-b23a-9c8c8e4bd197" />
    <UnitTestResult executionId="4c4da3d0-0301-434c-a483-dc171438e62b" testId="9fb696c2-8b6d-22f0-4f9c-8fc3569ef94f" testName="Runic.Desktop.Tests.DesktopApiTests.HostSharesListenerAndCreatesARequestScopePerRequest" computerName="runnervm0js1w" duration="00:00:00.0137371" startTime="2026-09-02T10:46:27.4529220+00:00" endTime="2026-09-02T10:46:27.4668705+00:00" testType="13cdc9d9-ddb5-4fa4-a97d-d965ccfc6d4b" outcome="Passed" testListId="8c84fa94-04c1-424b-9868-57a2d4851a1d" relativeResultsDirectory="4c4da3d0-0301-434c-a483-dc171438e62b" />
    <UnitTestResult executionId="cceb12fa-df4f-4aac-8149-263ef4599ae5" testId="59c8a4de-f801-49dc-2c01-22004881a27e" testName="Runic.Desktop.Tests.ContentAndLifecycleTests.DefaultRootIsCopiedByNewWindowsAndRootsRemainWindowOwned" computerName="runnervm0js1w" duration="00:00:00.0085915" startTime="2026-09-02T10:46:27.8286944+00:00" endTime="2026-09-02T10:46:27.8375150+00:00" testType="13cdc9d9-ddb5-4fa4-a97d-d965ccfc6d4b" outcome="Passed" testListId="8c84fa94-04c1-424b-9868-57a2d4851a1d" relativeResultsDirectory="cceb12fa-df4f-4aac-8149-263ef4599ae5" />
    <UnitTestResult executionId="57e0b465-c313-4e39-afde-e26ff8284729" testId="6b591cb1-f1c9-bcd8-2db0-845bc1909923" testName="Runic.Desktop.Tests.ContentAndLifecycleTests.SingleClientRejectsConcurrentSocketAndMultiClientOwnsStableClientIds" computerName="runnervm0js1w" duration="00:00:00.0125821" startTime="2026-09-02T10:46:27.8778896+00:00" endTime="2026-09-02T10:46:27.8903512+00:00" testType="13cdc9d9-ddb5-4fa4-a97d-d965ccfc6d4b" outcome="Passed" testListId="8c84fa94-04c1-424b-9868-57a2d4851a1d" relativeResultsDirectory="57e0b465-c313-4e39-afde-e26ff8284729" />
    <UnitTestResult executionId="7c4a1b6a-621d-4058-bb3c-944cce1f4ea3" testId="8b328ee1-e275-fcd4-9396-dab8934ebafc" testName="Runic.Desktop.Tests.ContentAndLifecycleTests.BridgeSessionsRemainOwnedByTheirWindow" computerName="runnervm0js1w" duration="00:00:00.0147271" startTime="2026-09-02T10:46:27.8624499+00:00" endTime="2026-09-02T10:46:27.8773520+00:00" testType="13cdc9d9-ddb5-4fa4-a97d-d965ccfc6d4b" outcome="Passed" testListId="8c84fa94-04c1-424b-9868-57a2d4851a1d" relativeResultsDirectory="7c4a1b6a-621d-4058-bb3c-944cce1f4ea3" />
    <UnitTestResult executionId="c0da6f5e-0ebc-463d-bd88-5c0fb9aac732" testId="ce6c1686-c584-1ab0-33ec-241fb846e18c" testName="Runic.Desktop.Tests.ManagedWindowTests.AnnouncesBindingsAddedAfterAuthentication" computerName="runnervm0js1w" duration="00:00:00.0054783" startTime="2026-09-02T10:46:27.6245924+00:00" endTime="2026-09-02T10:46:27.6302489+00:00" testType="13cdc9d9-ddb5-4fa4-a97d-d965ccfc6d4b" outcome="Passed" testListId="8c84fa94-04c1-424b-9868-57a2d4851a1d" relativeResultsDirectory="c0da6f5e-0ebc-463d-bd88-5c0fb9aac732" />
    <UnitTestResult executionId="5dd8981f-13bb-4051-ad39-49e417d48a0d" testId="1aba962a-ef9e-2eaf-2ed5-0d3525098d00" testName="Runic.Desktop.Tests.DesktopApiTests.LocalContentDeniesMediaCaptureByDefault" computerName="runnervm0js1w" duration="00:00:00.0053112" startTime="2026-09-02T10:46:27.4460739+00:00" endTime="2026-09-02T10:46:27.4516275+00:00" testType="13cdc9d9-ddb5-4fa4-a97d-d965ccfc6d4b" outcome="Passed" testListId="8c84fa94-04c1-424b-9868-57a2d4851a1d" relativeResultsDirectory="5dd8981f-13bb-4051-ad39-49e417d48a0d" />
    <UnitTestResult executionId="58c0e322-a0e8-429a-876d-d61b4c4a1d0f" testId="7218f8d9-1149-d866-00e8-d8adf0f1aa7b" testName="Runic.Desktop.Tests.BrowserHostTests.ParsesQuotedCustomParametersWithoutUsingAShell" computerName="runnervm0js1w" duration="00:00:00.0014381" startTime="2026-09-02T10:46:25.1279307+00:00" endTime="2026-09-02T10:46:25.1281061+00:00" testType="13cdc9d9-ddb5-4fa4-a97d-d965ccfc6d4b" outcome="Passed" testListId="8c84fa94-04c1-424b-9868-57a2d4851a1d" relativeResultsDirectory="58c0e322-a0e8-429a-876d-d61b4c4a1d0f" />
    <UnitTestResult executionId="17aac1d6-e9cf-46ad-8859-96b97a5facca" testId="faa5ad64-e057-0b14-8269-be7189385afd" testName="Runic.Desktop.Tests.DesktopApiTests.StructuredPayloadRejectsDuplicateKeysWithStableRedactedError" computerName="runnervm0js1w" duration="00:00:00.0010675" startTime="2026-09-02T10:46:27.4517658+00:00" endTime="2026-09-02T10:46:27.4527715+00:00" testType="13cdc9d9-ddb5-4fa4-a97d-d965ccfc6d4b" outcome="Passed" testListId="8c84fa94-04c1-424b-9868-57a2d4851a1d" relativeResultsDirectory="17aac1d6-e9cf-46ad-8859-96b97a5facca" />
    <UnitTestResult executionId="7100f259-3f26-43fd-8c59-f0986b7cc313" testId="061b1bd8-6193-b540-6f5d-edf69ffad5cf" testName="Runic.Desktop.Tests.DesktopApiTests.EmbeddedPresentationReceivesExplicitPermissionPolicy" computerName="runnervm0js1w" duration="00:00:00.0112155" startTime="2026-09-02T10:46:27.4904015+00:00" endTime="2026-09-02T10:46:27.5018330+00:00" testType="13cdc9d9-ddb5-4fa4-a97d-d965ccfc6d4b" outcome="Passed" testListId="8c84fa94-04c1-424b-9868-57a2d4851a1d" relativeResultsDirectory="7100f259-3f26-43fd-8c59-f0986b7cc313" />
    <UnitTestResult executionId="c4bdce07-4fae-40e8-a27d-3384bac762a3" testId="c33e4b36-720b-43fb-a834-927b3c40e329" testName="Runic.Desktop.Tests.ContentAndLifecycleTests.RunningWindowUsesRootFolderChangesImmediately" computerName="runnervm0js1w" duration="00:00:00.0077538" startTime="2026-09-02T10:46:27.8542330+00:00" endTime="2026-09-02T10:46:27.8622315+00:00" testType="13cdc9d9-ddb5-4fa4-a97d-d965ccfc6d4b" outcome="Passed" testListId="8c84fa94-04c1-424b-9868-57a2d4851a1d" relativeResultsDirectory="c4bdce07-4fae-40e8-a27d-3384bac762a3" />
    <UnitTestResult executionId="9bf23c6f-882f-47ae-bf4b-43ba0680d78f" testId="e5f27a6d-d40e-e619-bc50-029b2491862a" testName="Runic.Desktop.Tests.ContentAndLifecycleTests.StreamingVirtualContentCancelsAndDisposesWhenWindowCloses" computerName="runnervm0js1w" duration="00:00:00.0058976" startTime="2026-09-02T10:46:27.8376983+00:00" endTime="2026-09-02T10:46:27.8438458+00:00" testType="13cdc9d9-ddb5-4fa4-a97d-d965ccfc6d4b" outcome="Passed" testListId="8c84fa94-04c1-424b-9868-57a2d4851a1d" relativeResultsDirectory="9bf23c6f-882f-47ae-bf4b-43ba0680d78f" />
    <UnitTestResult executionId="44d96f04-b2d8-4e72-a76f-8455beb69d4e" testId="5d3640bb-4373-2ac5-219f-5be2d06be85b" testName="Runic.Desktop.Tests.DesktopApiTests.PreflightReportsTheRequestedPolicyAndConcreteCapabilityLimit" computerName="runnervm0js1w" duration="00:00:00.0202245" startTime="2026-09-02T10:46:27.4241233+00:00" endTime="2026-09-02T10:46:27.4433840+00:00" testType="13cdc9d9-ddb5-4fa4-a97d-d965ccfc6d4b" outcome="Passed" testListId="8c84fa94-04c1-424b-9868-57a2d4851a1d" relativeResultsDirectory="44d96f04-b2d8-4e72-a76f-8455beb69d4e" />
    <UnitTestResult executionId="cbff815e-11ce-4295-8c87-4cdc54a40480" testId="eaf7f52e-39ec-e400-0619-249e82132ecd" testName="Runic.Desktop.Tests.ManagedWindowTests.RejectsAnInvalidProtocolToken" computerName="runnervm0js1w" duration="00:00:00.0048749" startTime="2026-09-02T10:46:27.6009289+00:00" endTime="2026-09-02T10:46:27.6059853+00:00" testType="13cdc9d9-ddb5-4fa4-a97d-d965ccfc6d4b" outcome="Passed" testListId="8c84fa94-04c1-424b-9868-57a2d4851a1d" relativeResultsDirectory="cbff815e-11ce-4295-8c87-4cdc54a40480" />
    <UnitTestResult executionId="a971f221-6c94-42a7-85ba-ec21391b0562" testId="ac985bb8-3f4b-01b1-ef4b-6cb58b0116ff" testName="Runic.Desktop.Tests.EmbeddedHostTests.CustomHostReceivesWindowOptionsAndParticipatesInLifecycle" computerName="runnervm0js1w" duration="00:00:00.0154028" startTime="2026-09-02T10:46:27.7260590+00:00" endTime="2026-09-02T10:46:27.7414800+00:00" testType="13cdc9d9-ddb5-4fa4-a97d-d965ccfc6d4b" outcome="Passed" testListId="8c84fa94-04c1-424b-9868-57a2d4851a1d" relativeResultsDirectory="a971f221-6c94-42a7-85ba-ec21391b0562" />
    <UnitTestResult executionId="7b35d95b-197f-48bb-8085-258b3e86faa9" testId="15c47b62-c838-e176-2043-0357e9697beb" testName="Runic.Desktop.Tests.DesktopApiTests.ContentRequestExposesAnImmutableCaseInsensitiveHeaderSnapshot" computerName="runnervm0js1w" duration="00:00:00.0055173" startTime="2026-09-02T10:46:27.3535757+00:00" endTime="2026-09-02T10:46:27.3593163+00:00" testType="13cdc9d9-ddb5-4fa4-a97d-d965ccfc6d4b" outcome="Passed" testListId="8c84fa94-04c1-424b-9868-57a2d4851a1d" relativeResultsDirectory="7b35d95b-197f-48bb-8085-258b3e86faa9" />
    <UnitTestResult executionId="092c131f-6584-4f33-8223-91237d642693" testId="bf22712c-733a-e359-d143-a566e9b67661" testName="Runic.Desktop.Tests.ContentAndLifecycleTests.ExternalUrlUsesLocalRefreshPageInServerOnlyMode" computerName="runnervm0js1w" duration="00:00:00.0037298" startTime="2026-09-02T10:46:27.8246995+00:00" endTime="2026-09-02T10:46:27.8285518+00:00" testType="13cdc9d9-ddb5-4fa4-a97d-d965ccfc6d4b" outcome="Passed" testListId="8c84fa94-04c1-424b-9868-57a2d4851a1d" relativeResultsDirectory="092c131f-6584-4f33-8223-91237d642693" />
    <UnitTestResult executionId="dba1b817-a2a1-45b8-9387-407951937853" testId="463459bb-3857-1bf9-992f-6af8bd1a0cc0" testName="Runic.Desktop.Tests.BrowserHostTests.BuildsWebUiCompatibleChromiumAndFirefoxArguments" computerName="runnervm0js1w" duration="00:00:00.0043079" startTime="2026-09-02T10:46:16.4407034+00:00" endTime="2026-09-02T10:46:16.4407739+00:00" testType="13cdc9d9-ddb5-4fa4-a97d-d965ccfc6d4b" outcome="Passed" testListId="8c84fa94-04c1-424b-9868-57a2d4851a1d" relativeResultsDirectory="dba1b817-a2a1-45b8-9387-407951937853" />
    <UnitTestResult executionId="f6f919f0-57d3-41f6-84a2-943c3eb57b6e" testId="645936de-3caf-dd2d-ee49-8175c9bad3b7" testName="Runic.Desktop.Tests.ContentAndLifecycleTests.ApplicationWaitTracksAllRunningWindowsAndExitClosesThem" computerName="runnervm0js1w" duration="00:00:00.0094371" startTime="2026-09-02T10:46:27.8906007+00:00" endTime="2026-09-02T10:46:27.9002379+00:00" testType="13cdc9d9-ddb5-4fa4-a97d-d965ccfc6d4b" outcome="Passed" testListId="8c84fa94-04c1-424b-9868-57a2d4851a1d" relativeResultsDirectory="f6f919f0-57d3-41f6-84a2-943c3eb57b6e" />
    <UnitTestResult executionId="89d9f345-6adb-4ffe-b6f4-3f2b29753f97" testId="352e6995-5f3e-d4cd-103f-a258d6d9db73" testName="Runic.Desktop.Tests.ContentAndLifecycleTests.ServerOnlyShowReloadsContentWithoutChangingTheListener" computerName="runnervm0js1w" duration="00:00:00.0038511" startTime="2026-09-02T10:46:27.8439874+00:00" endTime="2026-09-02T10:46:27.8480615+00:00" testType="13cdc9d9-ddb5-4fa4-a97d-d965ccfc6d4b" outcome="Passed" testListId="8c84fa94-04c1-424b-9868-57a2d4851a1d" relativeResultsDirectory="89d9f345-6adb-4ffe-b6f4-3f2b29753f97" />
    <UnitTestResult executionId="769bbd79-70df-4cf5-9fc6-50e04b45dcd5" testId="873562f8-993a-b22a-3a10-879493c93627" testName="Runic.Desktop.Tests.ContentAndLifecycleTests.SafePolicyRequiresSameOriginSurfaceScopedCredential" computerName="runnervm0js1w" duration="00:00:00.0133445" startTime="2026-09-02T10:46:29.9040806+00:00" endTime="2026-09-02T10:46:29.9176017+00:00" testType="13cdc9d9-ddb5-4fa4-a97d-d965ccfc6d4b" outcome="Passed" testListId="8c84fa94-04c1-424b-9868-57a2d4851a1d" relativeResultsDirectory="769bbd79-70df-4cf5-9fc6-50e04b45dcd5" />
    <UnitTestResult executionId="ab8b6e55-f4be-4127-90fd-900e4e637b7f" testId="841c5a29-6640-dcf7-e5bc-735ffe9c53e2" testName="Runic.Desktop.Tests.ManagedWindowTests.SendsQuickJavaScriptRawDataAndNavigationPackets" computerName="runnervm0js1w" duration="00:00:00.0101404" startTime="2026-09-02T10:46:27.6064862+00:00" endTime="2026-09-02T10:46:27.6165063+00:00" testType="13cdc9d9-ddb5-4fa4-a97d-d965ccfc6d4b" outcome="Passed" testListId="8c84fa94-04c1-424b-9868-57a2d4851a1d" relativeResultsDirectory="ab8b6e55-f4be-4127-90fd-900e4e637b7f" />
    <UnitTestResult executionId="0a488623-048d-4f60-bce0-d1a51ed762e3" testId="a966f8b1-ba0a-125c-269e-fc3da2253677" testName="Runic.Desktop.Tests.DesktopApiTests.PublicStreamingResponseDoesNotOpenForHead" computerName="runnervm0js1w" duration="00:00:00.0073314" startTime="2026-09-02T10:46:27.4815901+00:00" endTime="2026-09-02T10:46:27.4891851+00:00" testType="13cdc9d9-ddb5-4fa4-a97d-d965ccfc6d4b" outcome="Passed" testListId="8c84fa94-04c1-424b-9868-57a2d4851a1d" relativeResultsDirectory="0a488623-048d-4f60-bce0-d1a51ed762e3" />
    <UnitTestResult executionId="29875f81-b6b3-46e8-8553-3495d0326eb2" testId="2722cabe-f484-db79-67f3-214ee4d57762" testName="Runic.Desktop.Tests.ManagedWindowTests.UsesWebUiHandshakeAndCallFraming" computerName="runnervm0js1w" duration="00:00:00.0100404" startTime="2026-09-02T10:46:27.5668394+00:00" endTime="2026-09-02T10:46:27.5770668+00:00" testType="13cdc9d9-ddb5-4fa4-a97d-d965ccfc6d4b" outcome="Passed" testListId="8c84fa94-04c1-424b-9868-57a2d4851a1d" relativeResultsDirectory="29875f81-b6b3-46e8-8553-3495d0326eb2" />
    <UnitTestResult executionId="112075f1-d11b-404a-992f-880f75986541" testId="e76b3175-0518-346d-bd86-db9da3e14279" testName="Runic.Desktop.Tests.BrowserBridgeTests.TypeScriptEffectPackageRoundTripsThroughPublicDesktopApiInChromium" computerName="runnervm0js1w" duration="00:00:00.0034200" startTime="2026-09-02T10:46:27.7196515+00:00" endTime="2026-09-02T10:46:27.7230717+00:00" testType="13cdc9d9-ddb5-4fa4-a97d-d965ccfc6d4b" outcome="Passed" testListId="8c84fa94-04c1-424b-9868-57a2d4851a1d" relativeResultsDirectory="112075f1-d11b-404a-992f-880f75986541" />
    <UnitTestResult executionId="82faf5fb-b20a-4ec0-9e87-b20a784b91a0" testId="8d6fba1e-1ad3-7679-61dd-3c8fc03136b5" testName="Runic.Desktop.Tests.ManagedWindowTests.CallbackCanSynchronouslyExecuteJavaScriptWithoutDeadlock" computerName="runnervm0js1w" duration="00:00:00.0110911" startTime="2026-09-02T10:46:27.5553704+00:00" endTime="2026-09-02T10:46:27.5666849+00:00" testType="13cdc9d9-ddb5-4fa4-a97d-d965ccfc6d4b" outcome="Passed" testListId="8c84fa94-04c1-424b-9868-57a2d4851a1d" relativeResultsDirectory="82faf5fb-b20a-4ec0-9e87-b20a784b91a0" />
    <UnitTestResult executionId="307c5673-0340-418f-8d30-35cd637f86de" testId="42622707-7344-db63-6873-9b83b4a6756f" testName="Runic.Desktop.Tests.ContentAndLifecycleTests.ServesFoldersIndexesFilesMimeHeadAndNoCache" computerName="runnervm0js1w" duration="00:00:00.0749785" startTime="2026-09-02T10:46:27.7422042+00:00" endTime="2026-09-02T10:46:27.8169899+00:00" testType="13cdc9d9-ddb5-4fa4-a97d-d965ccfc6d4b" outcome="Passed" testListId="8c84fa94-04c1-424b-9868-57a2d4851a1d" relativeResultsDirectory="307c5673-0340-418f-8d30-35cd637f86de" />
    <UnitTestResult executionId="e5033afa-9993-4aec-8882-6ce35faf5496" testId="69ba1b79-4bb3-3aa9-7d3e-186c4014b62c" testName="Runic.Desktop.Tests.ManagedWindowTests.CanRestartAfterClose" computerName="runnervm0js1w" duration="00:00:00.0065227" startTime="2026-09-02T10:46:27.7126921+00:00" endTime="2026-09-02T10:46:27.7192883+00:00" testType="13cdc9d9-ddb5-4fa4-a97d-d965ccfc6d4b" outcome="Passed" testListId="8c84fa94-04c1-424b-9868-57a2d4851a1d" relativeResultsDirectory="e5033afa-9993-4aec-8882-6ce35faf5496" />
    <UnitTestResult executionId="1c40b719-8640-45ef-83af-f18973a8f73e" testId="5d193ded-7733-ac1e-648e-be04b51d822c" testName="Runic.Desktop.Tests.DesktopApiTests.PublicSurfaceServesRunicDesktopBootstrapIdentity" computerName="runnervm0js1w" duration="00:00:00.0085568" startTime="2026-09-02T10:46:27.3215141+00:00" endTime="2026-09-02T10:46:27.3302680+00:00" testType="13cdc9d9-ddb5-4fa4-a97d-d965ccfc6d4b" outcome="Passed" testListId="8c84fa94-04c1-424b-9868-57a2d4851a1d" relativeResultsDirectory="1c40b719-8640-45ef-83af-f18973a8f73e" />
    <UnitTestResult executionId="dd2cc1a3-f322-4671-9583-da27ef449362" testId="b800fae3-a831-9e12-5b61-57cd5502156e" testName="Runic.Desktop.Tests.DesktopApiTests.PreflightRejectsUnknownPresentationPolicies" computerName="runnervm0js1w" duration="00:00:00.0006339" startTime="2026-09-02T10:46:27.4809132+00:00" endTime="2026-09-02T10:46:27.4814806+00:00" testType="13cdc9d9-ddb5-4fa4-a97d-d965ccfc6d4b" outcome="Passed" testListId="8c84fa94-04c1-424b-9868-57a2d4851a1d" relativeResultsDirectory="dd2cc1a3-f322-4671-9583-da27ef449362" />
    <UnitTestResult executionId="9c6ac1c0-9524-42be-b2a8-0688482f078a" testId="80882ead-bf5a-a1c8-680a-63d76cc6e1b8" testName="Runic.Desktop.Tests.DesktopApiTests.CapabilityFailuresProduceOnlyStableRedactedDiagnostics" computerName="runnervm0js1w" duration="00:00:00.0688607" startTime="2026-09-02T10:46:27.2519912+00:00" endTime="2026-09-02T10:46:27.3212768+00:00" testType="13cdc9d9-ddb5-4fa4-a97d-d965ccfc6d4b" outcome="Passed" testListId="8c84fa94-04c1-424b-9868-57a2d4851a1d" relativeResultsDirectory="9c6ac1c0-9524-42be-b2a8-0688482f078a" />
    <UnitTestResult executionId="913f8f93-69f6-484c-999a-5a43fe8ad5d4" testId="98b02137-da92-2d75-eb9a-23fa79214ced" testName="Runic.Desktop.Tests.DesktopApiTests.AvailabilityReportsConcretePresentationsAndActionableFailures" computerName="runnervm0js1w" duration="00:00:00.0025125" startTime="2026-09-02T10:46:27.4435401+00:00" endTime="2026-09-02T10:46:27.4459478+00:00" testType="13cdc9d9-ddb5-4fa4-a97d-d965ccfc6d4b" outcome="Passed" testListId="8c84fa94-04c1-424b-9868-57a2d4851a1d" relativeResultsDirectory="913f8f93-69f6-484c-999a-5a43fe8ad5d4" />
    <UnitTestResult executionId="81c664df-88ae-4aad-8908-f55750d425bf" testId="a863de21-5355-0698-6efd-58a60e71d970" testName="Runic.Desktop.Tests.DesktopApiTests.EmbeddedPresentationDeniesSensitivePermissionsByDefault" computerName="runnervm0js1w" duration="00:00:00.0203944" startTime="2026-09-02T10:46:27.4025790+00:00" endTime="2026-09-02T10:46:27.4230674+00:00" testType="13cdc9d9-ddb5-4fa4-a97d-d965ccfc6d4b" outcome="Passed" testListId="8c84fa94-04c1-424b-9868-57a2d4851a1d" relativeResultsDirectory="81c664df-88ae-4aad-8908-f55750d425bf" />
    <UnitTestResult executionId="b7148e8d-048b-4db1-ad78-5a22822da5d4" testId="0c3c32ba-0cf8-85be-b48a-330743b05bda" testName="Runic.Desktop.Tests.ManagedWindowTests.ServesEmbeddedContentAndWebUiCompatibleBridge" computerName="runnervm0js1w" duration="00:00:00.0054549" startTime="2026-09-02T10:46:27.5020997+00:00" endTime="2026-09-02T10:46:27.5078768+00:00" testType="13cdc9d9-ddb5-4fa4-a97d-d965ccfc6d4b" outcome="Passed" testListId="8c84fa94-04c1-424b-9868-57a2d4851a1d" relativeResultsDirectory="b7148e8d-048b-4db1-ad78-5a22822da5d4" />
    <UnitTestResult executionId="9617d532-ac5e-4907-b9fa-b624140ec686" testId="709d4377-8d03-258b-2660-4ace3fd90f6d" testName="Runic.Desktop.Tests.DesktopApiTests.ExplicitEmbeddedThenBrowserFallbackIsObservable" computerName="runnervm0js1w" duration="00:00:00.0010313" startTime="2026-09-02T10:46:27.4798715+00:00" endTime="2026-09-02T10:46:27.4807887+00:00" testType="13cdc9d9-ddb5-4fa4-a97d-d965ccfc6d4b" outcome="Passed" testListId="8c84fa94-04c1-424b-9868-57a2d4851a1d" relativeResultsDirectory="9617d532-ac5e-4907-b9fa-b624140ec686" />
    <UnitTestResult executionId="97b852d6-c1db-40d3-bb78-d43e3b9e350b" testId="8c00a42e-977a-f5e9-4c96-8ff35787842b" testName="Runic.Desktop.Tests.ContentAndLifecycleTests.VirtualContentHasFallbackAndCannotOverrideBridge" computerName="runnervm0js1w" duration="00:00:00.0083250" startTime="2026-09-02T10:46:29.9581554+00:00" endTime="2026-09-02T10:46:29.9667362+00:00" testType="13cdc9d9-ddb5-4fa4-a97d-d965ccfc6d4b" outcome="Passed" testListId="8c84fa94-04c1-424b-9868-57a2d4851a1d" relativeResultsDirectory="97b852d6-c1db-40d3-bb78-d43e3b9e350b" />
    <UnitTestResult executionId="d1e5753d-196b-4a3f-93e4-d014788c88c0" testId="153a09ee-0807-0121-b156-d0931455c8a9" testName="Runic.Desktop.Tests.BrowserHostTests.CanDisposeOwnedBrowserFromItsBindingCallback" computerName="runnervm0js1w" duration="00:00:02.1161385" startTime="2026-09-02T10:46:25.1282974+00:00" endTime="2026-09-02T10:46:27.2447330+00:00" testType="13cdc9d9-ddb5-4fa4-a97d-d965ccfc6d4b" outcome="Passed" testListId="8c84fa94-04c1-424b-9868-57a2d4851a1d" relativeResultsDirectory="d1e5753d-196b-4a3f-93e4-d014788c88c0" />
    <UnitTestResult executionId="11f827e0-3f48-4ba8-862b-a94d9e1a58dc" testId="b7afc2cd-d1f8-bbc9-fa3e-808ac4b28703" testName="Runic.Desktop.Tests.DesktopApiTests.UnavailablePresentationFailsEarlyWithCorrelatedRemediation" computerName="runnervm0js1w" duration="00:00:00.0425339" startTime="2026-09-02T10:46:27.3594694+00:00" endTime="2026-09-02T10:46:27.4022967+00:00" testType="13cdc9d9-ddb5-4fa4-a97d-d965ccfc6d4b" outcome="Passed" testListId="8c84fa94-04c1-424b-9868-57a2d4851a1d" relativeResultsDirectory="11f827e0-3f48-4ba8-862b-a94d9e1a58dc" />
    <UnitTestResult executionId="00516d3e-7ebc-4730-a98e-6ec607889044" testId="2a647045-2d44-6a96-8329-0813be00d41e" testName="Runic.Desktop.Tests.BrowserHostTests.DiscoversBrowsersFromTheConfiguredFolder" computerName="runnervm0js1w" duration="00:00:00.0047360" startTime="2026-09-02T10:46:27.2449893+00:00" endTime="2026-09-02T10:46:27.2495781+00:00" testType="13cdc9d9-ddb5-4fa4-a97d-d965ccfc6d4b" outcome="Passed" testListId="8c84fa94-04c1-424b-9868-57a2d4851a1d" relativeResultsDirectory="00516d3e-7ebc-4730-a98e-6ec607889044" />
    <UnitTestResult executionId="fdce3b65-e521-4275-82a9-354d58ebc934" testId="6ea50534-a85b-4cc4-ae75-ca13ed656859" testName="Runic.Desktop.Tests.ManagedWindowTests.AcceptsAReconnectedBridgeAndRaisesNewConnectionEvents" computerName="runnervm0js1w" duration="00:00:00.0160960" startTime="2026-09-02T10:46:27.5772838+00:00" endTime="2026-09-02T10:46:27.5935003+00:00" testType="13cdc9d9-ddb5-4fa4-a97d-d965ccfc6d4b" outcome="Passed" testListId="8c84fa94-04c1-424b-9868-57a2d4851a1d" relativeResultsDirectory="fdce3b65-e521-4275-82a9-354d58ebc934" />
    <UnitTestResult executionId="a709bb47-07ff-4025-b969-febdc17ae9b9" testId="27529644-d9ce-e605-e8e4-25294522bb36" testName="Runic.Desktop.Tests.ContentAndLifecycleTests.SharedHostIsolatesSurfacesAndClosingOnePreservesTheOther" computerName="runnervm0js1w" duration="00:00:00.0056493" startTime="2026-09-02T10:46:27.8482042+00:00" endTime="2026-09-02T10:46:27.8540801+00:00" testType="13cdc9d9-ddb5-4fa4-a97d-d965ccfc6d4b" outcome="Passed" testListId="8c84fa94-04c1-424b-9868-57a2d4851a1d" relativeResultsDirectory="a709bb47-07ff-4025-b969-febdc17ae9b9" />
    <UnitTestResult executionId="00e6cbe7-32fa-4959-a063-c206fdf90b58" testId="d7b7a382-5a04-48ec-9fa7-a428a831f054" testName="Runic.Desktop.Tests.DesktopApiTests.PublicNetworkExposureRequiresAnExplicitSecurityPolicy" computerName="runnervm0js1w" duration="00:00:00.0023509" startTime="2026-09-02T10:46:27.3511830+00:00" endTime="2026-09-02T10:46:27.3534253+00:00" testType="13cdc9d9-ddb5-4fa4-a97d-d965ccfc6d4b" outcome="Passed" testListId="8c84fa94-04c1-424b-9868-57a2d4851a1d" relativeResultsDirectory="00e6cbe7-32fa-4959-a063-c206fdf90b58" />
    <UnitTestResult executionId="e156b394-3bf5-43c8-b537-0b5330f5299f" testId="98566b48-c4e6-8047-f8e9-0d21cb83c0a5" testName="Runic.Desktop.Tests.ConformanceReceiptTests.DotNetReceiptPassesEveryPortableFixtureExactlyOnce" computerName="runnervm0js1w" duration="00:00:00.0263332" startTime="2026-09-02T10:46:16.3963394+00:00" endTime="2026-09-02T10:46:16.4285584+00:00" testType="13cdc9d9-ddb5-4fa4-a97d-d965ccfc6d4b" outcome="Passed" testListId="8c84fa94-04c1-424b-9868-57a2d4851a1d" relativeResultsDirectory="e156b394-3bf5-43c8-b537-0b5330f5299f" />
    <UnitTestResult executionId="9d0bd5c4-cc35-4f6c-a39b-03a4ff6f2728" testId="47120980-48a7-8456-f03b-81c588857d72" testName="Runic.Desktop.Tests.DesktopApiTests.OpeningAndClosingWindowPreservesSurfaceContentAndLifetime" computerName="runnervm0js1w" duration="00:00:00.0123816" startTime="2026-09-02T10:46:27.4671293+00:00" endTime="2026-09-02T10:46:27.4796816+00:00" testType="13cdc9d9-ddb5-4fa4-a97d-d965ccfc6d4b" outcome="Passed" testListId="8c84fa94-04c1-424b-9868-57a2d4851a1d" relativeResultsDirectory="9d0bd5c4-cc35-4f6c-a39b-03a4ff6f2728" />
    <UnitTestResult executionId="e9ccaf60-7556-4869-86a6-edd0adae2f52" testId="f7d337ed-ddc8-7f26-91e2-3cbcbb395cac" testName="Runic.Desktop.Tests.ContentAndLifecycleTests.ConcurrentServerWindowChurnLeavesNoApplicationLifetimeBehind" computerName="runnervm0js1w" duration="00:00:00.0242926" startTime="2026-09-02T10:46:29.9324930+00:00" endTime="2026-09-02T10:46:29.9570380+00:00" testType="13cdc9d9-ddb5-4fa4-a97d-d965ccfc6d4b" outcome="Passed" testListId="8c84fa94-04c1-424b-9868-57a2d4851a1d" relativeResultsDirectory="e9ccaf60-7556-4869-86a6-edd0adae2f52" />
    <UnitTestResult executionId="89ab25b2-73f4-471f-8042-fa8d7c02633a" testId="5db4cf0b-2032-780b-27b7-5d0054bd1e74" testName="Runic.Desktop.Tests.ManagedWindowTests.EncodesTypedResultsAsWebUiResponseStrings" computerName="runnervm0js1w" duration="00:00:00.0068721" startTime="2026-09-02T10:46:27.5936529+00:00" endTime="2026-09-02T10:46:27.6007853+00:00" testType="13cdc9d9-ddb5-4fa4-a97d-d965ccfc6d4b" outcome="Passed" testListId="8c84fa94-04c1-424b-9868-57a2d4851a1d" relativeResultsDirectory="89ab25b2-73f4-471f-8042-fa8d7c02633a" />
  </Results>
  <TestDefinitions>
    <UnitTest name="Runic.Desktop.Tests.ContentAndLifecycleTests.StreamingVirtualContentCancelsAndDisposesWhenWindowCloses" storage="d:\a\runic-desktop\runic-desktop\tests\runic.desktop.tests\bin\release\net10.0\runic.desktop.tests.dll" id="e5f27a6d-d40e-e619-bc50-029b2491862a">
      <Execution id="9bf23c6f-882f-47ae-bf4b-43ba0680d78f" />
      <TestMethod codeBase="D:\a\runic-desktop\runic-desktop\tests\Runic.Desktop.Tests\bin\Release\net10.0\Runic.Desktop.Tests.dll" adapterTypeName="executor://xunit/VsTestRunner3/netcore/" className="Runic.Desktop.Tests.ContentAndLifecycleTests" name="StreamingVirtualContentCancelsAndDisposesWhenWindowCloses" />
    </UnitTest>
    <UnitTest name="Runic.Desktop.Tests.ContentAndLifecycleTests.ServesFoldersIndexesFilesMimeHeadAndNoCache" storage="d:\a\runic-desktop\runic-desktop\tests\runic.desktop.tests\bin\release\net10.0\runic.desktop.tests.dll" id="42622707-7344-db63-6873-9b83b4a6756f">
      <Execution id="307c5673-0340-418f-8d30-35cd637f86de" />
      <TestMethod codeBase="D:\a\runic-desktop\runic-desktop\tests\Runic.Desktop.Tests\bin\Release\net10.0\Runic.Desktop.Tests.dll" adapterTypeName="executor://xunit/VsTestRunner3/netcore/" className="Runic.Desktop.Tests.ContentAndLifecycleTests" name="ServesFoldersIndexesFilesMimeHeadAndNoCache" />
    </UnitTest>
    <UnitTest name="Runic.Desktop.Tests.DesktopApiTests.PublicStreamingResponseDoesNotOpenForHead" storage="d:\a\runic-desktop\runic-desktop\tests\runic.desktop.tests\bin\release\net10.0\runic.desktop.tests.dll" id="a966f8b1-ba0a-125c-269e-fc3da2253677">
      <Execution id="0a488623-048d-4f60-bce0-d1a51ed762e3" />
      <TestMethod codeBase="D:\a\runic-desktop\runic-desktop\tests\Runic.Desktop.Tests\bin\Release\net10.0\Runic.Desktop.Tests.dll" adapterTypeName="executor://xunit/VsTestRunner3/netcore/" className="Runic.Desktop.Tests.DesktopApiTests" name="PublicStreamingResponseDoesNotOpenForHead" />
    </UnitTest>
    <UnitTest name="Runic.Desktop.Tests.ContentAndLifecycleTests.DefaultRootIsCopiedByNewWindowsAndRootsRemainWindowOwned" storage="d:\a\runic-desktop\runic-desktop\tests\runic.desktop.tests\bin\release\net10.0\runic.desktop.tests.dll" id="59c8a4de-f801-49dc-2c01-22004881a27e">
      <Execution id="cceb12fa-df4f-4aac-8149-263ef4599ae5" />
      <TestMethod codeBase="D:\a\runic-desktop\runic-desktop\tests\Runic.Desktop.Tests\bin\Release\net10.0\Runic.Desktop.Tests.dll" adapterTypeName="executor://xunit/VsTestRunner3/netcore/" className="Runic.Desktop.Tests.ContentAndLifecycleTests" name="DefaultRootIsCopiedByNewWindowsAndRootsRemainWindowOwned" />
    </UnitTest>
    <UnitTest name="Runic.Desktop.Tests.ManagedWindowTests.SendsQuickJavaScriptRawDataAndNavigationPackets" storage="d:\a\runic-desktop\runic-desktop\tests\runic.desktop.tests\bin\release\net10.0\runic.desktop.tests.dll" id="841c5a29-6640-dcf7-e5bc-735ffe9c53e2">
      <Execution id="ab8b6e55-f4be-4127-90fd-900e4e637b7f" />
      <TestMethod codeBase="D:\a\runic-desktop\runic-desktop\tests\Runic.Desktop.Tests\bin\Release\net10.0\Runic.Desktop.Tests.dll" adapterTypeName="executor://xunit/VsTestRunner3/netcore/" className="Runic.Desktop.Tests.ManagedWindowTests" name="SendsQuickJavaScriptRawDataAndNavigationPackets" />
    </UnitTest>
    <UnitTest name="Runic.Desktop.Tests.DesktopApiTests.ClosingSurfaceReportsCauseAndReleasesPublicStream" storage="d:\a\runic-desktop\runic-desktop\tests\runic.desktop.tests\bin\release\net10.0\runic.desktop.tests.dll" id="b2e0017f-c9ce-c14b-e9da-f53c03715eec">
      <Execution id="14ab4e33-d988-455c-a28b-c586fab4d371" />
      <TestMethod codeBase="D:\a\runic-desktop\runic-desktop\tests\Runic.Desktop.Tests\bin\Release\net10.0\Runic.Desktop.Tests.dll" adapterTypeName="executor://xunit/VsTestRunner3/netcore/" className="Runic.Desktop.Tests.DesktopApiTests" name="ClosingSurfaceReportsCauseAndReleasesPublicStream" />
    </UnitTest>
    <UnitTest name="Runic.Desktop.Tests.DesktopApiTests.AvailabilityReportsConcretePresentationsAndActionableFailures" storage="d:\a\runic-desktop\runic-desktop\tests\runic.desktop.tests\bin\release\net10.0\runic.desktop.tests.dll" id="98b02137-da92-2d75-eb9a-23fa79214ced">
      <Execution id="913f8f93-69f6-484c-999a-5a43fe8ad5d4" />
      <TestMethod codeBase="D:\a\runic-desktop\runic-desktop\tests\Runic.Desktop.Tests\bin\Release\net10.0\Runic.Desktop.Tests.dll" adapterTypeName="executor://xunit/VsTestRunner3/netcore/" className="Runic.Desktop.Tests.DesktopApiTests" name="AvailabilityReportsConcretePresentationsAndActionableFailures" />
    </UnitTest>
    <UnitTest name="Runic.Desktop.Tests.ManagedWindowTests.UsesWebUiHandshakeAndCallFraming" storage="d:\a\runic-desktop\runic-desktop\tests\runic.desktop.tests\bin\release\net10.0\runic.desktop.tests.dll" id="2722cabe-f484-db79-67f3-214ee4d57762">
      <Execution id="29875f81-b6b3-46e8-8553-3495d0326eb2" />
      <TestMethod codeBase="D:\a\runic-desktop\runic-desktop\tests\Runic.Desktop.Tests\bin\Release\net10.0\Runic.Desktop.Tests.dll" adapterTypeName="executor://xunit/VsTestRunner3/netcore/" className="Runic.Desktop.Tests.ManagedWindowTests" name="UsesWebUiHandshakeAndCallFraming" />
    </UnitTest>
    <UnitTest name="Runic.Desktop.Tests.DesktopApiTests.PreflightRejectsUnknownPresentationPolicies" storage="d:\a\runic-desktop\runic-desktop\tests\runic.desktop.tests\bin\release\net10.0\runic.desktop.tests.dll" id="b800fae3-a831-9e12-5b61-57cd5502156e">
      <Execution id="dd2cc1a3-f322-4671-9583-da27ef449362" />
      <TestMethod codeBase="D:\a\runic-desktop\runic-desktop\tests\Runic.Desktop.Tests\bin\Release\net10.0\Runic.Desktop.Tests.dll" adapterTypeName="executor://xunit/VsTestRunner3/netcore/" className="Runic.Desktop.Tests.DesktopApiTests" name="PreflightRejectsUnknownPresentationPolicies" />
    </UnitTest>
    <UnitTest name="Runic.Desktop.Tests.ContentAndLifecycleTests.VirtualContentHasFallbackAndCannotOverrideBridge" storage="d:\a\runic-desktop\runic-desktop\tests\runic.desktop.tests\bin\release\net10.0\runic.desktop.tests.dll" id="8c00a42e-977a-f5e9-4c96-8ff35787842b">
      <Execution id="97b852d6-c1db-40d3-bb78-d43e3b9e350b" />
      <TestMethod codeBase="D:\a\runic-desktop\runic-desktop\tests\Runic.Desktop.Tests\bin\Release\net10.0\Runic.Desktop.Tests.dll" adapterTypeName="executor://xunit/VsTestRunner3/netcore/" className="Runic.Desktop.Tests.ContentAndLifecycleTests" name="VirtualContentHasFallbackAndCannotOverrideBridge" />
    </UnitTest>
    <UnitTest name="Runic.Desktop.Tests.ContentAndLifecycleTests.StreamingVirtualContentHonorsHeadCancellationAndDisposal" storage="d:\a\runic-desktop\runic-desktop\tests\runic.desktop.tests\bin\release\net10.0\runic.desktop.tests.dll" id="c5cf9e72-79c2-bc41-7ad0-236970370f46">
      <Execution id="aeb713aa-bd8a-4c46-9bb2-bf2db60fd455" />
      <TestMethod codeBase="D:\a\runic-desktop\runic-desktop\tests\Runic.Desktop.Tests\bin\Release\net10.0\Runic.Desktop.Tests.dll" adapterTypeName="executor://xunit/VsTestRunner3/netcore/" className="Runic.Desktop.Tests.ContentAndLifecycleTests" name="StreamingVirtualContentHonorsHeadCancellationAndDisposal" />
    </UnitTest>
    <UnitTest name="Runic.Desktop.Tests.BrowserBridgeTests.UpstreamStyleCallbackAndJavaScriptRoundTripRunsInChromium" storage="d:\a\runic-desktop\runic-desktop\tests\runic.desktop.tests\bin\release\net10.0\runic.desktop.tests.dll" id="3eeee4fc-58f0-6aab-1711-50e00a745a94">
      <Execution id="f219312c-56ce-4a48-b0a0-741d6abd6c75" />
      <TestMethod codeBase="D:\a\runic-desktop\runic-desktop\tests\Runic.Desktop.Tests\bin\Release\net10.0\Runic.Desktop.Tests.dll" adapterTypeName="executor://xunit/VsTestRunner3/netcore/" className="Runic.Desktop.Tests.BrowserBridgeTests" name="UpstreamStyleCallbackAndJavaScriptRoundTripRunsInChromium" />
    </UnitTest>
    <UnitTest name="Runic.Desktop.Tests.EmbeddedHostTests.CustomHostReceivesWindowOptionsAndParticipatesInLifecycle" storage="d:\a\runic-desktop\runic-desktop\tests\runic.desktop.tests\bin\release\net10.0\runic.desktop.tests.dll" id="ac985bb8-3f4b-01b1-ef4b-6cb58b0116ff">
      <Execution id="a971f221-6c94-42a7-85ba-ec21391b0562" />
      <TestMethod codeBase="D:\a\runic-desktop\runic-desktop\tests\Runic.Desktop.Tests\bin\Release\net10.0\Runic.Desktop.Tests.dll" adapterTypeName="executor://xunit/VsTestRunner3/netcore/" className="Runic.Desktop.Tests.EmbeddedHostTests" name="CustomHostReceivesWindowOptionsAndParticipatesInLifecycle" />
    </UnitTest>
    <UnitTest name="Runic.Desktop.Tests.ContentAndLifecycleTests.SingleClientRejectsConcurrentSocketAndMultiClientOwnsStableClientIds" storage="d:\a\runic-desktop\runic-desktop\tests\runic.desktop.tests\bin\release\net10.0\runic.desktop.tests.dll" id="6b591cb1-f1c9-bcd8-2db0-845bc1909923">
      <Execution id="57e0b465-c313-4e39-afde-e26ff8284729" />
      <TestMethod codeBase="D:\a\runic-desktop\runic-desktop\tests\Runic.Desktop.Tests\bin\Release\net10.0\Runic.Desktop.Tests.dll" adapterTypeName="executor://xunit/VsTestRunner3/netcore/" className="Runic.Desktop.Tests.ContentAndLifecycleTests" name="SingleClientRejectsConcurrentSocketAndMultiClientOwnsStableClientIds" />
    </UnitTest>
    <UnitTest name="Runic.Desktop.Tests.ContentAndLifecycleTests.RejectsTraversalAndSymlinksOutsideRoot" storage="d:\a\runic-desktop\runic-desktop\tests\runic.desktop.tests\bin\release\net10.0\runic.desktop.tests.dll" id="cc4a777c-6bdf-b1b6-d72b-a88ba31bae1e">
      <Execution id="a229a9b2-fe6f-4416-9e13-867e06d97aba" />
      <TestMethod codeBase="D:\a\runic-desktop\runic-desktop\tests\Runic.Desktop.Tests\bin\Release\net10.0\Runic.Desktop.Tests.dll" adapterTypeName="executor://xunit/VsTestRunner3/netcore/" className="Runic.Desktop.Tests.ContentAndLifecycleTests" name="RejectsTraversalAndSymlinksOutsideRoot" />
    </UnitTest>
    <UnitTest name="Runic.Desktop.Tests.ManagedWindowTests.DispatchesConnectionClickNavigationAndDisconnectionEvents" storage="d:\a\runic-desktop\runic-desktop\tests\runic.desktop.tests\bin\release\net10.0\runic.desktop.tests.dll" id="fc077d82-9cdc-ef5c-ee27-ae7334c5fb98">
      <Execution id="e4da41f0-7394-4ebe-81ac-66527eb857da" />
      <TestMethod codeBase="D:\a\runic-desktop\runic-desktop\tests\Runic.Desktop.Tests\bin\Release\net10.0\Runic.Desktop.Tests.dll" adapterTypeName="executor://xunit/VsTestRunner3/netcore/" className="Runic.Desktop.Tests.ManagedWindowTests" name="DispatchesConnectionClickNavigationAndDisconnectionEvents" />
    </UnitTest>
    <UnitTest name="Runic.Desktop.Tests.BrowserHostTests.ParsesQuotedCustomParametersWithoutUsingAShell" storage="d:\a\runic-desktop\runic-desktop\tests\runic.desktop.tests\bin\release\net10.0\runic.desktop.tests.dll" id="7218f8d9-1149-d866-00e8-d8adf0f1aa7b">
      <Execution id="58c0e322-a0e8-429a-876d-d61b4c4a1d0f" />
      <TestMethod codeBase="D:\a\runic-desktop\runic-desktop\tests\Runic.Desktop.Tests\bin\Release\net10.0\Runic.Desktop.Tests.dll" adapterTypeName="executor://xunit/VsTestRunner3/netcore/" className="Runic.Desktop.Tests.BrowserHostTests" name="ParsesQuotedCustomParametersWithoutUsingAShell" />
    </UnitTest>
    <UnitTest name="Runic.Desktop.Tests.DesktopApiTests.PublicSurfaceServesRunicDesktopBootstrapIdentity" storage="d:\a\runic-desktop\runic-desktop\tests\runic.desktop.tests\bin\release\net10.0\runic.desktop.tests.dll" id="5d193ded-7733-ac1e-648e-be04b51d822c">
      <Execution id="1c40b719-8640-45ef-83af-f18973a8f73e" />
      <TestMethod codeBase="D:\a\runic-desktop\runic-desktop\tests\Runic.Desktop.Tests\bin\Release\net10.0\Runic.Desktop.Tests.dll" adapterTypeName="executor://xunit/VsTestRunner3/netcore/" className="Runic.Desktop.Tests.DesktopApiTests" name="PublicSurfaceServesRunicDesktopBootstrapIdentity" />
    </UnitTest>
    <UnitTest name="Runic.Desktop.Tests.DesktopApiTests.UnavailablePresentationFailsEarlyWithCorrelatedRemediation" storage="d:\a\runic-desktop\runic-desktop\tests\runic.desktop.tests\bin\release\net10.0\runic.desktop.tests.dll" id="b7afc2cd-d1f8-bbc9-fa3e-808ac4b28703">
      <Execution id="11f827e0-3f48-4ba8-862b-a94d9e1a58dc" />
      <TestMethod codeBase="D:\a\runic-desktop\runic-desktop\tests\Runic.Desktop.Tests\bin\Release\net10.0\Runic.Desktop.Tests.dll" adapterTypeName="executor://xunit/VsTestRunner3/netcore/" className="Runic.Desktop.Tests.DesktopApiTests" name="UnavailablePresentationFailsEarlyWithCorrelatedRemediation" />
    </UnitTest>
    <UnitTest name="Runic.Desktop.Tests.BrowserHostTests.DiscoversBrowsersFromTheConfiguredFolder" storage="d:\a\runic-desktop\runic-desktop\tests\runic.desktop.tests\bin\release\net10.0\runic.desktop.tests.dll" id="2a647045-2d44-6a96-8329-0813be00d41e">
      <Execution id="00516d3e-7ebc-4730-a98e-6ec607889044" />
      <TestMethod codeBase="D:\a\runic-desktop\runic-desktop\tests\Runic.Desktop.Tests\bin\Release\net10.0\Runic.Desktop.Tests.dll" adapterTypeName="executor://xunit/VsTestRunner3/netcore/" className="Runic.Desktop.Tests.BrowserHostTests" name="DiscoversBrowsersFromTheConfiguredFolder" />
    </UnitTest>
    <UnitTest name="Runic.Desktop.Tests.DesktopApiTests.StructuredPayloadRejectsDuplicateKeysWithStableRedactedError" storage="d:\a\runic-desktop\runic-desktop\tests\runic.desktop.tests\bin\release\net10.0\runic.desktop.tests.dll" id="faa5ad64-e057-0b14-8269-be7189385afd">
      <Execution id="17aac1d6-e9cf-46ad-8859-96b97a5facca" />
      <TestMethod codeBase="D:\a\runic-desktop\runic-desktop\tests\Runic.Desktop.Tests\bin\Release\net10.0\Runic.Desktop.Tests.dll" adapterTypeName="executor://xunit/VsTestRunner3/netcore/" className="Runic.Desktop.Tests.DesktopApiTests" name="StructuredPayloadRejectsDuplicateKeysWithStableRedactedError" />
    </UnitTest>
    <UnitTest name="Runic.Desktop.Tests.DesktopApiTests.EmbeddedPresentationDeniesSensitivePermissionsByDefault" storage="d:\a\runic-desktop\runic-desktop\tests\runic.desktop.tests\bin\release\net10.0\runic.desktop.tests.dll" id="a863de21-5355-0698-6efd-58a60e71d970">
      <Execution id="81c664df-88ae-4aad-8908-f55750d425bf" />
      <TestMethod codeBase="D:\a\runic-desktop\runic-desktop\tests\Runic.Desktop.Tests\bin\Release\net10.0\Runic.Desktop.Tests.dll" adapterTypeName="executor://xunit/VsTestRunner3/netcore/" className="Runic.Desktop.Tests.DesktopApiTests" name="EmbeddedPresentationDeniesSensitivePermissionsByDefault" />
    </UnitTest>
    <UnitTest name="Runic.Desktop.Tests.DesktopApiTests.LocalContentDeniesMediaCaptureByDefault" storage="d:\a\runic-desktop\runic-desktop\tests\runic.desktop.tests\bin\release\net10.0\runic.desktop.tests.dll" id="1aba962a-ef9e-2eaf-2ed5-0d3525098d00">
      <Execution id="5dd8981f-13bb-4051-ad39-49e417d48a0d" />
      <TestMethod codeBase="D:\a\runic-desktop\runic-desktop\tests\Runic.Desktop.Tests\bin\Release\net10.0\Runic.Desktop.Tests.dll" adapterTypeName="executor://xunit/VsTestRunner3/netcore/" className="Runic.Desktop.Tests.DesktopApiTests" name="LocalContentDeniesMediaCaptureByDefault" />
    </UnitTest>
    <UnitTest name="Runic.Desktop.Tests.ContentAndLifecycleTests.ApplicationWaitTracksAllRunningWindowsAndExitClosesThem" storage="d:\a\runic-desktop\runic-desktop\tests\runic.desktop.tests\bin\release\net10.0\runic.desktop.tests.dll" id="645936de-3caf-dd2d-ee49-8175c9bad3b7">
      <Execution id="f6f919f0-57d3-41f6-84a2-943c3eb57b6e" />
      <TestMethod codeBase="D:\a\runic-desktop\runic-desktop\tests\Runic.Desktop.Tests\bin\Release\net10.0\Runic.Desktop.Tests.dll" adapterTypeName="executor://xunit/VsTestRunner3/netcore/" className="Runic.Desktop.Tests.ContentAndLifecycleTests" name="ApplicationWaitTracksAllRunningWindowsAndExitClosesThem" />
    </UnitTest>
    <UnitTest name="Runic.Desktop.Tests.DesktopApiTests.PreflightReportsTheRequestedPolicyAndConcreteCapabilityLimit" storage="d:\a\runic-desktop\runic-desktop\tests\runic.desktop.tests\bin\release\net10.0\runic.desktop.tests.dll" id="5d3640bb-4373-2ac5-219f-5be2d06be85b">
      <Execution id="44d96f04-b2d8-4e72-a76f-8455beb69d4e" />
      <TestMethod codeBase="D:\a\runic-desktop\runic-desktop\tests\Runic.Desktop.Tests\bin\Release\net10.0\Runic.Desktop.Tests.dll" adapterTypeName="executor://xunit/VsTestRunner3/netcore/" className="Runic.Desktop.Tests.DesktopApiTests" name="PreflightReportsTheRequestedPolicyAndConcreteCapabilityLimit" />
    </UnitTest>
    <UnitTest name="Runic.Desktop.Tests.DesktopApiTests.ExplicitEmbeddedThenBrowserFallbackIsObservable" storage="d:\a\runic-desktop\runic-desktop\tests\runic.desktop.tests\bin\release\net10.0\runic.desktop.tests.dll" id="709d4377-8d03-258b-2660-4ace3fd90f6d">
      <Execution id="9617d532-ac5e-4907-b9fa-b624140ec686" />
      <TestMethod codeBase="D:\a\runic-desktop\runic-desktop\tests\Runic.Desktop.Tests\bin\Release\net10.0\Runic.Desktop.Tests.dll" adapterTypeName="executor://xunit/VsTestRunner3/netcore/" className="Runic.Desktop.Tests.DesktopApiTests" name="ExplicitEmbeddedThenBrowserFallbackIsObservable" />
    </UnitTest>
    <UnitTest name="Runic.Desktop.Tests.ManagedWindowTests.ServesEmbeddedContentAndWebUiCompatibleBridge" storage="d:\a\runic-desktop\runic-desktop\tests\runic.desktop.tests\bin\release\net10.0\runic.desktop.tests.dll" id="0c3c32ba-0cf8-85be-b48a-330743b05bda">
      <Execution id="b7148e8d-048b-4db1-ad78-5a22822da5d4" />
      <TestMethod codeBase="D:\a\runic-desktop\runic-desktop\tests\Runic.Desktop.Tests\bin\Release\net10.0\Runic.Desktop.Tests.dll" adapterTypeName="executor://xunit/VsTestRunner3/netcore/" className="Runic.Desktop.Tests.ManagedWindowTests" name="ServesEmbeddedContentAndWebUiCompatibleBridge" />
    </UnitTest>
    <UnitTest name="Runic.Desktop.Tests.ManagedWindowTests.RejectsAnInvalidProtocolToken" storage="d:\a\runic-desktop\runic-desktop\tests\runic.desktop.tests\bin\release\net10.0\runic.desktop.tests.dll" id="eaf7f52e-39ec-e400-0619-249e82132ecd">
      <Execution id="cbff815e-11ce-4295-8c87-4cdc54a40480" />
      <TestMethod codeBase="D:\a\runic-desktop\runic-desktop\tests\Runic.Desktop.Tests\bin\Release\net10.0\Runic.Desktop.Tests.dll" adapterTypeName="executor://xunit/VsTestRunner3/netcore/" className="Runic.Desktop.Tests.ManagedWindowTests" name="RejectsAnInvalidProtocolToken" />
    </UnitTest>
    <UnitTest name="Runic.Desktop.Tests.ContentAndLifecycleTests.ExternalUrlUsesLocalRefreshPageInServerOnlyMode" storage="d:\a\runic-desktop\runic-desktop\tests\runic.desktop.tests\bin\release\net10.0\runic.desktop.tests.dll" id="bf22712c-733a-e359-d143-a566e9b67661">
      <Execution id="092c131f-6584-4f33-8223-91237d642693" />
      <TestMethod codeBase="D:\a\runic-desktop\runic-desktop\tests\Runic.Desktop.Tests\bin\Release\net10.0\Runic.Desktop.Tests.dll" adapterTypeName="executor://xunit/VsTestRunner3/netcore/" className="Runic.Desktop.Tests.ContentAndLifecycleTests" name="ExternalUrlUsesLocalRefreshPageInServerOnlyMode" />
    </UnitTest>
    <UnitTest name="Runic.Desktop.Tests.DesktopApiTests.CapabilityFailuresProduceOnlyStableRedactedDiagnostics" storage="d:\a\runic-desktop\runic-desktop\tests\runic.desktop.tests\bin\release\net10.0\runic.desktop.tests.dll" id="80882ead-bf5a-a1c8-680a-63d76cc6e1b8">
      <Execution id="9c6ac1c0-9524-42be-b2a8-0688482f078a" />
      <TestMethod codeBase="D:\a\runic-desktop\runic-desktop\tests\Runic.Desktop.Tests\bin\Release\net10.0\Runic.Desktop.Tests.dll" adapterTypeName="executor://xunit/VsTestRunner3/netcore/" className="Runic.Desktop.Tests.DesktopApiTests" name="CapabilityFailuresProduceOnlyStableRedactedDiagnostics" />
    </UnitTest>
    <UnitTest name="Runic.Desktop.Tests.ManagedWindowTests.CanRestartAfterClose" storage="d:\a\runic-desktop\runic-desktop\tests\runic.desktop.tests\bin\release\net10.0\runic.desktop.tests.dll" id="69ba1b79-4bb3-3aa9-7d3e-186c4014b62c">
      <Execution id="e5033afa-9993-4aec-8882-6ce35faf5496" />
      <TestMethod codeBase="D:\a\runic-desktop\runic-desktop\tests\Runic.Desktop.Tests\bin\Release\net10.0\Runic.Desktop.Tests.dll" adapterTypeName="executor://xunit/VsTestRunner3/netcore/" className="Runic.Desktop.Tests.ManagedWindowTests" name="CanRestartAfterClose" />
    </UnitTest>
    <UnitTest name="Runic.Desktop.Tests.ContentAndLifecycleTests.ConcurrentServerWindowChurnLeavesNoApplicationLifetimeBehind" storage="d:\a\runic-desktop\runic-desktop\tests\runic.desktop.tests\bin\release\net10.0\runic.desktop.tests.dll" id="f7d337ed-ddc8-7f26-91e2-3cbcbb395cac">
      <Execution id="e9ccaf60-7556-4869-86a6-edd0adae2f52" />
      <TestMethod codeBase="D:\a\runic-desktop\runic-desktop\tests\Runic.Desktop.Tests\bin\Release\net10.0\Runic.Desktop.Tests.dll" adapterTypeName="executor://xunit/VsTestRunner3/netcore/" className="Runic.Desktop.Tests.ContentAndLifecycleTests" name="ConcurrentServerWindowChurnLeavesNoApplicationLifetimeBehind" />
    </UnitTest>
    <UnitTest name="Runic.Desktop.Tests.ConformanceReceiptTests.DotNetReceiptPassesEveryPortableFixtureExactlyOnce" storage="d:\a\runic-desktop\runic-desktop\tests\runic.desktop.tests\bin\release\net10.0\runic.desktop.tests.dll" id="98566b48-c4e6-8047-f8e9-0d21cb83c0a5">
      <Execution id="e156b394-3bf5-43c8-b537-0b5330f5299f" />
      <TestMethod codeBase="D:\a\runic-desktop\runic-desktop\tests\Runic.Desktop.Tests\bin\Release\net10.0\Runic.Desktop.Tests.dll" adapterTypeName="executor://xunit/VsTestRunner3/netcore/" className="Runic.Desktop.Tests.ConformanceReceiptTests" name="DotNetReceiptPassesEveryPortableFixtureExactlyOnce" />
    </UnitTest>
    <UnitTest name="Runic.Desktop.Tests.ContentAndLifecycleTests.RunningWindowUsesRootFolderChangesImmediately" storage="d:\a\runic-desktop\runic-desktop\tests\runic.desktop.tests\bin\release\net10.0\runic.desktop.tests.dll" id="c33e4b36-720b-43fb-a834-927b3c40e329">
      <Execution id="c4bdce07-4fae-40e8-a27d-3384bac762a3" />
      <TestMethod codeBase="D:\a\runic-desktop\runic-desktop\tests\Runic.Desktop.Tests\bin\Release\net10.0\Runic.Desktop.Tests.dll" adapterTypeName="executor://xunit/VsTestRunner3/netcore/" className="Runic.Desktop.Tests.ContentAndLifecycleTests" name="RunningWindowUsesRootFolderChangesImmediately" />
    </UnitTest>
    <UnitTest name="Runic.Desktop.Tests.ManagedWindowTests.CallbackCanSynchronouslyExecuteJavaScriptWithoutDeadlock" storage="d:\a\runic-desktop\runic-desktop\tests\runic.desktop.tests\bin\release\net10.0\runic.desktop.tests.dll" id="8d6fba1e-1ad3-7679-61dd-3c8fc03136b5">
      <Execution id="82faf5fb-b20a-4ec0-9e87-b20a784b91a0" />
      <TestMethod codeBase="D:\a\runic-desktop\runic-desktop\tests\Runic.Desktop.Tests\bin\Release\net10.0\Runic.Desktop.Tests.dll" adapterTypeName="executor://xunit/VsTestRunner3/netcore/" className="Runic.Desktop.Tests.ManagedWindowTests" name="CallbackCanSynchronouslyExecuteJavaScriptWithoutDeadlock" />
    </UnitTest>
    <UnitTest name="Runic.Desktop.Tests.ContentAndLifecycleTests.SafePolicyRequiresSameOriginSurfaceScopedCredential" storage="d:\a\runic-desktop\runic-desktop\tests\runic.desktop.tests\bin\release\net10.0\runic.desktop.tests.dll" id="873562f8-993a-b22a-3a10-879493c93627">
      <Execution id="769bbd79-70df-4cf5-9fc6-50e04b45dcd5" />
      <TestMethod codeBase="D:\a\runic-desktop\runic-desktop\tests\Runic.Desktop.Tests\bin\Release\net10.0\Runic.Desktop.Tests.dll" adapterTypeName="executor://xunit/VsTestRunner3/netcore/" className="Runic.Desktop.Tests.ContentAndLifecycleTests" name="SafePolicyRequiresSameOriginSurfaceScopedCredential" />
    </UnitTest>
    <UnitTest name="Runic.Desktop.Tests.DesktopApiTests.EmbeddedPresentationReceivesExplicitPermissionPolicy" storage="d:\a\runic-desktop\runic-desktop\tests\runic.desktop.tests\bin\release\net10.0\runic.desktop.tests.dll" id="061b1bd8-6193-b540-6f5d-edf69ffad5cf">
      <Execution id="7100f259-3f26-43fd-8c59-f0986b7cc313" />
      <TestMethod codeBase="D:\a\runic-desktop\runic-desktop\tests\Runic.Desktop.Tests\bin\Release\net10.0\Runic.Desktop.Tests.dll" adapterTypeName="executor://xunit/VsTestRunner3/netcore/" className="Runic.Desktop.Tests.DesktopApiTests" name="EmbeddedPresentationReceivesExplicitPermissionPolicy" />
    </UnitTest>
    <UnitTest name="Runic.Desktop.Tests.DesktopApiTests.ContentRequestExposesAnImmutableCaseInsensitiveHeaderSnapshot" storage="d:\a\runic-desktop\runic-desktop\tests\runic.desktop.tests\bin\release\net10.0\runic.desktop.tests.dll" id="15c47b62-c838-e176-2043-0357e9697beb">
      <Execution id="7b35d95b-197f-48bb-8085-258b3e86faa9" />
      <TestMethod codeBase="D:\a\runic-desktop\runic-desktop\tests\Runic.Desktop.Tests\bin\Release\net10.0\Runic.Desktop.Tests.dll" adapterTypeName="executor://xunit/VsTestRunner3/netcore/" className="Runic.Desktop.Tests.DesktopApiTests" name="ContentRequestExposesAnImmutableCaseInsensitiveHeaderSnapshot" />
    </UnitTest>
    <UnitTest name="Runic.Desktop.Tests.BrowserHostTests.OwnsChromiumProcessProfileRestartAndNaturalExit" storage="d:\a\runic-desktop\runic-desktop\tests\runic.desktop.tests\bin\release\net10.0\runic.desktop.tests.dll" id="42cb6dca-8767-b555-5ffa-652435100998">
      <Execution id="16b0b72a-7fe9-4eca-b94b-1d9e3ce577f5" />
      <TestMethod codeBase="D:\a\runic-desktop\runic-desktop\tests\Runic.Desktop.Tests\bin\Release\net10.0\Runic.Desktop.Tests.dll" adapterTypeName="executor://xunit/VsTestRunner3/netcore/" className="Runic.Desktop.Tests.BrowserHostTests" name="OwnsChromiumProcessProfileRestartAndNaturalExit" />
    </UnitTest>
    <UnitTest name="Runic.Desktop.Tests.ManagedWindowTests.CorrelatesJavaScriptResultsAndReportsErrors" storage="d:\a\runic-desktop\runic-desktop\tests\runic.desktop.tests\bin\release\net10.0\runic.desktop.tests.dll" id="e60701dd-fdb6-9a88-8add-d8437c0946fd">
      <Execution id="5b595a2c-b2e0-44c8-89b4-01dd67320230" />
      <TestMethod codeBase="D:\a\runic-desktop\runic-desktop\tests\Runic.Desktop.Tests\bin\Release\net10.0\Runic.Desktop.Tests.dll" adapterTypeName="executor://xunit/VsTestRunner3/netcore/" className="Runic.Desktop.Tests.ManagedWindowTests" name="CorrelatesJavaScriptResultsAndReportsErrors" />
    </UnitTest>
    <UnitTest name="Runic.Desktop.Tests.BrowserBridgeTests.TypeScriptEffectPackageRoundTripsThroughPublicDesktopApiInChromium" storage="d:\a\runic-desktop\runic-desktop\tests\runic.desktop.tests\bin\release\net10.0\runic.desktop.tests.dll" id="e76b3175-0518-346d-bd86-db9da3e14279">
      <Execution id="112075f1-d11b-404a-992f-880f75986541" />
      <TestMethod codeBase="D:\a\runic-desktop\runic-desktop\tests\Runic.Desktop.Tests\bin\Release\net10.0\Runic.Desktop.Tests.dll" adapterTypeName="executor://xunit/VsTestRunner3/netcore/" className="Runic.Desktop.Tests.BrowserBridgeTests" name="TypeScriptEffectPackageRoundTripsThroughPublicDesktopApiInChromium" />
    </UnitTest>
    <UnitTest name="Runic.Desktop.Tests.DesktopApiTests.HostSharesListenerAndCreatesARequestScopePerRequest" storage="d:\a\runic-desktop\runic-desktop\tests\runic.desktop.tests\bin\release\net10.0\runic.desktop.tests.dll" id="9fb696c2-8b6d-22f0-4f9c-8fc3569ef94f">
      <Execution id="4c4da3d0-0301-434c-a483-dc171438e62b" />
      <TestMethod codeBase="D:\a\runic-desktop\runic-desktop\tests\Runic.Desktop.Tests\bin\Release\net10.0\Runic.Desktop.Tests.dll" adapterTypeName="executor://xunit/VsTestRunner3/netcore/" className="Runic.Desktop.Tests.DesktopApiTests" name="HostSharesListenerAndCreatesARequestScopePerRequest" />
    </UnitTest>
    <UnitTest name="Runic.Desktop.Tests.ContentAndLifecycleTests.ExplicitFileRedirectsWithoutFolderIndexFallback" storage="d:\a\runic-desktop\runic-desktop\tests\runic.desktop.tests\bin\release\net10.0\runic.desktop.tests.dll" id="9d24470e-2cc4-d192-47b4-0a043b9905e6">
      <Execution id="dc17345c-c825-4296-9133-c8164084bde5" />
      <TestMethod codeBase="D:\a\runic-desktop\runic-desktop\tests\Runic.Desktop.Tests\bin\Release\net10.0\Runic.Desktop.Tests.dll" adapterTypeName="executor://xunit/VsTestRunner3/netcore/" className="Runic.Desktop.Tests.ContentAndLifecycleTests" name="ExplicitFileRedirectsWithoutFolderIndexFallback" />
    </UnitTest>
    <UnitTest name="Runic.Desktop.Tests.ContentAndLifecycleTests.SharedHostIsolatesSurfacesAndClosingOnePreservesTheOther" storage="d:\a\runic-desktop\runic-desktop\tests\runic.desktop.tests\bin\release\net10.0\runic.desktop.tests.dll" id="27529644-d9ce-e605-e8e4-25294522bb36">
      <Execution id="a709bb47-07ff-4025-b969-febdc17ae9b9" />
      <TestMethod codeBase="D:\a\runic-desktop\runic-desktop\tests\Runic.Desktop.Tests\bin\Release\net10.0\Runic.Desktop.Tests.dll" adapterTypeName="executor://xunit/VsTestRunner3/netcore/" className="Runic.Desktop.Tests.ContentAndLifecycleTests" name="SharedHostIsolatesSurfacesAndClosingOnePreservesTheOther" />
    </UnitTest>
    <UnitTest name="Runic.Desktop.Tests.BrowserHostTests.CanDisposeOwnedBrowserFromItsBindingCallback" storage="d:\a\runic-desktop\runic-desktop\tests\runic.desktop.tests\bin\release\net10.0\runic.desktop.tests.dll" id="153a09ee-0807-0121-b156-d0931455c8a9">
      <Execution id="d1e5753d-196b-4a3f-93e4-d014788c88c0" />
      <TestMethod codeBase="D:\a\runic-desktop\runic-desktop\tests\Runic.Desktop.Tests\bin\Release\net10.0\Runic.Desktop.Tests.dll" adapterTypeName="executor://xunit/VsTestRunner3/netcore/" className="Runic.Desktop.Tests.BrowserHostTests" name="CanDisposeOwnedBrowserFromItsBindingCallback" />
    </UnitTest>
    <UnitTest name="Runic.Desktop.Tests.ManagedWindowTests.AnnouncesBindingsAddedAfterAuthentication" storage="d:\a\runic-desktop\runic-desktop\tests\runic.desktop.tests\bin\release\net10.0\runic.desktop.tests.dll" id="ce6c1686-c584-1ab0-33ec-241fb846e18c">
      <Execution id="c0da6f5e-0ebc-463d-bd88-5c0fb9aac732" />
      <TestMethod codeBase="D:\a\runic-desktop\runic-desktop\tests\Runic.Desktop.Tests\bin\Release\net10.0\Runic.Desktop.Tests.dll" adapterTypeName="executor://xunit/VsTestRunner3/netcore/" className="Runic.Desktop.Tests.ManagedWindowTests" name="AnnouncesBindingsAddedAfterAuthentication" />
    </UnitTest>
    <UnitTest name="Runic.Desktop.Tests.ManagedWindowTests.EncodesTypedResultsAsWebUiResponseStrings" storage="d:\a\runic-desktop\runic-desktop\tests\runic.desktop.tests\bin\release\net10.0\runic.desktop.tests.dll" id="5db4cf0b-2032-780b-27b7-5d0054bd1e74">
      <Execution id="89ab25b2-73f4-471f-8042-fa8d7c02633a" />
      <TestMethod codeBase="D:\a\runic-desktop\runic-desktop\tests\Runic.Desktop.Tests\bin\Release\net10.0\Runic.Desktop.Tests.dll" adapterTypeName="executor://xunit/VsTestRunner3/netcore/" className="Runic.Desktop.Tests.ManagedWindowTests" name="EncodesTypedResultsAsWebUiResponseStrings" />
    </UnitTest>
    <UnitTest name="Runic.Desktop.Tests.BrowserHostTests.CreatesButDoesNotOwnAnExplicitProfileFolder" storage="d:\a\runic-desktop\runic-desktop\tests\runic.desktop.tests\bin\release\net10.0\runic.desktop.tests.dll" id="cfc4c5a2-09ea-8ef7-24c1-3cdbfb4bab37">
      <Execution id="db1ad4ae-79bb-458c-9e38-c5e1f2ac2081" />
      <TestMethod codeBase="D:\a\runic-desktop\runic-desktop\tests\Runic.Desktop.Tests\bin\Release\net10.0\Runic.Desktop.Tests.dll" adapterTypeName="executor://xunit/VsTestRunner3/netcore/" className="Runic.Desktop.Tests.BrowserHostTests" name="CreatesButDoesNotOwnAnExplicitProfileFolder" />
    </UnitTest>
    <UnitTest name="Runic.Desktop.Tests.ContentAndLifecycleTests.UsesExplicitPortAndRetainsSettingsAcrossRestart" storage="d:\a\runic-desktop\runic-desktop\tests\runic.desktop.tests\bin\release\net10.0\runic.desktop.tests.dll" id="73a6f8ba-118d-2d59-97c8-45eb909a0e6d">
      <Execution id="032b3077-12d2-422c-a7c7-53780344e4ef" />
      <TestMethod codeBase="D:\a\runic-desktop\runic-desktop\tests\Runic.Desktop.Tests\bin\Release\net10.0\Runic.Desktop.Tests.dll" adapterTypeName="executor://xunit/VsTestRunner3/netcore/" className="Runic.Desktop.Tests.ContentAndLifecycleTests" name="UsesExplicitPortAndRetainsSettingsAcrossRestart" />
    </UnitTest>
    <UnitTest name="Runic.Desktop.Tests.ManagedWindowTests.ReassemblesWebUiMultiPackets" storage="d:\a\runic-desktop\runic-desktop\tests\runic.desktop.tests\bin\release\net10.0\runic.desktop.tests.dll" id="59b1d0b9-129a-d51a-20f5-7c9247801cdc">
      <Execution id="ee6bb01c-1c09-438e-aa06-032a334ae71d" />
      <TestMethod codeBase="D:\a\runic-desktop\runic-desktop\tests\Runic.Desktop.Tests\bin\Release\net10.0\Runic.Desktop.Tests.dll" adapterTypeName="executor://xunit/VsTestRunner3/netcore/" className="Runic.Desktop.Tests.ManagedWindowTests" name="ReassemblesWebUiMultiPackets" />
    </UnitTest>
    <UnitTest name="Runic.Desktop.Tests.DesktopApiTests.PublicNetworkExposureRequiresAnExplicitSecurityPolicy" storage="d:\a\runic-desktop\runic-desktop\tests\runic.desktop.tests\bin\release\net10.0\runic.desktop.tests.dll" id="d7b7a382-5a04-48ec-9fa7-a428a831f054">
      <Execution id="00e6cbe7-32fa-4959-a063-c206fdf90b58" />
      <TestMethod codeBase="D:\a\runic-desktop\runic-desktop\tests\Runic.Desktop.Tests\bin\Release\net10.0\Runic.Desktop.Tests.dll" adapterTypeName="executor://xunit/VsTestRunner3/netcore/" className="Runic.Desktop.Tests.DesktopApiTests" name="PublicNetworkExposureRequiresAnExplicitSecurityPolicy" />
    </UnitTest>
    <UnitTest name="Runic.Desktop.Tests.DesktopApiTests.PublicApiContainsNoWebUiCompatibilityIdentity" storage="d:\a\runic-desktop\runic-desktop\tests\runic.desktop.tests\bin\release\net10.0\runic.desktop.tests.dll" id="e3c7bb57-a70c-b773-c119-c46183096b3d">
      <Execution id="1ff768c4-1db0-466f-a5d5-4b51b9e3d355" />
      <TestMethod codeBase="D:\a\runic-desktop\runic-desktop\tests\Runic.Desktop.Tests\bin\Release\net10.0\Runic.Desktop.Tests.dll" adapterTypeName="executor://xunit/VsTestRunner3/netcore/" className="Runic.Desktop.Tests.DesktopApiTests" name="PublicApiContainsNoWebUiCompatibilityIdentity" />
    </UnitTest>
    <UnitTest name="Runic.Desktop.Tests.ManagedWindowTests.CloseCompletesWithAnAuthenticatedBridgeConnection" storage="d:\a\runic-desktop\runic-desktop\tests\runic.desktop.tests\bin\release\net10.0\runic.desktop.tests.dll" id="40155b00-f4d2-a16e-45ba-304dd19677d3">
      <Execution id="1ef76f89-088a-4310-b23a-9c8c8e4bd197" />
      <TestMethod codeBase="D:\a\runic-desktop\runic-desktop\tests\Runic.Desktop.Tests\bin\Release\net10.0\Runic.Desktop.Tests.dll" adapterTypeName="executor://xunit/VsTestRunner3/netcore/" className="Runic.Desktop.Tests.ManagedWindowTests" name="CloseCompletesWithAnAuthenticatedBridgeConnection" />
    </UnitTest>
    <UnitTest name="Runic.Desktop.Tests.ContentAndLifecycleTests.BridgeSessionsRemainOwnedByTheirWindow" storage="d:\a\runic-desktop\runic-desktop\tests\runic.desktop.tests\bin\release\net10.0\runic.desktop.tests.dll" id="8b328ee1-e275-fcd4-9396-dab8934ebafc">
      <Execution id="7c4a1b6a-621d-4058-bb3c-944cce1f4ea3" />
      <TestMethod codeBase="D:\a\runic-desktop\runic-desktop\tests\Runic.Desktop.Tests\bin\Release\net10.0\Runic.Desktop.Tests.dll" adapterTypeName="executor://xunit/VsTestRunner3/netcore/" className="Runic.Desktop.Tests.ContentAndLifecycleTests" name="BridgeSessionsRemainOwnedByTheirWindow" />
    </UnitTest>
    <UnitTest name="Runic.Desktop.Tests.BrowserHostTests.BuildsWebUiCompatibleChromiumAndFirefoxArguments" storage="d:\a\runic-desktop\runic-desktop\tests\runic.desktop.tests\bin\release\net10.0\runic.desktop.tests.dll" id="463459bb-3857-1bf9-992f-6af8bd1a0cc0">
      <Execution id="dba1b817-a2a1-45b8-9387-407951937853" />
      <TestMethod codeBase="D:\a\runic-desktop\runic-desktop\tests\Runic.Desktop.Tests\bin\Release\net10.0\Runic.Desktop.Tests.dll" adapterTypeName="executor://xunit/VsTestRunner3/netcore/" className="Runic.Desktop.Tests.BrowserHostTests" name="BuildsWebUiCompatibleChromiumAndFirefoxArguments" />
    </UnitTest>
    <UnitTest name="Runic.Desktop.Tests.ManagedWindowTests.AcceptsAReconnectedBridgeAndRaisesNewConnectionEvents" storage="d:\a\runic-desktop\runic-desktop\tests\runic.desktop.tests\bin\release\net10.0\runic.desktop.tests.dll" id="6ea50534-a85b-4cc4-ae75-ca13ed656859">
      <Execution id="fdce3b65-e521-4275-82a9-354d58ebc934" />
      <TestMethod codeBase="D:\a\runic-desktop\runic-desktop\tests\Runic.Desktop.Tests\bin\Release\net10.0\Runic.Desktop.Tests.dll" adapterTypeName="executor://xunit/VsTestRunner3/netcore/" className="Runic.Desktop.Tests.ManagedWindowTests" name="AcceptsAReconnectedBridgeAndRaisesNewConnectionEvents" />
    </UnitTest>
    <UnitTest name="Runic.Desktop.Tests.DesktopApiTests.OpeningAndClosingWindowPreservesSurfaceContentAndLifetime" storage="d:\a\runic-desktop\runic-desktop\tests\runic.desktop.tests\bin\release\net10.0\runic.desktop.tests.dll" id="47120980-48a7-8456-f03b-81c588857d72">
      <Execution id="9d0bd5c4-cc35-4f6c-a39b-03a4ff6f2728" />
      <TestMethod codeBase="D:\a\runic-desktop\runic-desktop\tests\Runic.Desktop.Tests\bin\Release\net10.0\Runic.Desktop.Tests.dll" adapterTypeName="executor://xunit/VsTestRunner3/netcore/" className="Runic.Desktop.Tests.DesktopApiTests" name="OpeningAndClosingWindowPreservesSurfaceContentAndLifetime" />
    </UnitTest>
    <UnitTest name="Runic.Desktop.Tests.ContentAndLifecycleTests.ServerOnlyShowReloadsContentWithoutChangingTheListener" storage="d:\a\runic-desktop\runic-desktop\tests\runic.desktop.tests\bin\release\net10.0\runic.desktop.tests.dll" id="352e6995-5f3e-d4cd-103f-a258d6d9db73">
      <Execution id="89d9f345-6adb-4ffe-b6f4-3f2b29753f97" />
      <TestMethod codeBase="D:\a\runic-desktop\runic-desktop\tests\Runic.Desktop.Tests\bin\Release\net10.0\Runic.Desktop.Tests.dll" adapterTypeName="executor://xunit/VsTestRunner3/netcore/" className="Runic.Desktop.Tests.ContentAndLifecycleTests" name="ServerOnlyShowReloadsContentWithoutChangingTheListener" />
    </UnitTest>
  </TestDefinitions>
  <TestEntries>
    <TestEntry testId="cc4a777c-6bdf-b1b6-d72b-a88ba31bae1e" executionId="a229a9b2-fe6f-4416-9e13-867e06d97aba" testListId="8c84fa94-04c1-424b-9868-57a2d4851a1d" />
    <TestEntry testId="73a6f8ba-118d-2d59-97c8-45eb909a0e6d" executionId="032b3077-12d2-422c-a7c7-53780344e4ef" testListId="8c84fa94-04c1-424b-9868-57a2d4851a1d" />
    <TestEntry testId="e3c7bb57-a70c-b773-c119-c46183096b3d" executionId="1ff768c4-1db0-466f-a5d5-4b51b9e3d355" testListId="8c84fa94-04c1-424b-9868-57a2d4851a1d" />
    <TestEntry testId="cfc4c5a2-09ea-8ef7-24c1-3cdbfb4bab37" executionId="db1ad4ae-79bb-458c-9e38-c5e1f2ac2081" testListId="8c84fa94-04c1-424b-9868-57a2d4851a1d" />
    <TestEntry testId="c5cf9e72-79c2-bc41-7ad0-236970370f46" executionId="aeb713aa-bd8a-4c46-9bb2-bf2db60fd455" testListId="8c84fa94-04c1-424b-9868-57a2d4851a1d" />
    <TestEntry testId="fc077d82-9cdc-ef5c-ee27-ae7334c5fb98" executionId="e4da41f0-7394-4ebe-81ac-66527eb857da" testListId="8c84fa94-04c1-424b-9868-57a2d4851a1d" />
    <TestEntry testId="3eeee4fc-58f0-6aab-1711-50e00a745a94" executionId="f219312c-56ce-4a48-b0a0-741d6abd6c75" testListId="8c84fa94-04c1-424b-9868-57a2d4851a1d" />
    <TestEntry testId="b2e0017f-c9ce-c14b-e9da-f53c03715eec" executionId="14ab4e33-d988-455c-a28b-c586fab4d371" testListId="8c84fa94-04c1-424b-9868-57a2d4851a1d" />
    <TestEntry testId="e60701dd-fdb6-9a88-8add-d8437c0946fd" executionId="5b595a2c-b2e0-44c8-89b4-01dd67320230" testListId="8c84fa94-04c1-424b-9868-57a2d4851a1d" />
    <TestEntry testId="59b1d0b9-129a-d51a-20f5-7c9247801cdc" executionId="ee6bb01c-1c09-438e-aa06-032a334ae71d" testListId="8c84fa94-04c1-424b-9868-57a2d4851a1d" />
    <TestEntry testId="42cb6dca-8767-b555-5ffa-652435100998" executionId="16b0b72a-7fe9-4eca-b94b-1d9e3ce577f5" testListId="8c84fa94-04c1-424b-9868-57a2d4851a1d" />
    <TestEntry testId="9d24470e-2cc4-d192-47b4-0a043b9905e6" executionId="dc17345c-c825-4296-9133-c8164084bde5" testListId="8c84fa94-04c1-424b-9868-57a2d4851a1d" />
    <TestEntry testId="40155b00-f4d2-a16e-45ba-304dd19677d3" executionId="1ef76f89-088a-4310-b23a-9c8c8e4bd197" testListId="8c84fa94-04c1-424b-9868-57a2d4851a1d" />
    <TestEntry testId="9fb696c2-8b6d-22f0-4f9c-8fc3569ef94f" executionId="4c4da3d0-0301-434c-a483-dc171438e62b" testListId="8c84fa94-04c1-424b-9868-57a2d4851a1d" />
    <TestEntry testId="59c8a4de-f801-49dc-2c01-22004881a27e" executionId="cceb12fa-df4f-4aac-8149-263ef4599ae5" testListId="8c84fa94-04c1-424b-9868-57a2d4851a1d" />
    <TestEntry testId="6b591cb1-f1c9-bcd8-2db0-845bc1909923" executionId="57e0b465-c313-4e39-afde-e26ff8284729" testListId="8c84fa94-04c1-424b-9868-57a2d4851a1d" />
    <TestEntry testId="8b328ee1-e275-fcd4-9396-dab8934ebafc" executionId="7c4a1b6a-621d-4058-bb3c-944cce1f4ea3" testListId="8c84fa94-04c1-424b-9868-57a2d4851a1d" />
    <TestEntry testId="ce6c1686-c584-1ab0-33ec-241fb846e18c" executionId="c0da6f5e-0ebc-463d-bd88-5c0fb9aac732" testListId="8c84fa94-04c1-424b-9868-57a2d4851a1d" />
    <TestEntry testId="1aba962a-ef9e-2eaf-2ed5-0d3525098d00" executionId="5dd8981f-13bb-4051-ad39-49e417d48a0d" testListId="8c84fa94-04c1-424b-9868-57a2d4851a1d" />
    <TestEntry testId="7218f8d9-1149-d866-00e8-d8adf0f1aa7b" executionId="58c0e322-a0e8-429a-876d-d61b4c4a1d0f" testListId="8c84fa94-04c1-424b-9868-57a2d4851a1d" />
    <TestEntry testId="faa5ad64-e057-0b14-8269-be7189385afd" executionId="17aac1d6-e9cf-46ad-8859-96b97a5facca" testListId="8c84fa94-04c1-424b-9868-57a2d4851a1d" />
    <TestEntry testId="061b1bd8-6193-b540-6f5d-edf69ffad5cf" executionId="7100f259-3f26-43fd-8c59-f0986b7cc313" testListId="8c84fa94-04c1-424b-9868-57a2d4851a1d" />
    <TestEntry testId="c33e4b36-720b-43fb-a834-927b3c40e329" executionId="c4bdce07-4fae-40e8-a27d-3384bac762a3" testListId="8c84fa94-04c1-424b-9868-57a2d4851a1d" />
    <TestEntry testId="e5f27a6d-d40e-e619-bc50-029b2491862a" executionId="9bf23c6f-882f-47ae-bf4b-43ba0680d78f" testListId="8c84fa94-04c1-424b-9868-57a2d4851a1d" />
    <TestEntry testId="5d3640bb-4373-2ac5-219f-5be2d06be85b" executionId="44d96f04-b2d8-4e72-a76f-8455beb69d4e" testListId="8c84fa94-04c1-424b-9868-57a2d4851a1d" />
    <TestEntry testId="eaf7f52e-39ec-e400-0619-249e82132ecd" executionId="cbff815e-11ce-4295-8c87-4cdc54a40480" testListId="8c84fa94-04c1-424b-9868-57a2d4851a1d" />
    <TestEntry testId="ac985bb8-3f4b-01b1-ef4b-6cb58b0116ff" executionId="a971f221-6c94-42a7-85ba-ec21391b0562" testListId="8c84fa94-04c1-424b-9868-57a2d4851a1d" />
    <TestEntry testId="15c47b62-c838-e176-2043-0357e9697beb" executionId="7b35d95b-197f-48bb-8085-258b3e86faa9" testListId="8c84fa94-04c1-424b-9868-57a2d4851a1d" />
    <TestEntry testId="bf22712c-733a-e359-d143-a566e9b67661" executionId="092c131f-6584-4f33-8223-91237d642693" testListId="8c84fa94-04c1-424b-9868-57a2d4851a1d" />
    <TestEntry testId="463459bb-3857-1bf9-992f-6af8bd1a0cc0" executionId="dba1b817-a2a1-45b8-9387-407951937853" testListId="8c84fa94-04c1-424b-9868-57a2d4851a1d" />
    <TestEntry testId="645936de-3caf-dd2d-ee49-8175c9bad3b7" executionId="f6f919f0-57d3-41f6-84a2-943c3eb57b6e" testListId="8c84fa94-04c1-424b-9868-57a2d4851a1d" />
    <TestEntry testId="352e6995-5f3e-d4cd-103f-a258d6d9db73" executionId="89d9f345-6adb-4ffe-b6f4-3f2b29753f97" testListId="8c84fa94-04c1-424b-9868-57a2d4851a1d" />
    <TestEntry testId="873562f8-993a-b22a-3a10-879493c93627" executionId="769bbd79-70df-4cf5-9fc6-50e04b45dcd5" testListId="8c84fa94-04c1-424b-9868-57a2d4851a1d" />
    <TestEntry testId="841c5a29-6640-dcf7-e5bc-735ffe9c53e2" executionId="ab8b6e55-f4be-4127-90fd-900e4e637b7f" testListId="8c84fa94-04c1-424b-9868-57a2d4851a1d" />
    <TestEntry testId="a966f8b1-ba0a-125c-269e-fc3da2253677" executionId="0a488623-048d-4f60-bce0-d1a51ed762e3" testListId="8c84fa94-04c1-424b-9868-57a2d4851a1d" />
    <TestEntry testId="2722cabe-f484-db79-67f3-214ee4d57762" executionId="29875f81-b6b3-46e8-8553-3495d0326eb2" testListId="8c84fa94-04c1-424b-9868-57a2d4851a1d" />
    <TestEntry testId="e76b3175-0518-346d-bd86-db9da3e14279" executionId="112075f1-d11b-404a-992f-880f75986541" testListId="8c84fa94-04c1-424b-9868-57a2d4851a1d" />
    <TestEntry testId="8d6fba1e-1ad3-7679-61dd-3c8fc03136b5" executionId="82faf5fb-b20a-4ec0-9e87-b20a784b91a0" testListId="8c84fa94-04c1-424b-9868-57a2d4851a1d" />
    <TestEntry testId="42622707-7344-db63-6873-9b83b4a6756f" executionId="307c5673-0340-418f-8d30-35cd637f86de" testListId="8c84fa94-04c1-424b-9868-57a2d4851a1d" />
    <TestEntry testId="69ba1b79-4bb3-3aa9-7d3e-186c4014b62c" executionId="e5033afa-9993-4aec-8882-6ce35faf5496" testListId="8c84fa94-04c1-424b-9868-57a2d4851a1d" />
    <TestEntry testId="5d193ded-7733-ac1e-648e-be04b51d822c" executionId="1c40b719-8640-45ef-83af-f18973a8f73e" testListId="8c84fa94-04c1-424b-9868-57a2d4851a1d" />
    <TestEntry testId="b800fae3-a831-9e12-5b61-57cd5502156e" executionId="dd2cc1a3-f322-4671-9583-da27ef449362" testListId="8c84fa94-04c1-424b-9868-57a2d4851a1d" />
    <TestEntry testId="80882ead-bf5a-a1c8-680a-63d76cc6e1b8" executionId="9c6ac1c0-9524-42be-b2a8-0688482f078a" testListId="8c84fa94-04c1-424b-9868-57a2d4851a1d" />
    <TestEntry testId="98b02137-da92-2d75-eb9a-23fa79214ced" executionId="913f8f93-69f6-484c-999a-5a43fe8ad5d4" testListId="8c84fa94-04c1-424b-9868-57a2d4851a1d" />
    <TestEntry testId="a863de21-5355-0698-6efd-58a60e71d970" executionId="81c664df-88ae-4aad-8908-f55750d425bf" testListId="8c84fa94-04c1-424b-9868-57a2d4851a1d" />
    <TestEntry testId="0c3c32ba-0cf8-85be-b48a-330743b05bda" executionId="b7148e8d-048b-4db1-ad78-5a22822da5d4" testListId="8c84fa94-04c1-424b-9868-57a2d4851a1d" />
    <TestEntry testId="709d4377-8d03-258b-2660-4ace3fd90f6d" executionId="9617d532-ac5e-4907-b9fa-b624140ec686" testListId="8c84fa94-04c1-424b-9868-57a2d4851a1d" />
    <TestEntry testId="8c00a42e-977a-f5e9-4c96-8ff35787842b" executionId="97b852d6-c1db-40d3-bb78-d43e3b9e350b" testListId="8c84fa94-04c1-424b-9868-57a2d4851a1d" />
    <TestEntry testId="153a09ee-0807-0121-b156-d0931455c8a9" executionId="d1e5753d-196b-4a3f-93e4-d014788c88c0" testListId="8c84fa94-04c1-424b-9868-57a2d4851a1d" />
    <TestEntry testId="b7afc2cd-d1f8-bbc9-fa3e-808ac4b28703" executionId="11f827e0-3f48-4ba8-862b-a94d9e1a58dc" testListId="8c84fa94-04c1-424b-9868-57a2d4851a1d" />
    <TestEntry testId="2a647045-2d44-6a96-8329-0813be00d41e" executionId="00516d3e-7ebc-4730-a98e-6ec607889044" testListId="8c84fa94-04c1-424b-9868-57a2d4851a1d" />
    <TestEntry testId="6ea50534-a85b-4cc4-ae75-ca13ed656859" executionId="fdce3b65-e521-4275-82a9-354d58ebc934" testListId="8c84fa94-04c1-424b-9868-57a2d4851a1d" />
    <TestEntry testId="27529644-d9ce-e605-e8e4-25294522bb36" executionId="a709bb47-07ff-4025-b969-febdc17ae9b9" testListId="8c84fa94-04c1-424b-9868-57a2d4851a1d" />
    <TestEntry testId="d7b7a382-5a04-48ec-9fa7-a428a831f054" executionId="00e6cbe7-32fa-4959-a063-c206fdf90b58" testListId="8c84fa94-04c1-424b-9868-57a2d4851a1d" />
    <TestEntry testId="98566b48-c4e6-8047-f8e9-0d21cb83c0a5" executionId="e156b394-3bf5-43c8-b537-0b5330f5299f" testListId="8c84fa94-04c1-424b-9868-57a2d4851a1d" />
    <TestEntry testId="47120980-48a7-8456-f03b-81c588857d72" executionId="9d0bd5c4-cc35-4f6c-a39b-03a4ff6f2728" testListId="8c84fa94-04c1-424b-9868-57a2d4851a1d" />
    <TestEntry testId="f7d337ed-ddc8-7f26-91e2-3cbcbb395cac" executionId="e9ccaf60-7556-4869-86a6-edd0adae2f52" testListId="8c84fa94-04c1-424b-9868-57a2d4851a1d" />
    <TestEntry testId="5db4cf0b-2032-780b-27b7-5d0054bd1e74" executionId="89ab25b2-73f4-471f-8042-fa8d7c02633a" testListId="8c84fa94-04c1-424b-9868-57a2d4851a1d" />
  </TestEntries>
  <TestLists>
    <TestList name="Results Not in a List" id="8c84fa94-04c1-424b-9868-57a2d4851a1d" />
    <TestList name="All Loaded Results" id="19431567-8539-422a-85d7-44ee4e166bda" />
  </TestLists>
  <ResultSummary outcome="Completed">
    <Counters total="58" executed="58" passed="58" failed="0" error="0" timeout="0" aborted="0" inconclusive="0" passedButRunAborted="0" notRunnable="0" notExecuted="0" disconnected="0" warning="0" completed="0" inProgress="0" pending="0" />
    <Output>
      <StdOut>[xUnit.net 00:00:00.00] xUnit.net VSTest Adapter v3.1.5+1b188a7b0a (64-bit .NET 10.0.11)&#xD;
[xUnit.net 00:00:00.12]   Discovering: Runic.Desktop.Tests&#xD;
[xUnit.net 00:00:00.16]   Discovered:  Runic.Desktop.Tests&#xD;
[xUnit.net 00:00:00.19]   Starting:    Runic.Desktop.Tests&#xD;
[xUnit.net 00:00:13.78]   Finished:    Runic.Desktop.Tests&#xD;
</StdOut>
    </Output>
  </ResultSummary>
</TestRun>