<?xml version="1.0" encoding="utf-8"?>
<TestRun id="ddd55cee-e83f-4875-a549-59aac4e3c2ca" name="@iad01-dz252-b7e9f98e-c51f-4a13-af50-79d772098ac4-7683F5C674C7 2026-09-02 14:02:24" xmlns="http://microsoft.com/schemas/VisualStudio/TeamTest/2010">
  <Times creation="2026-09-02T14:02:24.1561410+00:00" queuing="2026-09-02T14:02:24.1561410+00:00" start="2026-09-02T14:02:21.7399480+00:00" finish="2026-09-02T14:02:44.0044000+00:00" />
  <TestSettings name="default" id="be47838e-64c5-406c-924f-6fbeea0ee578">
    <Deployment runDeploymentRoot="_iad01-dz252-b7e9f98e-c51f-4a13-af50-79d772098ac4-7683F5C674C7_2026-09-02_14_02_24" />
  </TestSettings>
  <Results>
    <UnitTestResult executionId="3dc17735-b1bc-4b23-b3bb-0abab044a884" testId="8c00a42e-977a-f5e9-4c96-8ff35787842b" testName="Runic.Desktop.Tests.ContentAndLifecycleTests.VirtualContentHasFallbackAndCannotOverrideBridge" computerName="iad01-dz252-b7e9f98e-c51f-4a13-af50-79d772098ac4-7683F5C674C7" duration="00:00:00.0340170" startTime="2026-09-02T14:02:43.8788900+00:00" endTime="2026-09-02T14:02:43.9132540+00:00" testType="13cdc9d9-ddb5-4fa4-a97d-d965ccfc6d4b" outcome="Passed" testListId="8c84fa94-04c1-424b-9868-57a2d4851a1d" relativeResultsDirectory="3dc17735-b1bc-4b23-b3bb-0abab044a884" />
    <UnitTestResult executionId="9adfbd1d-059f-436f-9115-d110fd0d8814" testId="5d3640bb-4373-2ac5-219f-5be2d06be85b" testName="Runic.Desktop.Tests.DesktopApiTests.PreflightReportsTheRequestedPolicyAndConcreteCapabilityLimit" computerName="iad01-dz252-b7e9f98e-c51f-4a13-af50-79d772098ac4-7683F5C674C7" duration="00:00:00.0184649" startTime="2026-09-02T14:02:25.0794800+00:00" endTime="2026-09-02T14:02:25.0978580+00:00" testType="13cdc9d9-ddb5-4fa4-a97d-d965ccfc6d4b" outcome="Passed" testListId="8c84fa94-04c1-424b-9868-57a2d4851a1d" relativeResultsDirectory="9adfbd1d-059f-436f-9115-d110fd0d8814" />
    <UnitTestResult executionId="d1594057-a3a0-4342-a4fd-cb9dbd011679" testId="f7d337ed-ddc8-7f26-91e2-3cbcbb395cac" testName="Runic.Desktop.Tests.ContentAndLifecycleTests.ConcurrentServerWindowChurnLeavesNoApplicationLifetimeBehind" computerName="iad01-dz252-b7e9f98e-c51f-4a13-af50-79d772098ac4-7683F5C674C7" duration="00:00:00.5267240" startTime="2026-09-02T14:02:43.3194600+00:00" endTime="2026-09-02T14:02:43.8467320+00:00" testType="13cdc9d9-ddb5-4fa4-a97d-d965ccfc6d4b" outcome="Passed" testListId="8c84fa94-04c1-424b-9868-57a2d4851a1d" relativeResultsDirectory="d1594057-a3a0-4342-a4fd-cb9dbd011679" />
    <UnitTestResult executionId="2a756a11-dc0d-48ef-a025-4d2493b03424" testId="841c5a29-6640-dcf7-e5bc-735ffe9c53e2" testName="Runic.Desktop.Tests.ManagedWindowTests.SendsQuickJavaScriptRawDataAndNavigationPackets" computerName="iad01-dz252-b7e9f98e-c51f-4a13-af50-79d772098ac4-7683F5C674C7" duration="00:00:00.0559664" startTime="2026-09-02T14:02:39.2387280+00:00" endTime="2026-09-02T14:02:39.2948400+00:00" testType="13cdc9d9-ddb5-4fa4-a97d-d965ccfc6d4b" outcome="Passed" testListId="8c84fa94-04c1-424b-9868-57a2d4851a1d" relativeResultsDirectory="2a756a11-dc0d-48ef-a025-4d2493b03424" />
    <UnitTestResult executionId="6fd10252-df06-4a6c-8f86-021a641957ba" testId="5db4cf0b-2032-780b-27b7-5d0054bd1e74" testName="Runic.Desktop.Tests.ManagedWindowTests.EncodesTypedResultsAsWebUiResponseStrings" computerName="iad01-dz252-b7e9f98e-c51f-4a13-af50-79d772098ac4-7683F5C674C7" duration="00:00:00.0966548" startTime="2026-09-02T14:02:39.0825740+00:00" endTime="2026-09-02T14:02:39.1795400+00:00" testType="13cdc9d9-ddb5-4fa4-a97d-d965ccfc6d4b" outcome="Passed" testListId="8c84fa94-04c1-424b-9868-57a2d4851a1d" relativeResultsDirectory="6fd10252-df06-4a6c-8f86-021a641957ba" />
    <UnitTestResult executionId="965ceced-c44b-4ab5-a033-c1c81a936ac0" testId="6b591cb1-f1c9-bcd8-2db0-845bc1909923" testName="Runic.Desktop.Tests.ContentAndLifecycleTests.SingleClientRejectsConcurrentSocketAndMultiClientOwnsStableClientIds" computerName="iad01-dz252-b7e9f98e-c51f-4a13-af50-79d772098ac4-7683F5C674C7" duration="00:00:00.1576651" startTime="2026-09-02T14:02:40.7300120+00:00" endTime="2026-09-02T14:02:40.8880800+00:00" testType="13cdc9d9-ddb5-4fa4-a97d-d965ccfc6d4b" outcome="Passed" testListId="8c84fa94-04c1-424b-9868-57a2d4851a1d" relativeResultsDirectory="965ceced-c44b-4ab5-a033-c1c81a936ac0" />
    <UnitTestResult executionId="2dc14afd-5175-451d-86fb-a7c4d95e2657" testId="59b1d0b9-129a-d51a-20f5-7c9247801cdc" testName="Runic.Desktop.Tests.ManagedWindowTests.ReassemblesWebUiMultiPackets" computerName="iad01-dz252-b7e9f98e-c51f-4a13-af50-79d772098ac4-7683F5C674C7" duration="00:00:00.0531295" startTime="2026-09-02T14:02:39.2957110+00:00" endTime="2026-09-02T14:02:39.3484410+00:00" testType="13cdc9d9-ddb5-4fa4-a97d-d965ccfc6d4b" outcome="Passed" testListId="8c84fa94-04c1-424b-9868-57a2d4851a1d" relativeResultsDirectory="2dc14afd-5175-451d-86fb-a7c4d95e2657" />
    <UnitTestResult executionId="50d49ae8-5cf3-48d9-88e9-8d009170fc39" testId="cfc4c5a2-09ea-8ef7-24c1-3cdbfb4bab37" testName="Runic.Desktop.Tests.BrowserHostTests.CreatesButDoesNotOwnAnExplicitProfileFolder" computerName="iad01-dz252-b7e9f98e-c51f-4a13-af50-79d772098ac4-7683F5C674C7" duration="00:00:00.0017593" startTime="2026-09-02T14:02:25.5107340+00:00" endTime="2026-09-02T14:02:25.5123080+00:00" testType="13cdc9d9-ddb5-4fa4-a97d-d965ccfc6d4b" outcome="Passed" testListId="8c84fa94-04c1-424b-9868-57a2d4851a1d" relativeResultsDirectory="50d49ae8-5cf3-48d9-88e9-8d009170fc39" />
    <UnitTestResult executionId="ea7c914b-3a98-46fb-b92d-eb25ced1b51d" testId="c33e4b36-720b-43fb-a834-927b3c40e329" testName="Runic.Desktop.Tests.ContentAndLifecycleTests.RunningWindowUsesRootFolderChangesImmediately" computerName="iad01-dz252-b7e9f98e-c51f-4a13-af50-79d772098ac4-7683F5C674C7" duration="00:00:00.0806951" startTime="2026-09-02T14:02:40.5285540+00:00" endTime="2026-09-02T14:02:40.6095100+00:00" testType="13cdc9d9-ddb5-4fa4-a97d-d965ccfc6d4b" outcome="Passed" testListId="8c84fa94-04c1-424b-9868-57a2d4851a1d" relativeResultsDirectory="ea7c914b-3a98-46fb-b92d-eb25ced1b51d" />
    <UnitTestResult executionId="58fe47a4-fbf6-4dbe-9059-c6a2fd527e48" testId="2722cabe-f484-db79-67f3-214ee4d57762" testName="Runic.Desktop.Tests.ManagedWindowTests.UsesWebUiHandshakeAndCallFraming" computerName="iad01-dz252-b7e9f98e-c51f-4a13-af50-79d772098ac4-7683F5C674C7" duration="00:00:00.0514090" startTime="2026-09-02T14:02:38.9317390+00:00" endTime="2026-09-02T14:02:38.9833880+00:00" testType="13cdc9d9-ddb5-4fa4-a97d-d965ccfc6d4b" outcome="Passed" testListId="8c84fa94-04c1-424b-9868-57a2d4851a1d" relativeResultsDirectory="58fe47a4-fbf6-4dbe-9059-c6a2fd527e48" />
    <UnitTestResult executionId="5c9cc339-cfd8-4cd2-b148-8da0e5555125" testId="9fb696c2-8b6d-22f0-4f9c-8fc3569ef94f" testName="Runic.Desktop.Tests.DesktopApiTests.HostSharesListenerAndCreatesARequestScopePerRequest" computerName="iad01-dz252-b7e9f98e-c51f-4a13-af50-79d772098ac4-7683F5C674C7" duration="00:00:00.1085601" startTime="2026-09-02T14:02:25.1699510+00:00" endTime="2026-09-02T14:02:25.2786470+00:00" testType="13cdc9d9-ddb5-4fa4-a97d-d965ccfc6d4b" outcome="Passed" testListId="8c84fa94-04c1-424b-9868-57a2d4851a1d" relativeResultsDirectory="5c9cc339-cfd8-4cd2-b148-8da0e5555125" />
    <UnitTestResult executionId="5ff4f335-c488-4ea4-a44a-e6bf4b8df0ac" testId="6ea50534-a85b-4cc4-ae75-ca13ed656859" testName="Runic.Desktop.Tests.ManagedWindowTests.AcceptsAReconnectedBridgeAndRaisesNewConnectionEvents" computerName="iad01-dz252-b7e9f98e-c51f-4a13-af50-79d772098ac4-7683F5C674C7" duration="00:00:00.0983053" startTime="2026-09-02T14:02:38.9836870+00:00" endTime="2026-09-02T14:02:39.0822810+00:00" testType="13cdc9d9-ddb5-4fa4-a97d-d965ccfc6d4b" outcome="Passed" testListId="8c84fa94-04c1-424b-9868-57a2d4851a1d" relativeResultsDirectory="5ff4f335-c488-4ea4-a44a-e6bf4b8df0ac" />
    <UnitTestResult executionId="ee67391a-eb81-4c76-bcfc-18945367e794" testId="8b328ee1-e275-fcd4-9396-dab8934ebafc" testName="Runic.Desktop.Tests.ContentAndLifecycleTests.BridgeSessionsRemainOwnedByTheirWindow" computerName="iad01-dz252-b7e9f98e-c51f-4a13-af50-79d772098ac4-7683F5C674C7" duration="00:00:00.1195831" startTime="2026-09-02T14:02:40.6098250+00:00" endTime="2026-09-02T14:02:40.7296950+00:00" testType="13cdc9d9-ddb5-4fa4-a97d-d965ccfc6d4b" outcome="Passed" testListId="8c84fa94-04c1-424b-9868-57a2d4851a1d" relativeResultsDirectory="ee67391a-eb81-4c76-bcfc-18945367e794" />
    <UnitTestResult executionId="7443e196-6149-483a-84de-559232f2b6e3" testId="7218f8d9-1149-d866-00e8-d8adf0f1aa7b" testName="Runic.Desktop.Tests.BrowserHostTests.ParsesQuotedCustomParametersWithoutUsingAShell" computerName="iad01-dz252-b7e9f98e-c51f-4a13-af50-79d772098ac4-7683F5C674C7" duration="00:00:00.0016271" startTime="2026-09-02T14:02:35.5241010+00:00" endTime="2026-09-02T14:02:35.5246920+00:00" testType="13cdc9d9-ddb5-4fa4-a97d-d965ccfc6d4b" outcome="Passed" testListId="8c84fa94-04c1-424b-9868-57a2d4851a1d" relativeResultsDirectory="7443e196-6149-483a-84de-559232f2b6e3" />
    <UnitTestResult executionId="c9dd092c-192d-4383-b89e-adb579cfcbc3" testId="061b1bd8-6193-b540-6f5d-edf69ffad5cf" testName="Runic.Desktop.Tests.DesktopApiTests.EmbeddedPresentationReceivesExplicitPermissionPolicy" computerName="iad01-dz252-b7e9f98e-c51f-4a13-af50-79d772098ac4-7683F5C674C7" duration="00:00:00.0356428" startTime="2026-09-02T14:02:25.4683040+00:00" endTime="2026-09-02T14:02:25.5041980+00:00" testType="13cdc9d9-ddb5-4fa4-a97d-d965ccfc6d4b" outcome="Passed" testListId="8c84fa94-04c1-424b-9868-57a2d4851a1d" relativeResultsDirectory="c9dd092c-192d-4383-b89e-adb579cfcbc3" />
    <UnitTestResult executionId="be19337e-641e-48ed-ba89-9dcbb02d1f07" testId="c5cf9e72-79c2-bc41-7ad0-236970370f46" testName="Runic.Desktop.Tests.ContentAndLifecycleTests.StreamingVirtualContentHonorsHeadCancellationAndDisposal" computerName="iad01-dz252-b7e9f98e-c51f-4a13-af50-79d772098ac4-7683F5C674C7" duration="00:00:02.0648048" startTime="2026-09-02T14:02:40.9639420+00:00" endTime="2026-09-02T14:02:43.0287340+00:00" testType="13cdc9d9-ddb5-4fa4-a97d-d965ccfc6d4b" outcome="Passed" testListId="8c84fa94-04c1-424b-9868-57a2d4851a1d" relativeResultsDirectory="be19337e-641e-48ed-ba89-9dcbb02d1f07" />
    <UnitTestResult executionId="638eae90-6346-4f26-a322-a9f509b4032f" testId="d7b7a382-5a04-48ec-9fa7-a428a831f054" testName="Runic.Desktop.Tests.DesktopApiTests.PublicNetworkExposureRequiresAnExplicitSecurityPolicy" computerName="iad01-dz252-b7e9f98e-c51f-4a13-af50-79d772098ac4-7683F5C674C7" duration="00:00:00.0041072" startTime="2026-09-02T14:02:24.8453120+00:00" endTime="2026-09-02T14:02:24.8493500+00:00" testType="13cdc9d9-ddb5-4fa4-a97d-d965ccfc6d4b" outcome="Passed" testListId="8c84fa94-04c1-424b-9868-57a2d4851a1d" relativeResultsDirectory="638eae90-6346-4f26-a322-a9f509b4032f" />
    <UnitTestResult executionId="6152064a-53bb-4961-b900-d91878599ad2" testId="fc077d82-9cdc-ef5c-ee27-ae7334c5fb98" testName="Runic.Desktop.Tests.ManagedWindowTests.DispatchesConnectionClickNavigationAndDisconnectionEvents" computerName="iad01-dz252-b7e9f98e-c51f-4a13-af50-79d772098ac4-7683F5C674C7" duration="00:00:00.0807181" startTime="2026-09-02T14:02:38.7895150+00:00" endTime="2026-09-02T14:02:38.8703760+00:00" testType="13cdc9d9-ddb5-4fa4-a97d-d965ccfc6d4b" outcome="Passed" testListId="8c84fa94-04c1-424b-9868-57a2d4851a1d" relativeResultsDirectory="6152064a-53bb-4961-b900-d91878599ad2" />
    <UnitTestResult executionId="0d21b845-8712-4be8-93a0-40d022c7bbbe" testId="faa5ad64-e057-0b14-8269-be7189385afd" testName="Runic.Desktop.Tests.DesktopApiTests.StructuredPayloadRejectsDuplicateKeysWithStableRedactedError" computerName="iad01-dz252-b7e9f98e-c51f-4a13-af50-79d772098ac4-7683F5C674C7" duration="00:00:00.0025783" startTime="2026-09-02T14:02:25.1670660+00:00" endTime="2026-09-02T14:02:25.1695530+00:00" testType="13cdc9d9-ddb5-4fa4-a97d-d965ccfc6d4b" outcome="Passed" testListId="8c84fa94-04c1-424b-9868-57a2d4851a1d" relativeResultsDirectory="0d21b845-8712-4be8-93a0-40d022c7bbbe" />
    <UnitTestResult executionId="2db73630-f8f0-45f5-bf55-509518038fb2" testId="e60701dd-fdb6-9a88-8add-d8437c0946fd" testName="Runic.Desktop.Tests.ManagedWindowTests.CorrelatesJavaScriptResultsAndReportsErrors" computerName="iad01-dz252-b7e9f98e-c51f-4a13-af50-79d772098ac4-7683F5C674C7" duration="00:00:00.2239498" startTime="2026-09-02T14:02:39.4528740+00:00" endTime="2026-09-02T14:02:39.6770610+00:00" testType="13cdc9d9-ddb5-4fa4-a97d-d965ccfc6d4b" outcome="Passed" testListId="8c84fa94-04c1-424b-9868-57a2d4851a1d" relativeResultsDirectory="2db73630-f8f0-45f5-bf55-509518038fb2" />
    <UnitTestResult executionId="674a8147-662f-4c18-9a86-e286b3202bff" testId="e3c7bb57-a70c-b773-c119-c46183096b3d" testName="Runic.Desktop.Tests.DesktopApiTests.PublicApiContainsNoWebUiCompatibilityIdentity" computerName="iad01-dz252-b7e9f98e-c51f-4a13-af50-79d772098ac4-7683F5C674C7" duration="00:00:00.0021893" startTime="2026-09-02T14:02:25.4659710+00:00" endTime="2026-09-02T14:02:25.4680620+00:00" testType="13cdc9d9-ddb5-4fa4-a97d-d965ccfc6d4b" outcome="Passed" testListId="8c84fa94-04c1-424b-9868-57a2d4851a1d" relativeResultsDirectory="674a8147-662f-4c18-9a86-e286b3202bff" />
    <UnitTestResult executionId="169c4522-803b-4198-a5d6-e6ed17f06407" testId="69ba1b79-4bb3-3aa9-7d3e-186c4014b62c" testName="Runic.Desktop.Tests.ManagedWindowTests.CanRestartAfterClose" computerName="iad01-dz252-b7e9f98e-c51f-4a13-af50-79d772098ac4-7683F5C674C7" duration="00:00:00.0922750" startTime="2026-09-02T14:02:39.6773530+00:00" endTime="2026-09-02T14:02:39.7697980+00:00" testType="13cdc9d9-ddb5-4fa4-a97d-d965ccfc6d4b" outcome="Passed" testListId="8c84fa94-04c1-424b-9868-57a2d4851a1d" relativeResultsDirectory="169c4522-803b-4198-a5d6-e6ed17f06407" />
    <UnitTestResult executionId="37d89cbc-f1e7-48f4-aef6-c5bb291a9b64" testId="8d6fba1e-1ad3-7679-61dd-3c8fc03136b5" testName="Runic.Desktop.Tests.ManagedWindowTests.CallbackCanSynchronouslyExecuteJavaScriptWithoutDeadlock" computerName="iad01-dz252-b7e9f98e-c51f-4a13-af50-79d772098ac4-7683F5C674C7" duration="00:00:00.0604932" startTime="2026-09-02T14:02:38.8706450+00:00" endTime="2026-09-02T14:02:38.9314300+00:00" testType="13cdc9d9-ddb5-4fa4-a97d-d965ccfc6d4b" outcome="Passed" testListId="8c84fa94-04c1-424b-9868-57a2d4851a1d" relativeResultsDirectory="37d89cbc-f1e7-48f4-aef6-c5bb291a9b64" />
    <UnitTestResult executionId="c58d5e9c-5d1d-4abb-a1c7-e23a83b3f0c1" testId="352e6995-5f3e-d4cd-103f-a258d6d9db73" testName="Runic.Desktop.Tests.ContentAndLifecycleTests.ServerOnlyShowReloadsContentWithoutChangingTheListener" computerName="iad01-dz252-b7e9f98e-c51f-4a13-af50-79d772098ac4-7683F5C674C7" duration="00:00:00.0802066" startTime="2026-09-02T14:02:40.3947130+00:00" endTime="2026-09-02T14:02:40.4751950+00:00" testType="13cdc9d9-ddb5-4fa4-a97d-d965ccfc6d4b" outcome="Passed" testListId="8c84fa94-04c1-424b-9868-57a2d4851a1d" relativeResultsDirectory="c58d5e9c-5d1d-4abb-a1c7-e23a83b3f0c1" />
    <UnitTestResult executionId="5c132100-6f07-4477-aa70-44fd67f2e09a" testId="42cb6dca-8767-b555-5ffa-652435100998" testName="Runic.Desktop.Tests.BrowserHostTests.OwnsChromiumProcessProfileRestartAndNaturalExit" computerName="iad01-dz252-b7e9f98e-c51f-4a13-af50-79d772098ac4-7683F5C674C7" duration="00:00:10.0097710" startTime="2026-09-02T14:02:25.5125980+00:00" endTime="2026-09-02T14:02:35.5229490+00:00" testType="13cdc9d9-ddb5-4fa4-a97d-d965ccfc6d4b" outcome="Passed" testListId="8c84fa94-04c1-424b-9868-57a2d4851a1d" relativeResultsDirectory="5c132100-6f07-4477-aa70-44fd67f2e09a" />
    <UnitTestResult executionId="73281138-336d-406f-8020-aa6c68217c9e" testId="1aba962a-ef9e-2eaf-2ed5-0d3525098d00" testName="Runic.Desktop.Tests.DesktopApiTests.LocalContentDeniesMediaCaptureByDefault" computerName="iad01-dz252-b7e9f98e-c51f-4a13-af50-79d772098ac4-7683F5C674C7" duration="00:00:00.0641842" startTime="2026-09-02T14:02:25.1060840+00:00" endTime="2026-09-02T14:02:25.1667960+00:00" testType="13cdc9d9-ddb5-4fa4-a97d-d965ccfc6d4b" outcome="Passed" testListId="8c84fa94-04c1-424b-9868-57a2d4851a1d" relativeResultsDirectory="73281138-336d-406f-8020-aa6c68217c9e" />
    <UnitTestResult executionId="eacc950c-544e-419d-a858-68c3d140dce9" testId="27529644-d9ce-e605-e8e4-25294522bb36" testName="Runic.Desktop.Tests.ContentAndLifecycleTests.SharedHostIsolatesSurfacesAndClosingOnePreservesTheOther" computerName="iad01-dz252-b7e9f98e-c51f-4a13-af50-79d772098ac4-7683F5C674C7" duration="00:00:00.0525939" startTime="2026-09-02T14:02:40.4754900+00:00" endTime="2026-09-02T14:02:40.5282590+00:00" testType="13cdc9d9-ddb5-4fa4-a97d-d965ccfc6d4b" outcome="Passed" testListId="8c84fa94-04c1-424b-9868-57a2d4851a1d" relativeResultsDirectory="eacc950c-544e-419d-a858-68c3d140dce9" />
    <UnitTestResult executionId="7534685d-68bf-4454-b76f-882c4d63b669" testId="9d24470e-2cc4-d192-47b4-0a043b9905e6" testName="Runic.Desktop.Tests.ContentAndLifecycleTests.ExplicitFileRedirectsWithoutFolderIndexFallback" computerName="iad01-dz252-b7e9f98e-c51f-4a13-af50-79d772098ac4-7683F5C674C7" duration="00:00:00.1398782" startTime="2026-09-02T14:02:43.1791680+00:00" endTime="2026-09-02T14:02:43.3192770+00:00" testType="13cdc9d9-ddb5-4fa4-a97d-d965ccfc6d4b" outcome="Passed" testListId="8c84fa94-04c1-424b-9868-57a2d4851a1d" relativeResultsDirectory="7534685d-68bf-4454-b76f-882c4d63b669" />
    <UnitTestResult executionId="3d0180fd-ed30-4796-b093-58bd1110e59a" testId="b800fae3-a831-9e12-5b61-57cd5502156e" testName="Runic.Desktop.Tests.DesktopApiTests.PreflightRejectsUnknownPresentationPolicies" computerName="iad01-dz252-b7e9f98e-c51f-4a13-af50-79d772098ac4-7683F5C674C7" duration="00:00:00.0010698" startTime="2026-09-02T14:02:25.4042900+00:00" endTime="2026-09-02T14:02:25.4051680+00:00" testType="13cdc9d9-ddb5-4fa4-a97d-d965ccfc6d4b" outcome="Passed" testListId="8c84fa94-04c1-424b-9868-57a2d4851a1d" relativeResultsDirectory="3d0180fd-ed30-4796-b093-58bd1110e59a" />
    <UnitTestResult executionId="29c0f7a6-f868-4739-9e6a-caf626f3e323" testId="eaf7f52e-39ec-e400-0619-249e82132ecd" testName="Runic.Desktop.Tests.ManagedWindowTests.RejectsAnInvalidProtocolToken" computerName="iad01-dz252-b7e9f98e-c51f-4a13-af50-79d772098ac4-7683F5C674C7" duration="00:00:00.0583830" startTime="2026-09-02T14:02:39.1798400+00:00" endTime="2026-09-02T14:02:39.2384410+00:00" testType="13cdc9d9-ddb5-4fa4-a97d-d965ccfc6d4b" outcome="Passed" testListId="8c84fa94-04c1-424b-9868-57a2d4851a1d" relativeResultsDirectory="29c0f7a6-f868-4739-9e6a-caf626f3e323" />
    <UnitTestResult executionId="9ca91512-e552-4e3a-9773-8117741d6cae" testId="73a6f8ba-118d-2d59-97c8-45eb909a0e6d" testName="Runic.Desktop.Tests.ContentAndLifecycleTests.UsesExplicitPortAndRetainsSettingsAcrossRestart" computerName="iad01-dz252-b7e9f98e-c51f-4a13-af50-79d772098ac4-7683F5C674C7" duration="00:00:00.0923057" startTime="2026-09-02T14:02:40.0881510+00:00" endTime="2026-09-02T14:02:40.1805910+00:00" testType="13cdc9d9-ddb5-4fa4-a97d-d965ccfc6d4b" outcome="Passed" testListId="8c84fa94-04c1-424b-9868-57a2d4851a1d" relativeResultsDirectory="9ca91512-e552-4e3a-9773-8117741d6cae" />
    <UnitTestResult executionId="6ab77ef4-f233-41ef-82ab-c4f78fb751d8" testId="15c47b62-c838-e176-2043-0357e9697beb" testName="Runic.Desktop.Tests.DesktopApiTests.ContentRequestExposesAnImmutableCaseInsensitiveHeaderSnapshot" computerName="iad01-dz252-b7e9f98e-c51f-4a13-af50-79d772098ac4-7683F5C674C7" duration="00:00:00.0716810" startTime="2026-09-02T14:02:24.8495840+00:00" endTime="2026-09-02T14:02:24.9216020+00:00" testType="13cdc9d9-ddb5-4fa4-a97d-d965ccfc6d4b" outcome="Passed" testListId="8c84fa94-04c1-424b-9868-57a2d4851a1d" relativeResultsDirectory="6ab77ef4-f233-41ef-82ab-c4f78fb751d8" />
    <UnitTestResult executionId="098f6feb-d497-4d93-b4e1-5857291447a9" testId="ce6c1686-c584-1ab0-33ec-241fb846e18c" testName="Runic.Desktop.Tests.ManagedWindowTests.AnnouncesBindingsAddedAfterAuthentication" computerName="iad01-dz252-b7e9f98e-c51f-4a13-af50-79d772098ac4-7683F5C674C7" duration="00:00:00.0447392" startTime="2026-09-02T14:02:39.3487520+00:00" endTime="2026-09-02T14:02:39.3936400+00:00" testType="13cdc9d9-ddb5-4fa4-a97d-d965ccfc6d4b" outcome="Passed" testListId="8c84fa94-04c1-424b-9868-57a2d4851a1d" relativeResultsDirectory="098f6feb-d497-4d93-b4e1-5857291447a9" />
    <UnitTestResult executionId="fcf54ee8-e238-41d8-bfc0-9a1b5a5a9d0f" testId="40155b00-f4d2-a16e-45ba-304dd19677d3" testName="Runic.Desktop.Tests.ManagedWindowTests.CloseCompletesWithAnAuthenticatedBridgeConnection" computerName="iad01-dz252-b7e9f98e-c51f-4a13-af50-79d772098ac4-7683F5C674C7" duration="00:00:00.0583874" startTime="2026-09-02T14:02:39.3939560+00:00" endTime="2026-09-02T14:02:39.4525510+00:00" testType="13cdc9d9-ddb5-4fa4-a97d-d965ccfc6d4b" outcome="Passed" testListId="8c84fa94-04c1-424b-9868-57a2d4851a1d" relativeResultsDirectory="fcf54ee8-e238-41d8-bfc0-9a1b5a5a9d0f" />
    <UnitTestResult executionId="31bdd34e-03ca-475e-b202-70ef635e6d23" testId="3eeee4fc-58f0-6aab-1711-50e00a745a94" testName="Runic.Desktop.Tests.BrowserBridgeTests.UpstreamStyleCallbackAndJavaScriptRoundTripRunsInChromium" computerName="iad01-dz252-b7e9f98e-c51f-4a13-af50-79d772098ac4-7683F5C674C7" duration="00:00:00.0024086" startTime="2026-09-02T14:02:43.9171230+00:00" endTime="2026-09-02T14:02:43.9194580+00:00" testType="13cdc9d9-ddb5-4fa4-a97d-d965ccfc6d4b" outcome="Passed" testListId="8c84fa94-04c1-424b-9868-57a2d4851a1d" relativeResultsDirectory="31bdd34e-03ca-475e-b202-70ef635e6d23" />
    <UnitTestResult executionId="b4838150-ad49-4a34-9a94-aef1481be770" testId="463459bb-3857-1bf9-992f-6af8bd1a0cc0" testName="Runic.Desktop.Tests.BrowserHostTests.BuildsWebUiCompatibleChromiumAndFirefoxArguments" computerName="iad01-dz252-b7e9f98e-c51f-4a13-af50-79d772098ac4-7683F5C674C7" duration="00:00:00.0032518" startTime="2026-09-02T14:02:25.5082180+00:00" endTime="2026-09-02T14:02:25.5104510+00:00" testType="13cdc9d9-ddb5-4fa4-a97d-d965ccfc6d4b" outcome="Passed" testListId="8c84fa94-04c1-424b-9868-57a2d4851a1d" relativeResultsDirectory="b4838150-ad49-4a34-9a94-aef1481be770" />
    <UnitTestResult executionId="cc3db0e0-1663-4ecf-bf1f-c1b55ff7babc" testId="b2e0017f-c9ce-c14b-e9da-f53c03715eec" testName="Runic.Desktop.Tests.DesktopApiTests.ClosingSurfaceReportsCauseAndReleasesPublicStream" computerName="iad01-dz252-b7e9f98e-c51f-4a13-af50-79d772098ac4-7683F5C674C7" duration="00:00:00.1052065" startTime="2026-09-02T14:02:24.7396770+00:00" endTime="2026-09-02T14:02:24.8450800+00:00" testType="13cdc9d9-ddb5-4fa4-a97d-d965ccfc6d4b" outcome="Passed" testListId="8c84fa94-04c1-424b-9868-57a2d4851a1d" relativeResultsDirectory="cc3db0e0-1663-4ecf-bf1f-c1b55ff7babc" />
    <UnitTestResult executionId="235c8c20-de9c-4366-b2a6-12fa0c93ef10" testId="5d193ded-7733-ac1e-648e-be04b51d822c" testName="Runic.Desktop.Tests.DesktopApiTests.PublicSurfaceServesRunicDesktopBootstrapIdentity" computerName="iad01-dz252-b7e9f98e-c51f-4a13-af50-79d772098ac4-7683F5C674C7" duration="00:00:00.1103306" startTime="2026-09-02T14:02:24.6282770+00:00" endTime="2026-09-02T14:02:24.7393060+00:00" testType="13cdc9d9-ddb5-4fa4-a97d-d965ccfc6d4b" outcome="Passed" testListId="8c84fa94-04c1-424b-9868-57a2d4851a1d" relativeResultsDirectory="235c8c20-de9c-4366-b2a6-12fa0c93ef10" />
    <UnitTestResult executionId="bf9556bc-76f1-47ef-a8ed-761c65bd01bc" testId="80882ead-bf5a-a1c8-680a-63d76cc6e1b8" testName="Runic.Desktop.Tests.DesktopApiTests.CapabilityFailuresProduceOnlyStableRedactedDiagnostics" computerName="iad01-dz252-b7e9f98e-c51f-4a13-af50-79d772098ac4-7683F5C674C7" duration="00:00:01.4586132" startTime="2026-09-02T14:02:23.1622110+00:00" endTime="2026-09-02T14:02:24.6255710+00:00" testType="13cdc9d9-ddb5-4fa4-a97d-d965ccfc6d4b" outcome="Passed" testListId="8c84fa94-04c1-424b-9868-57a2d4851a1d" relativeResultsDirectory="bf9556bc-76f1-47ef-a8ed-761c65bd01bc" />
    <UnitTestResult executionId="14b5b1ee-022a-4453-995f-c5643712f5a6" testId="e76b3175-0518-346d-bd86-db9da3e14279" testName="Runic.Desktop.Tests.BrowserBridgeTests.TypeScriptEffectPackageRoundTripsThroughPublicDesktopApiInChromium" computerName="iad01-dz252-b7e9f98e-c51f-4a13-af50-79d772098ac4-7683F5C674C7" duration="00:00:00.0031546" startTime="2026-09-02T14:02:43.9137260+00:00" endTime="2026-09-02T14:02:43.9169340+00:00" testType="13cdc9d9-ddb5-4fa4-a97d-d965ccfc6d4b" outcome="Passed" testListId="8c84fa94-04c1-424b-9868-57a2d4851a1d" relativeResultsDirectory="14b5b1ee-022a-4453-995f-c5643712f5a6" />
    <UnitTestResult executionId="81f14c8d-a463-492b-a4db-4ba9011c3c2b" testId="645936de-3caf-dd2d-ee49-8175c9bad3b7" testName="Runic.Desktop.Tests.ContentAndLifecycleTests.ApplicationWaitTracksAllRunningWindowsAndExitClosesThem" computerName="iad01-dz252-b7e9f98e-c51f-4a13-af50-79d772098ac4-7683F5C674C7" duration="00:00:00.0748774" startTime="2026-09-02T14:02:40.8886410+00:00" endTime="2026-09-02T14:02:40.9635100+00:00" testType="13cdc9d9-ddb5-4fa4-a97d-d965ccfc6d4b" outcome="Passed" testListId="8c84fa94-04c1-424b-9868-57a2d4851a1d" relativeResultsDirectory="81f14c8d-a463-492b-a4db-4ba9011c3c2b" />
    <UnitTestResult executionId="8a491d70-4483-4d68-8d98-699fd920d66c" testId="47120980-48a7-8456-f03b-81c588857d72" testName="Runic.Desktop.Tests.DesktopApiTests.OpeningAndClosingWindowPreservesSurfaceContentAndLifetime" computerName="iad01-dz252-b7e9f98e-c51f-4a13-af50-79d772098ac4-7683F5C674C7" duration="00:00:00.0416339" startTime="2026-09-02T14:02:25.2788700+00:00" endTime="2026-09-02T14:02:25.3206950+00:00" testType="13cdc9d9-ddb5-4fa4-a97d-d965ccfc6d4b" outcome="Passed" testListId="8c84fa94-04c1-424b-9868-57a2d4851a1d" relativeResultsDirectory="8a491d70-4483-4d68-8d98-699fd920d66c" />
    <UnitTestResult executionId="e09323b3-4cc8-48aa-9afa-580da98e092b" testId="709d4377-8d03-258b-2660-4ace3fd90f6d" testName="Runic.Desktop.Tests.DesktopApiTests.ExplicitEmbeddedThenBrowserFallbackIsObservable" computerName="iad01-dz252-b7e9f98e-c51f-4a13-af50-79d772098ac4-7683F5C674C7" duration="00:00:00.0827983" startTime="2026-09-02T14:02:25.3209110+00:00" endTime="2026-09-02T14:02:25.4039960+00:00" testType="13cdc9d9-ddb5-4fa4-a97d-d965ccfc6d4b" outcome="Passed" testListId="8c84fa94-04c1-424b-9868-57a2d4851a1d" relativeResultsDirectory="e09323b3-4cc8-48aa-9afa-580da98e092b" />
    <UnitTestResult executionId="9c3b11c0-a4a7-4b93-9c4a-5d15d131039c" testId="b7afc2cd-d1f8-bbc9-fa3e-808ac4b28703" testName="Runic.Desktop.Tests.DesktopApiTests.UnavailablePresentationFailsEarlyWithCorrelatedRemediation" computerName="iad01-dz252-b7e9f98e-c51f-4a13-af50-79d772098ac4-7683F5C674C7" duration="00:00:00.0856061" startTime="2026-09-02T14:02:24.9219450+00:00" endTime="2026-09-02T14:02:25.0082170+00:00" testType="13cdc9d9-ddb5-4fa4-a97d-d965ccfc6d4b" outcome="Passed" testListId="8c84fa94-04c1-424b-9868-57a2d4851a1d" relativeResultsDirectory="9c3b11c0-a4a7-4b93-9c4a-5d15d131039c" />
    <UnitTestResult executionId="2eab67d9-6d52-4fed-a39c-67e944619999" testId="a863de21-5355-0698-6efd-58a60e71d970" testName="Runic.Desktop.Tests.DesktopApiTests.EmbeddedPresentationDeniesSensitivePermissionsByDefault" computerName="iad01-dz252-b7e9f98e-c51f-4a13-af50-79d772098ac4-7683F5C674C7" duration="00:00:00.0705816" startTime="2026-09-02T14:02:25.0086610+00:00" endTime="2026-09-02T14:02:25.0792430+00:00" testType="13cdc9d9-ddb5-4fa4-a97d-d965ccfc6d4b" outcome="Passed" testListId="8c84fa94-04c1-424b-9868-57a2d4851a1d" relativeResultsDirectory="2eab67d9-6d52-4fed-a39c-67e944619999" />
    <UnitTestResult executionId="e9acb15b-0501-414d-8dfc-de4cd9a270fc" testId="98b02137-da92-2d75-eb9a-23fa79214ced" testName="Runic.Desktop.Tests.DesktopApiTests.AvailabilityReportsConcretePresentationsAndActionableFailures" computerName="iad01-dz252-b7e9f98e-c51f-4a13-af50-79d772098ac4-7683F5C674C7" duration="00:00:00.0040767" startTime="2026-09-02T14:02:25.0980990+00:00" endTime="2026-09-02T14:02:25.1022470+00:00" testType="13cdc9d9-ddb5-4fa4-a97d-d965ccfc6d4b" outcome="Passed" testListId="8c84fa94-04c1-424b-9868-57a2d4851a1d" relativeResultsDirectory="e9acb15b-0501-414d-8dfc-de4cd9a270fc" />
    <UnitTestResult executionId="188ee6fa-c754-4fe3-82f8-2f5706dee9a7" testId="59c8a4de-f801-49dc-2c01-22004881a27e" testName="Runic.Desktop.Tests.ContentAndLifecycleTests.DefaultRootIsCopiedByNewWindowsAndRootsRemainWindowOwned" computerName="iad01-dz252-b7e9f98e-c51f-4a13-af50-79d772098ac4-7683F5C674C7" duration="00:00:00.1045048" startTime="2026-09-02T14:02:40.2304480+00:00" endTime="2026-09-02T14:02:40.3346890+00:00" testType="13cdc9d9-ddb5-4fa4-a97d-d965ccfc6d4b" outcome="Passed" testListId="8c84fa94-04c1-424b-9868-57a2d4851a1d" relativeResultsDirectory="188ee6fa-c754-4fe3-82f8-2f5706dee9a7" />
    <UnitTestResult executionId="b557a29d-de72-4325-8ddb-4410e2f66c68" testId="873562f8-993a-b22a-3a10-879493c93627" testName="Runic.Desktop.Tests.ContentAndLifecycleTests.SafePolicyRequiresSameOriginSurfaceScopedCredential" computerName="iad01-dz252-b7e9f98e-c51f-4a13-af50-79d772098ac4-7683F5C674C7" duration="00:00:00.1494822" startTime="2026-09-02T14:02:43.0291620+00:00" endTime="2026-09-02T14:02:43.1789820+00:00" testType="13cdc9d9-ddb5-4fa4-a97d-d965ccfc6d4b" outcome="Passed" testListId="8c84fa94-04c1-424b-9868-57a2d4851a1d" relativeResultsDirectory="b557a29d-de72-4325-8ddb-4410e2f66c68" />
    <UnitTestResult executionId="11bf5712-5253-431d-a635-6fe4001675a7" testId="42622707-7344-db63-6873-9b83b4a6756f" testName="Runic.Desktop.Tests.ContentAndLifecycleTests.ServesFoldersIndexesFilesMimeHeadAndNoCache" computerName="iad01-dz252-b7e9f98e-c51f-4a13-af50-79d772098ac4-7683F5C674C7" duration="00:00:00.2106494" startTime="2026-09-02T14:02:39.8790380+00:00" endTime="2026-09-02T14:02:40.0878010+00:00" testType="13cdc9d9-ddb5-4fa4-a97d-d965ccfc6d4b" outcome="Passed" testListId="8c84fa94-04c1-424b-9868-57a2d4851a1d" relativeResultsDirectory="11bf5712-5253-431d-a635-6fe4001675a7" />
    <UnitTestResult executionId="c7a29ac2-f0e8-40d6-a8eb-de869e96238a" testId="153a09ee-0807-0121-b156-d0931455c8a9" testName="Runic.Desktop.Tests.BrowserHostTests.CanDisposeOwnedBrowserFromItsBindingCallback" computerName="iad01-dz252-b7e9f98e-c51f-4a13-af50-79d772098ac4-7683F5C674C7" duration="00:00:03.1479298" startTime="2026-09-02T14:02:35.5249890+00:00" endTime="2026-09-02T14:02:38.6739820+00:00" testType="13cdc9d9-ddb5-4fa4-a97d-d965ccfc6d4b" outcome="Passed" testListId="8c84fa94-04c1-424b-9868-57a2d4851a1d" relativeResultsDirectory="c7a29ac2-f0e8-40d6-a8eb-de869e96238a" />
    <UnitTestResult executionId="bc380afd-2790-40b3-bc8e-0c44bc6f8ac3" testId="bf22712c-733a-e359-d143-a566e9b67661" testName="Runic.Desktop.Tests.ContentAndLifecycleTests.ExternalUrlUsesLocalRefreshPageInServerOnlyMode" computerName="iad01-dz252-b7e9f98e-c51f-4a13-af50-79d772098ac4-7683F5C674C7" duration="00:00:00.0485584" startTime="2026-09-02T14:02:40.1808900+00:00" endTime="2026-09-02T14:02:40.2296050+00:00" testType="13cdc9d9-ddb5-4fa4-a97d-d965ccfc6d4b" outcome="Passed" testListId="8c84fa94-04c1-424b-9868-57a2d4851a1d" relativeResultsDirectory="bc380afd-2790-40b3-bc8e-0c44bc6f8ac3" />
    <UnitTestResult executionId="ec6740c8-cbde-4294-a529-32f1531afff4" testId="ac985bb8-3f4b-01b1-ef4b-6cb58b0116ff" testName="Runic.Desktop.Tests.EmbeddedHostTests.CustomHostReceivesWindowOptionsAndParticipatesInLifecycle" computerName="iad01-dz252-b7e9f98e-c51f-4a13-af50-79d772098ac4-7683F5C674C7" duration="00:00:00.1058246" startTime="2026-09-02T14:02:39.7702000+00:00" endTime="2026-09-02T14:02:39.8764280+00:00" testType="13cdc9d9-ddb5-4fa4-a97d-d965ccfc6d4b" outcome="Passed" testListId="8c84fa94-04c1-424b-9868-57a2d4851a1d" relativeResultsDirectory="ec6740c8-cbde-4294-a529-32f1531afff4" />
    <UnitTestResult executionId="7afd4c10-ee0e-4996-a9b2-22676d27f4fa" testId="2a647045-2d44-6a96-8329-0813be00d41e" testName="Runic.Desktop.Tests.BrowserHostTests.DiscoversBrowsersFromTheConfiguredFolder" computerName="iad01-dz252-b7e9f98e-c51f-4a13-af50-79d772098ac4-7683F5C674C7" duration="00:00:00.0058290" startTime="2026-09-02T14:02:38.6746880+00:00" endTime="2026-09-02T14:02:38.6797600+00:00" testType="13cdc9d9-ddb5-4fa4-a97d-d965ccfc6d4b" outcome="Passed" testListId="8c84fa94-04c1-424b-9868-57a2d4851a1d" relativeResultsDirectory="7afd4c10-ee0e-4996-a9b2-22676d27f4fa" />
    <UnitTestResult executionId="c1ec5809-f30b-4847-9175-c6a0723e0fee" testId="e5f27a6d-d40e-e619-bc50-029b2491862a" testName="Runic.Desktop.Tests.ContentAndLifecycleTests.StreamingVirtualContentCancelsAndDisposesWhenWindowCloses" computerName="iad01-dz252-b7e9f98e-c51f-4a13-af50-79d772098ac4-7683F5C674C7" duration="00:00:00.0593318" startTime="2026-09-02T14:02:40.3350190+00:00" endTime="2026-09-02T14:02:40.3944190+00:00" testType="13cdc9d9-ddb5-4fa4-a97d-d965ccfc6d4b" outcome="Passed" testListId="8c84fa94-04c1-424b-9868-57a2d4851a1d" relativeResultsDirectory="c1ec5809-f30b-4847-9175-c6a0723e0fee" />
    <UnitTestResult executionId="7aeb52b4-0698-4711-a5ac-a5bfdf3f1025" testId="cc4a777c-6bdf-b1b6-d72b-a88ba31bae1e" testName="Runic.Desktop.Tests.ContentAndLifecycleTests.RejectsTraversalAndSymlinksOutsideRoot" computerName="iad01-dz252-b7e9f98e-c51f-4a13-af50-79d772098ac4-7683F5C674C7" duration="00:00:00.0314393" startTime="2026-09-02T14:02:43.8469870+00:00" endTime="2026-09-02T14:02:43.8787040+00:00" testType="13cdc9d9-ddb5-4fa4-a97d-d965ccfc6d4b" outcome="Passed" testListId="8c84fa94-04c1-424b-9868-57a2d4851a1d" relativeResultsDirectory="7aeb52b4-0698-4711-a5ac-a5bfdf3f1025" />
    <UnitTestResult executionId="396cd5f9-6763-4d0b-853a-bcd356a32733" testId="98566b48-c4e6-8047-f8e9-0d21cb83c0a5" testName="Runic.Desktop.Tests.ConformanceReceiptTests.DotNetReceiptPassesEveryPortableFixtureExactlyOnce" computerName="iad01-dz252-b7e9f98e-c51f-4a13-af50-79d772098ac4-7683F5C674C7" duration="00:00:00.3388007" startTime="2026-09-02T14:02:22.7175910+00:00" endTime="2026-09-02T14:02:23.1229090+00:00" testType="13cdc9d9-ddb5-4fa4-a97d-d965ccfc6d4b" outcome="Passed" testListId="8c84fa94-04c1-424b-9868-57a2d4851a1d" relativeResultsDirectory="396cd5f9-6763-4d0b-853a-bcd356a32733" />
    <UnitTestResult executionId="41a1ebaf-8f60-4e71-9ca7-dc05861b080b" testId="a966f8b1-ba0a-125c-269e-fc3da2253677" testName="Runic.Desktop.Tests.DesktopApiTests.PublicStreamingResponseDoesNotOpenForHead" computerName="iad01-dz252-b7e9f98e-c51f-4a13-af50-79d772098ac4-7683F5C674C7" duration="00:00:00.0601220" startTime="2026-09-02T14:02:25.4053980+00:00" endTime="2026-09-02T14:02:25.4657360+00:00" testType="13cdc9d9-ddb5-4fa4-a97d-d965ccfc6d4b" outcome="Passed" testListId="8c84fa94-04c1-424b-9868-57a2d4851a1d" relativeResultsDirectory="41a1ebaf-8f60-4e71-9ca7-dc05861b080b" />
    <UnitTestResult executionId="42a256bd-8589-4f8c-9e50-4666b7f77841" testId="0c3c32ba-0cf8-85be-b48a-330743b05bda" testName="Runic.Desktop.Tests.ManagedWindowTests.ServesEmbeddedContentAndWebUiCompatibleBridge" computerName="iad01-dz252-b7e9f98e-c51f-4a13-af50-79d772098ac4-7683F5C674C7" duration="00:00:00.1083569" startTime="2026-09-02T14:02:38.6804370+00:00" endTime="2026-09-02T14:02:38.7892430+00:00" testType="13cdc9d9-ddb5-4fa4-a97d-d965ccfc6d4b" outcome="Passed" testListId="8c84fa94-04c1-424b-9868-57a2d4851a1d" relativeResultsDirectory="42a256bd-8589-4f8c-9e50-4666b7f77841" />
  </Results>
  <TestDefinitions>
    <UnitTest name="Runic.Desktop.Tests.ContentAndLifecycleTests.StreamingVirtualContentCancelsAndDisposesWhenWindowCloses" storage="/users/runner/work/runic-desktop/runic-desktop/tests/runic.desktop.tests/bin/release/net10.0/runic.desktop.tests.dll" id="e5f27a6d-d40e-e619-bc50-029b2491862a">
      <Execution id="c1ec5809-f30b-4847-9175-c6a0723e0fee" />
      <TestMethod codeBase="/Users/runner/work/runic-desktop/runic-desktop/tests/Runic.Desktop.Tests/bin/Release/net10.0/Runic.Desktop.Tests.dll" adapterTypeName="executor://xunit/VsTestRunner3/netcore/" className="Runic.Desktop.Tests.ContentAndLifecycleTests" name="StreamingVirtualContentCancelsAndDisposesWhenWindowCloses" />
    </UnitTest>
    <UnitTest name="Runic.Desktop.Tests.ContentAndLifecycleTests.ServesFoldersIndexesFilesMimeHeadAndNoCache" storage="/users/runner/work/runic-desktop/runic-desktop/tests/runic.desktop.tests/bin/release/net10.0/runic.desktop.tests.dll" id="42622707-7344-db63-6873-9b83b4a6756f">
      <Execution id="11bf5712-5253-431d-a635-6fe4001675a7" />
      <TestMethod codeBase="/Users/runner/work/runic-desktop/runic-desktop/tests/Runic.Desktop.Tests/bin/Release/net10.0/Runic.Desktop.Tests.dll" adapterTypeName="executor://xunit/VsTestRunner3/netcore/" className="Runic.Desktop.Tests.ContentAndLifecycleTests" name="ServesFoldersIndexesFilesMimeHeadAndNoCache" />
    </UnitTest>
    <UnitTest name="Runic.Desktop.Tests.DesktopApiTests.PublicStreamingResponseDoesNotOpenForHead" storage="/users/runner/work/runic-desktop/runic-desktop/tests/runic.desktop.tests/bin/release/net10.0/runic.desktop.tests.dll" id="a966f8b1-ba0a-125c-269e-fc3da2253677">
      <Execution id="41a1ebaf-8f60-4e71-9ca7-dc05861b080b" />
      <TestMethod codeBase="/Users/runner/work/runic-desktop/runic-desktop/tests/Runic.Desktop.Tests/bin/Release/net10.0/Runic.Desktop.Tests.dll" adapterTypeName="executor://xunit/VsTestRunner3/netcore/" className="Runic.Desktop.Tests.DesktopApiTests" name="PublicStreamingResponseDoesNotOpenForHead" />
    </UnitTest>
    <UnitTest name="Runic.Desktop.Tests.ContentAndLifecycleTests.DefaultRootIsCopiedByNewWindowsAndRootsRemainWindowOwned" storage="/users/runner/work/runic-desktop/runic-desktop/tests/runic.desktop.tests/bin/release/net10.0/runic.desktop.tests.dll" id="59c8a4de-f801-49dc-2c01-22004881a27e">
      <Execution id="188ee6fa-c754-4fe3-82f8-2f5706dee9a7" />
      <TestMethod codeBase="/Users/runner/work/runic-desktop/runic-desktop/tests/Runic.Desktop.Tests/bin/Release/net10.0/Runic.Desktop.Tests.dll" adapterTypeName="executor://xunit/VsTestRunner3/netcore/" className="Runic.Desktop.Tests.ContentAndLifecycleTests" name="DefaultRootIsCopiedByNewWindowsAndRootsRemainWindowOwned" />
    </UnitTest>
    <UnitTest name="Runic.Desktop.Tests.ManagedWindowTests.SendsQuickJavaScriptRawDataAndNavigationPackets" storage="/users/runner/work/runic-desktop/runic-desktop/tests/runic.desktop.tests/bin/release/net10.0/runic.desktop.tests.dll" id="841c5a29-6640-dcf7-e5bc-735ffe9c53e2">
      <Execution id="2a756a11-dc0d-48ef-a025-4d2493b03424" />
      <TestMethod codeBase="/Users/runner/work/runic-desktop/runic-desktop/tests/Runic.Desktop.Tests/bin/Release/net10.0/Runic.Desktop.Tests.dll" adapterTypeName="executor://xunit/VsTestRunner3/netcore/" className="Runic.Desktop.Tests.ManagedWindowTests" name="SendsQuickJavaScriptRawDataAndNavigationPackets" />
    </UnitTest>
    <UnitTest name="Runic.Desktop.Tests.DesktopApiTests.ClosingSurfaceReportsCauseAndReleasesPublicStream" storage="/users/runner/work/runic-desktop/runic-desktop/tests/runic.desktop.tests/bin/release/net10.0/runic.desktop.tests.dll" id="b2e0017f-c9ce-c14b-e9da-f53c03715eec">
      <Execution id="cc3db0e0-1663-4ecf-bf1f-c1b55ff7babc" />
      <TestMethod codeBase="/Users/runner/work/runic-desktop/runic-desktop/tests/Runic.Desktop.Tests/bin/Release/net10.0/Runic.Desktop.Tests.dll" adapterTypeName="executor://xunit/VsTestRunner3/netcore/" className="Runic.Desktop.Tests.DesktopApiTests" name="ClosingSurfaceReportsCauseAndReleasesPublicStream" />
    </UnitTest>
    <UnitTest name="Runic.Desktop.Tests.DesktopApiTests.AvailabilityReportsConcretePresentationsAndActionableFailures" storage="/users/runner/work/runic-desktop/runic-desktop/tests/runic.desktop.tests/bin/release/net10.0/runic.desktop.tests.dll" id="98b02137-da92-2d75-eb9a-23fa79214ced">
      <Execution id="e9acb15b-0501-414d-8dfc-de4cd9a270fc" />
      <TestMethod codeBase="/Users/runner/work/runic-desktop/runic-desktop/tests/Runic.Desktop.Tests/bin/Release/net10.0/Runic.Desktop.Tests.dll" adapterTypeName="executor://xunit/VsTestRunner3/netcore/" className="Runic.Desktop.Tests.DesktopApiTests" name="AvailabilityReportsConcretePresentationsAndActionableFailures" />
    </UnitTest>
    <UnitTest name="Runic.Desktop.Tests.ManagedWindowTests.UsesWebUiHandshakeAndCallFraming" storage="/users/runner/work/runic-desktop/runic-desktop/tests/runic.desktop.tests/bin/release/net10.0/runic.desktop.tests.dll" id="2722cabe-f484-db79-67f3-214ee4d57762">
      <Execution id="58fe47a4-fbf6-4dbe-9059-c6a2fd527e48" />
      <TestMethod codeBase="/Users/runner/work/runic-desktop/runic-desktop/tests/Runic.Desktop.Tests/bin/Release/net10.0/Runic.Desktop.Tests.dll" adapterTypeName="executor://xunit/VsTestRunner3/netcore/" className="Runic.Desktop.Tests.ManagedWindowTests" name="UsesWebUiHandshakeAndCallFraming" />
    </UnitTest>
    <UnitTest name="Runic.Desktop.Tests.DesktopApiTests.PreflightRejectsUnknownPresentationPolicies" storage="/users/runner/work/runic-desktop/runic-desktop/tests/runic.desktop.tests/bin/release/net10.0/runic.desktop.tests.dll" id="b800fae3-a831-9e12-5b61-57cd5502156e">
      <Execution id="3d0180fd-ed30-4796-b093-58bd1110e59a" />
      <TestMethod codeBase="/Users/runner/work/runic-desktop/runic-desktop/tests/Runic.Desktop.Tests/bin/Release/net10.0/Runic.Desktop.Tests.dll" adapterTypeName="executor://xunit/VsTestRunner3/netcore/" className="Runic.Desktop.Tests.DesktopApiTests" name="PreflightRejectsUnknownPresentationPolicies" />
    </UnitTest>
    <UnitTest name="Runic.Desktop.Tests.ContentAndLifecycleTests.VirtualContentHasFallbackAndCannotOverrideBridge" storage="/users/runner/work/runic-desktop/runic-desktop/tests/runic.desktop.tests/bin/release/net10.0/runic.desktop.tests.dll" id="8c00a42e-977a-f5e9-4c96-8ff35787842b">
      <Execution id="3dc17735-b1bc-4b23-b3bb-0abab044a884" />
      <TestMethod codeBase="/Users/runner/work/runic-desktop/runic-desktop/tests/Runic.Desktop.Tests/bin/Release/net10.0/Runic.Desktop.Tests.dll" adapterTypeName="executor://xunit/VsTestRunner3/netcore/" className="Runic.Desktop.Tests.ContentAndLifecycleTests" name="VirtualContentHasFallbackAndCannotOverrideBridge" />
    </UnitTest>
    <UnitTest name="Runic.Desktop.Tests.ContentAndLifecycleTests.StreamingVirtualContentHonorsHeadCancellationAndDisposal" storage="/users/runner/work/runic-desktop/runic-desktop/tests/runic.desktop.tests/bin/release/net10.0/runic.desktop.tests.dll" id="c5cf9e72-79c2-bc41-7ad0-236970370f46">
      <Execution id="be19337e-641e-48ed-ba89-9dcbb02d1f07" />
      <TestMethod codeBase="/Users/runner/work/runic-desktop/runic-desktop/tests/Runic.Desktop.Tests/bin/Release/net10.0/Runic.Desktop.Tests.dll" adapterTypeName="executor://xunit/VsTestRunner3/netcore/" className="Runic.Desktop.Tests.ContentAndLifecycleTests" name="StreamingVirtualContentHonorsHeadCancellationAndDisposal" />
    </UnitTest>
    <UnitTest name="Runic.Desktop.Tests.BrowserBridgeTests.UpstreamStyleCallbackAndJavaScriptRoundTripRunsInChromium" storage="/users/runner/work/runic-desktop/runic-desktop/tests/runic.desktop.tests/bin/release/net10.0/runic.desktop.tests.dll" id="3eeee4fc-58f0-6aab-1711-50e00a745a94">
      <Execution id="31bdd34e-03ca-475e-b202-70ef635e6d23" />
      <TestMethod codeBase="/Users/runner/work/runic-desktop/runic-desktop/tests/Runic.Desktop.Tests/bin/Release/net10.0/Runic.Desktop.Tests.dll" adapterTypeName="executor://xunit/VsTestRunner3/netcore/" className="Runic.Desktop.Tests.BrowserBridgeTests" name="UpstreamStyleCallbackAndJavaScriptRoundTripRunsInChromium" />
    </UnitTest>
    <UnitTest name="Runic.Desktop.Tests.EmbeddedHostTests.CustomHostReceivesWindowOptionsAndParticipatesInLifecycle" storage="/users/runner/work/runic-desktop/runic-desktop/tests/runic.desktop.tests/bin/release/net10.0/runic.desktop.tests.dll" id="ac985bb8-3f4b-01b1-ef4b-6cb58b0116ff">
      <Execution id="ec6740c8-cbde-4294-a529-32f1531afff4" />
      <TestMethod codeBase="/Users/runner/work/runic-desktop/runic-desktop/tests/Runic.Desktop.Tests/bin/Release/net10.0/Runic.Desktop.Tests.dll" adapterTypeName="executor://xunit/VsTestRunner3/netcore/" className="Runic.Desktop.Tests.EmbeddedHostTests" name="CustomHostReceivesWindowOptionsAndParticipatesInLifecycle" />
    </UnitTest>
    <UnitTest name="Runic.Desktop.Tests.ContentAndLifecycleTests.SingleClientRejectsConcurrentSocketAndMultiClientOwnsStableClientIds" storage="/users/runner/work/runic-desktop/runic-desktop/tests/runic.desktop.tests/bin/release/net10.0/runic.desktop.tests.dll" id="6b591cb1-f1c9-bcd8-2db0-845bc1909923">
      <Execution id="965ceced-c44b-4ab5-a033-c1c81a936ac0" />
      <TestMethod codeBase="/Users/runner/work/runic-desktop/runic-desktop/tests/Runic.Desktop.Tests/bin/Release/net10.0/Runic.Desktop.Tests.dll" adapterTypeName="executor://xunit/VsTestRunner3/netcore/" className="Runic.Desktop.Tests.ContentAndLifecycleTests" name="SingleClientRejectsConcurrentSocketAndMultiClientOwnsStableClientIds" />
    </UnitTest>
    <UnitTest name="Runic.Desktop.Tests.ContentAndLifecycleTests.RejectsTraversalAndSymlinksOutsideRoot" storage="/users/runner/work/runic-desktop/runic-desktop/tests/runic.desktop.tests/bin/release/net10.0/runic.desktop.tests.dll" id="cc4a777c-6bdf-b1b6-d72b-a88ba31bae1e">
      <Execution id="7aeb52b4-0698-4711-a5ac-a5bfdf3f1025" />
      <TestMethod codeBase="/Users/runner/work/runic-desktop/runic-desktop/tests/Runic.Desktop.Tests/bin/Release/net10.0/Runic.Desktop.Tests.dll" adapterTypeName="executor://xunit/VsTestRunner3/netcore/" className="Runic.Desktop.Tests.ContentAndLifecycleTests" name="RejectsTraversalAndSymlinksOutsideRoot" />
    </UnitTest>
    <UnitTest name="Runic.Desktop.Tests.ManagedWindowTests.DispatchesConnectionClickNavigationAndDisconnectionEvents" storage="/users/runner/work/runic-desktop/runic-desktop/tests/runic.desktop.tests/bin/release/net10.0/runic.desktop.tests.dll" id="fc077d82-9cdc-ef5c-ee27-ae7334c5fb98">
      <Execution id="6152064a-53bb-4961-b900-d91878599ad2" />
      <TestMethod codeBase="/Users/runner/work/runic-desktop/runic-desktop/tests/Runic.Desktop.Tests/bin/Release/net10.0/Runic.Desktop.Tests.dll" adapterTypeName="executor://xunit/VsTestRunner3/netcore/" className="Runic.Desktop.Tests.ManagedWindowTests" name="DispatchesConnectionClickNavigationAndDisconnectionEvents" />
    </UnitTest>
    <UnitTest name="Runic.Desktop.Tests.BrowserHostTests.ParsesQuotedCustomParametersWithoutUsingAShell" storage="/users/runner/work/runic-desktop/runic-desktop/tests/runic.desktop.tests/bin/release/net10.0/runic.desktop.tests.dll" id="7218f8d9-1149-d866-00e8-d8adf0f1aa7b">
      <Execution id="7443e196-6149-483a-84de-559232f2b6e3" />
      <TestMethod codeBase="/Users/runner/work/runic-desktop/runic-desktop/tests/Runic.Desktop.Tests/bin/Release/net10.0/Runic.Desktop.Tests.dll" adapterTypeName="executor://xunit/VsTestRunner3/netcore/" className="Runic.Desktop.Tests.BrowserHostTests" name="ParsesQuotedCustomParametersWithoutUsingAShell" />
    </UnitTest>
    <UnitTest name="Runic.Desktop.Tests.DesktopApiTests.PublicSurfaceServesRunicDesktopBootstrapIdentity" storage="/users/runner/work/runic-desktop/runic-desktop/tests/runic.desktop.tests/bin/release/net10.0/runic.desktop.tests.dll" id="5d193ded-7733-ac1e-648e-be04b51d822c">
      <Execution id="235c8c20-de9c-4366-b2a6-12fa0c93ef10" />
      <TestMethod codeBase="/Users/runner/work/runic-desktop/runic-desktop/tests/Runic.Desktop.Tests/bin/Release/net10.0/Runic.Desktop.Tests.dll" adapterTypeName="executor://xunit/VsTestRunner3/netcore/" className="Runic.Desktop.Tests.DesktopApiTests" name="PublicSurfaceServesRunicDesktopBootstrapIdentity" />
    </UnitTest>
    <UnitTest name="Runic.Desktop.Tests.DesktopApiTests.UnavailablePresentationFailsEarlyWithCorrelatedRemediation" storage="/users/runner/work/runic-desktop/runic-desktop/tests/runic.desktop.tests/bin/release/net10.0/runic.desktop.tests.dll" id="b7afc2cd-d1f8-bbc9-fa3e-808ac4b28703">
      <Execution id="9c3b11c0-a4a7-4b93-9c4a-5d15d131039c" />
      <TestMethod codeBase="/Users/runner/work/runic-desktop/runic-desktop/tests/Runic.Desktop.Tests/bin/Release/net10.0/Runic.Desktop.Tests.dll" adapterTypeName="executor://xunit/VsTestRunner3/netcore/" className="Runic.Desktop.Tests.DesktopApiTests" name="UnavailablePresentationFailsEarlyWithCorrelatedRemediation" />
    </UnitTest>
    <UnitTest name="Runic.Desktop.Tests.BrowserHostTests.DiscoversBrowsersFromTheConfiguredFolder" storage="/users/runner/work/runic-desktop/runic-desktop/tests/runic.desktop.tests/bin/release/net10.0/runic.desktop.tests.dll" id="2a647045-2d44-6a96-8329-0813be00d41e">
      <Execution id="7afd4c10-ee0e-4996-a9b2-22676d27f4fa" />
      <TestMethod codeBase="/Users/runner/work/runic-desktop/runic-desktop/tests/Runic.Desktop.Tests/bin/Release/net10.0/Runic.Desktop.Tests.dll" adapterTypeName="executor://xunit/VsTestRunner3/netcore/" className="Runic.Desktop.Tests.BrowserHostTests" name="DiscoversBrowsersFromTheConfiguredFolder" />
    </UnitTest>
    <UnitTest name="Runic.Desktop.Tests.DesktopApiTests.StructuredPayloadRejectsDuplicateKeysWithStableRedactedError" storage="/users/runner/work/runic-desktop/runic-desktop/tests/runic.desktop.tests/bin/release/net10.0/runic.desktop.tests.dll" id="faa5ad64-e057-0b14-8269-be7189385afd">
      <Execution id="0d21b845-8712-4be8-93a0-40d022c7bbbe" />
      <TestMethod codeBase="/Users/runner/work/runic-desktop/runic-desktop/tests/Runic.Desktop.Tests/bin/Release/net10.0/Runic.Desktop.Tests.dll" adapterTypeName="executor://xunit/VsTestRunner3/netcore/" className="Runic.Desktop.Tests.DesktopApiTests" name="StructuredPayloadRejectsDuplicateKeysWithStableRedactedError" />
    </UnitTest>
    <UnitTest name="Runic.Desktop.Tests.DesktopApiTests.EmbeddedPresentationDeniesSensitivePermissionsByDefault" storage="/users/runner/work/runic-desktop/runic-desktop/tests/runic.desktop.tests/bin/release/net10.0/runic.desktop.tests.dll" id="a863de21-5355-0698-6efd-58a60e71d970">
      <Execution id="2eab67d9-6d52-4fed-a39c-67e944619999" />
      <TestMethod codeBase="/Users/runner/work/runic-desktop/runic-desktop/tests/Runic.Desktop.Tests/bin/Release/net10.0/Runic.Desktop.Tests.dll" adapterTypeName="executor://xunit/VsTestRunner3/netcore/" className="Runic.Desktop.Tests.DesktopApiTests" name="EmbeddedPresentationDeniesSensitivePermissionsByDefault" />
    </UnitTest>
    <UnitTest name="Runic.Desktop.Tests.DesktopApiTests.LocalContentDeniesMediaCaptureByDefault" storage="/users/runner/work/runic-desktop/runic-desktop/tests/runic.desktop.tests/bin/release/net10.0/runic.desktop.tests.dll" id="1aba962a-ef9e-2eaf-2ed5-0d3525098d00">
      <Execution id="73281138-336d-406f-8020-aa6c68217c9e" />
      <TestMethod codeBase="/Users/runner/work/runic-desktop/runic-desktop/tests/Runic.Desktop.Tests/bin/Release/net10.0/Runic.Desktop.Tests.dll" adapterTypeName="executor://xunit/VsTestRunner3/netcore/" className="Runic.Desktop.Tests.DesktopApiTests" name="LocalContentDeniesMediaCaptureByDefault" />
    </UnitTest>
    <UnitTest name="Runic.Desktop.Tests.ContentAndLifecycleTests.ApplicationWaitTracksAllRunningWindowsAndExitClosesThem" storage="/users/runner/work/runic-desktop/runic-desktop/tests/runic.desktop.tests/bin/release/net10.0/runic.desktop.tests.dll" id="645936de-3caf-dd2d-ee49-8175c9bad3b7">
      <Execution id="81f14c8d-a463-492b-a4db-4ba9011c3c2b" />
      <TestMethod codeBase="/Users/runner/work/runic-desktop/runic-desktop/tests/Runic.Desktop.Tests/bin/Release/net10.0/Runic.Desktop.Tests.dll" adapterTypeName="executor://xunit/VsTestRunner3/netcore/" className="Runic.Desktop.Tests.ContentAndLifecycleTests" name="ApplicationWaitTracksAllRunningWindowsAndExitClosesThem" />
    </UnitTest>
    <UnitTest name="Runic.Desktop.Tests.DesktopApiTests.PreflightReportsTheRequestedPolicyAndConcreteCapabilityLimit" storage="/users/runner/work/runic-desktop/runic-desktop/tests/runic.desktop.tests/bin/release/net10.0/runic.desktop.tests.dll" id="5d3640bb-4373-2ac5-219f-5be2d06be85b">
      <Execution id="9adfbd1d-059f-436f-9115-d110fd0d8814" />
      <TestMethod codeBase="/Users/runner/work/runic-desktop/runic-desktop/tests/Runic.Desktop.Tests/bin/Release/net10.0/Runic.Desktop.Tests.dll" adapterTypeName="executor://xunit/VsTestRunner3/netcore/" className="Runic.Desktop.Tests.DesktopApiTests" name="PreflightReportsTheRequestedPolicyAndConcreteCapabilityLimit" />
    </UnitTest>
    <UnitTest name="Runic.Desktop.Tests.DesktopApiTests.ExplicitEmbeddedThenBrowserFallbackIsObservable" storage="/users/runner/work/runic-desktop/runic-desktop/tests/runic.desktop.tests/bin/release/net10.0/runic.desktop.tests.dll" id="709d4377-8d03-258b-2660-4ace3fd90f6d">
      <Execution id="e09323b3-4cc8-48aa-9afa-580da98e092b" />
      <TestMethod codeBase="/Users/runner/work/runic-desktop/runic-desktop/tests/Runic.Desktop.Tests/bin/Release/net10.0/Runic.Desktop.Tests.dll" adapterTypeName="executor://xunit/VsTestRunner3/netcore/" className="Runic.Desktop.Tests.DesktopApiTests" name="ExplicitEmbeddedThenBrowserFallbackIsObservable" />
    </UnitTest>
    <UnitTest name="Runic.Desktop.Tests.ManagedWindowTests.ServesEmbeddedContentAndWebUiCompatibleBridge" storage="/users/runner/work/runic-desktop/runic-desktop/tests/runic.desktop.tests/bin/release/net10.0/runic.desktop.tests.dll" id="0c3c32ba-0cf8-85be-b48a-330743b05bda">
      <Execution id="42a256bd-8589-4f8c-9e50-4666b7f77841" />
      <TestMethod codeBase="/Users/runner/work/runic-desktop/runic-desktop/tests/Runic.Desktop.Tests/bin/Release/net10.0/Runic.Desktop.Tests.dll" adapterTypeName="executor://xunit/VsTestRunner3/netcore/" className="Runic.Desktop.Tests.ManagedWindowTests" name="ServesEmbeddedContentAndWebUiCompatibleBridge" />
    </UnitTest>
    <UnitTest name="Runic.Desktop.Tests.ManagedWindowTests.RejectsAnInvalidProtocolToken" storage="/users/runner/work/runic-desktop/runic-desktop/tests/runic.desktop.tests/bin/release/net10.0/runic.desktop.tests.dll" id="eaf7f52e-39ec-e400-0619-249e82132ecd">
      <Execution id="29c0f7a6-f868-4739-9e6a-caf626f3e323" />
      <TestMethod codeBase="/Users/runner/work/runic-desktop/runic-desktop/tests/Runic.Desktop.Tests/bin/Release/net10.0/Runic.Desktop.Tests.dll" adapterTypeName="executor://xunit/VsTestRunner3/netcore/" className="Runic.Desktop.Tests.ManagedWindowTests" name="RejectsAnInvalidProtocolToken" />
    </UnitTest>
    <UnitTest name="Runic.Desktop.Tests.ContentAndLifecycleTests.ExternalUrlUsesLocalRefreshPageInServerOnlyMode" storage="/users/runner/work/runic-desktop/runic-desktop/tests/runic.desktop.tests/bin/release/net10.0/runic.desktop.tests.dll" id="bf22712c-733a-e359-d143-a566e9b67661">
      <Execution id="bc380afd-2790-40b3-bc8e-0c44bc6f8ac3" />
      <TestMethod codeBase="/Users/runner/work/runic-desktop/runic-desktop/tests/Runic.Desktop.Tests/bin/Release/net10.0/Runic.Desktop.Tests.dll" adapterTypeName="executor://xunit/VsTestRunner3/netcore/" className="Runic.Desktop.Tests.ContentAndLifecycleTests" name="ExternalUrlUsesLocalRefreshPageInServerOnlyMode" />
    </UnitTest>
    <UnitTest name="Runic.Desktop.Tests.DesktopApiTests.CapabilityFailuresProduceOnlyStableRedactedDiagnostics" storage="/users/runner/work/runic-desktop/runic-desktop/tests/runic.desktop.tests/bin/release/net10.0/runic.desktop.tests.dll" id="80882ead-bf5a-a1c8-680a-63d76cc6e1b8">
      <Execution id="bf9556bc-76f1-47ef-a8ed-761c65bd01bc" />
      <TestMethod codeBase="/Users/runner/work/runic-desktop/runic-desktop/tests/Runic.Desktop.Tests/bin/Release/net10.0/Runic.Desktop.Tests.dll" adapterTypeName="executor://xunit/VsTestRunner3/netcore/" className="Runic.Desktop.Tests.DesktopApiTests" name="CapabilityFailuresProduceOnlyStableRedactedDiagnostics" />
    </UnitTest>
    <UnitTest name="Runic.Desktop.Tests.ManagedWindowTests.CanRestartAfterClose" storage="/users/runner/work/runic-desktop/runic-desktop/tests/runic.desktop.tests/bin/release/net10.0/runic.desktop.tests.dll" id="69ba1b79-4bb3-3aa9-7d3e-186c4014b62c">
      <Execution id="169c4522-803b-4198-a5d6-e6ed17f06407" />
      <TestMethod codeBase="/Users/runner/work/runic-desktop/runic-desktop/tests/Runic.Desktop.Tests/bin/Release/net10.0/Runic.Desktop.Tests.dll" adapterTypeName="executor://xunit/VsTestRunner3/netcore/" className="Runic.Desktop.Tests.ManagedWindowTests" name="CanRestartAfterClose" />
    </UnitTest>
    <UnitTest name="Runic.Desktop.Tests.ContentAndLifecycleTests.ConcurrentServerWindowChurnLeavesNoApplicationLifetimeBehind" storage="/users/runner/work/runic-desktop/runic-desktop/tests/runic.desktop.tests/bin/release/net10.0/runic.desktop.tests.dll" id="f7d337ed-ddc8-7f26-91e2-3cbcbb395cac">
      <Execution id="d1594057-a3a0-4342-a4fd-cb9dbd011679" />
      <TestMethod codeBase="/Users/runner/work/runic-desktop/runic-desktop/tests/Runic.Desktop.Tests/bin/Release/net10.0/Runic.Desktop.Tests.dll" adapterTypeName="executor://xunit/VsTestRunner3/netcore/" className="Runic.Desktop.Tests.ContentAndLifecycleTests" name="ConcurrentServerWindowChurnLeavesNoApplicationLifetimeBehind" />
    </UnitTest>
    <UnitTest name="Runic.Desktop.Tests.ConformanceReceiptTests.DotNetReceiptPassesEveryPortableFixtureExactlyOnce" storage="/users/runner/work/runic-desktop/runic-desktop/tests/runic.desktop.tests/bin/release/net10.0/runic.desktop.tests.dll" id="98566b48-c4e6-8047-f8e9-0d21cb83c0a5">
      <Execution id="396cd5f9-6763-4d0b-853a-bcd356a32733" />
      <TestMethod codeBase="/Users/runner/work/runic-desktop/runic-desktop/tests/Runic.Desktop.Tests/bin/Release/net10.0/Runic.Desktop.Tests.dll" adapterTypeName="executor://xunit/VsTestRunner3/netcore/" className="Runic.Desktop.Tests.ConformanceReceiptTests" name="DotNetReceiptPassesEveryPortableFixtureExactlyOnce" />
    </UnitTest>
    <UnitTest name="Runic.Desktop.Tests.ContentAndLifecycleTests.RunningWindowUsesRootFolderChangesImmediately" storage="/users/runner/work/runic-desktop/runic-desktop/tests/runic.desktop.tests/bin/release/net10.0/runic.desktop.tests.dll" id="c33e4b36-720b-43fb-a834-927b3c40e329">
      <Execution id="ea7c914b-3a98-46fb-b92d-eb25ced1b51d" />
      <TestMethod codeBase="/Users/runner/work/runic-desktop/runic-desktop/tests/Runic.Desktop.Tests/bin/Release/net10.0/Runic.Desktop.Tests.dll" adapterTypeName="executor://xunit/VsTestRunner3/netcore/" className="Runic.Desktop.Tests.ContentAndLifecycleTests" name="RunningWindowUsesRootFolderChangesImmediately" />
    </UnitTest>
    <UnitTest name="Runic.Desktop.Tests.ManagedWindowTests.CallbackCanSynchronouslyExecuteJavaScriptWithoutDeadlock" storage="/users/runner/work/runic-desktop/runic-desktop/tests/runic.desktop.tests/bin/release/net10.0/runic.desktop.tests.dll" id="8d6fba1e-1ad3-7679-61dd-3c8fc03136b5">
      <Execution id="37d89cbc-f1e7-48f4-aef6-c5bb291a9b64" />
      <TestMethod codeBase="/Users/runner/work/runic-desktop/runic-desktop/tests/Runic.Desktop.Tests/bin/Release/net10.0/Runic.Desktop.Tests.dll" adapterTypeName="executor://xunit/VsTestRunner3/netcore/" className="Runic.Desktop.Tests.ManagedWindowTests" name="CallbackCanSynchronouslyExecuteJavaScriptWithoutDeadlock" />
    </UnitTest>
    <UnitTest name="Runic.Desktop.Tests.ContentAndLifecycleTests.SafePolicyRequiresSameOriginSurfaceScopedCredential" storage="/users/runner/work/runic-desktop/runic-desktop/tests/runic.desktop.tests/bin/release/net10.0/runic.desktop.tests.dll" id="873562f8-993a-b22a-3a10-879493c93627">
      <Execution id="b557a29d-de72-4325-8ddb-4410e2f66c68" />
      <TestMethod codeBase="/Users/runner/work/runic-desktop/runic-desktop/tests/Runic.Desktop.Tests/bin/Release/net10.0/Runic.Desktop.Tests.dll" adapterTypeName="executor://xunit/VsTestRunner3/netcore/" className="Runic.Desktop.Tests.ContentAndLifecycleTests" name="SafePolicyRequiresSameOriginSurfaceScopedCredential" />
    </UnitTest>
    <UnitTest name="Runic.Desktop.Tests.DesktopApiTests.EmbeddedPresentationReceivesExplicitPermissionPolicy" storage="/users/runner/work/runic-desktop/runic-desktop/tests/runic.desktop.tests/bin/release/net10.0/runic.desktop.tests.dll" id="061b1bd8-6193-b540-6f5d-edf69ffad5cf">
      <Execution id="c9dd092c-192d-4383-b89e-adb579cfcbc3" />
      <TestMethod codeBase="/Users/runner/work/runic-desktop/runic-desktop/tests/Runic.Desktop.Tests/bin/Release/net10.0/Runic.Desktop.Tests.dll" adapterTypeName="executor://xunit/VsTestRunner3/netcore/" className="Runic.Desktop.Tests.DesktopApiTests" name="EmbeddedPresentationReceivesExplicitPermissionPolicy" />
    </UnitTest>
    <UnitTest name="Runic.Desktop.Tests.DesktopApiTests.ContentRequestExposesAnImmutableCaseInsensitiveHeaderSnapshot" storage="/users/runner/work/runic-desktop/runic-desktop/tests/runic.desktop.tests/bin/release/net10.0/runic.desktop.tests.dll" id="15c47b62-c838-e176-2043-0357e9697beb">
      <Execution id="6ab77ef4-f233-41ef-82ab-c4f78fb751d8" />
      <TestMethod codeBase="/Users/runner/work/runic-desktop/runic-desktop/tests/Runic.Desktop.Tests/bin/Release/net10.0/Runic.Desktop.Tests.dll" adapterTypeName="executor://xunit/VsTestRunner3/netcore/" className="Runic.Desktop.Tests.DesktopApiTests" name="ContentRequestExposesAnImmutableCaseInsensitiveHeaderSnapshot" />
    </UnitTest>
    <UnitTest name="Runic.Desktop.Tests.BrowserHostTests.OwnsChromiumProcessProfileRestartAndNaturalExit" storage="/users/runner/work/runic-desktop/runic-desktop/tests/runic.desktop.tests/bin/release/net10.0/runic.desktop.tests.dll" id="42cb6dca-8767-b555-5ffa-652435100998">
      <Execution id="5c132100-6f07-4477-aa70-44fd67f2e09a" />
      <TestMethod codeBase="/Users/runner/work/runic-desktop/runic-desktop/tests/Runic.Desktop.Tests/bin/Release/net10.0/Runic.Desktop.Tests.dll" adapterTypeName="executor://xunit/VsTestRunner3/netcore/" className="Runic.Desktop.Tests.BrowserHostTests" name="OwnsChromiumProcessProfileRestartAndNaturalExit" />
    </UnitTest>
    <UnitTest name="Runic.Desktop.Tests.ManagedWindowTests.CorrelatesJavaScriptResultsAndReportsErrors" storage="/users/runner/work/runic-desktop/runic-desktop/tests/runic.desktop.tests/bin/release/net10.0/runic.desktop.tests.dll" id="e60701dd-fdb6-9a88-8add-d8437c0946fd">
      <Execution id="2db73630-f8f0-45f5-bf55-509518038fb2" />
      <TestMethod codeBase="/Users/runner/work/runic-desktop/runic-desktop/tests/Runic.Desktop.Tests/bin/Release/net10.0/Runic.Desktop.Tests.dll" adapterTypeName="executor://xunit/VsTestRunner3/netcore/" className="Runic.Desktop.Tests.ManagedWindowTests" name="CorrelatesJavaScriptResultsAndReportsErrors" />
    </UnitTest>
    <UnitTest name="Runic.Desktop.Tests.BrowserBridgeTests.TypeScriptEffectPackageRoundTripsThroughPublicDesktopApiInChromium" storage="/users/runner/work/runic-desktop/runic-desktop/tests/runic.desktop.tests/bin/release/net10.0/runic.desktop.tests.dll" id="e76b3175-0518-346d-bd86-db9da3e14279">
      <Execution id="14b5b1ee-022a-4453-995f-c5643712f5a6" />
      <TestMethod codeBase="/Users/runner/work/runic-desktop/runic-desktop/tests/Runic.Desktop.Tests/bin/Release/net10.0/Runic.Desktop.Tests.dll" adapterTypeName="executor://xunit/VsTestRunner3/netcore/" className="Runic.Desktop.Tests.BrowserBridgeTests" name="TypeScriptEffectPackageRoundTripsThroughPublicDesktopApiInChromium" />
    </UnitTest>
    <UnitTest name="Runic.Desktop.Tests.DesktopApiTests.HostSharesListenerAndCreatesARequestScopePerRequest" storage="/users/runner/work/runic-desktop/runic-desktop/tests/runic.desktop.tests/bin/release/net10.0/runic.desktop.tests.dll" id="9fb696c2-8b6d-22f0-4f9c-8fc3569ef94f">
      <Execution id="5c9cc339-cfd8-4cd2-b148-8da0e5555125" />
      <TestMethod codeBase="/Users/runner/work/runic-desktop/runic-desktop/tests/Runic.Desktop.Tests/bin/Release/net10.0/Runic.Desktop.Tests.dll" adapterTypeName="executor://xunit/VsTestRunner3/netcore/" className="Runic.Desktop.Tests.DesktopApiTests" name="HostSharesListenerAndCreatesARequestScopePerRequest" />
    </UnitTest>
    <UnitTest name="Runic.Desktop.Tests.ContentAndLifecycleTests.ExplicitFileRedirectsWithoutFolderIndexFallback" storage="/users/runner/work/runic-desktop/runic-desktop/tests/runic.desktop.tests/bin/release/net10.0/runic.desktop.tests.dll" id="9d24470e-2cc4-d192-47b4-0a043b9905e6">
      <Execution id="7534685d-68bf-4454-b76f-882c4d63b669" />
      <TestMethod codeBase="/Users/runner/work/runic-desktop/runic-desktop/tests/Runic.Desktop.Tests/bin/Release/net10.0/Runic.Desktop.Tests.dll" adapterTypeName="executor://xunit/VsTestRunner3/netcore/" className="Runic.Desktop.Tests.ContentAndLifecycleTests" name="ExplicitFileRedirectsWithoutFolderIndexFallback" />
    </UnitTest>
    <UnitTest name="Runic.Desktop.Tests.ContentAndLifecycleTests.SharedHostIsolatesSurfacesAndClosingOnePreservesTheOther" storage="/users/runner/work/runic-desktop/runic-desktop/tests/runic.desktop.tests/bin/release/net10.0/runic.desktop.tests.dll" id="27529644-d9ce-e605-e8e4-25294522bb36">
      <Execution id="eacc950c-544e-419d-a858-68c3d140dce9" />
      <TestMethod codeBase="/Users/runner/work/runic-desktop/runic-desktop/tests/Runic.Desktop.Tests/bin/Release/net10.0/Runic.Desktop.Tests.dll" adapterTypeName="executor://xunit/VsTestRunner3/netcore/" className="Runic.Desktop.Tests.ContentAndLifecycleTests" name="SharedHostIsolatesSurfacesAndClosingOnePreservesTheOther" />
    </UnitTest>
    <UnitTest name="Runic.Desktop.Tests.BrowserHostTests.CanDisposeOwnedBrowserFromItsBindingCallback" storage="/users/runner/work/runic-desktop/runic-desktop/tests/runic.desktop.tests/bin/release/net10.0/runic.desktop.tests.dll" id="153a09ee-0807-0121-b156-d0931455c8a9">
      <Execution id="c7a29ac2-f0e8-40d6-a8eb-de869e96238a" />
      <TestMethod codeBase="/Users/runner/work/runic-desktop/runic-desktop/tests/Runic.Desktop.Tests/bin/Release/net10.0/Runic.Desktop.Tests.dll" adapterTypeName="executor://xunit/VsTestRunner3/netcore/" className="Runic.Desktop.Tests.BrowserHostTests" name="CanDisposeOwnedBrowserFromItsBindingCallback" />
    </UnitTest>
    <UnitTest name="Runic.Desktop.Tests.ManagedWindowTests.AnnouncesBindingsAddedAfterAuthentication" storage="/users/runner/work/runic-desktop/runic-desktop/tests/runic.desktop.tests/bin/release/net10.0/runic.desktop.tests.dll" id="ce6c1686-c584-1ab0-33ec-241fb846e18c">
      <Execution id="098f6feb-d497-4d93-b4e1-5857291447a9" />
      <TestMethod codeBase="/Users/runner/work/runic-desktop/runic-desktop/tests/Runic.Desktop.Tests/bin/Release/net10.0/Runic.Desktop.Tests.dll" adapterTypeName="executor://xunit/VsTestRunner3/netcore/" className="Runic.Desktop.Tests.ManagedWindowTests" name="AnnouncesBindingsAddedAfterAuthentication" />
    </UnitTest>
    <UnitTest name="Runic.Desktop.Tests.ManagedWindowTests.EncodesTypedResultsAsWebUiResponseStrings" storage="/users/runner/work/runic-desktop/runic-desktop/tests/runic.desktop.tests/bin/release/net10.0/runic.desktop.tests.dll" id="5db4cf0b-2032-780b-27b7-5d0054bd1e74">
      <Execution id="6fd10252-df06-4a6c-8f86-021a641957ba" />
      <TestMethod codeBase="/Users/runner/work/runic-desktop/runic-desktop/tests/Runic.Desktop.Tests/bin/Release/net10.0/Runic.Desktop.Tests.dll" adapterTypeName="executor://xunit/VsTestRunner3/netcore/" className="Runic.Desktop.Tests.ManagedWindowTests" name="EncodesTypedResultsAsWebUiResponseStrings" />
    </UnitTest>
    <UnitTest name="Runic.Desktop.Tests.BrowserHostTests.CreatesButDoesNotOwnAnExplicitProfileFolder" storage="/users/runner/work/runic-desktop/runic-desktop/tests/runic.desktop.tests/bin/release/net10.0/runic.desktop.tests.dll" id="cfc4c5a2-09ea-8ef7-24c1-3cdbfb4bab37">
      <Execution id="50d49ae8-5cf3-48d9-88e9-8d009170fc39" />
      <TestMethod codeBase="/Users/runner/work/runic-desktop/runic-desktop/tests/Runic.Desktop.Tests/bin/Release/net10.0/Runic.Desktop.Tests.dll" adapterTypeName="executor://xunit/VsTestRunner3/netcore/" className="Runic.Desktop.Tests.BrowserHostTests" name="CreatesButDoesNotOwnAnExplicitProfileFolder" />
    </UnitTest>
    <UnitTest name="Runic.Desktop.Tests.ContentAndLifecycleTests.UsesExplicitPortAndRetainsSettingsAcrossRestart" storage="/users/runner/work/runic-desktop/runic-desktop/tests/runic.desktop.tests/bin/release/net10.0/runic.desktop.tests.dll" id="73a6f8ba-118d-2d59-97c8-45eb909a0e6d">
      <Execution id="9ca91512-e552-4e3a-9773-8117741d6cae" />
      <TestMethod codeBase="/Users/runner/work/runic-desktop/runic-desktop/tests/Runic.Desktop.Tests/bin/Release/net10.0/Runic.Desktop.Tests.dll" adapterTypeName="executor://xunit/VsTestRunner3/netcore/" className="Runic.Desktop.Tests.ContentAndLifecycleTests" name="UsesExplicitPortAndRetainsSettingsAcrossRestart" />
    </UnitTest>
    <UnitTest name="Runic.Desktop.Tests.ManagedWindowTests.ReassemblesWebUiMultiPackets" storage="/users/runner/work/runic-desktop/runic-desktop/tests/runic.desktop.tests/bin/release/net10.0/runic.desktop.tests.dll" id="59b1d0b9-129a-d51a-20f5-7c9247801cdc">
      <Execution id="2dc14afd-5175-451d-86fb-a7c4d95e2657" />
      <TestMethod codeBase="/Users/runner/work/runic-desktop/runic-desktop/tests/Runic.Desktop.Tests/bin/Release/net10.0/Runic.Desktop.Tests.dll" adapterTypeName="executor://xunit/VsTestRunner3/netcore/" className="Runic.Desktop.Tests.ManagedWindowTests" name="ReassemblesWebUiMultiPackets" />
    </UnitTest>
    <UnitTest name="Runic.Desktop.Tests.DesktopApiTests.PublicNetworkExposureRequiresAnExplicitSecurityPolicy" storage="/users/runner/work/runic-desktop/runic-desktop/tests/runic.desktop.tests/bin/release/net10.0/runic.desktop.tests.dll" id="d7b7a382-5a04-48ec-9fa7-a428a831f054">
      <Execution id="638eae90-6346-4f26-a322-a9f509b4032f" />
      <TestMethod codeBase="/Users/runner/work/runic-desktop/runic-desktop/tests/Runic.Desktop.Tests/bin/Release/net10.0/Runic.Desktop.Tests.dll" adapterTypeName="executor://xunit/VsTestRunner3/netcore/" className="Runic.Desktop.Tests.DesktopApiTests" name="PublicNetworkExposureRequiresAnExplicitSecurityPolicy" />
    </UnitTest>
    <UnitTest name="Runic.Desktop.Tests.DesktopApiTests.PublicApiContainsNoWebUiCompatibilityIdentity" storage="/users/runner/work/runic-desktop/runic-desktop/tests/runic.desktop.tests/bin/release/net10.0/runic.desktop.tests.dll" id="e3c7bb57-a70c-b773-c119-c46183096b3d">
      <Execution id="674a8147-662f-4c18-9a86-e286b3202bff" />
      <TestMethod codeBase="/Users/runner/work/runic-desktop/runic-desktop/tests/Runic.Desktop.Tests/bin/Release/net10.0/Runic.Desktop.Tests.dll" adapterTypeName="executor://xunit/VsTestRunner3/netcore/" className="Runic.Desktop.Tests.DesktopApiTests" name="PublicApiContainsNoWebUiCompatibilityIdentity" />
    </UnitTest>
    <UnitTest name="Runic.Desktop.Tests.ManagedWindowTests.CloseCompletesWithAnAuthenticatedBridgeConnection" storage="/users/runner/work/runic-desktop/runic-desktop/tests/runic.desktop.tests/bin/release/net10.0/runic.desktop.tests.dll" id="40155b00-f4d2-a16e-45ba-304dd19677d3">
      <Execution id="fcf54ee8-e238-41d8-bfc0-9a1b5a5a9d0f" />
      <TestMethod codeBase="/Users/runner/work/runic-desktop/runic-desktop/tests/Runic.Desktop.Tests/bin/Release/net10.0/Runic.Desktop.Tests.dll" adapterTypeName="executor://xunit/VsTestRunner3/netcore/" className="Runic.Desktop.Tests.ManagedWindowTests" name="CloseCompletesWithAnAuthenticatedBridgeConnection" />
    </UnitTest>
    <UnitTest name="Runic.Desktop.Tests.ContentAndLifecycleTests.BridgeSessionsRemainOwnedByTheirWindow" storage="/users/runner/work/runic-desktop/runic-desktop/tests/runic.desktop.tests/bin/release/net10.0/runic.desktop.tests.dll" id="8b328ee1-e275-fcd4-9396-dab8934ebafc">
      <Execution id="ee67391a-eb81-4c76-bcfc-18945367e794" />
      <TestMethod codeBase="/Users/runner/work/runic-desktop/runic-desktop/tests/Runic.Desktop.Tests/bin/Release/net10.0/Runic.Desktop.Tests.dll" adapterTypeName="executor://xunit/VsTestRunner3/netcore/" className="Runic.Desktop.Tests.ContentAndLifecycleTests" name="BridgeSessionsRemainOwnedByTheirWindow" />
    </UnitTest>
    <UnitTest name="Runic.Desktop.Tests.BrowserHostTests.BuildsWebUiCompatibleChromiumAndFirefoxArguments" storage="/users/runner/work/runic-desktop/runic-desktop/tests/runic.desktop.tests/bin/release/net10.0/runic.desktop.tests.dll" id="463459bb-3857-1bf9-992f-6af8bd1a0cc0">
      <Execution id="b4838150-ad49-4a34-9a94-aef1481be770" />
      <TestMethod codeBase="/Users/runner/work/runic-desktop/runic-desktop/tests/Runic.Desktop.Tests/bin/Release/net10.0/Runic.Desktop.Tests.dll" adapterTypeName="executor://xunit/VsTestRunner3/netcore/" className="Runic.Desktop.Tests.BrowserHostTests" name="BuildsWebUiCompatibleChromiumAndFirefoxArguments" />
    </UnitTest>
    <UnitTest name="Runic.Desktop.Tests.ManagedWindowTests.AcceptsAReconnectedBridgeAndRaisesNewConnectionEvents" storage="/users/runner/work/runic-desktop/runic-desktop/tests/runic.desktop.tests/bin/release/net10.0/runic.desktop.tests.dll" id="6ea50534-a85b-4cc4-ae75-ca13ed656859">
      <Execution id="5ff4f335-c488-4ea4-a44a-e6bf4b8df0ac" />
      <TestMethod codeBase="/Users/runner/work/runic-desktop/runic-desktop/tests/Runic.Desktop.Tests/bin/Release/net10.0/Runic.Desktop.Tests.dll" adapterTypeName="executor://xunit/VsTestRunner3/netcore/" className="Runic.Desktop.Tests.ManagedWindowTests" name="AcceptsAReconnectedBridgeAndRaisesNewConnectionEvents" />
    </UnitTest>
    <UnitTest name="Runic.Desktop.Tests.DesktopApiTests.OpeningAndClosingWindowPreservesSurfaceContentAndLifetime" storage="/users/runner/work/runic-desktop/runic-desktop/tests/runic.desktop.tests/bin/release/net10.0/runic.desktop.tests.dll" id="47120980-48a7-8456-f03b-81c588857d72">
      <Execution id="8a491d70-4483-4d68-8d98-699fd920d66c" />
      <TestMethod codeBase="/Users/runner/work/runic-desktop/runic-desktop/tests/Runic.Desktop.Tests/bin/Release/net10.0/Runic.Desktop.Tests.dll" adapterTypeName="executor://xunit/VsTestRunner3/netcore/" className="Runic.Desktop.Tests.DesktopApiTests" name="OpeningAndClosingWindowPreservesSurfaceContentAndLifetime" />
    </UnitTest>
    <UnitTest name="Runic.Desktop.Tests.ContentAndLifecycleTests.ServerOnlyShowReloadsContentWithoutChangingTheListener" storage="/users/runner/work/runic-desktop/runic-desktop/tests/runic.desktop.tests/bin/release/net10.0/runic.desktop.tests.dll" id="352e6995-5f3e-d4cd-103f-a258d6d9db73">
      <Execution id="c58d5e9c-5d1d-4abb-a1c7-e23a83b3f0c1" />
      <TestMethod codeBase="/Users/runner/work/runic-desktop/runic-desktop/tests/Runic.Desktop.Tests/bin/Release/net10.0/Runic.Desktop.Tests.dll" adapterTypeName="executor://xunit/VsTestRunner3/netcore/" className="Runic.Desktop.Tests.ContentAndLifecycleTests" name="ServerOnlyShowReloadsContentWithoutChangingTheListener" />
    </UnitTest>
  </TestDefinitions>
  <TestEntries>
    <TestEntry testId="8c00a42e-977a-f5e9-4c96-8ff35787842b" executionId="3dc17735-b1bc-4b23-b3bb-0abab044a884" testListId="8c84fa94-04c1-424b-9868-57a2d4851a1d" />
    <TestEntry testId="5d3640bb-4373-2ac5-219f-5be2d06be85b" executionId="9adfbd1d-059f-436f-9115-d110fd0d8814" testListId="8c84fa94-04c1-424b-9868-57a2d4851a1d" />
    <TestEntry testId="f7d337ed-ddc8-7f26-91e2-3cbcbb395cac" executionId="d1594057-a3a0-4342-a4fd-cb9dbd011679" testListId="8c84fa94-04c1-424b-9868-57a2d4851a1d" />
    <TestEntry testId="841c5a29-6640-dcf7-e5bc-735ffe9c53e2" executionId="2a756a11-dc0d-48ef-a025-4d2493b03424" testListId="8c84fa94-04c1-424b-9868-57a2d4851a1d" />
    <TestEntry testId="5db4cf0b-2032-780b-27b7-5d0054bd1e74" executionId="6fd10252-df06-4a6c-8f86-021a641957ba" testListId="8c84fa94-04c1-424b-9868-57a2d4851a1d" />
    <TestEntry testId="6b591cb1-f1c9-bcd8-2db0-845bc1909923" executionId="965ceced-c44b-4ab5-a033-c1c81a936ac0" testListId="8c84fa94-04c1-424b-9868-57a2d4851a1d" />
    <TestEntry testId="59b1d0b9-129a-d51a-20f5-7c9247801cdc" executionId="2dc14afd-5175-451d-86fb-a7c4d95e2657" testListId="8c84fa94-04c1-424b-9868-57a2d4851a1d" />
    <TestEntry testId="cfc4c5a2-09ea-8ef7-24c1-3cdbfb4bab37" executionId="50d49ae8-5cf3-48d9-88e9-8d009170fc39" testListId="8c84fa94-04c1-424b-9868-57a2d4851a1d" />
    <TestEntry testId="c33e4b36-720b-43fb-a834-927b3c40e329" executionId="ea7c914b-3a98-46fb-b92d-eb25ced1b51d" testListId="8c84fa94-04c1-424b-9868-57a2d4851a1d" />
    <TestEntry testId="2722cabe-f484-db79-67f3-214ee4d57762" executionId="58fe47a4-fbf6-4dbe-9059-c6a2fd527e48" testListId="8c84fa94-04c1-424b-9868-57a2d4851a1d" />
    <TestEntry testId="9fb696c2-8b6d-22f0-4f9c-8fc3569ef94f" executionId="5c9cc339-cfd8-4cd2-b148-8da0e5555125" testListId="8c84fa94-04c1-424b-9868-57a2d4851a1d" />
    <TestEntry testId="6ea50534-a85b-4cc4-ae75-ca13ed656859" executionId="5ff4f335-c488-4ea4-a44a-e6bf4b8df0ac" testListId="8c84fa94-04c1-424b-9868-57a2d4851a1d" />
    <TestEntry testId="8b328ee1-e275-fcd4-9396-dab8934ebafc" executionId="ee67391a-eb81-4c76-bcfc-18945367e794" testListId="8c84fa94-04c1-424b-9868-57a2d4851a1d" />
    <TestEntry testId="7218f8d9-1149-d866-00e8-d8adf0f1aa7b" executionId="7443e196-6149-483a-84de-559232f2b6e3" testListId="8c84fa94-04c1-424b-9868-57a2d4851a1d" />
    <TestEntry testId="061b1bd8-6193-b540-6f5d-edf69ffad5cf" executionId="c9dd092c-192d-4383-b89e-adb579cfcbc3" testListId="8c84fa94-04c1-424b-9868-57a2d4851a1d" />
    <TestEntry testId="c5cf9e72-79c2-bc41-7ad0-236970370f46" executionId="be19337e-641e-48ed-ba89-9dcbb02d1f07" testListId="8c84fa94-04c1-424b-9868-57a2d4851a1d" />
    <TestEntry testId="d7b7a382-5a04-48ec-9fa7-a428a831f054" executionId="638eae90-6346-4f26-a322-a9f509b4032f" testListId="8c84fa94-04c1-424b-9868-57a2d4851a1d" />
    <TestEntry testId="fc077d82-9cdc-ef5c-ee27-ae7334c5fb98" executionId="6152064a-53bb-4961-b900-d91878599ad2" testListId="8c84fa94-04c1-424b-9868-57a2d4851a1d" />
    <TestEntry testId="faa5ad64-e057-0b14-8269-be7189385afd" executionId="0d21b845-8712-4be8-93a0-40d022c7bbbe" testListId="8c84fa94-04c1-424b-9868-57a2d4851a1d" />
    <TestEntry testId="e60701dd-fdb6-9a88-8add-d8437c0946fd" executionId="2db73630-f8f0-45f5-bf55-509518038fb2" testListId="8c84fa94-04c1-424b-9868-57a2d4851a1d" />
    <TestEntry testId="e3c7bb57-a70c-b773-c119-c46183096b3d" executionId="674a8147-662f-4c18-9a86-e286b3202bff" testListId="8c84fa94-04c1-424b-9868-57a2d4851a1d" />
    <TestEntry testId="69ba1b79-4bb3-3aa9-7d3e-186c4014b62c" executionId="169c4522-803b-4198-a5d6-e6ed17f06407" testListId="8c84fa94-04c1-424b-9868-57a2d4851a1d" />
    <TestEntry testId="8d6fba1e-1ad3-7679-61dd-3c8fc03136b5" executionId="37d89cbc-f1e7-48f4-aef6-c5bb291a9b64" testListId="8c84fa94-04c1-424b-9868-57a2d4851a1d" />
    <TestEntry testId="352e6995-5f3e-d4cd-103f-a258d6d9db73" executionId="c58d5e9c-5d1d-4abb-a1c7-e23a83b3f0c1" testListId="8c84fa94-04c1-424b-9868-57a2d4851a1d" />
    <TestEntry testId="42cb6dca-8767-b555-5ffa-652435100998" executionId="5c132100-6f07-4477-aa70-44fd67f2e09a" testListId="8c84fa94-04c1-424b-9868-57a2d4851a1d" />
    <TestEntry testId="1aba962a-ef9e-2eaf-2ed5-0d3525098d00" executionId="73281138-336d-406f-8020-aa6c68217c9e" testListId="8c84fa94-04c1-424b-9868-57a2d4851a1d" />
    <TestEntry testId="27529644-d9ce-e605-e8e4-25294522bb36" executionId="eacc950c-544e-419d-a858-68c3d140dce9" testListId="8c84fa94-04c1-424b-9868-57a2d4851a1d" />
    <TestEntry testId="9d24470e-2cc4-d192-47b4-0a043b9905e6" executionId="7534685d-68bf-4454-b76f-882c4d63b669" testListId="8c84fa94-04c1-424b-9868-57a2d4851a1d" />
    <TestEntry testId="b800fae3-a831-9e12-5b61-57cd5502156e" executionId="3d0180fd-ed30-4796-b093-58bd1110e59a" testListId="8c84fa94-04c1-424b-9868-57a2d4851a1d" />
    <TestEntry testId="eaf7f52e-39ec-e400-0619-249e82132ecd" executionId="29c0f7a6-f868-4739-9e6a-caf626f3e323" testListId="8c84fa94-04c1-424b-9868-57a2d4851a1d" />
    <TestEntry testId="73a6f8ba-118d-2d59-97c8-45eb909a0e6d" executionId="9ca91512-e552-4e3a-9773-8117741d6cae" testListId="8c84fa94-04c1-424b-9868-57a2d4851a1d" />
    <TestEntry testId="15c47b62-c838-e176-2043-0357e9697beb" executionId="6ab77ef4-f233-41ef-82ab-c4f78fb751d8" testListId="8c84fa94-04c1-424b-9868-57a2d4851a1d" />
    <TestEntry testId="ce6c1686-c584-1ab0-33ec-241fb846e18c" executionId="098f6feb-d497-4d93-b4e1-5857291447a9" testListId="8c84fa94-04c1-424b-9868-57a2d4851a1d" />
    <TestEntry testId="40155b00-f4d2-a16e-45ba-304dd19677d3" executionId="fcf54ee8-e238-41d8-bfc0-9a1b5a5a9d0f" testListId="8c84fa94-04c1-424b-9868-57a2d4851a1d" />
    <TestEntry testId="3eeee4fc-58f0-6aab-1711-50e00a745a94" executionId="31bdd34e-03ca-475e-b202-70ef635e6d23" testListId="8c84fa94-04c1-424b-9868-57a2d4851a1d" />
    <TestEntry testId="463459bb-3857-1bf9-992f-6af8bd1a0cc0" executionId="b4838150-ad49-4a34-9a94-aef1481be770" testListId="8c84fa94-04c1-424b-9868-57a2d4851a1d" />
    <TestEntry testId="b2e0017f-c9ce-c14b-e9da-f53c03715eec" executionId="cc3db0e0-1663-4ecf-bf1f-c1b55ff7babc" testListId="8c84fa94-04c1-424b-9868-57a2d4851a1d" />
    <TestEntry testId="5d193ded-7733-ac1e-648e-be04b51d822c" executionId="235c8c20-de9c-4366-b2a6-12fa0c93ef10" testListId="8c84fa94-04c1-424b-9868-57a2d4851a1d" />
    <TestEntry testId="80882ead-bf5a-a1c8-680a-63d76cc6e1b8" executionId="bf9556bc-76f1-47ef-a8ed-761c65bd01bc" testListId="8c84fa94-04c1-424b-9868-57a2d4851a1d" />
    <TestEntry testId="e76b3175-0518-346d-bd86-db9da3e14279" executionId="14b5b1ee-022a-4453-995f-c5643712f5a6" testListId="8c84fa94-04c1-424b-9868-57a2d4851a1d" />
    <TestEntry testId="645936de-3caf-dd2d-ee49-8175c9bad3b7" executionId="81f14c8d-a463-492b-a4db-4ba9011c3c2b" testListId="8c84fa94-04c1-424b-9868-57a2d4851a1d" />
    <TestEntry testId="47120980-48a7-8456-f03b-81c588857d72" executionId="8a491d70-4483-4d68-8d98-699fd920d66c" testListId="8c84fa94-04c1-424b-9868-57a2d4851a1d" />
    <TestEntry testId="709d4377-8d03-258b-2660-4ace3fd90f6d" executionId="e09323b3-4cc8-48aa-9afa-580da98e092b" testListId="8c84fa94-04c1-424b-9868-57a2d4851a1d" />
    <TestEntry testId="b7afc2cd-d1f8-bbc9-fa3e-808ac4b28703" executionId="9c3b11c0-a4a7-4b93-9c4a-5d15d131039c" testListId="8c84fa94-04c1-424b-9868-57a2d4851a1d" />
    <TestEntry testId="a863de21-5355-0698-6efd-58a60e71d970" executionId="2eab67d9-6d52-4fed-a39c-67e944619999" testListId="8c84fa94-04c1-424b-9868-57a2d4851a1d" />
    <TestEntry testId="98b02137-da92-2d75-eb9a-23fa79214ced" executionId="e9acb15b-0501-414d-8dfc-de4cd9a270fc" testListId="8c84fa94-04c1-424b-9868-57a2d4851a1d" />
    <TestEntry testId="59c8a4de-f801-49dc-2c01-22004881a27e" executionId="188ee6fa-c754-4fe3-82f8-2f5706dee9a7" testListId="8c84fa94-04c1-424b-9868-57a2d4851a1d" />
    <TestEntry testId="873562f8-993a-b22a-3a10-879493c93627" executionId="b557a29d-de72-4325-8ddb-4410e2f66c68" testListId="8c84fa94-04c1-424b-9868-57a2d4851a1d" />
    <TestEntry testId="42622707-7344-db63-6873-9b83b4a6756f" executionId="11bf5712-5253-431d-a635-6fe4001675a7" testListId="8c84fa94-04c1-424b-9868-57a2d4851a1d" />
    <TestEntry testId="153a09ee-0807-0121-b156-d0931455c8a9" executionId="c7a29ac2-f0e8-40d6-a8eb-de869e96238a" testListId="8c84fa94-04c1-424b-9868-57a2d4851a1d" />
    <TestEntry testId="bf22712c-733a-e359-d143-a566e9b67661" executionId="bc380afd-2790-40b3-bc8e-0c44bc6f8ac3" testListId="8c84fa94-04c1-424b-9868-57a2d4851a1d" />
    <TestEntry testId="ac985bb8-3f4b-01b1-ef4b-6cb58b0116ff" executionId="ec6740c8-cbde-4294-a529-32f1531afff4" testListId="8c84fa94-04c1-424b-9868-57a2d4851a1d" />
    <TestEntry testId="2a647045-2d44-6a96-8329-0813be00d41e" executionId="7afd4c10-ee0e-4996-a9b2-22676d27f4fa" testListId="8c84fa94-04c1-424b-9868-57a2d4851a1d" />
    <TestEntry testId="e5f27a6d-d40e-e619-bc50-029b2491862a" executionId="c1ec5809-f30b-4847-9175-c6a0723e0fee" testListId="8c84fa94-04c1-424b-9868-57a2d4851a1d" />
    <TestEntry testId="cc4a777c-6bdf-b1b6-d72b-a88ba31bae1e" executionId="7aeb52b4-0698-4711-a5ac-a5bfdf3f1025" testListId="8c84fa94-04c1-424b-9868-57a2d4851a1d" />
    <TestEntry testId="98566b48-c4e6-8047-f8e9-0d21cb83c0a5" executionId="396cd5f9-6763-4d0b-853a-bcd356a32733" testListId="8c84fa94-04c1-424b-9868-57a2d4851a1d" />
    <TestEntry testId="a966f8b1-ba0a-125c-269e-fc3da2253677" executionId="41a1ebaf-8f60-4e71-9ca7-dc05861b080b" testListId="8c84fa94-04c1-424b-9868-57a2d4851a1d" />
    <TestEntry testId="0c3c32ba-0cf8-85be-b48a-330743b05bda" executionId="42a256bd-8589-4f8c-9e50-4666b7f77841" testListId="8c84fa94-04c1-424b-9868-57a2d4851a1d" />
  </TestEntries>
  <TestLists>
    <TestList name="Results Not in a List" id="8c84fa94-04c1-424b-9868-57a2d4851a1d" />
    <TestList name="All Loaded Results" id="19431567-8539-422a-85d7-44ee4e166bda" />
  </TestLists>
  <ResultSummary outcome="Completed">
    <Counters total="58" executed="58" passed="58" failed="0" error="0" timeout="0" aborted="0" inconclusive="0" passedButRunAborted="0" notRunnable="0" notExecuted="0" disconnected="0" warning="0" completed="0" inProgress="0" pending="0" />
    <Output>
      <StdOut>[xUnit.net 00:00:00.00] xUnit.net VSTest Adapter v3.1.5+1b188a7b0a (64-bit .NET 10.0.11)
[xUnit.net 00:00:00.19]   Discovering: Runic.Desktop.Tests
[xUnit.net 00:00:00.25]   Discovered:  Runic.Desktop.Tests
[xUnit.net 00:00:00.30]   Starting:    Runic.Desktop.Tests
[xUnit.net 00:00:21.56]   Finished:    Runic.Desktop.Tests
</StdOut>
    </Output>
  </ResultSummary>
</TestRun>