<?xml version="1.0" encoding="utf-8"?>
<TestRun id="39bfafba-d170-4915-ad17-8079117fca23" name="@sat12-bq158-b7cb602c-8561-469e-96e1-5233c78e2ab1-A20730FCA57E 2026-09-02 14:01:49" xmlns="http://microsoft.com/schemas/VisualStudio/TeamTest/2010">
  <Times creation="2026-09-02T14:01:49.6597440+00:00" queuing="2026-09-02T14:01:49.6597440+00:00" start="2026-09-02T14:01:48.4646400+00:00" finish="2026-09-02T14:02:02.7274180+00:00" />
  <TestSettings name="default" id="b60144ba-3e9d-4256-97ad-4eae939e893a">
    <Deployment runDeploymentRoot="_sat12-bq158-b7cb602c-8561-469e-96e1-5233c78e2ab1-A20730FCA57E_2026-09-02_14_01_49" />
  </TestSettings>
  <Results>
    <UnitTestResult executionId="d681f268-310d-4844-9b40-8d0f12cfb0b2" testId="b2e0017f-c9ce-c14b-e9da-f53c03715eec" testName="Runic.Desktop.Tests.DesktopApiTests.ClosingSurfaceReportsCauseAndReleasesPublicStream" computerName="sat12-bq158-b7cb602c-8561-469e-96e1-5233c78e2ab1-A20730FCA57E" duration="00:00:00.0253468" startTime="2026-09-02T14:01:59.5489470+00:00" endTime="2026-09-02T14:01:59.5744130+00:00" testType="13cdc9d9-ddb5-4fa4-a97d-d965ccfc6d4b" outcome="Passed" testListId="8c84fa94-04c1-424b-9868-57a2d4851a1d" relativeResultsDirectory="d681f268-310d-4844-9b40-8d0f12cfb0b2" />
    <UnitTestResult executionId="6169f2e7-1072-40c3-8cf9-4b8409ff6760" testId="352e6995-5f3e-d4cd-103f-a258d6d9db73" testName="Runic.Desktop.Tests.ContentAndLifecycleTests.ServerOnlyShowReloadsContentWithoutChangingTheListener" computerName="sat12-bq158-b7cb602c-8561-469e-96e1-5233c78e2ab1-A20730FCA57E" duration="00:00:00.0213618" startTime="2026-09-02T14:02:00.0368640+00:00" endTime="2026-09-02T14:02:00.0579890+00:00" testType="13cdc9d9-ddb5-4fa4-a97d-d965ccfc6d4b" outcome="Passed" testListId="8c84fa94-04c1-424b-9868-57a2d4851a1d" relativeResultsDirectory="6169f2e7-1072-40c3-8cf9-4b8409ff6760" />
    <UnitTestResult executionId="6317014c-4e3b-4f62-b470-87cd74ad09b5" testId="59c8a4de-f801-49dc-2c01-22004881a27e" testName="Runic.Desktop.Tests.ContentAndLifecycleTests.DefaultRootIsCopiedByNewWindowsAndRootsRemainWindowOwned" computerName="sat12-bq158-b7cb602c-8561-469e-96e1-5233c78e2ab1-A20730FCA57E" duration="00:00:00.0443906" startTime="2026-09-02T14:01:59.9682500+00:00" endTime="2026-09-02T14:02:00.0127210+00:00" testType="13cdc9d9-ddb5-4fa4-a97d-d965ccfc6d4b" outcome="Passed" testListId="8c84fa94-04c1-424b-9868-57a2d4851a1d" relativeResultsDirectory="6317014c-4e3b-4f62-b470-87cd74ad09b5" />
    <UnitTestResult executionId="4b703f73-788d-48ff-943c-e5e836dcc211" testId="42622707-7344-db63-6873-9b83b4a6756f" testName="Runic.Desktop.Tests.ContentAndLifecycleTests.ServesFoldersIndexesFilesMimeHeadAndNoCache" computerName="sat12-bq158-b7cb602c-8561-469e-96e1-5233c78e2ab1-A20730FCA57E" duration="00:00:00.0379786" startTime="2026-09-02T14:01:59.8702770+00:00" endTime="2026-09-02T14:01:59.9080540+00:00" testType="13cdc9d9-ddb5-4fa4-a97d-d965ccfc6d4b" outcome="Passed" testListId="8c84fa94-04c1-424b-9868-57a2d4851a1d" relativeResultsDirectory="4b703f73-788d-48ff-943c-e5e836dcc211" />
    <UnitTestResult executionId="c44962eb-3f78-434e-8967-57a5e3894359" testId="5db4cf0b-2032-780b-27b7-5d0054bd1e74" testName="Runic.Desktop.Tests.ManagedWindowTests.EncodesTypedResultsAsWebUiResponseStrings" computerName="sat12-bq158-b7cb602c-8561-469e-96e1-5233c78e2ab1-A20730FCA57E" duration="00:00:00.0306275" startTime="2026-09-02T14:01:49.5206220+00:00" endTime="2026-09-02T14:01:49.5513820+00:00" testType="13cdc9d9-ddb5-4fa4-a97d-d965ccfc6d4b" outcome="Passed" testListId="8c84fa94-04c1-424b-9868-57a2d4851a1d" relativeResultsDirectory="c44962eb-3f78-434e-8967-57a5e3894359" />
    <UnitTestResult executionId="29902824-d293-458e-9e9d-2c24362b6c87" testId="b7afc2cd-d1f8-bbc9-fa3e-808ac4b28703" testName="Runic.Desktop.Tests.DesktopApiTests.UnavailablePresentationFailsEarlyWithCorrelatedRemediation" computerName="sat12-bq158-b7cb602c-8561-469e-96e1-5233c78e2ab1-A20730FCA57E" duration="00:00:00.0311069" startTime="2026-09-02T14:01:59.5914410+00:00" endTime="2026-09-02T14:01:59.6222440+00:00" testType="13cdc9d9-ddb5-4fa4-a97d-d965ccfc6d4b" outcome="Passed" testListId="8c84fa94-04c1-424b-9868-57a2d4851a1d" relativeResultsDirectory="29902824-d293-458e-9e9d-2c24362b6c87" />
    <UnitTestResult executionId="3d568a62-17a0-45b8-beb5-76484b137e83" testId="c5cf9e72-79c2-bc41-7ad0-236970370f46" testName="Runic.Desktop.Tests.ContentAndLifecycleTests.StreamingVirtualContentHonorsHeadCancellationAndDisposal" computerName="sat12-bq158-b7cb602c-8561-469e-96e1-5233c78e2ab1-A20730FCA57E" duration="00:00:02.0585762" startTime="2026-09-02T14:02:00.1661430+00:00" endTime="2026-09-02T14:02:02.2251490+00:00" testType="13cdc9d9-ddb5-4fa4-a97d-d965ccfc6d4b" outcome="Passed" testListId="8c84fa94-04c1-424b-9868-57a2d4851a1d" relativeResultsDirectory="3d568a62-17a0-45b8-beb5-76484b137e83" />
    <UnitTestResult executionId="18abb5b1-459a-4d2d-96e7-8e730f9b8d2b" testId="9d24470e-2cc4-d192-47b4-0a043b9905e6" testName="Runic.Desktop.Tests.ContentAndLifecycleTests.ExplicitFileRedirectsWithoutFolderIndexFallback" computerName="sat12-bq158-b7cb602c-8561-469e-96e1-5233c78e2ab1-A20730FCA57E" duration="00:00:00.0404872" startTime="2026-09-02T14:02:02.2613760+00:00" endTime="2026-09-02T14:02:02.3020180+00:00" testType="13cdc9d9-ddb5-4fa4-a97d-d965ccfc6d4b" outcome="Passed" testListId="8c84fa94-04c1-424b-9868-57a2d4851a1d" relativeResultsDirectory="18abb5b1-459a-4d2d-96e7-8e730f9b8d2b" />
    <UnitTestResult executionId="f53ef328-5d69-424c-af9e-102517068a00" testId="3eeee4fc-58f0-6aab-1711-50e00a745a94" testName="Runic.Desktop.Tests.BrowserBridgeTests.UpstreamStyleCallbackAndJavaScriptRoundTripRunsInChromium" computerName="sat12-bq158-b7cb602c-8561-469e-96e1-5233c78e2ab1-A20730FCA57E" duration="00:00:00.0019734" startTime="2026-09-02T14:01:48.9327220+00:00" endTime="2026-09-02T14:01:48.9327980+00:00" testType="13cdc9d9-ddb5-4fa4-a97d-d965ccfc6d4b" outcome="Passed" testListId="8c84fa94-04c1-424b-9868-57a2d4851a1d" relativeResultsDirectory="f53ef328-5d69-424c-af9e-102517068a00" />
    <UnitTestResult executionId="a02d62ca-832f-4ee0-bb4f-b7fe9cf1176b" testId="a966f8b1-ba0a-125c-269e-fc3da2253677" testName="Runic.Desktop.Tests.DesktopApiTests.PublicStreamingResponseDoesNotOpenForHead" computerName="sat12-bq158-b7cb602c-8561-469e-96e1-5233c78e2ab1-A20730FCA57E" duration="00:00:00.0262688" startTime="2026-09-02T14:01:59.7906130+00:00" endTime="2026-09-02T14:01:59.8171030+00:00" testType="13cdc9d9-ddb5-4fa4-a97d-d965ccfc6d4b" outcome="Passed" testListId="8c84fa94-04c1-424b-9868-57a2d4851a1d" relativeResultsDirectory="a02d62ca-832f-4ee0-bb4f-b7fe9cf1176b" />
    <UnitTestResult executionId="9af2d4a2-a3e9-457e-b437-7c9a08da9cfa" testId="ce6c1686-c584-1ab0-33ec-241fb846e18c" testName="Runic.Desktop.Tests.ManagedWindowTests.AnnouncesBindingsAddedAfterAuthentication" computerName="sat12-bq158-b7cb602c-8561-469e-96e1-5233c78e2ab1-A20730FCA57E" duration="00:00:00.0281843" startTime="2026-09-02T14:01:49.6854610+00:00" endTime="2026-09-02T14:01:49.7127540+00:00" testType="13cdc9d9-ddb5-4fa4-a97d-d965ccfc6d4b" outcome="Passed" testListId="8c84fa94-04c1-424b-9868-57a2d4851a1d" relativeResultsDirectory="9af2d4a2-a3e9-457e-b437-7c9a08da9cfa" />
    <UnitTestResult executionId="1d5a0235-2722-4691-a2e7-f5b0d68a0b2d" testId="873562f8-993a-b22a-3a10-879493c93627" testName="Runic.Desktop.Tests.ContentAndLifecycleTests.SafePolicyRequiresSameOriginSurfaceScopedCredential" computerName="sat12-bq158-b7cb602c-8561-469e-96e1-5233c78e2ab1-A20730FCA57E" duration="00:00:00.0353883" startTime="2026-09-02T14:02:02.2257790+00:00" endTime="2026-09-02T14:02:02.2610690+00:00" testType="13cdc9d9-ddb5-4fa4-a97d-d965ccfc6d4b" outcome="Passed" testListId="8c84fa94-04c1-424b-9868-57a2d4851a1d" relativeResultsDirectory="1d5a0235-2722-4691-a2e7-f5b0d68a0b2d" />
    <UnitTestResult executionId="5180a241-6380-4b29-9d94-01d8c4e95bf6" testId="69ba1b79-4bb3-3aa9-7d3e-186c4014b62c" testName="Runic.Desktop.Tests.ManagedWindowTests.CanRestartAfterClose" computerName="sat12-bq158-b7cb602c-8561-469e-96e1-5233c78e2ab1-A20730FCA57E" duration="00:00:00.0366022" startTime="2026-09-02T14:01:49.8597520+00:00" endTime="2026-09-02T14:01:49.8954160+00:00" testType="13cdc9d9-ddb5-4fa4-a97d-d965ccfc6d4b" outcome="Passed" testListId="8c84fa94-04c1-424b-9868-57a2d4851a1d" relativeResultsDirectory="5180a241-6380-4b29-9d94-01d8c4e95bf6" />
    <UnitTestResult executionId="344ab903-0974-435b-aa7e-f4b3f5f4be3d" testId="6b591cb1-f1c9-bcd8-2db0-845bc1909923" testName="Runic.Desktop.Tests.ContentAndLifecycleTests.SingleClientRejectsConcurrentSocketAndMultiClientOwnsStableClientIds" computerName="sat12-bq158-b7cb602c-8561-469e-96e1-5233c78e2ab1-A20730FCA57E" duration="00:00:00.0210117" startTime="2026-09-02T14:02:00.1198270+00:00" endTime="2026-09-02T14:02:00.1408820+00:00" testType="13cdc9d9-ddb5-4fa4-a97d-d965ccfc6d4b" outcome="Passed" testListId="8c84fa94-04c1-424b-9868-57a2d4851a1d" relativeResultsDirectory="344ab903-0974-435b-aa7e-f4b3f5f4be3d" />
    <UnitTestResult executionId="edf699e1-cfa2-4579-aadd-1218c36175b5" testId="841c5a29-6640-dcf7-e5bc-735ffe9c53e2" testName="Runic.Desktop.Tests.ManagedWindowTests.SendsQuickJavaScriptRawDataAndNavigationPackets" computerName="sat12-bq158-b7cb602c-8561-469e-96e1-5233c78e2ab1-A20730FCA57E" duration="00:00:00.0612328" startTime="2026-09-02T14:01:49.6243960+00:00" endTime="2026-09-02T14:01:49.6479740+00:00" testType="13cdc9d9-ddb5-4fa4-a97d-d965ccfc6d4b" outcome="Passed" testListId="8c84fa94-04c1-424b-9868-57a2d4851a1d" relativeResultsDirectory="edf699e1-cfa2-4579-aadd-1218c36175b5" />
    <UnitTestResult executionId="46f052d5-eba2-4e93-8c05-dd474a6a3075" testId="15c47b62-c838-e176-2043-0357e9697beb" testName="Runic.Desktop.Tests.DesktopApiTests.ContentRequestExposesAnImmutableCaseInsensitiveHeaderSnapshot" computerName="sat12-bq158-b7cb602c-8561-469e-96e1-5233c78e2ab1-A20730FCA57E" duration="00:00:00.0155038" startTime="2026-09-02T14:01:59.5754230+00:00" endTime="2026-09-02T14:01:59.5909980+00:00" testType="13cdc9d9-ddb5-4fa4-a97d-d965ccfc6d4b" outcome="Passed" testListId="8c84fa94-04c1-424b-9868-57a2d4851a1d" relativeResultsDirectory="46f052d5-eba2-4e93-8c05-dd474a6a3075" />
    <UnitTestResult executionId="22b85bcc-4b73-4ad3-93a1-a51974864f19" testId="9fb696c2-8b6d-22f0-4f9c-8fc3569ef94f" testName="Runic.Desktop.Tests.DesktopApiTests.HostSharesListenerAndCreatesARequestScopePerRequest" computerName="sat12-bq158-b7cb602c-8561-469e-96e1-5233c78e2ab1-A20730FCA57E" duration="00:00:00.0333045" startTime="2026-09-02T14:01:59.6743300+00:00" endTime="2026-09-02T14:01:59.7075600+00:00" testType="13cdc9d9-ddb5-4fa4-a97d-d965ccfc6d4b" outcome="Passed" testListId="8c84fa94-04c1-424b-9868-57a2d4851a1d" relativeResultsDirectory="22b85bcc-4b73-4ad3-93a1-a51974864f19" />
    <UnitTestResult executionId="228886ba-2e79-45f6-a213-abaea8479fac" testId="8b328ee1-e275-fcd4-9396-dab8934ebafc" testName="Runic.Desktop.Tests.ContentAndLifecycleTests.BridgeSessionsRemainOwnedByTheirWindow" computerName="sat12-bq158-b7cb602c-8561-469e-96e1-5233c78e2ab1-A20730FCA57E" duration="00:00:00.0314932" startTime="2026-09-02T14:02:00.0880850+00:00" endTime="2026-09-02T14:02:00.1196470+00:00" testType="13cdc9d9-ddb5-4fa4-a97d-d965ccfc6d4b" outcome="Passed" testListId="8c84fa94-04c1-424b-9868-57a2d4851a1d" relativeResultsDirectory="228886ba-2e79-45f6-a213-abaea8479fac" />
    <UnitTestResult executionId="71c65871-8e0a-42b2-9abd-d0b2156acd5d" testId="c33e4b36-720b-43fb-a834-927b3c40e329" testName="Runic.Desktop.Tests.ContentAndLifecycleTests.RunningWindowUsesRootFolderChangesImmediately" computerName="sat12-bq158-b7cb602c-8561-469e-96e1-5233c78e2ab1-A20730FCA57E" duration="00:00:00.0159944" startTime="2026-09-02T14:02:00.0719140+00:00" endTime="2026-09-02T14:02:00.0878990+00:00" testType="13cdc9d9-ddb5-4fa4-a97d-d965ccfc6d4b" outcome="Passed" testListId="8c84fa94-04c1-424b-9868-57a2d4851a1d" relativeResultsDirectory="71c65871-8e0a-42b2-9abd-d0b2156acd5d" />
    <UnitTestResult executionId="8519f5f4-4ef6-4965-81bf-43534cc9cece" testId="6ea50534-a85b-4cc4-ae75-ca13ed656859" testName="Runic.Desktop.Tests.ManagedWindowTests.AcceptsAReconnectedBridgeAndRaisesNewConnectionEvents" computerName="sat12-bq158-b7cb602c-8561-469e-96e1-5233c78e2ab1-A20730FCA57E" duration="00:00:00.0347111" startTime="2026-09-02T14:01:49.4868420+00:00" endTime="2026-09-02T14:01:49.5204670+00:00" testType="13cdc9d9-ddb5-4fa4-a97d-d965ccfc6d4b" outcome="Passed" testListId="8c84fa94-04c1-424b-9868-57a2d4851a1d" relativeResultsDirectory="8519f5f4-4ef6-4965-81bf-43534cc9cece" />
    <UnitTestResult executionId="7f60bb95-ff0e-4414-986d-76b9dea0662c" testId="e60701dd-fdb6-9a88-8add-d8437c0946fd" testName="Runic.Desktop.Tests.ManagedWindowTests.CorrelatesJavaScriptResultsAndReportsErrors" computerName="sat12-bq158-b7cb602c-8561-469e-96e1-5233c78e2ab1-A20730FCA57E" duration="00:00:00.0975908" startTime="2026-09-02T14:01:49.7615420+00:00" endTime="2026-09-02T14:01:49.8594400+00:00" testType="13cdc9d9-ddb5-4fa4-a97d-d965ccfc6d4b" outcome="Passed" testListId="8c84fa94-04c1-424b-9868-57a2d4851a1d" relativeResultsDirectory="7f60bb95-ff0e-4414-986d-76b9dea0662c" />
    <UnitTestResult executionId="fc9bee4d-ba50-46a2-a876-ea9e6d37f572" testId="645936de-3caf-dd2d-ee49-8175c9bad3b7" testName="Runic.Desktop.Tests.ContentAndLifecycleTests.ApplicationWaitTracksAllRunningWindowsAndExitClosesThem" computerName="sat12-bq158-b7cb602c-8561-469e-96e1-5233c78e2ab1-A20730FCA57E" duration="00:00:00.0248721" startTime="2026-09-02T14:02:00.1411400+00:00" endTime="2026-09-02T14:02:00.1659930+00:00" testType="13cdc9d9-ddb5-4fa4-a97d-d965ccfc6d4b" outcome="Passed" testListId="8c84fa94-04c1-424b-9868-57a2d4851a1d" relativeResultsDirectory="fc9bee4d-ba50-46a2-a876-ea9e6d37f572" />
    <UnitTestResult executionId="470bbdd0-a172-426c-87a5-8084e9b5f8e3" testId="e3c7bb57-a70c-b773-c119-c46183096b3d" testName="Runic.Desktop.Tests.DesktopApiTests.PublicApiContainsNoWebUiCompatibilityIdentity" computerName="sat12-bq158-b7cb602c-8561-469e-96e1-5233c78e2ab1-A20730FCA57E" duration="00:00:00.0019475" startTime="2026-09-02T14:01:59.8194870+00:00" endTime="2026-09-02T14:01:59.8196990+00:00" testType="13cdc9d9-ddb5-4fa4-a97d-d965ccfc6d4b" outcome="Passed" testListId="8c84fa94-04c1-424b-9868-57a2d4851a1d" relativeResultsDirectory="470bbdd0-a172-426c-87a5-8084e9b5f8e3" />
    <UnitTestResult executionId="4b909110-673c-4856-8399-954c21f98cb7" testId="47120980-48a7-8456-f03b-81c588857d72" testName="Runic.Desktop.Tests.DesktopApiTests.OpeningAndClosingWindowPreservesSurfaceContentAndLifetime" computerName="sat12-bq158-b7cb602c-8561-469e-96e1-5233c78e2ab1-A20730FCA57E" duration="00:00:00.0162912" startTime="2026-09-02T14:01:59.7079350+00:00" endTime="2026-09-02T14:01:59.7244530+00:00" testType="13cdc9d9-ddb5-4fa4-a97d-d965ccfc6d4b" outcome="Passed" testListId="8c84fa94-04c1-424b-9868-57a2d4851a1d" relativeResultsDirectory="4b909110-673c-4856-8399-954c21f98cb7" />
    <UnitTestResult executionId="2868d789-3a73-432e-8104-c9824eb6ade1" testId="e5f27a6d-d40e-e619-bc50-029b2491862a" testName="Runic.Desktop.Tests.ContentAndLifecycleTests.StreamingVirtualContentCancelsAndDisposesWhenWindowCloses" computerName="sat12-bq158-b7cb602c-8561-469e-96e1-5233c78e2ab1-A20730FCA57E" duration="00:00:00.0232967" startTime="2026-09-02T14:02:00.0129380+00:00" endTime="2026-09-02T14:02:00.0364490+00:00" testType="13cdc9d9-ddb5-4fa4-a97d-d965ccfc6d4b" outcome="Passed" testListId="8c84fa94-04c1-424b-9868-57a2d4851a1d" relativeResultsDirectory="2868d789-3a73-432e-8104-c9824eb6ade1" />
    <UnitTestResult executionId="da8d81e4-0bb3-4f3d-9193-c81960b1e8af" testId="5d3640bb-4373-2ac5-219f-5be2d06be85b" testName="Runic.Desktop.Tests.DesktopApiTests.PreflightReportsTheRequestedPolicyAndConcreteCapabilityLimit" computerName="sat12-bq158-b7cb602c-8561-469e-96e1-5233c78e2ab1-A20730FCA57E" duration="00:00:00.0072615" startTime="2026-09-02T14:01:59.6478450+00:00" endTime="2026-09-02T14:01:59.6540110+00:00" testType="13cdc9d9-ddb5-4fa4-a97d-d965ccfc6d4b" outcome="Passed" testListId="8c84fa94-04c1-424b-9868-57a2d4851a1d" relativeResultsDirectory="da8d81e4-0bb3-4f3d-9193-c81960b1e8af" />
    <UnitTestResult executionId="3f72a10d-3ad8-4e6e-a61a-fc747e459faa" testId="cfc4c5a2-09ea-8ef7-24c1-3cdbfb4bab37" testName="Runic.Desktop.Tests.BrowserHostTests.CreatesButDoesNotOwnAnExplicitProfileFolder" computerName="sat12-bq158-b7cb602c-8561-469e-96e1-5233c78e2ab1-A20730FCA57E" duration="00:00:00.0054989" startTime="2026-09-02T14:01:49.9129850+00:00" endTime="2026-09-02T14:01:49.9180930+00:00" testType="13cdc9d9-ddb5-4fa4-a97d-d965ccfc6d4b" outcome="Passed" testListId="8c84fa94-04c1-424b-9868-57a2d4851a1d" relativeResultsDirectory="3f72a10d-3ad8-4e6e-a61a-fc747e459faa" />
    <UnitTestResult executionId="bfcf4337-8a32-4501-b874-c0c671c43015" testId="463459bb-3857-1bf9-992f-6af8bd1a0cc0" testName="Runic.Desktop.Tests.BrowserHostTests.BuildsWebUiCompatibleChromiumAndFirefoxArguments" computerName="sat12-bq158-b7cb602c-8561-469e-96e1-5233c78e2ab1-A20730FCA57E" duration="00:00:00.0047341" startTime="2026-09-02T14:01:49.9077510+00:00" endTime="2026-09-02T14:01:49.9123780+00:00" testType="13cdc9d9-ddb5-4fa4-a97d-d965ccfc6d4b" outcome="Passed" testListId="8c84fa94-04c1-424b-9868-57a2d4851a1d" relativeResultsDirectory="bfcf4337-8a32-4501-b874-c0c671c43015" />
    <UnitTestResult executionId="cbea9b8d-c032-47b9-b72a-84912c00cc90" testId="8d6fba1e-1ad3-7679-61dd-3c8fc03136b5" testName="Runic.Desktop.Tests.ManagedWindowTests.CallbackCanSynchronouslyExecuteJavaScriptWithoutDeadlock" computerName="sat12-bq158-b7cb602c-8561-469e-96e1-5233c78e2ab1-A20730FCA57E" duration="00:00:00.0586227" startTime="2026-09-02T14:01:49.3879300+00:00" endTime="2026-09-02T14:01:49.4479100+00:00" testType="13cdc9d9-ddb5-4fa4-a97d-d965ccfc6d4b" outcome="Passed" testListId="8c84fa94-04c1-424b-9868-57a2d4851a1d" relativeResultsDirectory="cbea9b8d-c032-47b9-b72a-84912c00cc90" />
    <UnitTestResult executionId="153d37e7-79cc-46e5-91eb-fa7b99b3a705" testId="27529644-d9ce-e605-e8e4-25294522bb36" testName="Runic.Desktop.Tests.ContentAndLifecycleTests.SharedHostIsolatesSurfacesAndClosingOnePreservesTheOther" computerName="sat12-bq158-b7cb602c-8561-469e-96e1-5233c78e2ab1-A20730FCA57E" duration="00:00:00.0134645" startTime="2026-09-02T14:02:00.0585320+00:00" endTime="2026-09-02T14:02:00.0716880+00:00" testType="13cdc9d9-ddb5-4fa4-a97d-d965ccfc6d4b" outcome="Passed" testListId="8c84fa94-04c1-424b-9868-57a2d4851a1d" relativeResultsDirectory="153d37e7-79cc-46e5-91eb-fa7b99b3a705" />
    <UnitTestResult executionId="9bb9faca-80ea-4b34-83ce-dbf93426e567" testId="98566b48-c4e6-8047-f8e9-0d21cb83c0a5" testName="Runic.Desktop.Tests.ConformanceReceiptTests.DotNetReceiptPassesEveryPortableFixtureExactlyOnce" computerName="sat12-bq158-b7cb602c-8561-469e-96e1-5233c78e2ab1-A20730FCA57E" duration="00:00:00.0098166" startTime="2026-09-02T14:01:49.8968830+00:00" endTime="2026-09-02T14:01:49.9075250+00:00" testType="13cdc9d9-ddb5-4fa4-a97d-d965ccfc6d4b" outcome="Passed" testListId="8c84fa94-04c1-424b-9868-57a2d4851a1d" relativeResultsDirectory="9bb9faca-80ea-4b34-83ce-dbf93426e567" />
    <UnitTestResult executionId="628eed73-c9c6-4553-9284-be66617b176e" testId="e76b3175-0518-346d-bd86-db9da3e14279" testName="Runic.Desktop.Tests.BrowserBridgeTests.TypeScriptEffectPackageRoundTripsThroughPublicDesktopApiInChromium" computerName="sat12-bq158-b7cb602c-8561-469e-96e1-5233c78e2ab1-A20730FCA57E" duration="00:00:00.0090994" startTime="2026-09-02T14:01:48.9081950+00:00" endTime="2026-09-02T14:01:48.9221880+00:00" testType="13cdc9d9-ddb5-4fa4-a97d-d965ccfc6d4b" outcome="Passed" testListId="8c84fa94-04c1-424b-9868-57a2d4851a1d" relativeResultsDirectory="628eed73-c9c6-4553-9284-be66617b176e" />
    <UnitTestResult executionId="846a35eb-beda-4be2-ad27-c9fcab511d41" testId="faa5ad64-e057-0b14-8269-be7189385afd" testName="Runic.Desktop.Tests.DesktopApiTests.StructuredPayloadRejectsDuplicateKeysWithStableRedactedError" computerName="sat12-bq158-b7cb602c-8561-469e-96e1-5233c78e2ab1-A20730FCA57E" duration="00:00:00.0009353" startTime="2026-09-02T14:01:59.6734820+00:00" endTime="2026-09-02T14:01:59.6740300+00:00" testType="13cdc9d9-ddb5-4fa4-a97d-d965ccfc6d4b" outcome="Passed" testListId="8c84fa94-04c1-424b-9868-57a2d4851a1d" relativeResultsDirectory="846a35eb-beda-4be2-ad27-c9fcab511d41" />
    <UnitTestResult executionId="ff93bde1-594b-471a-aa5c-9930a5c94dc0" testId="42cb6dca-8767-b555-5ffa-652435100998" testName="Runic.Desktop.Tests.BrowserHostTests.OwnsChromiumProcessProfileRestartAndNaturalExit" computerName="sat12-bq158-b7cb602c-8561-469e-96e1-5233c78e2ab1-A20730FCA57E" duration="00:00:07.4839882" startTime="2026-09-02T14:01:49.9204110+00:00" endTime="2026-09-02T14:01:57.4024990+00:00" testType="13cdc9d9-ddb5-4fa4-a97d-d965ccfc6d4b" outcome="Passed" testListId="8c84fa94-04c1-424b-9868-57a2d4851a1d" relativeResultsDirectory="ff93bde1-594b-471a-aa5c-9930a5c94dc0" />
    <UnitTestResult executionId="953ed436-fb75-443a-8f36-ba78f0a2beea" testId="2a647045-2d44-6a96-8329-0813be00d41e" testName="Runic.Desktop.Tests.BrowserHostTests.DiscoversBrowsersFromTheConfiguredFolder" computerName="sat12-bq158-b7cb602c-8561-469e-96e1-5233c78e2ab1-A20730FCA57E" duration="00:00:00.0034149" startTime="2026-09-02T14:01:59.4750320+00:00" endTime="2026-09-02T14:01:59.4780610+00:00" testType="13cdc9d9-ddb5-4fa4-a97d-d965ccfc6d4b" outcome="Passed" testListId="8c84fa94-04c1-424b-9868-57a2d4851a1d" relativeResultsDirectory="953ed436-fb75-443a-8f36-ba78f0a2beea" />
    <UnitTestResult executionId="ed076ea9-dc42-4fc3-be00-84b14275c353" testId="7218f8d9-1149-d866-00e8-d8adf0f1aa7b" testName="Runic.Desktop.Tests.BrowserHostTests.ParsesQuotedCustomParametersWithoutUsingAShell" computerName="sat12-bq158-b7cb602c-8561-469e-96e1-5233c78e2ab1-A20730FCA57E" duration="00:00:00.0013759" startTime="2026-09-02T14:01:57.4038890+00:00" endTime="2026-09-02T14:01:57.4039880+00:00" testType="13cdc9d9-ddb5-4fa4-a97d-d965ccfc6d4b" outcome="Passed" testListId="8c84fa94-04c1-424b-9868-57a2d4851a1d" relativeResultsDirectory="ed076ea9-dc42-4fc3-be00-84b14275c353" />
    <UnitTestResult executionId="92ce8112-2c87-4898-b954-6540f3d99bbc" testId="bf22712c-733a-e359-d143-a566e9b67661" testName="Runic.Desktop.Tests.ContentAndLifecycleTests.ExternalUrlUsesLocalRefreshPageInServerOnlyMode" computerName="sat12-bq158-b7cb602c-8561-469e-96e1-5233c78e2ab1-A20730FCA57E" duration="00:00:00.0256156" startTime="2026-09-02T14:01:59.9424880+00:00" endTime="2026-09-02T14:01:59.9680460+00:00" testType="13cdc9d9-ddb5-4fa4-a97d-d965ccfc6d4b" outcome="Passed" testListId="8c84fa94-04c1-424b-9868-57a2d4851a1d" relativeResultsDirectory="92ce8112-2c87-4898-b954-6540f3d99bbc" />
    <UnitTestResult executionId="9c5b8424-f855-4146-9045-ddb98306ab96" testId="59b1d0b9-129a-d51a-20f5-7c9247801cdc" testName="Runic.Desktop.Tests.ManagedWindowTests.ReassemblesWebUiMultiPackets" computerName="sat12-bq158-b7cb602c-8561-469e-96e1-5233c78e2ab1-A20730FCA57E" duration="00:00:00.0362379" startTime="2026-09-02T14:01:49.6483000+00:00" endTime="2026-09-02T14:01:49.6851400+00:00" testType="13cdc9d9-ddb5-4fa4-a97d-d965ccfc6d4b" outcome="Passed" testListId="8c84fa94-04c1-424b-9868-57a2d4851a1d" relativeResultsDirectory="9c5b8424-f855-4146-9045-ddb98306ab96" />
    <UnitTestResult executionId="7f8d0194-1717-4395-92d1-6589432416c2" testId="1aba962a-ef9e-2eaf-2ed5-0d3525098d00" testName="Runic.Desktop.Tests.DesktopApiTests.LocalContentDeniesMediaCaptureByDefault" computerName="sat12-bq158-b7cb602c-8561-469e-96e1-5233c78e2ab1-A20730FCA57E" duration="00:00:00.0171558" startTime="2026-09-02T14:01:59.6558200+00:00" endTime="2026-09-02T14:01:59.6730770+00:00" testType="13cdc9d9-ddb5-4fa4-a97d-d965ccfc6d4b" outcome="Passed" testListId="8c84fa94-04c1-424b-9868-57a2d4851a1d" relativeResultsDirectory="7f8d0194-1717-4395-92d1-6589432416c2" />
    <UnitTestResult executionId="9236ca30-34b9-45ba-b557-493960d9f324" testId="d7b7a382-5a04-48ec-9fa7-a428a831f054" testName="Runic.Desktop.Tests.DesktopApiTests.PublicNetworkExposureRequiresAnExplicitSecurityPolicy" computerName="sat12-bq158-b7cb602c-8561-469e-96e1-5233c78e2ab1-A20730FCA57E" duration="00:00:00.0007863" startTime="2026-09-02T14:01:59.5747940+00:00" endTime="2026-09-02T14:01:59.5752170+00:00" testType="13cdc9d9-ddb5-4fa4-a97d-d965ccfc6d4b" outcome="Passed" testListId="8c84fa94-04c1-424b-9868-57a2d4851a1d" relativeResultsDirectory="9236ca30-34b9-45ba-b557-493960d9f324" />
    <UnitTestResult executionId="6e860164-04c6-4c73-87ca-a559c95fb9fc" testId="40155b00-f4d2-a16e-45ba-304dd19677d3" testName="Runic.Desktop.Tests.ManagedWindowTests.CloseCompletesWithAnAuthenticatedBridgeConnection" computerName="sat12-bq158-b7cb602c-8561-469e-96e1-5233c78e2ab1-A20730FCA57E" duration="00:00:00.0498607" startTime="2026-09-02T14:01:49.7131250+00:00" endTime="2026-09-02T14:01:49.7613970+00:00" testType="13cdc9d9-ddb5-4fa4-a97d-d965ccfc6d4b" outcome="Passed" testListId="8c84fa94-04c1-424b-9868-57a2d4851a1d" relativeResultsDirectory="6e860164-04c6-4c73-87ca-a559c95fb9fc" />
    <UnitTestResult executionId="7d935b6f-16dd-4054-b8d4-3b85fa40bc49" testId="b800fae3-a831-9e12-5b61-57cd5502156e" testName="Runic.Desktop.Tests.DesktopApiTests.PreflightRejectsUnknownPresentationPolicies" computerName="sat12-bq158-b7cb602c-8561-469e-96e1-5233c78e2ab1-A20730FCA57E" duration="00:00:00.0007382" startTime="2026-09-02T14:01:59.7900730+00:00" endTime="2026-09-02T14:01:59.7903520+00:00" testType="13cdc9d9-ddb5-4fa4-a97d-d965ccfc6d4b" outcome="Passed" testListId="8c84fa94-04c1-424b-9868-57a2d4851a1d" relativeResultsDirectory="7d935b6f-16dd-4054-b8d4-3b85fa40bc49" />
    <UnitTestResult executionId="ccc475f2-b475-4949-bc13-d32b4a7ae740" testId="153a09ee-0807-0121-b156-d0931455c8a9" testName="Runic.Desktop.Tests.BrowserHostTests.CanDisposeOwnedBrowserFromItsBindingCallback" computerName="sat12-bq158-b7cb602c-8561-469e-96e1-5233c78e2ab1-A20730FCA57E" duration="00:00:02.0700778" startTime="2026-09-02T14:01:57.4041700+00:00" endTime="2026-09-02T14:01:59.4745380+00:00" testType="13cdc9d9-ddb5-4fa4-a97d-d965ccfc6d4b" outcome="Passed" testListId="8c84fa94-04c1-424b-9868-57a2d4851a1d" relativeResultsDirectory="ccc475f2-b475-4949-bc13-d32b4a7ae740" />
    <UnitTestResult executionId="199baa6b-f45d-433f-8edd-7235572e4ca5" testId="0c3c32ba-0cf8-85be-b48a-330743b05bda" testName="Runic.Desktop.Tests.ManagedWindowTests.ServesEmbeddedContentAndWebUiCompatibleBridge" computerName="sat12-bq158-b7cb602c-8561-469e-96e1-5233c78e2ab1-A20730FCA57E" duration="00:00:00.3353987" startTime="2026-09-02T14:01:48.9343750+00:00" endTime="2026-09-02T14:01:49.2676930+00:00" testType="13cdc9d9-ddb5-4fa4-a97d-d965ccfc6d4b" outcome="Passed" testListId="8c84fa94-04c1-424b-9868-57a2d4851a1d" relativeResultsDirectory="199baa6b-f45d-433f-8edd-7235572e4ca5" />
    <UnitTestResult executionId="ee7b12d7-39ba-4beb-9cf6-3f4c3fb4644f" testId="fc077d82-9cdc-ef5c-ee27-ae7334c5fb98" testName="Runic.Desktop.Tests.ManagedWindowTests.DispatchesConnectionClickNavigationAndDisconnectionEvents" computerName="sat12-bq158-b7cb602c-8561-469e-96e1-5233c78e2ab1-A20730FCA57E" duration="00:00:00.1173715" startTime="2026-09-02T14:01:49.2710380+00:00" endTime="2026-09-02T14:01:49.3877710+00:00" testType="13cdc9d9-ddb5-4fa4-a97d-d965ccfc6d4b" outcome="Passed" testListId="8c84fa94-04c1-424b-9868-57a2d4851a1d" relativeResultsDirectory="ee7b12d7-39ba-4beb-9cf6-3f4c3fb4644f" />
    <UnitTestResult executionId="bf6cef9b-c5a8-48bd-b4d8-b067b8be91d7" testId="061b1bd8-6193-b540-6f5d-edf69ffad5cf" testName="Runic.Desktop.Tests.DesktopApiTests.EmbeddedPresentationReceivesExplicitPermissionPolicy" computerName="sat12-bq158-b7cb602c-8561-469e-96e1-5233c78e2ab1-A20730FCA57E" duration="00:00:00.0194228" startTime="2026-09-02T14:01:59.8201610+00:00" endTime="2026-09-02T14:01:59.8389610+00:00" testType="13cdc9d9-ddb5-4fa4-a97d-d965ccfc6d4b" outcome="Passed" testListId="8c84fa94-04c1-424b-9868-57a2d4851a1d" relativeResultsDirectory="bf6cef9b-c5a8-48bd-b4d8-b067b8be91d7" />
    <UnitTestResult executionId="f7f5db33-1318-4962-8edf-90904f7c0e73" testId="98b02137-da92-2d75-eb9a-23fa79214ced" testName="Runic.Desktop.Tests.DesktopApiTests.AvailabilityReportsConcretePresentationsAndActionableFailures" computerName="sat12-bq158-b7cb602c-8561-469e-96e1-5233c78e2ab1-A20730FCA57E" duration="00:00:00.0015290" startTime="2026-09-02T14:01:59.6543990+00:00" endTime="2026-09-02T14:01:59.6555530+00:00" testType="13cdc9d9-ddb5-4fa4-a97d-d965ccfc6d4b" outcome="Passed" testListId="8c84fa94-04c1-424b-9868-57a2d4851a1d" relativeResultsDirectory="f7f5db33-1318-4962-8edf-90904f7c0e73" />
    <UnitTestResult executionId="5f738a34-1d9a-480e-bf30-6f73c964c3de" testId="709d4377-8d03-258b-2660-4ace3fd90f6d" testName="Runic.Desktop.Tests.DesktopApiTests.ExplicitEmbeddedThenBrowserFallbackIsObservable" computerName="sat12-bq158-b7cb602c-8561-469e-96e1-5233c78e2ab1-A20730FCA57E" duration="00:00:00.0646779" startTime="2026-09-02T14:01:59.7248310+00:00" endTime="2026-09-02T14:01:59.7895620+00:00" testType="13cdc9d9-ddb5-4fa4-a97d-d965ccfc6d4b" outcome="Passed" testListId="8c84fa94-04c1-424b-9868-57a2d4851a1d" relativeResultsDirectory="5f738a34-1d9a-480e-bf30-6f73c964c3de" />
    <UnitTestResult executionId="75667394-4a64-429d-875f-519ffe0541ec" testId="ac985bb8-3f4b-01b1-ef4b-6cb58b0116ff" testName="Runic.Desktop.Tests.EmbeddedHostTests.CustomHostReceivesWindowOptionsAndParticipatesInLifecycle" computerName="sat12-bq158-b7cb602c-8561-469e-96e1-5233c78e2ab1-A20730FCA57E" duration="00:00:00.0298282" startTime="2026-09-02T14:01:59.8396690+00:00" endTime="2026-09-02T14:01:59.8697790+00:00" testType="13cdc9d9-ddb5-4fa4-a97d-d965ccfc6d4b" outcome="Passed" testListId="8c84fa94-04c1-424b-9868-57a2d4851a1d" relativeResultsDirectory="75667394-4a64-429d-875f-519ffe0541ec" />
    <UnitTestResult executionId="07ea9a30-7a36-4db1-b64a-0e3af3362750" testId="eaf7f52e-39ec-e400-0619-249e82132ecd" testName="Runic.Desktop.Tests.ManagedWindowTests.RejectsAnInvalidProtocolToken" computerName="sat12-bq158-b7cb602c-8561-469e-96e1-5233c78e2ab1-A20730FCA57E" duration="00:00:00.0323674" startTime="2026-09-02T14:01:49.5515450+00:00" endTime="2026-09-02T14:01:49.5842280+00:00" testType="13cdc9d9-ddb5-4fa4-a97d-d965ccfc6d4b" outcome="Passed" testListId="8c84fa94-04c1-424b-9868-57a2d4851a1d" relativeResultsDirectory="07ea9a30-7a36-4db1-b64a-0e3af3362750" />
    <UnitTestResult executionId="66d4308a-8acc-4ed0-a4d3-413382654a30" testId="73a6f8ba-118d-2d59-97c8-45eb909a0e6d" testName="Runic.Desktop.Tests.ContentAndLifecycleTests.UsesExplicitPortAndRetainsSettingsAcrossRestart" computerName="sat12-bq158-b7cb602c-8561-469e-96e1-5233c78e2ab1-A20730FCA57E" duration="00:00:00.0336442" startTime="2026-09-02T14:01:59.9085010+00:00" endTime="2026-09-02T14:01:59.9420630+00:00" testType="13cdc9d9-ddb5-4fa4-a97d-d965ccfc6d4b" outcome="Passed" testListId="8c84fa94-04c1-424b-9868-57a2d4851a1d" relativeResultsDirectory="66d4308a-8acc-4ed0-a4d3-413382654a30" />
    <UnitTestResult executionId="40543a20-c438-4913-b1fd-3218528bc9ed" testId="8c00a42e-977a-f5e9-4c96-8ff35787842b" testName="Runic.Desktop.Tests.ContentAndLifecycleTests.VirtualContentHasFallbackAndCannotOverrideBridge" computerName="sat12-bq158-b7cb602c-8561-469e-96e1-5233c78e2ab1-A20730FCA57E" duration="00:00:00.0203426" startTime="2026-09-02T14:02:02.6475550+00:00" endTime="2026-09-02T14:02:02.6680040+00:00" testType="13cdc9d9-ddb5-4fa4-a97d-d965ccfc6d4b" outcome="Passed" testListId="8c84fa94-04c1-424b-9868-57a2d4851a1d" relativeResultsDirectory="40543a20-c438-4913-b1fd-3218528bc9ed" />
    <UnitTestResult executionId="7e03ab4e-6113-4cc6-86c0-2d4c0d8c8fb4" testId="5d193ded-7733-ac1e-648e-be04b51d822c" testName="Runic.Desktop.Tests.DesktopApiTests.PublicSurfaceServesRunicDesktopBootstrapIdentity" computerName="sat12-bq158-b7cb602c-8561-469e-96e1-5233c78e2ab1-A20730FCA57E" duration="00:00:00.0158596" startTime="2026-09-02T14:01:59.5328270+00:00" endTime="2026-09-02T14:01:59.5487590+00:00" testType="13cdc9d9-ddb5-4fa4-a97d-d965ccfc6d4b" outcome="Passed" testListId="8c84fa94-04c1-424b-9868-57a2d4851a1d" relativeResultsDirectory="7e03ab4e-6113-4cc6-86c0-2d4c0d8c8fb4" />
    <UnitTestResult executionId="94109d03-defb-4204-8840-7e23749f879a" testId="80882ead-bf5a-a1c8-680a-63d76cc6e1b8" testName="Runic.Desktop.Tests.DesktopApiTests.CapabilityFailuresProduceOnlyStableRedactedDiagnostics" computerName="sat12-bq158-b7cb602c-8561-469e-96e1-5233c78e2ab1-A20730FCA57E" duration="00:00:00.0524891" startTime="2026-09-02T14:01:59.4801800+00:00" endTime="2026-09-02T14:01:59.5326210+00:00" testType="13cdc9d9-ddb5-4fa4-a97d-d965ccfc6d4b" outcome="Passed" testListId="8c84fa94-04c1-424b-9868-57a2d4851a1d" relativeResultsDirectory="94109d03-defb-4204-8840-7e23749f879a" />
    <UnitTestResult executionId="47bbda6b-f41f-4c3e-a268-f6df3b87217f" testId="f7d337ed-ddc8-7f26-91e2-3cbcbb395cac" testName="Runic.Desktop.Tests.ContentAndLifecycleTests.ConcurrentServerWindowChurnLeavesNoApplicationLifetimeBehind" computerName="sat12-bq158-b7cb602c-8561-469e-96e1-5233c78e2ab1-A20730FCA57E" duration="00:00:00.3234419" startTime="2026-09-02T14:02:02.3022580+00:00" endTime="2026-09-02T14:02:02.6259120+00:00" testType="13cdc9d9-ddb5-4fa4-a97d-d965ccfc6d4b" outcome="Passed" testListId="8c84fa94-04c1-424b-9868-57a2d4851a1d" relativeResultsDirectory="47bbda6b-f41f-4c3e-a268-f6df3b87217f" />
    <UnitTestResult executionId="fa277734-4c01-4638-bbde-e7e7baba238a" testId="2722cabe-f484-db79-67f3-214ee4d57762" testName="Runic.Desktop.Tests.ManagedWindowTests.UsesWebUiHandshakeAndCallFraming" computerName="sat12-bq158-b7cb602c-8561-469e-96e1-5233c78e2ab1-A20730FCA57E" duration="00:00:00.0385907" startTime="2026-09-02T14:01:49.4482360+00:00" endTime="2026-09-02T14:01:49.4864280+00:00" testType="13cdc9d9-ddb5-4fa4-a97d-d965ccfc6d4b" outcome="Passed" testListId="8c84fa94-04c1-424b-9868-57a2d4851a1d" relativeResultsDirectory="fa277734-4c01-4638-bbde-e7e7baba238a" />
    <UnitTestResult executionId="fd53e6d6-c997-45dc-ad37-94eeac3996c2" testId="cc4a777c-6bdf-b1b6-d72b-a88ba31bae1e" testName="Runic.Desktop.Tests.ContentAndLifecycleTests.RejectsTraversalAndSymlinksOutsideRoot" computerName="sat12-bq158-b7cb602c-8561-469e-96e1-5233c78e2ab1-A20730FCA57E" duration="00:00:00.0210407" startTime="2026-09-02T14:02:02.6262180+00:00" endTime="2026-09-02T14:02:02.6472880+00:00" testType="13cdc9d9-ddb5-4fa4-a97d-d965ccfc6d4b" outcome="Passed" testListId="8c84fa94-04c1-424b-9868-57a2d4851a1d" relativeResultsDirectory="fd53e6d6-c997-45dc-ad37-94eeac3996c2" />
    <UnitTestResult executionId="36447ef9-2f95-4115-9f2d-750f728846de" testId="a863de21-5355-0698-6efd-58a60e71d970" testName="Runic.Desktop.Tests.DesktopApiTests.EmbeddedPresentationDeniesSensitivePermissionsByDefault" computerName="sat12-bq158-b7cb602c-8561-469e-96e1-5233c78e2ab1-A20730FCA57E" duration="00:00:00.0240023" startTime="2026-09-02T14:01:59.6226550+00:00" endTime="2026-09-02T14:01:59.6465730+00:00" testType="13cdc9d9-ddb5-4fa4-a97d-d965ccfc6d4b" outcome="Passed" testListId="8c84fa94-04c1-424b-9868-57a2d4851a1d" relativeResultsDirectory="36447ef9-2f95-4115-9f2d-750f728846de" />
  </Results>
  <TestDefinitions>
    <UnitTest name="Runic.Desktop.Tests.DesktopApiTests.EmbeddedPresentationReceivesExplicitPermissionPolicy" storage="/users/runner/work/runic-desktop/runic-desktop/tests/runic.desktop.tests/bin/release/net10.0/runic.desktop.tests.dll" id="061b1bd8-6193-b540-6f5d-edf69ffad5cf">
      <Execution id="bf6cef9b-c5a8-48bd-b4d8-b067b8be91d7" />
      <TestMethod codeBase="/Users/runner/work/runic-desktop/runic-desktop/tests/Runic.Desktop.Tests/bin/Release/net10.0/Runic.Desktop.Tests.dll" adapterTypeName="executor://xunit/VsTestRunner3/netcore/" className="Runic.Desktop.Tests.DesktopApiTests" name="EmbeddedPresentationReceivesExplicitPermissionPolicy" />
    </UnitTest>
    <UnitTest name="Runic.Desktop.Tests.ContentAndLifecycleTests.ApplicationWaitTracksAllRunningWindowsAndExitClosesThem" storage="/users/runner/work/runic-desktop/runic-desktop/tests/runic.desktop.tests/bin/release/net10.0/runic.desktop.tests.dll" id="645936de-3caf-dd2d-ee49-8175c9bad3b7">
      <Execution id="fc9bee4d-ba50-46a2-a876-ea9e6d37f572" />
      <TestMethod codeBase="/Users/runner/work/runic-desktop/runic-desktop/tests/Runic.Desktop.Tests/bin/Release/net10.0/Runic.Desktop.Tests.dll" adapterTypeName="executor://xunit/VsTestRunner3/netcore/" className="Runic.Desktop.Tests.ContentAndLifecycleTests" name="ApplicationWaitTracksAllRunningWindowsAndExitClosesThem" />
    </UnitTest>
    <UnitTest name="Runic.Desktop.Tests.ManagedWindowTests.SendsQuickJavaScriptRawDataAndNavigationPackets" storage="/users/runner/work/runic-desktop/runic-desktop/tests/runic.desktop.tests/bin/release/net10.0/runic.desktop.tests.dll" id="841c5a29-6640-dcf7-e5bc-735ffe9c53e2">
      <Execution id="edf699e1-cfa2-4579-aadd-1218c36175b5" />
      <TestMethod codeBase="/Users/runner/work/runic-desktop/runic-desktop/tests/Runic.Desktop.Tests/bin/Release/net10.0/Runic.Desktop.Tests.dll" adapterTypeName="executor://xunit/VsTestRunner3/netcore/" className="Runic.Desktop.Tests.ManagedWindowTests" name="SendsQuickJavaScriptRawDataAndNavigationPackets" />
    </UnitTest>
    <UnitTest name="Runic.Desktop.Tests.BrowserBridgeTests.UpstreamStyleCallbackAndJavaScriptRoundTripRunsInChromium" storage="/users/runner/work/runic-desktop/runic-desktop/tests/runic.desktop.tests/bin/release/net10.0/runic.desktop.tests.dll" id="3eeee4fc-58f0-6aab-1711-50e00a745a94">
      <Execution id="f53ef328-5d69-424c-af9e-102517068a00" />
      <TestMethod codeBase="/Users/runner/work/runic-desktop/runic-desktop/tests/Runic.Desktop.Tests/bin/Release/net10.0/Runic.Desktop.Tests.dll" adapterTypeName="executor://xunit/VsTestRunner3/netcore/" className="Runic.Desktop.Tests.BrowserBridgeTests" name="UpstreamStyleCallbackAndJavaScriptRoundTripRunsInChromium" />
    </UnitTest>
    <UnitTest name="Runic.Desktop.Tests.DesktopApiTests.PublicApiContainsNoWebUiCompatibilityIdentity" storage="/users/runner/work/runic-desktop/runic-desktop/tests/runic.desktop.tests/bin/release/net10.0/runic.desktop.tests.dll" id="e3c7bb57-a70c-b773-c119-c46183096b3d">
      <Execution id="470bbdd0-a172-426c-87a5-8084e9b5f8e3" />
      <TestMethod codeBase="/Users/runner/work/runic-desktop/runic-desktop/tests/Runic.Desktop.Tests/bin/Release/net10.0/Runic.Desktop.Tests.dll" adapterTypeName="executor://xunit/VsTestRunner3/netcore/" className="Runic.Desktop.Tests.DesktopApiTests" name="PublicApiContainsNoWebUiCompatibilityIdentity" />
    </UnitTest>
    <UnitTest name="Runic.Desktop.Tests.DesktopApiTests.EmbeddedPresentationDeniesSensitivePermissionsByDefault" storage="/users/runner/work/runic-desktop/runic-desktop/tests/runic.desktop.tests/bin/release/net10.0/runic.desktop.tests.dll" id="a863de21-5355-0698-6efd-58a60e71d970">
      <Execution id="36447ef9-2f95-4115-9f2d-750f728846de" />
      <TestMethod codeBase="/Users/runner/work/runic-desktop/runic-desktop/tests/Runic.Desktop.Tests/bin/Release/net10.0/Runic.Desktop.Tests.dll" adapterTypeName="executor://xunit/VsTestRunner3/netcore/" className="Runic.Desktop.Tests.DesktopApiTests" name="EmbeddedPresentationDeniesSensitivePermissionsByDefault" />
    </UnitTest>
    <UnitTest name="Runic.Desktop.Tests.ManagedWindowTests.DispatchesConnectionClickNavigationAndDisconnectionEvents" storage="/users/runner/work/runic-desktop/runic-desktop/tests/runic.desktop.tests/bin/release/net10.0/runic.desktop.tests.dll" id="fc077d82-9cdc-ef5c-ee27-ae7334c5fb98">
      <Execution id="ee7b12d7-39ba-4beb-9cf6-3f4c3fb4644f" />
      <TestMethod codeBase="/Users/runner/work/runic-desktop/runic-desktop/tests/Runic.Desktop.Tests/bin/Release/net10.0/Runic.Desktop.Tests.dll" adapterTypeName="executor://xunit/VsTestRunner3/netcore/" className="Runic.Desktop.Tests.ManagedWindowTests" name="DispatchesConnectionClickNavigationAndDisconnectionEvents" />
    </UnitTest>
    <UnitTest name="Runic.Desktop.Tests.BrowserHostTests.OwnsChromiumProcessProfileRestartAndNaturalExit" storage="/users/runner/work/runic-desktop/runic-desktop/tests/runic.desktop.tests/bin/release/net10.0/runic.desktop.tests.dll" id="42cb6dca-8767-b555-5ffa-652435100998">
      <Execution id="ff93bde1-594b-471a-aa5c-9930a5c94dc0" />
      <TestMethod codeBase="/Users/runner/work/runic-desktop/runic-desktop/tests/Runic.Desktop.Tests/bin/Release/net10.0/Runic.Desktop.Tests.dll" adapterTypeName="executor://xunit/VsTestRunner3/netcore/" className="Runic.Desktop.Tests.BrowserHostTests" name="OwnsChromiumProcessProfileRestartAndNaturalExit" />
    </UnitTest>
    <UnitTest name="Runic.Desktop.Tests.DesktopApiTests.PublicStreamingResponseDoesNotOpenForHead" storage="/users/runner/work/runic-desktop/runic-desktop/tests/runic.desktop.tests/bin/release/net10.0/runic.desktop.tests.dll" id="a966f8b1-ba0a-125c-269e-fc3da2253677">
      <Execution id="a02d62ca-832f-4ee0-bb4f-b7fe9cf1176b" />
      <TestMethod codeBase="/Users/runner/work/runic-desktop/runic-desktop/tests/Runic.Desktop.Tests/bin/Release/net10.0/Runic.Desktop.Tests.dll" adapterTypeName="executor://xunit/VsTestRunner3/netcore/" className="Runic.Desktop.Tests.DesktopApiTests" name="PublicStreamingResponseDoesNotOpenForHead" />
    </UnitTest>
    <UnitTest name="Runic.Desktop.Tests.DesktopApiTests.PublicNetworkExposureRequiresAnExplicitSecurityPolicy" storage="/users/runner/work/runic-desktop/runic-desktop/tests/runic.desktop.tests/bin/release/net10.0/runic.desktop.tests.dll" id="d7b7a382-5a04-48ec-9fa7-a428a831f054">
      <Execution id="9236ca30-34b9-45ba-b557-493960d9f324" />
      <TestMethod codeBase="/Users/runner/work/runic-desktop/runic-desktop/tests/Runic.Desktop.Tests/bin/Release/net10.0/Runic.Desktop.Tests.dll" adapterTypeName="executor://xunit/VsTestRunner3/netcore/" className="Runic.Desktop.Tests.DesktopApiTests" name="PublicNetworkExposureRequiresAnExplicitSecurityPolicy" />
    </UnitTest>
    <UnitTest name="Runic.Desktop.Tests.ContentAndLifecycleTests.SharedHostIsolatesSurfacesAndClosingOnePreservesTheOther" storage="/users/runner/work/runic-desktop/runic-desktop/tests/runic.desktop.tests/bin/release/net10.0/runic.desktop.tests.dll" id="27529644-d9ce-e605-e8e4-25294522bb36">
      <Execution id="153d37e7-79cc-46e5-91eb-fa7b99b3a705" />
      <TestMethod codeBase="/Users/runner/work/runic-desktop/runic-desktop/tests/Runic.Desktop.Tests/bin/Release/net10.0/Runic.Desktop.Tests.dll" adapterTypeName="executor://xunit/VsTestRunner3/netcore/" className="Runic.Desktop.Tests.ContentAndLifecycleTests" name="SharedHostIsolatesSurfacesAndClosingOnePreservesTheOther" />
    </UnitTest>
    <UnitTest name="Runic.Desktop.Tests.DesktopApiTests.StructuredPayloadRejectsDuplicateKeysWithStableRedactedError" storage="/users/runner/work/runic-desktop/runic-desktop/tests/runic.desktop.tests/bin/release/net10.0/runic.desktop.tests.dll" id="faa5ad64-e057-0b14-8269-be7189385afd">
      <Execution id="846a35eb-beda-4be2-ad27-c9fcab511d41" />
      <TestMethod codeBase="/Users/runner/work/runic-desktop/runic-desktop/tests/Runic.Desktop.Tests/bin/Release/net10.0/Runic.Desktop.Tests.dll" adapterTypeName="executor://xunit/VsTestRunner3/netcore/" className="Runic.Desktop.Tests.DesktopApiTests" name="StructuredPayloadRejectsDuplicateKeysWithStableRedactedError" />
    </UnitTest>
    <UnitTest name="Runic.Desktop.Tests.DesktopApiTests.PublicSurfaceServesRunicDesktopBootstrapIdentity" storage="/users/runner/work/runic-desktop/runic-desktop/tests/runic.desktop.tests/bin/release/net10.0/runic.desktop.tests.dll" id="5d193ded-7733-ac1e-648e-be04b51d822c">
      <Execution id="7e03ab4e-6113-4cc6-86c0-2d4c0d8c8fb4" />
      <TestMethod codeBase="/Users/runner/work/runic-desktop/runic-desktop/tests/Runic.Desktop.Tests/bin/Release/net10.0/Runic.Desktop.Tests.dll" adapterTypeName="executor://xunit/VsTestRunner3/netcore/" className="Runic.Desktop.Tests.DesktopApiTests" name="PublicSurfaceServesRunicDesktopBootstrapIdentity" />
    </UnitTest>
    <UnitTest name="Runic.Desktop.Tests.ContentAndLifecycleTests.ExternalUrlUsesLocalRefreshPageInServerOnlyMode" storage="/users/runner/work/runic-desktop/runic-desktop/tests/runic.desktop.tests/bin/release/net10.0/runic.desktop.tests.dll" id="bf22712c-733a-e359-d143-a566e9b67661">
      <Execution id="92ce8112-2c87-4898-b954-6540f3d99bbc" />
      <TestMethod codeBase="/Users/runner/work/runic-desktop/runic-desktop/tests/Runic.Desktop.Tests/bin/Release/net10.0/Runic.Desktop.Tests.dll" adapterTypeName="executor://xunit/VsTestRunner3/netcore/" className="Runic.Desktop.Tests.ContentAndLifecycleTests" name="ExternalUrlUsesLocalRefreshPageInServerOnlyMode" />
    </UnitTest>
    <UnitTest name="Runic.Desktop.Tests.EmbeddedHostTests.CustomHostReceivesWindowOptionsAndParticipatesInLifecycle" storage="/users/runner/work/runic-desktop/runic-desktop/tests/runic.desktop.tests/bin/release/net10.0/runic.desktop.tests.dll" id="ac985bb8-3f4b-01b1-ef4b-6cb58b0116ff">
      <Execution id="75667394-4a64-429d-875f-519ffe0541ec" />
      <TestMethod codeBase="/Users/runner/work/runic-desktop/runic-desktop/tests/Runic.Desktop.Tests/bin/Release/net10.0/Runic.Desktop.Tests.dll" adapterTypeName="executor://xunit/VsTestRunner3/netcore/" className="Runic.Desktop.Tests.EmbeddedHostTests" name="CustomHostReceivesWindowOptionsAndParticipatesInLifecycle" />
    </UnitTest>
    <UnitTest name="Runic.Desktop.Tests.DesktopApiTests.PreflightRejectsUnknownPresentationPolicies" storage="/users/runner/work/runic-desktop/runic-desktop/tests/runic.desktop.tests/bin/release/net10.0/runic.desktop.tests.dll" id="b800fae3-a831-9e12-5b61-57cd5502156e">
      <Execution id="7d935b6f-16dd-4054-b8d4-3b85fa40bc49" />
      <TestMethod codeBase="/Users/runner/work/runic-desktop/runic-desktop/tests/Runic.Desktop.Tests/bin/Release/net10.0/Runic.Desktop.Tests.dll" adapterTypeName="executor://xunit/VsTestRunner3/netcore/" className="Runic.Desktop.Tests.DesktopApiTests" name="PreflightRejectsUnknownPresentationPolicies" />
    </UnitTest>
    <UnitTest name="Runic.Desktop.Tests.BrowserBridgeTests.TypeScriptEffectPackageRoundTripsThroughPublicDesktopApiInChromium" storage="/users/runner/work/runic-desktop/runic-desktop/tests/runic.desktop.tests/bin/release/net10.0/runic.desktop.tests.dll" id="e76b3175-0518-346d-bd86-db9da3e14279">
      <Execution id="628eed73-c9c6-4553-9284-be66617b176e" />
      <TestMethod codeBase="/Users/runner/work/runic-desktop/runic-desktop/tests/Runic.Desktop.Tests/bin/Release/net10.0/Runic.Desktop.Tests.dll" adapterTypeName="executor://xunit/VsTestRunner3/netcore/" className="Runic.Desktop.Tests.BrowserBridgeTests" name="TypeScriptEffectPackageRoundTripsThroughPublicDesktopApiInChromium" />
    </UnitTest>
    <UnitTest name="Runic.Desktop.Tests.DesktopApiTests.ContentRequestExposesAnImmutableCaseInsensitiveHeaderSnapshot" storage="/users/runner/work/runic-desktop/runic-desktop/tests/runic.desktop.tests/bin/release/net10.0/runic.desktop.tests.dll" id="15c47b62-c838-e176-2043-0357e9697beb">
      <Execution id="46f052d5-eba2-4e93-8c05-dd474a6a3075" />
      <TestMethod codeBase="/Users/runner/work/runic-desktop/runic-desktop/tests/Runic.Desktop.Tests/bin/Release/net10.0/Runic.Desktop.Tests.dll" adapterTypeName="executor://xunit/VsTestRunner3/netcore/" className="Runic.Desktop.Tests.DesktopApiTests" name="ContentRequestExposesAnImmutableCaseInsensitiveHeaderSnapshot" />
    </UnitTest>
    <UnitTest name="Runic.Desktop.Tests.ContentAndLifecycleTests.StreamingVirtualContentHonorsHeadCancellationAndDisposal" storage="/users/runner/work/runic-desktop/runic-desktop/tests/runic.desktop.tests/bin/release/net10.0/runic.desktop.tests.dll" id="c5cf9e72-79c2-bc41-7ad0-236970370f46">
      <Execution id="3d568a62-17a0-45b8-beb5-76484b137e83" />
      <TestMethod codeBase="/Users/runner/work/runic-desktop/runic-desktop/tests/Runic.Desktop.Tests/bin/Release/net10.0/Runic.Desktop.Tests.dll" adapterTypeName="executor://xunit/VsTestRunner3/netcore/" className="Runic.Desktop.Tests.ContentAndLifecycleTests" name="StreamingVirtualContentHonorsHeadCancellationAndDisposal" />
    </UnitTest>
    <UnitTest name="Runic.Desktop.Tests.ConformanceReceiptTests.DotNetReceiptPassesEveryPortableFixtureExactlyOnce" storage="/users/runner/work/runic-desktop/runic-desktop/tests/runic.desktop.tests/bin/release/net10.0/runic.desktop.tests.dll" id="98566b48-c4e6-8047-f8e9-0d21cb83c0a5">
      <Execution id="9bb9faca-80ea-4b34-83ce-dbf93426e567" />
      <TestMethod codeBase="/Users/runner/work/runic-desktop/runic-desktop/tests/Runic.Desktop.Tests/bin/Release/net10.0/Runic.Desktop.Tests.dll" adapterTypeName="executor://xunit/VsTestRunner3/netcore/" className="Runic.Desktop.Tests.ConformanceReceiptTests" name="DotNetReceiptPassesEveryPortableFixtureExactlyOnce" />
    </UnitTest>
    <UnitTest name="Runic.Desktop.Tests.ContentAndLifecycleTests.RejectsTraversalAndSymlinksOutsideRoot" storage="/users/runner/work/runic-desktop/runic-desktop/tests/runic.desktop.tests/bin/release/net10.0/runic.desktop.tests.dll" id="cc4a777c-6bdf-b1b6-d72b-a88ba31bae1e">
      <Execution id="fd53e6d6-c997-45dc-ad37-94eeac3996c2" />
      <TestMethod codeBase="/Users/runner/work/runic-desktop/runic-desktop/tests/Runic.Desktop.Tests/bin/Release/net10.0/Runic.Desktop.Tests.dll" adapterTypeName="executor://xunit/VsTestRunner3/netcore/" className="Runic.Desktop.Tests.ContentAndLifecycleTests" name="RejectsTraversalAndSymlinksOutsideRoot" />
    </UnitTest>
    <UnitTest name="Runic.Desktop.Tests.ContentAndLifecycleTests.RunningWindowUsesRootFolderChangesImmediately" storage="/users/runner/work/runic-desktop/runic-desktop/tests/runic.desktop.tests/bin/release/net10.0/runic.desktop.tests.dll" id="c33e4b36-720b-43fb-a834-927b3c40e329">
      <Execution id="71c65871-8e0a-42b2-9abd-d0b2156acd5d" />
      <TestMethod codeBase="/Users/runner/work/runic-desktop/runic-desktop/tests/Runic.Desktop.Tests/bin/Release/net10.0/Runic.Desktop.Tests.dll" adapterTypeName="executor://xunit/VsTestRunner3/netcore/" className="Runic.Desktop.Tests.ContentAndLifecycleTests" name="RunningWindowUsesRootFolderChangesImmediately" />
    </UnitTest>
    <UnitTest name="Runic.Desktop.Tests.ManagedWindowTests.CloseCompletesWithAnAuthenticatedBridgeConnection" storage="/users/runner/work/runic-desktop/runic-desktop/tests/runic.desktop.tests/bin/release/net10.0/runic.desktop.tests.dll" id="40155b00-f4d2-a16e-45ba-304dd19677d3">
      <Execution id="6e860164-04c6-4c73-87ca-a559c95fb9fc" />
      <TestMethod codeBase="/Users/runner/work/runic-desktop/runic-desktop/tests/Runic.Desktop.Tests/bin/Release/net10.0/Runic.Desktop.Tests.dll" adapterTypeName="executor://xunit/VsTestRunner3/netcore/" className="Runic.Desktop.Tests.ManagedWindowTests" name="CloseCompletesWithAnAuthenticatedBridgeConnection" />
    </UnitTest>
    <UnitTest name="Runic.Desktop.Tests.DesktopApiTests.HostSharesListenerAndCreatesARequestScopePerRequest" storage="/users/runner/work/runic-desktop/runic-desktop/tests/runic.desktop.tests/bin/release/net10.0/runic.desktop.tests.dll" id="9fb696c2-8b6d-22f0-4f9c-8fc3569ef94f">
      <Execution id="22b85bcc-4b73-4ad3-93a1-a51974864f19" />
      <TestMethod codeBase="/Users/runner/work/runic-desktop/runic-desktop/tests/Runic.Desktop.Tests/bin/Release/net10.0/Runic.Desktop.Tests.dll" adapterTypeName="executor://xunit/VsTestRunner3/netcore/" className="Runic.Desktop.Tests.DesktopApiTests" name="HostSharesListenerAndCreatesARequestScopePerRequest" />
    </UnitTest>
    <UnitTest name="Runic.Desktop.Tests.BrowserHostTests.ParsesQuotedCustomParametersWithoutUsingAShell" storage="/users/runner/work/runic-desktop/runic-desktop/tests/runic.desktop.tests/bin/release/net10.0/runic.desktop.tests.dll" id="7218f8d9-1149-d866-00e8-d8adf0f1aa7b">
      <Execution id="ed076ea9-dc42-4fc3-be00-84b14275c353" />
      <TestMethod codeBase="/Users/runner/work/runic-desktop/runic-desktop/tests/Runic.Desktop.Tests/bin/Release/net10.0/Runic.Desktop.Tests.dll" adapterTypeName="executor://xunit/VsTestRunner3/netcore/" className="Runic.Desktop.Tests.BrowserHostTests" name="ParsesQuotedCustomParametersWithoutUsingAShell" />
    </UnitTest>
    <UnitTest name="Runic.Desktop.Tests.BrowserHostTests.CanDisposeOwnedBrowserFromItsBindingCallback" storage="/users/runner/work/runic-desktop/runic-desktop/tests/runic.desktop.tests/bin/release/net10.0/runic.desktop.tests.dll" id="153a09ee-0807-0121-b156-d0931455c8a9">
      <Execution id="ccc475f2-b475-4949-bc13-d32b4a7ae740" />
      <TestMethod codeBase="/Users/runner/work/runic-desktop/runic-desktop/tests/Runic.Desktop.Tests/bin/Release/net10.0/Runic.Desktop.Tests.dll" adapterTypeName="executor://xunit/VsTestRunner3/netcore/" className="Runic.Desktop.Tests.BrowserHostTests" name="CanDisposeOwnedBrowserFromItsBindingCallback" />
    </UnitTest>
    <UnitTest name="Runic.Desktop.Tests.ManagedWindowTests.AnnouncesBindingsAddedAfterAuthentication" storage="/users/runner/work/runic-desktop/runic-desktop/tests/runic.desktop.tests/bin/release/net10.0/runic.desktop.tests.dll" id="ce6c1686-c584-1ab0-33ec-241fb846e18c">
      <Execution id="9af2d4a2-a3e9-457e-b437-7c9a08da9cfa" />
      <TestMethod codeBase="/Users/runner/work/runic-desktop/runic-desktop/tests/Runic.Desktop.Tests/bin/Release/net10.0/Runic.Desktop.Tests.dll" adapterTypeName="executor://xunit/VsTestRunner3/netcore/" className="Runic.Desktop.Tests.ManagedWindowTests" name="AnnouncesBindingsAddedAfterAuthentication" />
    </UnitTest>
    <UnitTest name="Runic.Desktop.Tests.ManagedWindowTests.CanRestartAfterClose" storage="/users/runner/work/runic-desktop/runic-desktop/tests/runic.desktop.tests/bin/release/net10.0/runic.desktop.tests.dll" id="69ba1b79-4bb3-3aa9-7d3e-186c4014b62c">
      <Execution id="5180a241-6380-4b29-9d94-01d8c4e95bf6" />
      <TestMethod codeBase="/Users/runner/work/runic-desktop/runic-desktop/tests/Runic.Desktop.Tests/bin/Release/net10.0/Runic.Desktop.Tests.dll" adapterTypeName="executor://xunit/VsTestRunner3/netcore/" className="Runic.Desktop.Tests.ManagedWindowTests" name="CanRestartAfterClose" />
    </UnitTest>
    <UnitTest name="Runic.Desktop.Tests.DesktopApiTests.UnavailablePresentationFailsEarlyWithCorrelatedRemediation" storage="/users/runner/work/runic-desktop/runic-desktop/tests/runic.desktop.tests/bin/release/net10.0/runic.desktop.tests.dll" id="b7afc2cd-d1f8-bbc9-fa3e-808ac4b28703">
      <Execution id="29902824-d293-458e-9e9d-2c24362b6c87" />
      <TestMethod codeBase="/Users/runner/work/runic-desktop/runic-desktop/tests/Runic.Desktop.Tests/bin/Release/net10.0/Runic.Desktop.Tests.dll" adapterTypeName="executor://xunit/VsTestRunner3/netcore/" className="Runic.Desktop.Tests.DesktopApiTests" name="UnavailablePresentationFailsEarlyWithCorrelatedRemediation" />
    </UnitTest>
    <UnitTest name="Runic.Desktop.Tests.ManagedWindowTests.CorrelatesJavaScriptResultsAndReportsErrors" storage="/users/runner/work/runic-desktop/runic-desktop/tests/runic.desktop.tests/bin/release/net10.0/runic.desktop.tests.dll" id="e60701dd-fdb6-9a88-8add-d8437c0946fd">
      <Execution id="7f60bb95-ff0e-4414-986d-76b9dea0662c" />
      <TestMethod codeBase="/Users/runner/work/runic-desktop/runic-desktop/tests/Runic.Desktop.Tests/bin/Release/net10.0/Runic.Desktop.Tests.dll" adapterTypeName="executor://xunit/VsTestRunner3/netcore/" className="Runic.Desktop.Tests.ManagedWindowTests" name="CorrelatesJavaScriptResultsAndReportsErrors" />
    </UnitTest>
    <UnitTest name="Runic.Desktop.Tests.ManagedWindowTests.ReassemblesWebUiMultiPackets" storage="/users/runner/work/runic-desktop/runic-desktop/tests/runic.desktop.tests/bin/release/net10.0/runic.desktop.tests.dll" id="59b1d0b9-129a-d51a-20f5-7c9247801cdc">
      <Execution id="9c5b8424-f855-4146-9045-ddb98306ab96" />
      <TestMethod codeBase="/Users/runner/work/runic-desktop/runic-desktop/tests/Runic.Desktop.Tests/bin/Release/net10.0/Runic.Desktop.Tests.dll" adapterTypeName="executor://xunit/VsTestRunner3/netcore/" className="Runic.Desktop.Tests.ManagedWindowTests" name="ReassemblesWebUiMultiPackets" />
    </UnitTest>
    <UnitTest name="Runic.Desktop.Tests.BrowserHostTests.BuildsWebUiCompatibleChromiumAndFirefoxArguments" storage="/users/runner/work/runic-desktop/runic-desktop/tests/runic.desktop.tests/bin/release/net10.0/runic.desktop.tests.dll" id="463459bb-3857-1bf9-992f-6af8bd1a0cc0">
      <Execution id="bfcf4337-8a32-4501-b874-c0c671c43015" />
      <TestMethod codeBase="/Users/runner/work/runic-desktop/runic-desktop/tests/Runic.Desktop.Tests/bin/Release/net10.0/Runic.Desktop.Tests.dll" adapterTypeName="executor://xunit/VsTestRunner3/netcore/" className="Runic.Desktop.Tests.BrowserHostTests" name="BuildsWebUiCompatibleChromiumAndFirefoxArguments" />
    </UnitTest>
    <UnitTest name="Runic.Desktop.Tests.ContentAndLifecycleTests.ExplicitFileRedirectsWithoutFolderIndexFallback" storage="/users/runner/work/runic-desktop/runic-desktop/tests/runic.desktop.tests/bin/release/net10.0/runic.desktop.tests.dll" id="9d24470e-2cc4-d192-47b4-0a043b9905e6">
      <Execution id="18abb5b1-459a-4d2d-96e7-8e730f9b8d2b" />
      <TestMethod codeBase="/Users/runner/work/runic-desktop/runic-desktop/tests/Runic.Desktop.Tests/bin/Release/net10.0/Runic.Desktop.Tests.dll" adapterTypeName="executor://xunit/VsTestRunner3/netcore/" className="Runic.Desktop.Tests.ContentAndLifecycleTests" name="ExplicitFileRedirectsWithoutFolderIndexFallback" />
    </UnitTest>
    <UnitTest name="Runic.Desktop.Tests.ContentAndLifecycleTests.ConcurrentServerWindowChurnLeavesNoApplicationLifetimeBehind" storage="/users/runner/work/runic-desktop/runic-desktop/tests/runic.desktop.tests/bin/release/net10.0/runic.desktop.tests.dll" id="f7d337ed-ddc8-7f26-91e2-3cbcbb395cac">
      <Execution id="47bbda6b-f41f-4c3e-a268-f6df3b87217f" />
      <TestMethod codeBase="/Users/runner/work/runic-desktop/runic-desktop/tests/Runic.Desktop.Tests/bin/Release/net10.0/Runic.Desktop.Tests.dll" adapterTypeName="executor://xunit/VsTestRunner3/netcore/" className="Runic.Desktop.Tests.ContentAndLifecycleTests" name="ConcurrentServerWindowChurnLeavesNoApplicationLifetimeBehind" />
    </UnitTest>
    <UnitTest name="Runic.Desktop.Tests.ContentAndLifecycleTests.BridgeSessionsRemainOwnedByTheirWindow" storage="/users/runner/work/runic-desktop/runic-desktop/tests/runic.desktop.tests/bin/release/net10.0/runic.desktop.tests.dll" id="8b328ee1-e275-fcd4-9396-dab8934ebafc">
      <Execution id="228886ba-2e79-45f6-a213-abaea8479fac" />
      <TestMethod codeBase="/Users/runner/work/runic-desktop/runic-desktop/tests/Runic.Desktop.Tests/bin/Release/net10.0/Runic.Desktop.Tests.dll" adapterTypeName="executor://xunit/VsTestRunner3/netcore/" className="Runic.Desktop.Tests.ContentAndLifecycleTests" name="BridgeSessionsRemainOwnedByTheirWindow" />
    </UnitTest>
    <UnitTest name="Runic.Desktop.Tests.ContentAndLifecycleTests.DefaultRootIsCopiedByNewWindowsAndRootsRemainWindowOwned" storage="/users/runner/work/runic-desktop/runic-desktop/tests/runic.desktop.tests/bin/release/net10.0/runic.desktop.tests.dll" id="59c8a4de-f801-49dc-2c01-22004881a27e">
      <Execution id="6317014c-4e3b-4f62-b470-87cd74ad09b5" />
      <TestMethod codeBase="/Users/runner/work/runic-desktop/runic-desktop/tests/Runic.Desktop.Tests/bin/Release/net10.0/Runic.Desktop.Tests.dll" adapterTypeName="executor://xunit/VsTestRunner3/netcore/" className="Runic.Desktop.Tests.ContentAndLifecycleTests" name="DefaultRootIsCopiedByNewWindowsAndRootsRemainWindowOwned" />
    </UnitTest>
    <UnitTest name="Runic.Desktop.Tests.DesktopApiTests.CapabilityFailuresProduceOnlyStableRedactedDiagnostics" storage="/users/runner/work/runic-desktop/runic-desktop/tests/runic.desktop.tests/bin/release/net10.0/runic.desktop.tests.dll" id="80882ead-bf5a-a1c8-680a-63d76cc6e1b8">
      <Execution id="94109d03-defb-4204-8840-7e23749f879a" />
      <TestMethod codeBase="/Users/runner/work/runic-desktop/runic-desktop/tests/Runic.Desktop.Tests/bin/Release/net10.0/Runic.Desktop.Tests.dll" adapterTypeName="executor://xunit/VsTestRunner3/netcore/" className="Runic.Desktop.Tests.DesktopApiTests" name="CapabilityFailuresProduceOnlyStableRedactedDiagnostics" />
    </UnitTest>
    <UnitTest name="Runic.Desktop.Tests.ManagedWindowTests.ServesEmbeddedContentAndWebUiCompatibleBridge" storage="/users/runner/work/runic-desktop/runic-desktop/tests/runic.desktop.tests/bin/release/net10.0/runic.desktop.tests.dll" id="0c3c32ba-0cf8-85be-b48a-330743b05bda">
      <Execution id="199baa6b-f45d-433f-8edd-7235572e4ca5" />
      <TestMethod codeBase="/Users/runner/work/runic-desktop/runic-desktop/tests/Runic.Desktop.Tests/bin/Release/net10.0/Runic.Desktop.Tests.dll" adapterTypeName="executor://xunit/VsTestRunner3/netcore/" className="Runic.Desktop.Tests.ManagedWindowTests" name="ServesEmbeddedContentAndWebUiCompatibleBridge" />
    </UnitTest>
    <UnitTest name="Runic.Desktop.Tests.ContentAndLifecycleTests.ServerOnlyShowReloadsContentWithoutChangingTheListener" storage="/users/runner/work/runic-desktop/runic-desktop/tests/runic.desktop.tests/bin/release/net10.0/runic.desktop.tests.dll" id="352e6995-5f3e-d4cd-103f-a258d6d9db73">
      <Execution id="6169f2e7-1072-40c3-8cf9-4b8409ff6760" />
      <TestMethod codeBase="/Users/runner/work/runic-desktop/runic-desktop/tests/Runic.Desktop.Tests/bin/Release/net10.0/Runic.Desktop.Tests.dll" adapterTypeName="executor://xunit/VsTestRunner3/netcore/" className="Runic.Desktop.Tests.ContentAndLifecycleTests" name="ServerOnlyShowReloadsContentWithoutChangingTheListener" />
    </UnitTest>
    <UnitTest name="Runic.Desktop.Tests.ManagedWindowTests.UsesWebUiHandshakeAndCallFraming" storage="/users/runner/work/runic-desktop/runic-desktop/tests/runic.desktop.tests/bin/release/net10.0/runic.desktop.tests.dll" id="2722cabe-f484-db79-67f3-214ee4d57762">
      <Execution id="fa277734-4c01-4638-bbde-e7e7baba238a" />
      <TestMethod codeBase="/Users/runner/work/runic-desktop/runic-desktop/tests/Runic.Desktop.Tests/bin/Release/net10.0/Runic.Desktop.Tests.dll" adapterTypeName="executor://xunit/VsTestRunner3/netcore/" className="Runic.Desktop.Tests.ManagedWindowTests" name="UsesWebUiHandshakeAndCallFraming" />
    </UnitTest>
    <UnitTest name="Runic.Desktop.Tests.DesktopApiTests.AvailabilityReportsConcretePresentationsAndActionableFailures" storage="/users/runner/work/runic-desktop/runic-desktop/tests/runic.desktop.tests/bin/release/net10.0/runic.desktop.tests.dll" id="98b02137-da92-2d75-eb9a-23fa79214ced">
      <Execution id="f7f5db33-1318-4962-8edf-90904f7c0e73" />
      <TestMethod codeBase="/Users/runner/work/runic-desktop/runic-desktop/tests/Runic.Desktop.Tests/bin/Release/net10.0/Runic.Desktop.Tests.dll" adapterTypeName="executor://xunit/VsTestRunner3/netcore/" className="Runic.Desktop.Tests.DesktopApiTests" name="AvailabilityReportsConcretePresentationsAndActionableFailures" />
    </UnitTest>
    <UnitTest name="Runic.Desktop.Tests.ContentAndLifecycleTests.SafePolicyRequiresSameOriginSurfaceScopedCredential" storage="/users/runner/work/runic-desktop/runic-desktop/tests/runic.desktop.tests/bin/release/net10.0/runic.desktop.tests.dll" id="873562f8-993a-b22a-3a10-879493c93627">
      <Execution id="1d5a0235-2722-4691-a2e7-f5b0d68a0b2d" />
      <TestMethod codeBase="/Users/runner/work/runic-desktop/runic-desktop/tests/Runic.Desktop.Tests/bin/Release/net10.0/Runic.Desktop.Tests.dll" adapterTypeName="executor://xunit/VsTestRunner3/netcore/" className="Runic.Desktop.Tests.ContentAndLifecycleTests" name="SafePolicyRequiresSameOriginSurfaceScopedCredential" />
    </UnitTest>
    <UnitTest name="Runic.Desktop.Tests.ManagedWindowTests.RejectsAnInvalidProtocolToken" storage="/users/runner/work/runic-desktop/runic-desktop/tests/runic.desktop.tests/bin/release/net10.0/runic.desktop.tests.dll" id="eaf7f52e-39ec-e400-0619-249e82132ecd">
      <Execution id="07ea9a30-7a36-4db1-b64a-0e3af3362750" />
      <TestMethod codeBase="/Users/runner/work/runic-desktop/runic-desktop/tests/Runic.Desktop.Tests/bin/Release/net10.0/Runic.Desktop.Tests.dll" adapterTypeName="executor://xunit/VsTestRunner3/netcore/" className="Runic.Desktop.Tests.ManagedWindowTests" name="RejectsAnInvalidProtocolToken" />
    </UnitTest>
    <UnitTest name="Runic.Desktop.Tests.DesktopApiTests.LocalContentDeniesMediaCaptureByDefault" storage="/users/runner/work/runic-desktop/runic-desktop/tests/runic.desktop.tests/bin/release/net10.0/runic.desktop.tests.dll" id="1aba962a-ef9e-2eaf-2ed5-0d3525098d00">
      <Execution id="7f8d0194-1717-4395-92d1-6589432416c2" />
      <TestMethod codeBase="/Users/runner/work/runic-desktop/runic-desktop/tests/Runic.Desktop.Tests/bin/Release/net10.0/Runic.Desktop.Tests.dll" adapterTypeName="executor://xunit/VsTestRunner3/netcore/" className="Runic.Desktop.Tests.DesktopApiTests" name="LocalContentDeniesMediaCaptureByDefault" />
    </UnitTest>
    <UnitTest name="Runic.Desktop.Tests.ContentAndLifecycleTests.StreamingVirtualContentCancelsAndDisposesWhenWindowCloses" storage="/users/runner/work/runic-desktop/runic-desktop/tests/runic.desktop.tests/bin/release/net10.0/runic.desktop.tests.dll" id="e5f27a6d-d40e-e619-bc50-029b2491862a">
      <Execution id="2868d789-3a73-432e-8104-c9824eb6ade1" />
      <TestMethod codeBase="/Users/runner/work/runic-desktop/runic-desktop/tests/Runic.Desktop.Tests/bin/Release/net10.0/Runic.Desktop.Tests.dll" adapterTypeName="executor://xunit/VsTestRunner3/netcore/" className="Runic.Desktop.Tests.ContentAndLifecycleTests" name="StreamingVirtualContentCancelsAndDisposesWhenWindowCloses" />
    </UnitTest>
    <UnitTest name="Runic.Desktop.Tests.ContentAndLifecycleTests.VirtualContentHasFallbackAndCannotOverrideBridge" storage="/users/runner/work/runic-desktop/runic-desktop/tests/runic.desktop.tests/bin/release/net10.0/runic.desktop.tests.dll" id="8c00a42e-977a-f5e9-4c96-8ff35787842b">
      <Execution id="40543a20-c438-4913-b1fd-3218528bc9ed" />
      <TestMethod codeBase="/Users/runner/work/runic-desktop/runic-desktop/tests/Runic.Desktop.Tests/bin/Release/net10.0/Runic.Desktop.Tests.dll" adapterTypeName="executor://xunit/VsTestRunner3/netcore/" className="Runic.Desktop.Tests.ContentAndLifecycleTests" name="VirtualContentHasFallbackAndCannotOverrideBridge" />
    </UnitTest>
    <UnitTest name="Runic.Desktop.Tests.BrowserHostTests.CreatesButDoesNotOwnAnExplicitProfileFolder" storage="/users/runner/work/runic-desktop/runic-desktop/tests/runic.desktop.tests/bin/release/net10.0/runic.desktop.tests.dll" id="cfc4c5a2-09ea-8ef7-24c1-3cdbfb4bab37">
      <Execution id="3f72a10d-3ad8-4e6e-a61a-fc747e459faa" />
      <TestMethod codeBase="/Users/runner/work/runic-desktop/runic-desktop/tests/Runic.Desktop.Tests/bin/Release/net10.0/Runic.Desktop.Tests.dll" adapterTypeName="executor://xunit/VsTestRunner3/netcore/" className="Runic.Desktop.Tests.BrowserHostTests" name="CreatesButDoesNotOwnAnExplicitProfileFolder" />
    </UnitTest>
    <UnitTest name="Runic.Desktop.Tests.BrowserHostTests.DiscoversBrowsersFromTheConfiguredFolder" storage="/users/runner/work/runic-desktop/runic-desktop/tests/runic.desktop.tests/bin/release/net10.0/runic.desktop.tests.dll" id="2a647045-2d44-6a96-8329-0813be00d41e">
      <Execution id="953ed436-fb75-443a-8f36-ba78f0a2beea" />
      <TestMethod codeBase="/Users/runner/work/runic-desktop/runic-desktop/tests/Runic.Desktop.Tests/bin/Release/net10.0/Runic.Desktop.Tests.dll" adapterTypeName="executor://xunit/VsTestRunner3/netcore/" className="Runic.Desktop.Tests.BrowserHostTests" name="DiscoversBrowsersFromTheConfiguredFolder" />
    </UnitTest>
    <UnitTest name="Runic.Desktop.Tests.ManagedWindowTests.AcceptsAReconnectedBridgeAndRaisesNewConnectionEvents" storage="/users/runner/work/runic-desktop/runic-desktop/tests/runic.desktop.tests/bin/release/net10.0/runic.desktop.tests.dll" id="6ea50534-a85b-4cc4-ae75-ca13ed656859">
      <Execution id="8519f5f4-4ef6-4965-81bf-43534cc9cece" />
      <TestMethod codeBase="/Users/runner/work/runic-desktop/runic-desktop/tests/Runic.Desktop.Tests/bin/Release/net10.0/Runic.Desktop.Tests.dll" adapterTypeName="executor://xunit/VsTestRunner3/netcore/" className="Runic.Desktop.Tests.ManagedWindowTests" name="AcceptsAReconnectedBridgeAndRaisesNewConnectionEvents" />
    </UnitTest>
    <UnitTest name="Runic.Desktop.Tests.DesktopApiTests.ExplicitEmbeddedThenBrowserFallbackIsObservable" storage="/users/runner/work/runic-desktop/runic-desktop/tests/runic.desktop.tests/bin/release/net10.0/runic.desktop.tests.dll" id="709d4377-8d03-258b-2660-4ace3fd90f6d">
      <Execution id="5f738a34-1d9a-480e-bf30-6f73c964c3de" />
      <TestMethod codeBase="/Users/runner/work/runic-desktop/runic-desktop/tests/Runic.Desktop.Tests/bin/Release/net10.0/Runic.Desktop.Tests.dll" adapterTypeName="executor://xunit/VsTestRunner3/netcore/" className="Runic.Desktop.Tests.DesktopApiTests" name="ExplicitEmbeddedThenBrowserFallbackIsObservable" />
    </UnitTest>
    <UnitTest name="Runic.Desktop.Tests.ManagedWindowTests.CallbackCanSynchronouslyExecuteJavaScriptWithoutDeadlock" storage="/users/runner/work/runic-desktop/runic-desktop/tests/runic.desktop.tests/bin/release/net10.0/runic.desktop.tests.dll" id="8d6fba1e-1ad3-7679-61dd-3c8fc03136b5">
      <Execution id="cbea9b8d-c032-47b9-b72a-84912c00cc90" />
      <TestMethod codeBase="/Users/runner/work/runic-desktop/runic-desktop/tests/Runic.Desktop.Tests/bin/Release/net10.0/Runic.Desktop.Tests.dll" adapterTypeName="executor://xunit/VsTestRunner3/netcore/" className="Runic.Desktop.Tests.ManagedWindowTests" name="CallbackCanSynchronouslyExecuteJavaScriptWithoutDeadlock" />
    </UnitTest>
    <UnitTest name="Runic.Desktop.Tests.DesktopApiTests.PreflightReportsTheRequestedPolicyAndConcreteCapabilityLimit" storage="/users/runner/work/runic-desktop/runic-desktop/tests/runic.desktop.tests/bin/release/net10.0/runic.desktop.tests.dll" id="5d3640bb-4373-2ac5-219f-5be2d06be85b">
      <Execution id="da8d81e4-0bb3-4f3d-9193-c81960b1e8af" />
      <TestMethod codeBase="/Users/runner/work/runic-desktop/runic-desktop/tests/Runic.Desktop.Tests/bin/Release/net10.0/Runic.Desktop.Tests.dll" adapterTypeName="executor://xunit/VsTestRunner3/netcore/" className="Runic.Desktop.Tests.DesktopApiTests" name="PreflightReportsTheRequestedPolicyAndConcreteCapabilityLimit" />
    </UnitTest>
    <UnitTest name="Runic.Desktop.Tests.ContentAndLifecycleTests.ServesFoldersIndexesFilesMimeHeadAndNoCache" storage="/users/runner/work/runic-desktop/runic-desktop/tests/runic.desktop.tests/bin/release/net10.0/runic.desktop.tests.dll" id="42622707-7344-db63-6873-9b83b4a6756f">
      <Execution id="4b703f73-788d-48ff-943c-e5e836dcc211" />
      <TestMethod codeBase="/Users/runner/work/runic-desktop/runic-desktop/tests/Runic.Desktop.Tests/bin/Release/net10.0/Runic.Desktop.Tests.dll" adapterTypeName="executor://xunit/VsTestRunner3/netcore/" className="Runic.Desktop.Tests.ContentAndLifecycleTests" name="ServesFoldersIndexesFilesMimeHeadAndNoCache" />
    </UnitTest>
    <UnitTest name="Runic.Desktop.Tests.ContentAndLifecycleTests.SingleClientRejectsConcurrentSocketAndMultiClientOwnsStableClientIds" storage="/users/runner/work/runic-desktop/runic-desktop/tests/runic.desktop.tests/bin/release/net10.0/runic.desktop.tests.dll" id="6b591cb1-f1c9-bcd8-2db0-845bc1909923">
      <Execution id="344ab903-0974-435b-aa7e-f4b3f5f4be3d" />
      <TestMethod codeBase="/Users/runner/work/runic-desktop/runic-desktop/tests/Runic.Desktop.Tests/bin/Release/net10.0/Runic.Desktop.Tests.dll" adapterTypeName="executor://xunit/VsTestRunner3/netcore/" className="Runic.Desktop.Tests.ContentAndLifecycleTests" name="SingleClientRejectsConcurrentSocketAndMultiClientOwnsStableClientIds" />
    </UnitTest>
    <UnitTest name="Runic.Desktop.Tests.DesktopApiTests.OpeningAndClosingWindowPreservesSurfaceContentAndLifetime" storage="/users/runner/work/runic-desktop/runic-desktop/tests/runic.desktop.tests/bin/release/net10.0/runic.desktop.tests.dll" id="47120980-48a7-8456-f03b-81c588857d72">
      <Execution id="4b909110-673c-4856-8399-954c21f98cb7" />
      <TestMethod codeBase="/Users/runner/work/runic-desktop/runic-desktop/tests/Runic.Desktop.Tests/bin/Release/net10.0/Runic.Desktop.Tests.dll" adapterTypeName="executor://xunit/VsTestRunner3/netcore/" className="Runic.Desktop.Tests.DesktopApiTests" name="OpeningAndClosingWindowPreservesSurfaceContentAndLifetime" />
    </UnitTest>
    <UnitTest name="Runic.Desktop.Tests.ContentAndLifecycleTests.UsesExplicitPortAndRetainsSettingsAcrossRestart" storage="/users/runner/work/runic-desktop/runic-desktop/tests/runic.desktop.tests/bin/release/net10.0/runic.desktop.tests.dll" id="73a6f8ba-118d-2d59-97c8-45eb909a0e6d">
      <Execution id="66d4308a-8acc-4ed0-a4d3-413382654a30" />
      <TestMethod codeBase="/Users/runner/work/runic-desktop/runic-desktop/tests/Runic.Desktop.Tests/bin/Release/net10.0/Runic.Desktop.Tests.dll" adapterTypeName="executor://xunit/VsTestRunner3/netcore/" className="Runic.Desktop.Tests.ContentAndLifecycleTests" name="UsesExplicitPortAndRetainsSettingsAcrossRestart" />
    </UnitTest>
    <UnitTest name="Runic.Desktop.Tests.ManagedWindowTests.EncodesTypedResultsAsWebUiResponseStrings" storage="/users/runner/work/runic-desktop/runic-desktop/tests/runic.desktop.tests/bin/release/net10.0/runic.desktop.tests.dll" id="5db4cf0b-2032-780b-27b7-5d0054bd1e74">
      <Execution id="c44962eb-3f78-434e-8967-57a5e3894359" />
      <TestMethod codeBase="/Users/runner/work/runic-desktop/runic-desktop/tests/Runic.Desktop.Tests/bin/Release/net10.0/Runic.Desktop.Tests.dll" adapterTypeName="executor://xunit/VsTestRunner3/netcore/" className="Runic.Desktop.Tests.ManagedWindowTests" name="EncodesTypedResultsAsWebUiResponseStrings" />
    </UnitTest>
    <UnitTest name="Runic.Desktop.Tests.DesktopApiTests.ClosingSurfaceReportsCauseAndReleasesPublicStream" storage="/users/runner/work/runic-desktop/runic-desktop/tests/runic.desktop.tests/bin/release/net10.0/runic.desktop.tests.dll" id="b2e0017f-c9ce-c14b-e9da-f53c03715eec">
      <Execution id="d681f268-310d-4844-9b40-8d0f12cfb0b2" />
      <TestMethod codeBase="/Users/runner/work/runic-desktop/runic-desktop/tests/Runic.Desktop.Tests/bin/Release/net10.0/Runic.Desktop.Tests.dll" adapterTypeName="executor://xunit/VsTestRunner3/netcore/" className="Runic.Desktop.Tests.DesktopApiTests" name="ClosingSurfaceReportsCauseAndReleasesPublicStream" />
    </UnitTest>
  </TestDefinitions>
  <TestEntries>
    <TestEntry testId="b2e0017f-c9ce-c14b-e9da-f53c03715eec" executionId="d681f268-310d-4844-9b40-8d0f12cfb0b2" testListId="8c84fa94-04c1-424b-9868-57a2d4851a1d" />
    <TestEntry testId="352e6995-5f3e-d4cd-103f-a258d6d9db73" executionId="6169f2e7-1072-40c3-8cf9-4b8409ff6760" testListId="8c84fa94-04c1-424b-9868-57a2d4851a1d" />
    <TestEntry testId="59c8a4de-f801-49dc-2c01-22004881a27e" executionId="6317014c-4e3b-4f62-b470-87cd74ad09b5" testListId="8c84fa94-04c1-424b-9868-57a2d4851a1d" />
    <TestEntry testId="42622707-7344-db63-6873-9b83b4a6756f" executionId="4b703f73-788d-48ff-943c-e5e836dcc211" testListId="8c84fa94-04c1-424b-9868-57a2d4851a1d" />
    <TestEntry testId="5db4cf0b-2032-780b-27b7-5d0054bd1e74" executionId="c44962eb-3f78-434e-8967-57a5e3894359" testListId="8c84fa94-04c1-424b-9868-57a2d4851a1d" />
    <TestEntry testId="b7afc2cd-d1f8-bbc9-fa3e-808ac4b28703" executionId="29902824-d293-458e-9e9d-2c24362b6c87" testListId="8c84fa94-04c1-424b-9868-57a2d4851a1d" />
    <TestEntry testId="c5cf9e72-79c2-bc41-7ad0-236970370f46" executionId="3d568a62-17a0-45b8-beb5-76484b137e83" testListId="8c84fa94-04c1-424b-9868-57a2d4851a1d" />
    <TestEntry testId="9d24470e-2cc4-d192-47b4-0a043b9905e6" executionId="18abb5b1-459a-4d2d-96e7-8e730f9b8d2b" testListId="8c84fa94-04c1-424b-9868-57a2d4851a1d" />
    <TestEntry testId="3eeee4fc-58f0-6aab-1711-50e00a745a94" executionId="f53ef328-5d69-424c-af9e-102517068a00" testListId="8c84fa94-04c1-424b-9868-57a2d4851a1d" />
    <TestEntry testId="a966f8b1-ba0a-125c-269e-fc3da2253677" executionId="a02d62ca-832f-4ee0-bb4f-b7fe9cf1176b" testListId="8c84fa94-04c1-424b-9868-57a2d4851a1d" />
    <TestEntry testId="ce6c1686-c584-1ab0-33ec-241fb846e18c" executionId="9af2d4a2-a3e9-457e-b437-7c9a08da9cfa" testListId="8c84fa94-04c1-424b-9868-57a2d4851a1d" />
    <TestEntry testId="873562f8-993a-b22a-3a10-879493c93627" executionId="1d5a0235-2722-4691-a2e7-f5b0d68a0b2d" testListId="8c84fa94-04c1-424b-9868-57a2d4851a1d" />
    <TestEntry testId="69ba1b79-4bb3-3aa9-7d3e-186c4014b62c" executionId="5180a241-6380-4b29-9d94-01d8c4e95bf6" testListId="8c84fa94-04c1-424b-9868-57a2d4851a1d" />
    <TestEntry testId="6b591cb1-f1c9-bcd8-2db0-845bc1909923" executionId="344ab903-0974-435b-aa7e-f4b3f5f4be3d" testListId="8c84fa94-04c1-424b-9868-57a2d4851a1d" />
    <TestEntry testId="841c5a29-6640-dcf7-e5bc-735ffe9c53e2" executionId="edf699e1-cfa2-4579-aadd-1218c36175b5" testListId="8c84fa94-04c1-424b-9868-57a2d4851a1d" />
    <TestEntry testId="15c47b62-c838-e176-2043-0357e9697beb" executionId="46f052d5-eba2-4e93-8c05-dd474a6a3075" testListId="8c84fa94-04c1-424b-9868-57a2d4851a1d" />
    <TestEntry testId="9fb696c2-8b6d-22f0-4f9c-8fc3569ef94f" executionId="22b85bcc-4b73-4ad3-93a1-a51974864f19" testListId="8c84fa94-04c1-424b-9868-57a2d4851a1d" />
    <TestEntry testId="8b328ee1-e275-fcd4-9396-dab8934ebafc" executionId="228886ba-2e79-45f6-a213-abaea8479fac" testListId="8c84fa94-04c1-424b-9868-57a2d4851a1d" />
    <TestEntry testId="c33e4b36-720b-43fb-a834-927b3c40e329" executionId="71c65871-8e0a-42b2-9abd-d0b2156acd5d" testListId="8c84fa94-04c1-424b-9868-57a2d4851a1d" />
    <TestEntry testId="6ea50534-a85b-4cc4-ae75-ca13ed656859" executionId="8519f5f4-4ef6-4965-81bf-43534cc9cece" testListId="8c84fa94-04c1-424b-9868-57a2d4851a1d" />
    <TestEntry testId="e60701dd-fdb6-9a88-8add-d8437c0946fd" executionId="7f60bb95-ff0e-4414-986d-76b9dea0662c" testListId="8c84fa94-04c1-424b-9868-57a2d4851a1d" />
    <TestEntry testId="645936de-3caf-dd2d-ee49-8175c9bad3b7" executionId="fc9bee4d-ba50-46a2-a876-ea9e6d37f572" testListId="8c84fa94-04c1-424b-9868-57a2d4851a1d" />
    <TestEntry testId="e3c7bb57-a70c-b773-c119-c46183096b3d" executionId="470bbdd0-a172-426c-87a5-8084e9b5f8e3" testListId="8c84fa94-04c1-424b-9868-57a2d4851a1d" />
    <TestEntry testId="47120980-48a7-8456-f03b-81c588857d72" executionId="4b909110-673c-4856-8399-954c21f98cb7" testListId="8c84fa94-04c1-424b-9868-57a2d4851a1d" />
    <TestEntry testId="e5f27a6d-d40e-e619-bc50-029b2491862a" executionId="2868d789-3a73-432e-8104-c9824eb6ade1" testListId="8c84fa94-04c1-424b-9868-57a2d4851a1d" />
    <TestEntry testId="5d3640bb-4373-2ac5-219f-5be2d06be85b" executionId="da8d81e4-0bb3-4f3d-9193-c81960b1e8af" testListId="8c84fa94-04c1-424b-9868-57a2d4851a1d" />
    <TestEntry testId="cfc4c5a2-09ea-8ef7-24c1-3cdbfb4bab37" executionId="3f72a10d-3ad8-4e6e-a61a-fc747e459faa" testListId="8c84fa94-04c1-424b-9868-57a2d4851a1d" />
    <TestEntry testId="463459bb-3857-1bf9-992f-6af8bd1a0cc0" executionId="bfcf4337-8a32-4501-b874-c0c671c43015" testListId="8c84fa94-04c1-424b-9868-57a2d4851a1d" />
    <TestEntry testId="8d6fba1e-1ad3-7679-61dd-3c8fc03136b5" executionId="cbea9b8d-c032-47b9-b72a-84912c00cc90" testListId="8c84fa94-04c1-424b-9868-57a2d4851a1d" />
    <TestEntry testId="27529644-d9ce-e605-e8e4-25294522bb36" executionId="153d37e7-79cc-46e5-91eb-fa7b99b3a705" testListId="8c84fa94-04c1-424b-9868-57a2d4851a1d" />
    <TestEntry testId="98566b48-c4e6-8047-f8e9-0d21cb83c0a5" executionId="9bb9faca-80ea-4b34-83ce-dbf93426e567" testListId="8c84fa94-04c1-424b-9868-57a2d4851a1d" />
    <TestEntry testId="e76b3175-0518-346d-bd86-db9da3e14279" executionId="628eed73-c9c6-4553-9284-be66617b176e" testListId="8c84fa94-04c1-424b-9868-57a2d4851a1d" />
    <TestEntry testId="faa5ad64-e057-0b14-8269-be7189385afd" executionId="846a35eb-beda-4be2-ad27-c9fcab511d41" testListId="8c84fa94-04c1-424b-9868-57a2d4851a1d" />
    <TestEntry testId="42cb6dca-8767-b555-5ffa-652435100998" executionId="ff93bde1-594b-471a-aa5c-9930a5c94dc0" testListId="8c84fa94-04c1-424b-9868-57a2d4851a1d" />
    <TestEntry testId="2a647045-2d44-6a96-8329-0813be00d41e" executionId="953ed436-fb75-443a-8f36-ba78f0a2beea" testListId="8c84fa94-04c1-424b-9868-57a2d4851a1d" />
    <TestEntry testId="7218f8d9-1149-d866-00e8-d8adf0f1aa7b" executionId="ed076ea9-dc42-4fc3-be00-84b14275c353" testListId="8c84fa94-04c1-424b-9868-57a2d4851a1d" />
    <TestEntry testId="bf22712c-733a-e359-d143-a566e9b67661" executionId="92ce8112-2c87-4898-b954-6540f3d99bbc" testListId="8c84fa94-04c1-424b-9868-57a2d4851a1d" />
    <TestEntry testId="59b1d0b9-129a-d51a-20f5-7c9247801cdc" executionId="9c5b8424-f855-4146-9045-ddb98306ab96" testListId="8c84fa94-04c1-424b-9868-57a2d4851a1d" />
    <TestEntry testId="1aba962a-ef9e-2eaf-2ed5-0d3525098d00" executionId="7f8d0194-1717-4395-92d1-6589432416c2" testListId="8c84fa94-04c1-424b-9868-57a2d4851a1d" />
    <TestEntry testId="d7b7a382-5a04-48ec-9fa7-a428a831f054" executionId="9236ca30-34b9-45ba-b557-493960d9f324" testListId="8c84fa94-04c1-424b-9868-57a2d4851a1d" />
    <TestEntry testId="40155b00-f4d2-a16e-45ba-304dd19677d3" executionId="6e860164-04c6-4c73-87ca-a559c95fb9fc" testListId="8c84fa94-04c1-424b-9868-57a2d4851a1d" />
    <TestEntry testId="b800fae3-a831-9e12-5b61-57cd5502156e" executionId="7d935b6f-16dd-4054-b8d4-3b85fa40bc49" testListId="8c84fa94-04c1-424b-9868-57a2d4851a1d" />
    <TestEntry testId="153a09ee-0807-0121-b156-d0931455c8a9" executionId="ccc475f2-b475-4949-bc13-d32b4a7ae740" testListId="8c84fa94-04c1-424b-9868-57a2d4851a1d" />
    <TestEntry testId="0c3c32ba-0cf8-85be-b48a-330743b05bda" executionId="199baa6b-f45d-433f-8edd-7235572e4ca5" testListId="8c84fa94-04c1-424b-9868-57a2d4851a1d" />
    <TestEntry testId="fc077d82-9cdc-ef5c-ee27-ae7334c5fb98" executionId="ee7b12d7-39ba-4beb-9cf6-3f4c3fb4644f" testListId="8c84fa94-04c1-424b-9868-57a2d4851a1d" />
    <TestEntry testId="061b1bd8-6193-b540-6f5d-edf69ffad5cf" executionId="bf6cef9b-c5a8-48bd-b4d8-b067b8be91d7" testListId="8c84fa94-04c1-424b-9868-57a2d4851a1d" />
    <TestEntry testId="98b02137-da92-2d75-eb9a-23fa79214ced" executionId="f7f5db33-1318-4962-8edf-90904f7c0e73" testListId="8c84fa94-04c1-424b-9868-57a2d4851a1d" />
    <TestEntry testId="709d4377-8d03-258b-2660-4ace3fd90f6d" executionId="5f738a34-1d9a-480e-bf30-6f73c964c3de" testListId="8c84fa94-04c1-424b-9868-57a2d4851a1d" />
    <TestEntry testId="ac985bb8-3f4b-01b1-ef4b-6cb58b0116ff" executionId="75667394-4a64-429d-875f-519ffe0541ec" testListId="8c84fa94-04c1-424b-9868-57a2d4851a1d" />
    <TestEntry testId="eaf7f52e-39ec-e400-0619-249e82132ecd" executionId="07ea9a30-7a36-4db1-b64a-0e3af3362750" testListId="8c84fa94-04c1-424b-9868-57a2d4851a1d" />
    <TestEntry testId="73a6f8ba-118d-2d59-97c8-45eb909a0e6d" executionId="66d4308a-8acc-4ed0-a4d3-413382654a30" testListId="8c84fa94-04c1-424b-9868-57a2d4851a1d" />
    <TestEntry testId="8c00a42e-977a-f5e9-4c96-8ff35787842b" executionId="40543a20-c438-4913-b1fd-3218528bc9ed" testListId="8c84fa94-04c1-424b-9868-57a2d4851a1d" />
    <TestEntry testId="5d193ded-7733-ac1e-648e-be04b51d822c" executionId="7e03ab4e-6113-4cc6-86c0-2d4c0d8c8fb4" testListId="8c84fa94-04c1-424b-9868-57a2d4851a1d" />
    <TestEntry testId="80882ead-bf5a-a1c8-680a-63d76cc6e1b8" executionId="94109d03-defb-4204-8840-7e23749f879a" testListId="8c84fa94-04c1-424b-9868-57a2d4851a1d" />
    <TestEntry testId="f7d337ed-ddc8-7f26-91e2-3cbcbb395cac" executionId="47bbda6b-f41f-4c3e-a268-f6df3b87217f" testListId="8c84fa94-04c1-424b-9868-57a2d4851a1d" />
    <TestEntry testId="2722cabe-f484-db79-67f3-214ee4d57762" executionId="fa277734-4c01-4638-bbde-e7e7baba238a" testListId="8c84fa94-04c1-424b-9868-57a2d4851a1d" />
    <TestEntry testId="cc4a777c-6bdf-b1b6-d72b-a88ba31bae1e" executionId="fd53e6d6-c997-45dc-ad37-94eeac3996c2" testListId="8c84fa94-04c1-424b-9868-57a2d4851a1d" />
    <TestEntry testId="a863de21-5355-0698-6efd-58a60e71d970" executionId="36447ef9-2f95-4115-9f2d-750f728846de" testListId="8c84fa94-04c1-424b-9868-57a2d4851a1d" />
  </TestEntries>
  <TestLists>
    <TestList name="Results Not in a List" id="8c84fa94-04c1-424b-9868-57a2d4851a1d" />
    <TestList name="All Loaded Results" id="19431567-8539-422a-85d7-44ee4e166bda" />
  </TestLists>
  <ResultSummary outcome="Completed">
    <Counters total="58" executed="58" passed="58" failed="0" error="0" timeout="0" aborted="0" inconclusive="0" passedButRunAborted="0" notRunnable="0" notExecuted="0" disconnected="0" warning="0" completed="0" inProgress="0" pending="0" />
    <Output>
      <StdOut>[xUnit.net 00:00:00.00] xUnit.net VSTest Adapter v3.1.5+1b188a7b0a (64-bit .NET 10.0.11)
[xUnit.net 00:00:00.07]   Discovering: Runic.Desktop.Tests
[xUnit.net 00:00:00.11]   Discovered:  Runic.Desktop.Tests
[xUnit.net 00:00:00.13]   Starting:    Runic.Desktop.Tests
[xUnit.net 00:00:13.91]   Finished:    Runic.Desktop.Tests
</StdOut>
    </Output>
  </ResultSummary>
</TestRun>